[ 2014-11-21T13:16:58+08:00 ] /test/admin.php/Login/index/ | INFO: Tag[ route_check ] --START--
[ 2014-11-21T13:16:58+08:00 ] /test/admin.php/Login/index/ | INFO: Run CheckRoute Behavior [ RunTime:0.003613s ]
[ 2014-11-21T13:16:58+08:00 ] /test/admin.php/Login/index/ | INFO: Tag[ route_check ] --END-- [ RunTime:0.003940s ]
[ 2014-11-21T13:16:58+08:00 ] /test/admin.php/Login/index/ | INFO: Tag[ app_begin ] --START--
[ 2014-11-21T13:16:58+08:00 ] /test/admin.php/Login/index/ | INFO: Run ReadHtmlCache Behavior [ RunTime:0.002236s ]
[ 2014-11-21T13:16:58+08:00 ] /test/admin.php/Login/index/ | INFO: Tag[ app_begin ] --END-- [ RunTime:0.002441s ]
[ 2014-11-21T13:16:58+08:00 ] /test/admin.php/Login/index/ | INFO: Tag[ view_template ] --START--
[ 2014-11-21T13:16:58+08:00 ] /test/admin.php/Login/index/ | INFO: Run LocationTemplate Behavior [ RunTime:0.005281s ]
[ 2014-11-21T13:16:58+08:00 ] /test/admin.php/Login/index/ | INFO: Tag[ view_template ] --END-- [ RunTime:0.005580s ]
[ 2014-11-21T13:16:58+08:00 ] /test/admin.php/Login/index/ | INFO: Tag[ view_parse ] --START--
[ 2014-11-21T13:16:58+08:00 ] /test/admin.php/Login/index/ | INFO: Run ParseTemplate Behavior [ RunTime:0.046346s ]
[ 2014-11-21T13:16:58+08:00 ] /test/admin.php/Login/index/ | INFO: Tag[ view_parse ] --END-- [ RunTime:0.046652s ]
[ 2014-11-21T13:16:58+08:00 ] /test/admin.php/Login/index/ | INFO: Tag[ view_filter ] --START--
[ 2014-11-21T13:16:58+08:00 ] /test/admin.php/Login/index/ | INFO: Run ContentReplace Behavior [ RunTime:0.001554s ]
[ 2014-11-21T13:16:58+08:00 ] /test/admin.php/Login/index/ | INFO: Run TokenBuild Behavior [ RunTime:0.001775s ]
[ 2014-11-21T13:16:58+08:00 ] /test/admin.php/Login/index/ | INFO: Run WriteHtmlCache Behavior [ RunTime:0.001548s ]
[ 2014-11-21T13:16:58+08:00 ] /test/admin.php/Login/index/ | INFO: Run ShowRuntime Behavior [ RunTime:0.002800s ]
[ 2014-11-21T13:16:58+08:00 ] /test/admin.php/Login/index/ | INFO: Tag[ view_filter ] --END-- [ RunTime:0.008305s ]
[ 2014-11-21T13:16:58+08:00 ] /test/admin.php/Login/index/ | INFO: Tag[ view_end ] --START--
[ 2014-11-21T13:16:58+08:00 ] /test/admin.php/Login/index/ | INFO: Run ShowPageTrace Behavior [ RunTime:0.002882s ]
[ 2014-11-21T13:16:58+08:00 ] /test/admin.php/Login/index/ | INFO: Tag[ view_end ] --END-- [ RunTime:0.003117s ]
[ 2014-11-21T13:16:58+08:00 ] /test/admin.php/Common/verify/ | INFO: Tag[ route_check ] --START--
[ 2014-11-21T13:16:58+08:00 ] /test/admin.php/Common/verify/ | INFO: Run CheckRoute Behavior [ RunTime:0.005713s ]
[ 2014-11-21T13:16:58+08:00 ] /test/admin.php/Common/verify/ | INFO: Tag[ route_check ] --END-- [ RunTime:0.006049s ]
[ 2014-11-21T13:16:58+08:00 ] /test/admin.php/Common/verify/ | INFO: Tag[ app_begin ] --START--
[ 2014-11-21T13:16:58+08:00 ] /test/admin.php/Common/verify/ | INFO: Run ReadHtmlCache Behavior [ RunTime:0.005209s ]
[ 2014-11-21T13:16:58+08:00 ] /test/admin.php/Common/verify/ | INFO: Tag[ app_begin ] --END-- [ RunTime:0.005480s ]
[ 2014-11-21T13:16:59+08:00 ] /test/admin.php/Login/index/resources/images/closelabel.gif | INFO: Tag[ route_check ] --START--
[ 2014-11-21T13:16:59+08:00 ] /test/admin.php/Login/index/resources/images/closelabel.gif | INFO: Run CheckRoute Behavior [ RunTime:0.003855s ]
[ 2014-11-21T13:16:59+08:00 ] /test/admin.php/Login/index/resources/images/closelabel.gif | INFO: Tag[ route_check ] --END-- [ RunTime:0.004255s ]
[ 2014-11-21T13:16:59+08:00 ] /test/admin.php/Login/index/resources/images/closelabel.gif | INFO: Tag[ app_begin ] --START--
[ 2014-11-21T13:16:59+08:00 ] /test/admin.php/Login/index/resources/images/closelabel.gif | INFO: Run ReadHtmlCache Behavior [ RunTime:0.002634s ]
[ 2014-11-21T13:16:59+08:00 ] /test/admin.php/Login/index/resources/images/closelabel.gif | INFO: Tag[ app_begin ] --END-- [ RunTime:0.002914s ]
[ 2014-11-21T13:16:59+08:00 ] /test/admin.php/Login/index/resources/images/closelabel.gif | INFO: Tag[ view_template ] --START--
[ 2014-11-21T13:16:59+08:00 ] /test/admin.php/Login/index/resources/images/closelabel.gif | INFO: Run LocationTemplate Behavior [ RunTime:0.007949s ]
[ 2014-11-21T13:16:59+08:00 ] /test/admin.php/Login/index/resources/images/closelabel.gif | INFO: Tag[ view_template ] --END-- [ RunTime:0.008237s ]
[ 2014-11-21T13:16:59+08:00 ] /test/admin.php/Login/index/resources/images/closelabel.gif | INFO: Tag[ view_parse ] --START--
[ 2014-11-21T13:16:59+08:00 ] /test/admin.php/Login/index/resources/images/closelabel.gif | INFO: Run ParseTemplate Behavior [ RunTime:0.056033s ]
[ 2014-11-21T13:16:59+08:00 ] /test/admin.php/Login/index/resources/images/closelabel.gif | INFO: Tag[ view_parse ] --END-- [ RunTime:0.056540s ]
[ 2014-11-21T13:16:59+08:00 ] /test/admin.php/Login/index/resources/images/closelabel.gif | INFO: Tag[ view_filter ] --START--
[ 2014-11-21T13:16:59+08:00 ] /test/admin.php/Login/index/resources/images/closelabel.gif | INFO: Run ContentReplace Behavior [ RunTime:0.005984s ]
[ 2014-11-21T13:16:59+08:00 ] /test/admin.php/Login/index/resources/images/closelabel.gif | INFO: Run TokenBuild Behavior [ RunTime:0.005338s ]
[ 2014-11-21T13:16:59+08:00 ] /test/admin.php/Login/index/resources/images/closelabel.gif | INFO: Run WriteHtmlCache Behavior [ RunTime:0.004226s ]
[ 2014-11-21T13:16:59+08:00 ] /test/admin.php/Login/index/resources/images/closelabel.gif | INFO: Run ShowRuntime Behavior [ RunTime:0.005630s ]
[ 2014-11-21T13:16:59+08:00 ] /test/admin.php/Login/index/resources/images/closelabel.gif | INFO: Tag[ view_filter ] --END-- [ RunTime:0.021949s ]
[ 2014-11-21T13:16:59+08:00 ] /test/admin.php/Login/index/resources/images/closelabel.gif | INFO: Tag[ view_end ] --START--
[ 2014-11-21T13:16:59+08:00 ] /test/admin.php/Login/index/resources/images/closelabel.gif | INFO: Run ShowPageTrace Behavior [ RunTime:0.005664s ]
[ 2014-11-21T13:16:59+08:00 ] /test/admin.php/Login/index/resources/images/closelabel.gif | INFO: Tag[ view_end ] --END-- [ RunTime:0.005923s ]
[ 2014-11-21T13:17:09+08:00 ] /test/admin.php/Index/index/adminname/ruby97 | INFO: Tag[ route_check ] --START--
[ 2014-11-21T13:17:09+08:00 ] /test/admin.php/Index/index/adminname/ruby97 | INFO: Run CheckRoute Behavior [ RunTime:0.003092s ]
[ 2014-11-21T13:17:09+08:00 ] /test/admin.php/Index/index/adminname/ruby97 | INFO: Tag[ route_check ] --END-- [ RunTime:0.003518s ]
[ 2014-11-21T13:17:09+08:00 ] /test/admin.php/Index/index/adminname/ruby97 | INFO: Tag[ app_begin ] --START--
[ 2014-11-21T13:17:09+08:00 ] /test/admin.php/Index/index/adminname/ruby97 | INFO: Run ReadHtmlCache Behavior [ RunTime:0.001969s ]
[ 2014-11-21T13:17:09+08:00 ] /test/admin.php/Index/index/adminname/ruby97 | INFO: Tag[ app_begin ] --END-- [ RunTime:0.002157s ]
[ 2014-11-21T13:17:09+08:00 ] /test/admin.php/Index/index/adminname/ruby97 | SQL: SHOW COLUMNS FROM `tb_user` [ RunTime:0.012171s ]
[ 2014-11-21T13:17:09+08:00 ] /test/admin.php/Index/index/adminname/ruby97 | SQL: SELECT COUNT(*) AS tp_count FROM `tb_user` LIMIT 1   [ RunTime:0.055939s ]
[ 2014-11-21T13:17:09+08:00 ] /test/admin.php/Index/index/adminname/ruby97 | SQL: SELECT `userid`,`username`,`useremail` FROM `tb_user` ORDER BY userid asc LIMIT 0,5   [ RunTime:0.019327s ]
[ 2014-11-21T13:17:09+08:00 ] /test/admin.php/Index/index/adminname/ruby97 | INFO: Tag[ view_template ] --START--
[ 2014-11-21T13:17:09+08:00 ] /test/admin.php/Index/index/adminname/ruby97 | INFO: Run LocationTemplate Behavior [ RunTime:0.006408s ]
[ 2014-11-21T13:17:09+08:00 ] /test/admin.php/Index/index/adminname/ruby97 | INFO: Tag[ view_template ] --END-- [ RunTime:0.006630s ]
[ 2014-11-21T13:17:09+08:00 ] /test/admin.php/Index/index/adminname/ruby97 | INFO: Tag[ view_parse ] --START--
[ 2014-11-21T13:17:09+08:00 ] /test/admin.php/Index/index/adminname/ruby97 | INFO: Run ParseTemplate Behavior [ RunTime:0.151602s ]
[ 2014-11-21T13:17:09+08:00 ] /test/admin.php/Index/index/adminname/ruby97 | INFO: Tag[ view_parse ] --END-- [ RunTime:0.151842s ]
[ 2014-11-21T13:17:09+08:00 ] /test/admin.php/Index/index/adminname/ruby97 | INFO: Tag[ view_filter ] --START--
[ 2014-11-21T13:17:09+08:00 ] /test/admin.php/Index/index/adminname/ruby97 | INFO: Run ContentReplace Behavior [ RunTime:0.003799s ]
[ 2014-11-21T13:17:09+08:00 ] /test/admin.php/Index/index/adminname/ruby97 | INFO: Run TokenBuild Behavior [ RunTime:0.003734s ]
[ 2014-11-21T13:17:09+08:00 ] /test/admin.php/Index/index/adminname/ruby97 | INFO: Run WriteHtmlCache Behavior [ RunTime:0.003476s ]
[ 2014-11-21T13:17:09+08:00 ] /test/admin.php/Index/index/adminname/ruby97 | INFO: Run ShowRuntime Behavior [ RunTime:0.016363s ]
[ 2014-11-21T13:17:09+08:00 ] /test/admin.php/Index/index/adminname/ruby97 | INFO: Tag[ view_filter ] --END-- [ RunTime:0.027923s ]
[ 2014-11-21T13:17:09+08:00 ] /test/admin.php/Index/index/adminname/ruby97 | INFO: Tag[ view_end ] --START--
[ 2014-11-21T13:17:09+08:00 ] /test/admin.php/Index/index/adminname/ruby97 | INFO: Run ShowPageTrace Behavior [ RunTime:0.004661s ]
[ 2014-11-21T13:17:09+08:00 ] /test/admin.php/Index/index/adminname/ruby97 | INFO: Tag[ view_end ] --END-- [ RunTime:0.004882s ]
[ 2014-11-21T13:17:09+08:00 ] /test/admin.php/Index/index/adminname/resources/images/closelabel.gif | INFO: Tag[ route_check ] --START--
[ 2014-11-21T13:17:09+08:00 ] /test/admin.php/Index/index/adminname/resources/images/closelabel.gif | INFO: Run CheckRoute Behavior [ RunTime:0.003099s ]
[ 2014-11-21T13:17:09+08:00 ] /test/admin.php/Index/index/adminname/resources/images/closelabel.gif | INFO: Tag[ route_check ] --END-- [ RunTime:0.003419s ]
[ 2014-11-21T13:17:09+08:00 ] /test/admin.php/Index/index/adminname/resources/images/closelabel.gif | INFO: Tag[ app_begin ] --START--
[ 2014-11-21T13:17:09+08:00 ] /test/admin.php/Index/index/adminname/resources/images/closelabel.gif | INFO: Run ReadHtmlCache Behavior [ RunTime:0.001726s ]
[ 2014-11-21T13:17:09+08:00 ] /test/admin.php/Index/index/adminname/resources/images/closelabel.gif | INFO: Tag[ app_begin ] --END-- [ RunTime:0.001880s ]
[ 2014-11-21T13:17:10+08:00 ] /test/admin.php/Index/index/adminname/resources/images/closelabel.gif | SQL: SHOW COLUMNS FROM `tb_user` [ RunTime:0.013320s ]
[ 2014-11-21T13:17:10+08:00 ] /test/admin.php/Index/index/adminname/resources/images/closelabel.gif | SQL: SELECT COUNT(*) AS tp_count FROM `tb_user` LIMIT 1   [ RunTime:0.004367s ]
[ 2014-11-21T13:17:10+08:00 ] /test/admin.php/Index/index/adminname/resources/images/closelabel.gif | SQL: SELECT `userid`,`username`,`useremail` FROM `tb_user` ORDER BY userid asc LIMIT 0,5   [ RunTime:0.000953s ]
[ 2014-11-21T13:17:10+08:00 ] /test/admin.php/Index/index/adminname/resources/images/closelabel.gif | INFO: Tag[ view_template ] --START--
[ 2014-11-21T13:17:10+08:00 ] /test/admin.php/Index/index/adminname/resources/images/closelabel.gif | INFO: Run LocationTemplate Behavior [ RunTime:0.003967s ]
[ 2014-11-21T13:17:10+08:00 ] /test/admin.php/Index/index/adminname/resources/images/closelabel.gif | INFO: Tag[ view_template ] --END-- [ RunTime:0.004165s ]
[ 2014-11-21T13:17:10+08:00 ] /test/admin.php/Index/index/adminname/resources/images/closelabel.gif | INFO: Tag[ view_parse ] --START--
[ 2014-11-21T13:17:10+08:00 ] /test/admin.php/Index/index/adminname/resources/images/closelabel.gif | INFO: Run ParseTemplate Behavior [ RunTime:0.041391s ]
[ 2014-11-21T13:17:10+08:00 ] /test/admin.php/Index/index/adminname/resources/images/closelabel.gif | INFO: Tag[ view_parse ] --END-- [ RunTime:0.041651s ]
[ 2014-11-21T13:17:10+08:00 ] /test/admin.php/Index/index/adminname/resources/images/closelabel.gif | INFO: Tag[ view_filter ] --START--
[ 2014-11-21T13:17:10+08:00 ] /test/admin.php/Index/index/adminname/resources/images/closelabel.gif | INFO: Run ContentReplace Behavior [ RunTime:0.001645s ]
[ 2014-11-21T13:17:10+08:00 ] /test/admin.php/Index/index/adminname/resources/images/closelabel.gif | INFO: Run TokenBuild Behavior [ RunTime:0.001589s ]
[ 2014-11-21T13:17:10+08:00 ] /test/admin.php/Index/index/adminname/resources/images/closelabel.gif | INFO: Run WriteHtmlCache Behavior [ RunTime:0.000964s ]
[ 2014-11-21T13:17:10+08:00 ] /test/admin.php/Index/index/adminname/resources/images/closelabel.gif | INFO: Run ShowRuntime Behavior [ RunTime:0.001845s ]
[ 2014-11-21T13:17:10+08:00 ] /test/admin.php/Index/index/adminname/resources/images/closelabel.gif | INFO: Tag[ view_filter ] --END-- [ RunTime:0.006592s ]
[ 2014-11-21T13:17:10+08:00 ] /test/admin.php/Index/index/adminname/resources/images/closelabel.gif | INFO: Tag[ view_end ] --START--
[ 2014-11-21T13:17:10+08:00 ] /test/admin.php/Index/index/adminname/resources/images/closelabel.gif | INFO: Run ShowPageTrace Behavior [ RunTime:0.001775s ]
[ 2014-11-21T13:17:10+08:00 ] /test/admin.php/Index/index/adminname/resources/images/closelabel.gif | INFO: Tag[ view_end ] --END-- [ RunTime:0.001980s ]
[ 2014-11-21T13:17:13+08:00 ] /test/admin.php/Index/index/adminname/ruby97?&p=2 | INFO: Tag[ route_check ] --START--
[ 2014-11-21T13:17:13+08:00 ] /test/admin.php/Index/index/adminname/ruby97?&p=2 | INFO: Run CheckRoute Behavior [ RunTime:0.003595s ]
[ 2014-11-21T13:17:13+08:00 ] /test/admin.php/Index/index/adminname/ruby97?&p=2 | INFO: Tag[ route_check ] --END-- [ RunTime:0.003920s ]
[ 2014-11-21T13:17:13+08:00 ] /test/admin.php/Index/index/adminname/ruby97?&p=2 | INFO: Tag[ app_begin ] --START--
[ 2014-11-21T13:17:13+08:00 ] /test/admin.php/Index/index/adminname/ruby97?&p=2 | INFO: Run ReadHtmlCache Behavior [ RunTime:0.002272s ]
[ 2014-11-21T13:17:13+08:00 ] /test/admin.php/Index/index/adminname/ruby97?&p=2 | INFO: Tag[ app_begin ] --END-- [ RunTime:0.002553s ]
[ 2014-11-21T13:17:13+08:00 ] /test/admin.php/Index/index/adminname/ruby97?&p=2 | SQL: SHOW COLUMNS FROM `tb_user` [ RunTime:0.029363s ]
[ 2014-11-21T13:17:13+08:00 ] /test/admin.php/Index/index/adminname/ruby97?&p=2 | SQL: SELECT COUNT(*) AS tp_count FROM `tb_user` LIMIT 1   [ RunTime:0.001261s ]
[ 2014-11-21T13:17:13+08:00 ] /test/admin.php/Index/index/adminname/ruby97?&p=2 | SQL: SELECT `userid`,`username`,`useremail` FROM `tb_user` ORDER BY userid asc LIMIT 5,5   [ RunTime:0.001165s ]
[ 2014-11-21T13:17:13+08:00 ] /test/admin.php/Index/index/adminname/ruby97?&p=2 | INFO: Tag[ view_template ] --START--
[ 2014-11-21T13:17:13+08:00 ] /test/admin.php/Index/index/adminname/ruby97?&p=2 | INFO: Run LocationTemplate Behavior [ RunTime:0.001549s ]
[ 2014-11-21T13:17:13+08:00 ] /test/admin.php/Index/index/adminname/ruby97?&p=2 | INFO: Tag[ view_template ] --END-- [ RunTime:0.001736s ]
[ 2014-11-21T13:17:13+08:00 ] /test/admin.php/Index/index/adminname/ruby97?&p=2 | INFO: Tag[ view_parse ] --START--
[ 2014-11-21T13:17:13+08:00 ] /test/admin.php/Index/index/adminname/ruby97?&p=2 | INFO: Run ParseTemplate Behavior [ RunTime:0.036707s ]
[ 2014-11-21T13:17:13+08:00 ] /test/admin.php/Index/index/adminname/ruby97?&p=2 | INFO: Tag[ view_parse ] --END-- [ RunTime:0.036923s ]
[ 2014-11-21T13:17:13+08:00 ] /test/admin.php/Index/index/adminname/ruby97?&p=2 | INFO: Tag[ view_filter ] --START--
[ 2014-11-21T13:17:13+08:00 ] /test/admin.php/Index/index/adminname/ruby97?&p=2 | INFO: Run ContentReplace Behavior [ RunTime:0.001385s ]
[ 2014-11-21T13:17:13+08:00 ] /test/admin.php/Index/index/adminname/ruby97?&p=2 | INFO: Run TokenBuild Behavior [ RunTime:0.001346s ]
[ 2014-11-21T13:17:13+08:00 ] /test/admin.php/Index/index/adminname/ruby97?&p=2 | INFO: Run WriteHtmlCache Behavior [ RunTime:0.000847s ]
[ 2014-11-21T13:17:13+08:00 ] /test/admin.php/Index/index/adminname/ruby97?&p=2 | INFO: Run ShowRuntime Behavior [ RunTime:0.001569s ]
[ 2014-11-21T13:17:13+08:00 ] /test/admin.php/Index/index/adminname/ruby97?&p=2 | INFO: Tag[ view_filter ] --END-- [ RunTime:0.005598s ]
[ 2014-11-21T13:17:13+08:00 ] /test/admin.php/Index/index/adminname/ruby97?&p=2 | INFO: Tag[ view_end ] --START--
[ 2014-11-21T13:17:13+08:00 ] /test/admin.php/Index/index/adminname/ruby97?&p=2 | INFO: Run ShowPageTrace Behavior [ RunTime:0.001684s ]
[ 2014-11-21T13:17:13+08:00 ] /test/admin.php/Index/index/adminname/ruby97?&p=2 | INFO: Tag[ view_end ] --END-- [ RunTime:0.001876s ]
[ 2014-11-21T13:17:13+08:00 ] /test/admin.php/Index/index/adminname/resources/images/closelabel.gif | INFO: Tag[ route_check ] --START--
[ 2014-11-21T13:17:13+08:00 ] /test/admin.php/Index/index/adminname/resources/images/closelabel.gif | INFO: Run CheckRoute Behavior [ RunTime:0.003437s ]
[ 2014-11-21T13:17:13+08:00 ] /test/admin.php/Index/index/adminname/resources/images/closelabel.gif | INFO: Tag[ route_check ] --END-- [ RunTime:0.003730s ]
[ 2014-11-21T13:17:13+08:00 ] /test/admin.php/Index/index/adminname/resources/images/closelabel.gif | INFO: Tag[ app_begin ] --START--
[ 2014-11-21T13:17:13+08:00 ] /test/admin.php/Index/index/adminname/resources/images/closelabel.gif | INFO: Run ReadHtmlCache Behavior [ RunTime:0.012681s ]
[ 2014-11-21T13:17:13+08:00 ] /test/admin.php/Index/index/adminname/resources/images/closelabel.gif | INFO: Tag[ app_begin ] --END-- [ RunTime:0.012931s ]
[ 2014-11-21T13:17:13+08:00 ] /test/admin.php/Index/index/adminname/resources/images/closelabel.gif | SQL: SHOW COLUMNS FROM `tb_user` [ RunTime:0.018430s ]
[ 2014-11-21T13:17:13+08:00 ] /test/admin.php/Index/index/adminname/resources/images/closelabel.gif | SQL: SELECT COUNT(*) AS tp_count FROM `tb_user` LIMIT 1   [ RunTime:0.004924s ]
[ 2014-11-21T13:17:13+08:00 ] /test/admin.php/Index/index/adminname/resources/images/closelabel.gif | SQL: SELECT `userid`,`username`,`useremail` FROM `tb_user` ORDER BY userid asc LIMIT 0,5   [ RunTime:0.002620s ]
[ 2014-11-21T13:17:13+08:00 ] /test/admin.php/Index/index/adminname/resources/images/closelabel.gif | INFO: Tag[ view_template ] --START--
[ 2014-11-21T13:17:13+08:00 ] /test/admin.php/Index/index/adminname/resources/images/closelabel.gif | INFO: Run LocationTemplate Behavior [ RunTime:0.001856s ]
[ 2014-11-21T13:17:13+08:00 ] /test/admin.php/Index/index/adminname/resources/images/closelabel.gif | INFO: Tag[ view_template ] --END-- [ RunTime:0.002144s ]
[ 2014-11-21T13:17:13+08:00 ] /test/admin.php/Index/index/adminname/resources/images/closelabel.gif | INFO: Tag[ view_parse ] --START--
[ 2014-11-21T13:17:13+08:00 ] /test/admin.php/Index/index/adminname/resources/images/closelabel.gif | INFO: Run ParseTemplate Behavior [ RunTime:0.050770s ]
[ 2014-11-21T13:17:13+08:00 ] /test/admin.php/Index/index/adminname/resources/images/closelabel.gif | INFO: Tag[ view_parse ] --END-- [ RunTime:0.051100s ]
[ 2014-11-21T13:17:13+08:00 ] /test/admin.php/Index/index/adminname/resources/images/closelabel.gif | INFO: Tag[ view_filter ] --START--
[ 2014-11-21T13:17:13+08:00 ] /test/admin.php/Index/index/adminname/resources/images/closelabel.gif | INFO: Run ContentReplace Behavior [ RunTime:0.001860s ]
[ 2014-11-21T13:17:13+08:00 ] /test/admin.php/Index/index/adminname/resources/images/closelabel.gif | INFO: Run TokenBuild Behavior [ RunTime:0.001709s ]
[ 2014-11-21T13:17:13+08:00 ] /test/admin.php/Index/index/adminname/resources/images/closelabel.gif | INFO: Run WriteHtmlCache Behavior [ RunTime:0.000918s ]
[ 2014-11-21T13:17:13+08:00 ] /test/admin.php/Index/index/adminname/resources/images/closelabel.gif | INFO: Run ShowRuntime Behavior [ RunTime:0.001571s ]
[ 2014-11-21T13:17:13+08:00 ] /test/admin.php/Index/index/adminname/resources/images/closelabel.gif | INFO: Tag[ view_filter ] --END-- [ RunTime:0.006625s ]
[ 2014-11-21T13:17:13+08:00 ] /test/admin.php/Index/index/adminname/resources/images/closelabel.gif | INFO: Tag[ view_end ] --START--
[ 2014-11-21T13:17:13+08:00 ] /test/admin.php/Index/index/adminname/resources/images/closelabel.gif | INFO: Run ShowPageTrace Behavior [ RunTime:0.001626s ]
[ 2014-11-21T13:17:13+08:00 ] /test/admin.php/Index/index/adminname/resources/images/closelabel.gif | INFO: Tag[ view_end ] --END-- [ RunTime:0.001819s ]
[ 2014-11-21T13:17:15+08:00 ] /test/admin.php/Index/index/adminname/ruby97?&p=3 | INFO: Tag[ route_check ] --START--
[ 2014-11-21T13:17:15+08:00 ] /test/admin.php/Index/index/adminname/ruby97?&p=3 | INFO: Run CheckRoute Behavior [ RunTime:0.017501s ]
[ 2014-11-21T13:17:15+08:00 ] /test/admin.php/Index/index/adminname/ruby97?&p=3 | INFO: Tag[ route_check ] --END-- [ RunTime:0.017840s ]
[ 2014-11-21T13:17:15+08:00 ] /test/admin.php/Index/index/adminname/ruby97?&p=3 | INFO: Tag[ app_begin ] --START--
[ 2014-11-21T13:17:15+08:00 ] /test/admin.php/Index/index/adminname/ruby97?&p=3 | INFO: Run ReadHtmlCache Behavior [ RunTime:0.002198s ]
[ 2014-11-21T13:17:15+08:00 ] /test/admin.php/Index/index/adminname/ruby97?&p=3 | INFO: Tag[ app_begin ] --END-- [ RunTime:0.002410s ]
[ 2014-11-21T13:17:15+08:00 ] /test/admin.php/Index/index/adminname/ruby97?&p=3 | SQL: SHOW COLUMNS FROM `tb_user` [ RunTime:0.014110s ]
[ 2014-11-21T13:17:15+08:00 ] /test/admin.php/Index/index/adminname/ruby97?&p=3 | SQL: SELECT COUNT(*) AS tp_count FROM `tb_user` LIMIT 1   [ RunTime:0.004477s ]
[ 2014-11-21T13:17:15+08:00 ] /test/admin.php/Index/index/adminname/ruby97?&p=3 | SQL: SELECT `userid`,`username`,`useremail` FROM `tb_user` ORDER BY userid asc LIMIT 10,5   [ RunTime:0.000823s ]
[ 2014-11-21T13:17:15+08:00 ] /test/admin.php/Index/index/adminname/ruby97?&p=3 | INFO: Tag[ view_template ] --START--
[ 2014-11-21T13:17:15+08:00 ] /test/admin.php/Index/index/adminname/ruby97?&p=3 | INFO: Run LocationTemplate Behavior [ RunTime:0.001625s ]
[ 2014-11-21T13:17:15+08:00 ] /test/admin.php/Index/index/adminname/ruby97?&p=3 | INFO: Tag[ view_template ] --END-- [ RunTime:0.001828s ]
[ 2014-11-21T13:17:15+08:00 ] /test/admin.php/Index/index/adminname/ruby97?&p=3 | INFO: Tag[ view_parse ] --START--
[ 2014-11-21T13:17:15+08:00 ] /test/admin.php/Index/index/adminname/ruby97?&p=3 | INFO: Run ParseTemplate Behavior [ RunTime:0.039727s ]
[ 2014-11-21T13:17:15+08:00 ] /test/admin.php/Index/index/adminname/ruby97?&p=3 | INFO: Tag[ view_parse ] --END-- [ RunTime:0.039965s ]
[ 2014-11-21T13:17:15+08:00 ] /test/admin.php/Index/index/adminname/ruby97?&p=3 | INFO: Tag[ view_filter ] --START--
[ 2014-11-21T13:17:15+08:00 ] /test/admin.php/Index/index/adminname/ruby97?&p=3 | INFO: Run ContentReplace Behavior [ RunTime:0.001464s ]
[ 2014-11-21T13:17:15+08:00 ] /test/admin.php/Index/index/adminname/ruby97?&p=3 | INFO: Run TokenBuild Behavior [ RunTime:0.001462s ]
[ 2014-11-21T13:17:15+08:00 ] /test/admin.php/Index/index/adminname/ruby97?&p=3 | INFO: Run WriteHtmlCache Behavior [ RunTime:0.001229s ]
[ 2014-11-21T13:17:15+08:00 ] /test/admin.php/Index/index/adminname/ruby97?&p=3 | INFO: Run ShowRuntime Behavior [ RunTime:0.002507s ]
[ 2014-11-21T13:17:15+08:00 ] /test/admin.php/Index/index/adminname/ruby97?&p=3 | INFO: Tag[ view_filter ] --END-- [ RunTime:0.007226s ]
[ 2014-11-21T13:17:15+08:00 ] /test/admin.php/Index/index/adminname/ruby97?&p=3 | INFO: Tag[ view_end ] --START--
[ 2014-11-21T13:17:15+08:00 ] /test/admin.php/Index/index/adminname/ruby97?&p=3 | INFO: Run ShowPageTrace Behavior [ RunTime:0.001717s ]
[ 2014-11-21T13:17:15+08:00 ] /test/admin.php/Index/index/adminname/ruby97?&p=3 | INFO: Tag[ view_end ] --END-- [ RunTime:0.001908s ]
[ 2014-11-21T13:17:16+08:00 ] /test/admin.php/Index/index/adminname/resources/images/closelabel.gif | INFO: Tag[ route_check ] --START--
[ 2014-11-21T13:17:16+08:00 ] /test/admin.php/Index/index/adminname/resources/images/closelabel.gif | INFO: Run CheckRoute Behavior [ RunTime:0.004393s ]
[ 2014-11-21T13:17:16+08:00 ] /test/admin.php/Index/index/adminname/resources/images/closelabel.gif | INFO: Tag[ route_check ] --END-- [ RunTime:0.004802s ]
[ 2014-11-21T13:17:16+08:00 ] /test/admin.php/Index/index/adminname/resources/images/closelabel.gif | INFO: Tag[ app_begin ] --START--
[ 2014-11-21T13:17:16+08:00 ] /test/admin.php/Index/index/adminname/resources/images/closelabel.gif | INFO: Run ReadHtmlCache Behavior [ RunTime:0.004553s ]
[ 2014-11-21T13:17:16+08:00 ] /test/admin.php/Index/index/adminname/resources/images/closelabel.gif | INFO: Tag[ app_begin ] --END-- [ RunTime:0.004865s ]
[ 2014-11-21T13:17:16+08:00 ] /test/admin.php/Index/index/adminname/resources/images/closelabel.gif | SQL: SHOW COLUMNS FROM `tb_user` [ RunTime:0.019838s ]
[ 2014-11-21T13:17:16+08:00 ] /test/admin.php/Index/index/adminname/resources/images/closelabel.gif | SQL: SELECT COUNT(*) AS tp_count FROM `tb_user` LIMIT 1   [ RunTime:0.003355s ]
[ 2014-11-21T13:17:16+08:00 ] /test/admin.php/Index/index/adminname/resources/images/closelabel.gif | SQL: SELECT `userid`,`username`,`useremail` FROM `tb_user` ORDER BY userid asc LIMIT 0,5   [ RunTime:0.004122s ]
[ 2014-11-21T13:17:16+08:00 ] /test/admin.php/Index/index/adminname/resources/images/closelabel.gif | INFO: Tag[ view_template ] --START--
[ 2014-11-21T13:17:16+08:00 ] /test/admin.php/Index/index/adminname/resources/images/closelabel.gif | INFO: Run LocationTemplate Behavior [ RunTime:0.001947s ]
[ 2014-11-21T13:17:16+08:00 ] /test/admin.php/Index/index/adminname/resources/images/closelabel.gif | INFO: Tag[ view_template ] --END-- [ RunTime:0.002233s ]
[ 2014-11-21T13:17:16+08:00 ] /test/admin.php/Index/index/adminname/resources/images/closelabel.gif | INFO: Tag[ view_parse ] --START--
[ 2014-11-21T13:17:16+08:00 ] /test/admin.php/Index/index/adminname/resources/images/closelabel.gif | INFO: Run ParseTemplate Behavior [ RunTime:0.047658s ]
[ 2014-11-21T13:17:16+08:00 ] /test/admin.php/Index/index/adminname/resources/images/closelabel.gif | INFO: Tag[ view_parse ] --END-- [ RunTime:0.047914s ]
[ 2014-11-21T13:17:16+08:00 ] /test/admin.php/Index/index/adminname/resources/images/closelabel.gif | INFO: Tag[ view_filter ] --START--
[ 2014-11-21T13:17:16+08:00 ] /test/admin.php/Index/index/adminname/resources/images/closelabel.gif | INFO: Run ContentReplace Behavior [ RunTime:0.001448s ]
[ 2014-11-21T13:17:16+08:00 ] /test/admin.php/Index/index/adminname/resources/images/closelabel.gif | INFO: Run TokenBuild Behavior [ RunTime:0.001409s ]
[ 2014-11-21T13:17:16+08:00 ] /test/admin.php/Index/index/adminname/resources/images/closelabel.gif | INFO: Run WriteHtmlCache Behavior [ RunTime:0.000885s ]
[ 2014-11-21T13:17:16+08:00 ] /test/admin.php/Index/index/adminname/resources/images/closelabel.gif | INFO: Run ShowRuntime Behavior [ RunTime:0.001686s ]
[ 2014-11-21T13:17:16+08:00 ] /test/admin.php/Index/index/adminname/resources/images/closelabel.gif | INFO: Tag[ view_filter ] --END-- [ RunTime:0.005908s ]
[ 2014-11-21T13:17:16+08:00 ] /test/admin.php/Index/index/adminname/resources/images/closelabel.gif | INFO: Tag[ view_end ] --START--
[ 2014-11-21T13:17:16+08:00 ] /test/admin.php/Index/index/adminname/resources/images/closelabel.gif | INFO: Run ShowPageTrace Behavior [ RunTime:0.001800s ]
[ 2014-11-21T13:17:16+08:00 ] /test/admin.php/Index/index/adminname/resources/images/closelabel.gif | INFO: Tag[ view_end ] --END-- [ RunTime:0.002013s ]
[ 2014-11-21T13:17:18+08:00 ] /test/admin.php/Index/index/adminname/ruby97?&p=1 | INFO: Tag[ route_check ] --START--
[ 2014-11-21T13:17:18+08:00 ] /test/admin.php/Index/index/adminname/ruby97?&p=1 | INFO: Run CheckRoute Behavior [ RunTime:0.003738s ]
[ 2014-11-21T13:17:18+08:00 ] /test/admin.php/Index/index/adminname/ruby97?&p=1 | INFO: Tag[ route_check ] --END-- [ RunTime:0.004060s ]
[ 2014-11-21T13:17:18+08:00 ] /test/admin.php/Index/index/adminname/ruby97?&p=1 | INFO: Tag[ app_begin ] --START--
[ 2014-11-21T13:17:18+08:00 ] /test/admin.php/Index/index/adminname/ruby97?&p=1 | INFO: Run ReadHtmlCache Behavior [ RunTime:0.002703s ]
[ 2014-11-21T13:17:18+08:00 ] /test/admin.php/Index/index/adminname/ruby97?&p=1 | INFO: Tag[ app_begin ] --END-- [ RunTime:0.002918s ]
[ 2014-11-21T13:17:18+08:00 ] /test/admin.php/Index/index/adminname/ruby97?&p=1 | SQL: SHOW COLUMNS FROM `tb_user` [ RunTime:0.024626s ]
[ 2014-11-21T13:17:18+08:00 ] /test/admin.php/Index/index/adminname/ruby97?&p=1 | SQL: SELECT COUNT(*) AS tp_count FROM `tb_user` LIMIT 1   [ RunTime:0.000753s ]
[ 2014-11-21T13:17:18+08:00 ] /test/admin.php/Index/index/adminname/ruby97?&p=1 | SQL: SELECT `userid`,`username`,`useremail` FROM `tb_user` ORDER BY userid asc LIMIT 0,5   [ RunTime:0.009800s ]
[ 2014-11-21T13:17:18+08:00 ] /test/admin.php/Index/index/adminname/ruby97?&p=1 | INFO: Tag[ view_template ] --START--
[ 2014-11-21T13:17:18+08:00 ] /test/admin.php/Index/index/adminname/ruby97?&p=1 | INFO: Run LocationTemplate Behavior [ RunTime:0.001723s ]
[ 2014-11-21T13:17:18+08:00 ] /test/admin.php/Index/index/adminname/ruby97?&p=1 | INFO: Tag[ view_template ] --END-- [ RunTime:0.001952s ]
[ 2014-11-21T13:17:18+08:00 ] /test/admin.php/Index/index/adminname/ruby97?&p=1 | INFO: Tag[ view_parse ] --START--
[ 2014-11-21T13:17:18+08:00 ] /test/admin.php/Index/index/adminname/ruby97?&p=1 | INFO: Run ParseTemplate Behavior [ RunTime:0.044521s ]
[ 2014-11-21T13:17:18+08:00 ] /test/admin.php/Index/index/adminname/ruby97?&p=1 | INFO: Tag[ view_parse ] --END-- [ RunTime:0.044839s ]
[ 2014-11-21T13:17:18+08:00 ] /test/admin.php/Index/index/adminname/ruby97?&p=1 | INFO: Tag[ view_filter ] --START--
[ 2014-11-21T13:17:18+08:00 ] /test/admin.php/Index/index/adminname/ruby97?&p=1 | INFO: Run ContentReplace Behavior [ RunTime:0.001888s ]
[ 2014-11-21T13:17:18+08:00 ] /test/admin.php/Index/index/adminname/ruby97?&p=1 | INFO: Run TokenBuild Behavior [ RunTime:0.001789s ]
[ 2014-11-21T13:17:18+08:00 ] /test/admin.php/Index/index/adminname/ruby97?&p=1 | INFO: Run WriteHtmlCache Behavior [ RunTime:0.001089s ]
[ 2014-11-21T13:17:18+08:00 ] /test/admin.php/Index/index/adminname/ruby97?&p=1 | INFO: Run ShowRuntime Behavior [ RunTime:0.001948s ]
[ 2014-11-21T13:17:18+08:00 ] /test/admin.php/Index/index/adminname/ruby97?&p=1 | INFO: Tag[ view_filter ] --END-- [ RunTime:0.007299s ]
[ 2014-11-21T13:17:18+08:00 ] /test/admin.php/Index/index/adminname/ruby97?&p=1 | INFO: Tag[ view_end ] --START--
[ 2014-11-21T13:17:18+08:00 ] /test/admin.php/Index/index/adminname/ruby97?&p=1 | INFO: Run ShowPageTrace Behavior [ RunTime:0.001984s ]
[ 2014-11-21T13:17:18+08:00 ] /test/admin.php/Index/index/adminname/ruby97?&p=1 | INFO: Tag[ view_end ] --END-- [ RunTime:0.002181s ]
[ 2014-11-21T13:17:18+08:00 ] /test/admin.php/Index/index/adminname/resources/images/closelabel.gif | INFO: Tag[ route_check ] --START--
[ 2014-11-21T13:17:18+08:00 ] /test/admin.php/Index/index/adminname/resources/images/closelabel.gif | INFO: Run CheckRoute Behavior [ RunTime:0.004522s ]
[ 2014-11-21T13:17:18+08:00 ] /test/admin.php/Index/index/adminname/resources/images/closelabel.gif | INFO: Tag[ route_check ] --END-- [ RunTime:0.004913s ]
[ 2014-11-21T13:17:18+08:00 ] /test/admin.php/Index/index/adminname/resources/images/closelabel.gif | INFO: Tag[ app_begin ] --START--
[ 2014-11-21T13:17:18+08:00 ] /test/admin.php/Index/index/adminname/resources/images/closelabel.gif | INFO: Run ReadHtmlCache Behavior [ RunTime:0.003288s ]
[ 2014-11-21T13:17:18+08:00 ] /test/admin.php/Index/index/adminname/resources/images/closelabel.gif | INFO: Tag[ app_begin ] --END-- [ RunTime:0.003538s ]
[ 2014-11-21T13:17:19+08:00 ] /test/admin.php/Index/index/adminname/resources/images/closelabel.gif | SQL: SHOW COLUMNS FROM `tb_user` [ RunTime:0.018314s ]
[ 2014-11-21T13:17:19+08:00 ] /test/admin.php/Index/index/adminname/resources/images/closelabel.gif | SQL: SELECT COUNT(*) AS tp_count FROM `tb_user` LIMIT 1   [ RunTime:0.005814s ]
[ 2014-11-21T13:17:19+08:00 ] /test/admin.php/Index/index/adminname/resources/images/closelabel.gif | SQL: SELECT `userid`,`username`,`useremail` FROM `tb_user` ORDER BY userid asc LIMIT 0,5   [ RunTime:0.001410s ]
[ 2014-11-21T13:17:19+08:00 ] /test/admin.php/Index/index/adminname/resources/images/closelabel.gif | INFO: Tag[ view_template ] --START--
[ 2014-11-21T13:17:19+08:00 ] /test/admin.php/Index/index/adminname/resources/images/closelabel.gif | INFO: Run LocationTemplate Behavior [ RunTime:0.001926s ]
[ 2014-11-21T13:17:19+08:00 ] /test/admin.php/Index/index/adminname/resources/images/closelabel.gif | INFO: Tag[ view_template ] --END-- [ RunTime:0.002154s ]
[ 2014-11-21T13:17:19+08:00 ] /test/admin.php/Index/index/adminname/resources/images/closelabel.gif | INFO: Tag[ view_parse ] --START--
[ 2014-11-21T13:17:19+08:00 ] /test/admin.php/Index/index/adminname/resources/images/closelabel.gif | INFO: Run ParseTemplate Behavior [ RunTime:0.047240s ]
[ 2014-11-21T13:17:19+08:00 ] /test/admin.php/Index/index/adminname/resources/images/closelabel.gif | INFO: Tag[ view_parse ] --END-- [ RunTime:0.047534s ]
[ 2014-11-21T13:17:19+08:00 ] /test/admin.php/Index/index/adminname/resources/images/closelabel.gif | INFO: Tag[ view_filter ] --START--
[ 2014-11-21T13:17:19+08:00 ] /test/admin.php/Index/index/adminname/resources/images/closelabel.gif | INFO: Run ContentReplace Behavior [ RunTime:0.002161s ]
[ 2014-11-21T13:17:19+08:00 ] /test/admin.php/Index/index/adminname/resources/images/closelabel.gif | INFO: Run TokenBuild Behavior [ RunTime:0.001970s ]
[ 2014-11-21T13:17:19+08:00 ] /test/admin.php/Index/index/adminname/resources/images/closelabel.gif | INFO: Run WriteHtmlCache Behavior [ RunTime:0.001128s ]
[ 2014-11-21T13:17:19+08:00 ] /test/admin.php/Index/index/adminname/resources/images/closelabel.gif | INFO: Run ShowRuntime Behavior [ RunTime:0.002067s ]
[ 2014-11-21T13:17:19+08:00 ] /test/admin.php/Index/index/adminname/resources/images/closelabel.gif | INFO: Tag[ view_filter ] --END-- [ RunTime:0.008087s ]
[ 2014-11-21T13:17:19+08:00 ] /test/admin.php/Index/index/adminname/resources/images/closelabel.gif | INFO: Tag[ view_end ] --START--
[ 2014-11-21T13:17:19+08:00 ] /test/admin.php/Index/index/adminname/resources/images/closelabel.gif | INFO: Run ShowPageTrace Behavior [ RunTime:0.002438s ]
[ 2014-11-21T13:17:19+08:00 ] /test/admin.php/Index/index/adminname/resources/images/closelabel.gif | INFO: Tag[ view_end ] --END-- [ RunTime:0.002689s ]
[ 2014-11-21T13:17:22+08:00 ] /test/admin.php/Index/index/adminname/ruby97?&p=2 | INFO: Tag[ route_check ] --START--
[ 2014-11-21T13:17:22+08:00 ] /test/admin.php/Index/index/adminname/ruby97?&p=2 | INFO: Run CheckRoute Behavior [ RunTime:0.006624s ]
[ 2014-11-21T13:17:22+08:00 ] /test/admin.php/Index/index/adminname/ruby97?&p=2 | INFO: Tag[ route_check ] --END-- [ RunTime:0.006963s ]
[ 2014-11-21T13:17:22+08:00 ] /test/admin.php/Index/index/adminname/ruby97?&p=2 | INFO: Tag[ app_begin ] --START--
[ 2014-11-21T13:17:22+08:00 ] /test/admin.php/Index/index/adminname/ruby97?&p=2 | INFO: Run ReadHtmlCache Behavior [ RunTime:0.004939s ]
[ 2014-11-21T13:17:22+08:00 ] /test/admin.php/Index/index/adminname/ruby97?&p=2 | INFO: Tag[ app_begin ] --END-- [ RunTime:0.005148s ]
[ 2014-11-21T13:17:23+08:00 ] /test/admin.php/Index/index/adminname/ruby97?&p=2 | SQL: SHOW COLUMNS FROM `tb_user` [ RunTime:0.021150s ]
[ 2014-11-21T13:17:23+08:00 ] /test/admin.php/Index/index/adminname/ruby97?&p=2 | SQL: SELECT COUNT(*) AS tp_count FROM `tb_user` LIMIT 1   [ RunTime:0.005360s ]
[ 2014-11-21T13:17:23+08:00 ] /test/admin.php/Index/index/adminname/ruby97?&p=2 | SQL: SELECT `userid`,`username`,`useremail` FROM `tb_user` ORDER BY userid asc LIMIT 5,5   [ RunTime:0.001225s ]
[ 2014-11-21T13:17:23+08:00 ] /test/admin.php/Index/index/adminname/ruby97?&p=2 | INFO: Tag[ view_template ] --START--
[ 2014-11-21T13:17:23+08:00 ] /test/admin.php/Index/index/adminname/ruby97?&p=2 | INFO: Run LocationTemplate Behavior [ RunTime:0.010250s ]
[ 2014-11-21T13:17:23+08:00 ] /test/admin.php/Index/index/adminname/ruby97?&p=2 | INFO: Tag[ view_template ] --END-- [ RunTime:0.010504s ]
[ 2014-11-21T13:17:23+08:00 ] /test/admin.php/Index/index/adminname/ruby97?&p=2 | INFO: Tag[ view_parse ] --START--
[ 2014-11-21T13:17:23+08:00 ] /test/admin.php/Index/index/adminname/ruby97?&p=2 | INFO: Run ParseTemplate Behavior [ RunTime:0.130435s ]
[ 2014-11-21T13:17:23+08:00 ] /test/admin.php/Index/index/adminname/ruby97?&p=2 | INFO: Tag[ view_parse ] --END-- [ RunTime:0.130686s ]
[ 2014-11-21T13:17:23+08:00 ] /test/admin.php/Index/index/adminname/ruby97?&p=2 | INFO: Tag[ view_filter ] --START--
[ 2014-11-21T13:17:23+08:00 ] /test/admin.php/Index/index/adminname/ruby97?&p=2 | INFO: Run ContentReplace Behavior [ RunTime:0.006504s ]
[ 2014-11-21T13:17:23+08:00 ] /test/admin.php/Index/index/adminname/ruby97?&p=2 | INFO: Run TokenBuild Behavior [ RunTime:0.004899s ]
[ 2014-11-21T13:17:23+08:00 ] /test/admin.php/Index/index/adminname/ruby97?&p=2 | INFO: Run WriteHtmlCache Behavior [ RunTime:0.004418s ]
[ 2014-11-21T13:17:23+08:00 ] /test/admin.php/Index/index/adminname/ruby97?&p=2 | INFO: Run ShowRuntime Behavior [ RunTime:0.006347s ]
[ 2014-11-21T13:17:23+08:00 ] /test/admin.php/Index/index/adminname/ruby97?&p=2 | INFO: Tag[ view_filter ] --END-- [ RunTime:0.023152s ]
[ 2014-11-21T13:17:23+08:00 ] /test/admin.php/Index/index/adminname/ruby97?&p=2 | INFO: Tag[ view_end ] --START--
[ 2014-11-21T13:17:23+08:00 ] /test/admin.php/Index/index/adminname/ruby97?&p=2 | INFO: Run ShowPageTrace Behavior [ RunTime:0.004646s ]
[ 2014-11-21T13:17:23+08:00 ] /test/admin.php/Index/index/adminname/ruby97?&p=2 | INFO: Tag[ view_end ] --END-- [ RunTime:0.004874s ]
[ 2014-11-21T13:17:23+08:00 ] /test/admin.php/Index/index/adminname/resources/images/closelabel.gif | INFO: Tag[ route_check ] --START--
[ 2014-11-21T13:17:23+08:00 ] /test/admin.php/Index/index/adminname/resources/images/closelabel.gif | INFO: Run CheckRoute Behavior [ RunTime:0.005137s ]
[ 2014-11-21T13:17:23+08:00 ] /test/admin.php/Index/index/adminname/resources/images/closelabel.gif | INFO: Tag[ route_check ] --END-- [ RunTime:0.005506s ]
[ 2014-11-21T13:17:23+08:00 ] /test/admin.php/Index/index/adminname/resources/images/closelabel.gif | INFO: Tag[ app_begin ] --START--
[ 2014-11-21T13:17:23+08:00 ] /test/admin.php/Index/index/adminname/resources/images/closelabel.gif | INFO: Run ReadHtmlCache Behavior [ RunTime:0.002341s ]
[ 2014-11-21T13:17:23+08:00 ] /test/admin.php/Index/index/adminname/resources/images/closelabel.gif | INFO: Tag[ app_begin ] --END-- [ RunTime:0.002562s ]
[ 2014-11-21T13:17:23+08:00 ] /test/admin.php/Index/index/adminname/resources/images/closelabel.gif | SQL: SHOW COLUMNS FROM `tb_user` [ RunTime:0.018077s ]
[ 2014-11-21T13:17:23+08:00 ] /test/admin.php/Index/index/adminname/resources/images/closelabel.gif | SQL: SELECT COUNT(*) AS tp_count FROM `tb_user` LIMIT 1   [ RunTime:0.005756s ]
[ 2014-11-21T13:17:23+08:00 ] /test/admin.php/Index/index/adminname/resources/images/closelabel.gif | SQL: SELECT `userid`,`username`,`useremail` FROM `tb_user` ORDER BY userid asc LIMIT 0,5   [ RunTime:0.002488s ]
[ 2014-11-21T13:17:23+08:00 ] /test/admin.php/Index/index/adminname/resources/images/closelabel.gif | INFO: Tag[ view_template ] --START--
[ 2014-11-21T13:17:23+08:00 ] /test/admin.php/Index/index/adminname/resources/images/closelabel.gif | INFO: Run LocationTemplate Behavior [ RunTime:0.003214s ]
[ 2014-11-21T13:17:23+08:00 ] /test/admin.php/Index/index/adminname/resources/images/closelabel.gif | INFO: Tag[ view_template ] --END-- [ RunTime:0.003553s ]
[ 2014-11-21T13:17:23+08:00 ] /test/admin.php/Index/index/adminname/resources/images/closelabel.gif | INFO: Tag[ view_parse ] --START--
[ 2014-11-21T13:17:23+08:00 ] /test/admin.php/Index/index/adminname/resources/images/closelabel.gif | INFO: Run ParseTemplate Behavior [ RunTime:0.061671s ]
[ 2014-11-21T13:17:23+08:00 ] /test/admin.php/Index/index/adminname/resources/images/closelabel.gif | INFO: Tag[ view_parse ] --END-- [ RunTime:0.061991s ]
[ 2014-11-21T13:17:23+08:00 ] /test/admin.php/Index/index/adminname/resources/images/closelabel.gif | INFO: Tag[ view_filter ] --START--
[ 2014-11-21T13:17:23+08:00 ] /test/admin.php/Index/index/adminname/resources/images/closelabel.gif | INFO: Run ContentReplace Behavior [ RunTime:0.003026s ]
[ 2014-11-21T13:17:23+08:00 ] /test/admin.php/Index/index/adminname/resources/images/closelabel.gif | INFO: Run TokenBuild Behavior [ RunTime:0.002568s ]
[ 2014-11-21T13:17:23+08:00 ] /test/admin.php/Index/index/adminname/resources/images/closelabel.gif | INFO: Run WriteHtmlCache Behavior [ RunTime:0.001491s ]
[ 2014-11-21T13:17:23+08:00 ] /test/admin.php/Index/index/adminname/resources/images/closelabel.gif | INFO: Run ShowRuntime Behavior [ RunTime:0.002158s ]
[ 2014-11-21T13:17:23+08:00 ] /test/admin.php/Index/index/adminname/resources/images/closelabel.gif | INFO: Tag[ view_filter ] --END-- [ RunTime:0.010051s ]
[ 2014-11-21T13:17:23+08:00 ] /test/admin.php/Index/index/adminname/resources/images/closelabel.gif | INFO: Tag[ view_end ] --START--
[ 2014-11-21T13:17:23+08:00 ] /test/admin.php/Index/index/adminname/resources/images/closelabel.gif | INFO: Run ShowPageTrace Behavior [ RunTime:0.002161s ]
[ 2014-11-21T13:17:23+08:00 ] /test/admin.php/Index/index/adminname/resources/images/closelabel.gif | INFO: Tag[ view_end ] --END-- [ RunTime:0.002415s ]
[ 2014-11-21T13:17:28+08:00 ] /test/admin.php/Login/index | INFO: Tag[ route_check ] --START--
[ 2014-11-21T13:17:28+08:00 ] /test/admin.php/Login/index | INFO: Run CheckRoute Behavior [ RunTime:0.003790s ]
[ 2014-11-21T13:17:28+08:00 ] /test/admin.php/Login/index | INFO: Tag[ route_check ] --END-- [ RunTime:0.004140s ]
[ 2014-11-21T13:17:28+08:00 ] /test/admin.php/Login/index | INFO: Tag[ app_begin ] --START--
[ 2014-11-21T13:17:28+08:00 ] /test/admin.php/Login/index | INFO: Run ReadHtmlCache Behavior [ RunTime:0.002376s ]
[ 2014-11-21T13:17:28+08:00 ] /test/admin.php/Login/index | INFO: Tag[ app_begin ] --END-- [ RunTime:0.002595s ]
[ 2014-11-21T13:17:28+08:00 ] /test/admin.php/Login/index | INFO: Tag[ view_template ] --START--
[ 2014-11-21T13:17:28+08:00 ] /test/admin.php/Login/index | INFO: Run LocationTemplate Behavior [ RunTime:0.004349s ]
[ 2014-11-21T13:17:28+08:00 ] /test/admin.php/Login/index | INFO: Tag[ view_template ] --END-- [ RunTime:0.004589s ]
[ 2014-11-21T13:17:28+08:00 ] /test/admin.php/Login/index | INFO: Tag[ view_parse ] --START--
[ 2014-11-21T13:17:28+08:00 ] /test/admin.php/Login/index | INFO: Run ParseTemplate Behavior [ RunTime:0.035671s ]
[ 2014-11-21T13:17:28+08:00 ] /test/admin.php/Login/index | INFO: Tag[ view_parse ] --END-- [ RunTime:0.035930s ]
[ 2014-11-21T13:17:29+08:00 ] /test/admin.php/Login/index | INFO: Tag[ view_filter ] --START--
[ 2014-11-21T13:17:29+08:00 ] /test/admin.php/Login/index | INFO: Run ContentReplace Behavior [ RunTime:0.001675s ]
[ 2014-11-21T13:17:29+08:00 ] /test/admin.php/Login/index | INFO: Run TokenBuild Behavior [ RunTime:0.001719s ]
[ 2014-11-21T13:17:29+08:00 ] /test/admin.php/Login/index | INFO: Run WriteHtmlCache Behavior [ RunTime:0.001038s ]
[ 2014-11-21T13:17:29+08:00 ] /test/admin.php/Login/index | INFO: Run ShowRuntime Behavior [ RunTime:0.003211s ]
[ 2014-11-21T13:17:29+08:00 ] /test/admin.php/Login/index | INFO: Tag[ view_filter ] --END-- [ RunTime:0.008224s ]
[ 2014-11-21T13:17:29+08:00 ] /test/admin.php/Login/index | INFO: Tag[ view_end ] --START--
[ 2014-11-21T13:17:29+08:00 ] /test/admin.php/Login/index | INFO: Run ShowPageTrace Behavior [ RunTime:0.002048s ]
[ 2014-11-21T13:17:29+08:00 ] /test/admin.php/Login/index | INFO: Tag[ view_end ] --END-- [ RunTime:0.002257s ]
[ 2014-11-21T13:17:29+08:00 ] /test/admin.php/Common/verify/ | INFO: Tag[ route_check ] --START--
[ 2014-11-21T13:17:29+08:00 ] /test/admin.php/Common/verify/ | INFO: Run CheckRoute Behavior [ RunTime:0.002954s ]
[ 2014-11-21T13:17:29+08:00 ] /test/admin.php/Common/verify/ | INFO: Tag[ route_check ] --END-- [ RunTime:0.003232s ]
[ 2014-11-21T13:17:29+08:00 ] /test/admin.php/Common/verify/ | INFO: Tag[ app_begin ] --START--
[ 2014-11-21T13:17:29+08:00 ] /test/admin.php/Common/verify/ | INFO: Run ReadHtmlCache Behavior [ RunTime:0.003484s ]
[ 2014-11-21T13:17:29+08:00 ] /test/admin.php/Common/verify/ | INFO: Tag[ app_begin ] --END-- [ RunTime:0.003657s ]
[ 2014-11-21T13:17:29+08:00 ] /test/admin.php/Login/resources/images/closelabel.gif | ERR: (ThinkException) 非法操作resources
[ 2014-11-21T13:24:18+08:00 ] /test/admin.php/Login/index/ | INFO: Tag[ route_check ] --START--
[ 2014-11-21T13:24:19+08:00 ] /test/admin.php/Login/index/ | INFO: Run CheckRoute Behavior [ RunTime:0.031750s ]
[ 2014-11-21T13:24:19+08:00 ] /test/admin.php/Login/index/ | INFO: Tag[ route_check ] --END-- [ RunTime:0.032104s ]
[ 2014-11-21T13:24:19+08:00 ] /test/admin.php/Login/index/ | INFO: Tag[ app_begin ] --START--
[ 2014-11-21T13:24:19+08:00 ] /test/admin.php/Login/index/ | INFO: Run ReadHtmlCache Behavior [ RunTime:0.005145s ]
[ 2014-11-21T13:24:19+08:00 ] /test/admin.php/Login/index/ | INFO: Tag[ app_begin ] --END-- [ RunTime:0.005357s ]
[ 2014-11-21T13:24:19+08:00 ] /test/admin.php/Login/index/ | INFO: Tag[ view_template ] --START--
[ 2014-11-21T13:24:19+08:00 ] /test/admin.php/Login/index/ | INFO: Run LocationTemplate Behavior [ RunTime:0.007801s ]
[ 2014-11-21T13:24:19+08:00 ] /test/admin.php/Login/index/ | INFO: Tag[ view_template ] --END-- [ RunTime:0.008079s ]
[ 2014-11-21T13:24:19+08:00 ] /test/admin.php/Login/index/ | INFO: Tag[ view_parse ] --START--
[ 2014-11-21T13:24:19+08:00 ] /test/admin.php/Login/index/ | INFO: Run ParseTemplate Behavior [ RunTime:0.079074s ]
[ 2014-11-21T13:24:19+08:00 ] /test/admin.php/Login/index/ | INFO: Tag[ view_parse ] --END-- [ RunTime:0.079341s ]
[ 2014-11-21T13:24:19+08:00 ] /test/admin.php/Login/index/ | INFO: Tag[ view_filter ] --START--
[ 2014-11-21T13:24:19+08:00 ] /test/admin.php/Login/index/ | INFO: Run ContentReplace Behavior [ RunTime:0.004351s ]
[ 2014-11-21T13:24:19+08:00 ] /test/admin.php/Login/index/ | INFO: Run TokenBuild Behavior [ RunTime:0.004502s ]
[ 2014-11-21T13:24:19+08:00 ] /test/admin.php/Login/index/ | INFO: Run WriteHtmlCache Behavior [ RunTime:0.004102s ]
[ 2014-11-21T13:24:19+08:00 ] /test/admin.php/Login/index/ | INFO: Run ShowRuntime Behavior [ RunTime:0.006328s ]
[ 2014-11-21T13:24:19+08:00 ] /test/admin.php/Login/index/ | INFO: Tag[ view_filter ] --END-- [ RunTime:0.020081s ]
[ 2014-11-21T13:24:19+08:00 ] /test/admin.php/Login/index/ | INFO: Tag[ view_end ] --START--
[ 2014-11-21T13:24:19+08:00 ] /test/admin.php/Login/index/ | INFO: Run ShowPageTrace Behavior [ RunTime:0.016173s ]
[ 2014-11-21T13:24:19+08:00 ] /test/admin.php/Login/index/ | INFO: Tag[ view_end ] --END-- [ RunTime:0.016424s ]
[ 2014-11-21T13:24:19+08:00 ] /test/admin.php/Common/verify/ | INFO: Tag[ route_check ] --START--
[ 2014-11-21T13:24:19+08:00 ] /test/admin.php/Common/verify/ | INFO: Run CheckRoute Behavior [ RunTime:0.003531s ]
[ 2014-11-21T13:24:19+08:00 ] /test/admin.php/Common/verify/ | INFO: Tag[ route_check ] --END-- [ RunTime:0.003828s ]
[ 2014-11-21T13:24:19+08:00 ] /test/admin.php/Common/verify/ | INFO: Tag[ app_begin ] --START--
[ 2014-11-21T13:24:19+08:00 ] /test/admin.php/Common/verify/ | INFO: Run ReadHtmlCache Behavior [ RunTime:0.002195s ]
[ 2014-11-21T13:24:19+08:00 ] /test/admin.php/Common/verify/ | INFO: Tag[ app_begin ] --END-- [ RunTime:0.002395s ]
[ 2014-11-21T13:24:19+08:00 ] /test/admin.php/Login/index/resources/images/closelabel.gif | INFO: Tag[ route_check ] --START--
[ 2014-11-21T13:24:19+08:00 ] /test/admin.php/Login/index/resources/images/closelabel.gif | INFO: Run CheckRoute Behavior [ RunTime:0.003263s ]
[ 2014-11-21T13:24:19+08:00 ] /test/admin.php/Login/index/resources/images/closelabel.gif | INFO: Tag[ route_check ] --END-- [ RunTime:0.003557s ]
[ 2014-11-21T13:24:19+08:00 ] /test/admin.php/Login/index/resources/images/closelabel.gif | INFO: Tag[ app_begin ] --START--
[ 2014-11-21T13:24:19+08:00 ] /test/admin.php/Login/index/resources/images/closelabel.gif | INFO: Run ReadHtmlCache Behavior [ RunTime:0.002297s ]
[ 2014-11-21T13:24:19+08:00 ] /test/admin.php/Login/index/resources/images/closelabel.gif | INFO: Tag[ app_begin ] --END-- [ RunTime:0.002738s ]
[ 2014-11-21T13:24:19+08:00 ] /test/admin.php/Login/index/resources/images/closelabel.gif | INFO: Tag[ view_template ] --START--
[ 2014-11-21T13:24:19+08:00 ] /test/admin.php/Login/index/resources/images/closelabel.gif | INFO: Run LocationTemplate Behavior [ RunTime:0.001681s ]
[ 2014-11-21T13:24:19+08:00 ] /test/admin.php/Login/index/resources/images/closelabel.gif | INFO: Tag[ view_template ] --END-- [ RunTime:0.001935s ]
[ 2014-11-21T13:24:19+08:00 ] /test/admin.php/Login/index/resources/images/closelabel.gif | INFO: Tag[ view_parse ] --START--
[ 2014-11-21T13:24:19+08:00 ] /test/admin.php/Login/index/resources/images/closelabel.gif | INFO: Run ParseTemplate Behavior [ RunTime:0.039918s ]
[ 2014-11-21T13:24:19+08:00 ] /test/admin.php/Login/index/resources/images/closelabel.gif | INFO: Tag[ view_parse ] --END-- [ RunTime:0.040214s ]
[ 2014-11-21T13:24:19+08:00 ] /test/admin.php/Login/index/resources/images/closelabel.gif | INFO: Tag[ view_filter ] --START--
[ 2014-11-21T13:24:19+08:00 ] /test/admin.php/Login/index/resources/images/closelabel.gif | INFO: Run ContentReplace Behavior [ RunTime:0.002163s ]
[ 2014-11-21T13:24:19+08:00 ] /test/admin.php/Login/index/resources/images/closelabel.gif | INFO: Run TokenBuild Behavior [ RunTime:0.002339s ]
[ 2014-11-21T13:24:19+08:00 ] /test/admin.php/Login/index/resources/images/closelabel.gif | INFO: Run WriteHtmlCache Behavior [ RunTime:0.001171s ]
[ 2014-11-21T13:24:19+08:00 ] /test/admin.php/Login/index/resources/images/closelabel.gif | INFO: Run ShowRuntime Behavior [ RunTime:0.002806s ]
[ 2014-11-21T13:24:19+08:00 ] /test/admin.php/Login/index/resources/images/closelabel.gif | INFO: Tag[ view_filter ] --END-- [ RunTime:0.010242s ]
[ 2014-11-21T13:24:19+08:00 ] /test/admin.php/Login/index/resources/images/closelabel.gif | INFO: Tag[ view_end ] --START--
[ 2014-11-21T13:24:19+08:00 ] /test/admin.php/Login/index/resources/images/closelabel.gif | INFO: Run ShowPageTrace Behavior [ RunTime:0.002421s ]
[ 2014-11-21T13:24:19+08:00 ] /test/admin.php/Login/index/resources/images/closelabel.gif | INFO: Tag[ view_end ] --END-- [ RunTime:0.002667s ]
[ 2014-11-21T13:24:28+08:00 ] /test/admin.php/Index/index/adminname/ruby97 | INFO: Tag[ route_check ] --START--
[ 2014-11-21T13:24:28+08:00 ] /test/admin.php/Index/index/adminname/ruby97 | INFO: Run CheckRoute Behavior [ RunTime:0.003528s ]
[ 2014-11-21T13:24:28+08:00 ] /test/admin.php/Index/index/adminname/ruby97 | INFO: Tag[ route_check ] --END-- [ RunTime:0.003855s ]
[ 2014-11-21T13:24:28+08:00 ] /test/admin.php/Index/index/adminname/ruby97 | INFO: Tag[ app_begin ] --START--
[ 2014-11-21T13:24:28+08:00 ] /test/admin.php/Index/index/adminname/ruby97 | INFO: Run ReadHtmlCache Behavior [ RunTime:0.002736s ]
[ 2014-11-21T13:24:28+08:00 ] /test/admin.php/Index/index/adminname/ruby97 | INFO: Tag[ app_begin ] --END-- [ RunTime:0.002947s ]
[ 2014-11-21T13:24:28+08:00 ] /test/admin.php/Index/index/adminname/ruby97 | SQL: SHOW COLUMNS FROM `tb_user` [ RunTime:0.018938s ]
[ 2014-11-21T13:24:28+08:00 ] /test/admin.php/Index/index/adminname/ruby97 | SQL: SELECT COUNT(*) AS tp_count FROM `tb_user` LIMIT 1   [ RunTime:0.003211s ]
[ 2014-11-21T13:24:28+08:00 ] /test/admin.php/Index/index/adminname/ruby97 | SQL: SELECT `userid`,`username`,`useremail` FROM `tb_user` ORDER BY userid asc LIMIT 0,5   [ RunTime:0.001050s ]
[ 2014-11-21T13:24:28+08:00 ] /test/admin.php/Index/index/adminname/ruby97 | INFO: Tag[ view_template ] --START--
[ 2014-11-21T13:24:28+08:00 ] /test/admin.php/Index/index/adminname/ruby97 | INFO: Run LocationTemplate Behavior [ RunTime:0.007963s ]
[ 2014-11-21T13:24:28+08:00 ] /test/admin.php/Index/index/adminname/ruby97 | INFO: Tag[ view_template ] --END-- [ RunTime:0.008216s ]
[ 2014-11-21T13:24:28+08:00 ] /test/admin.php/Index/index/adminname/ruby97 | INFO: Tag[ view_parse ] --START--
[ 2014-11-21T13:24:28+08:00 ] /test/admin.php/Index/index/adminname/ruby97 | INFO: Run ParseTemplate Behavior [ RunTime:0.057995s ]
[ 2014-11-21T13:24:28+08:00 ] /test/admin.php/Index/index/adminname/ruby97 | INFO: Tag[ view_parse ] --END-- [ RunTime:0.058227s ]
[ 2014-11-21T13:24:28+08:00 ] /test/admin.php/Index/index/adminname/ruby97 | INFO: Tag[ view_filter ] --START--
[ 2014-11-21T13:24:28+08:00 ] /test/admin.php/Index/index/adminname/ruby97 | INFO: Run ContentReplace Behavior [ RunTime:0.003693s ]
[ 2014-11-21T13:24:28+08:00 ] /test/admin.php/Index/index/adminname/ruby97 | INFO: Run TokenBuild Behavior [ RunTime:0.003549s ]
[ 2014-11-21T13:24:28+08:00 ] /test/admin.php/Index/index/adminname/ruby97 | INFO: Run WriteHtmlCache Behavior [ RunTime:0.003098s ]
[ 2014-11-21T13:24:28+08:00 ] /test/admin.php/Index/index/adminname/ruby97 | INFO: Run ShowRuntime Behavior [ RunTime:0.004253s ]
[ 2014-11-21T13:24:28+08:00 ] /test/admin.php/Index/index/adminname/ruby97 | INFO: Tag[ view_filter ] --END-- [ RunTime:0.015072s ]
[ 2014-11-21T13:24:28+08:00 ] /test/admin.php/Index/index/adminname/ruby97 | INFO: Tag[ view_end ] --START--
[ 2014-11-21T13:24:28+08:00 ] /test/admin.php/Index/index/adminname/ruby97 | INFO: Run ShowPageTrace Behavior [ RunTime:0.004963s ]
[ 2014-11-21T13:24:28+08:00 ] /test/admin.php/Index/index/adminname/ruby97 | INFO: Tag[ view_end ] --END-- [ RunTime:0.005170s ]
[ 2014-11-21T13:24:29+08:00 ] /test/admin.php/Index/index/adminname/resources/images/closelabel.gif | INFO: Tag[ route_check ] --START--
[ 2014-11-21T13:24:29+08:00 ] /test/admin.php/Index/index/adminname/resources/images/closelabel.gif | INFO: Run CheckRoute Behavior [ RunTime:0.004505s ]
[ 2014-11-21T13:24:29+08:00 ] /test/admin.php/Index/index/adminname/resources/images/closelabel.gif | INFO: Tag[ route_check ] --END-- [ RunTime:0.004906s ]
[ 2014-11-21T13:24:29+08:00 ] /test/admin.php/Index/index/adminname/resources/images/closelabel.gif | INFO: Tag[ app_begin ] --START--
[ 2014-11-21T13:24:29+08:00 ] /test/admin.php/Index/index/adminname/resources/images/closelabel.gif | INFO: Run ReadHtmlCache Behavior [ RunTime:0.002531s ]
[ 2014-11-21T13:24:29+08:00 ] /test/admin.php/Index/index/adminname/resources/images/closelabel.gif | INFO: Tag[ app_begin ] --END-- [ RunTime:0.002787s ]
[ 2014-11-21T13:24:29+08:00 ] /test/admin.php/Index/index/adminname/resources/images/closelabel.gif | SQL: SHOW COLUMNS FROM `tb_user` [ RunTime:0.014314s ]
[ 2014-11-21T13:24:29+08:00 ] /test/admin.php/Index/index/adminname/resources/images/closelabel.gif | SQL: SELECT COUNT(*) AS tp_count FROM `tb_user` LIMIT 1   [ RunTime:0.005086s ]
[ 2014-11-21T13:24:29+08:00 ] /test/admin.php/Index/index/adminname/resources/images/closelabel.gif | SQL: SELECT `userid`,`username`,`useremail` FROM `tb_user` ORDER BY userid asc LIMIT 0,5   [ RunTime:0.001022s ]
[ 2014-11-21T13:24:29+08:00 ] /test/admin.php/Index/index/adminname/resources/images/closelabel.gif | INFO: Tag[ view_template ] --START--
[ 2014-11-21T13:24:29+08:00 ] /test/admin.php/Index/index/adminname/resources/images/closelabel.gif | INFO: Run LocationTemplate Behavior [ RunTime:0.004762s ]
[ 2014-11-21T13:24:29+08:00 ] /test/admin.php/Index/index/adminname/resources/images/closelabel.gif | INFO: Tag[ view_template ] --END-- [ RunTime:0.005023s ]
[ 2014-11-21T13:24:29+08:00 ] /test/admin.php/Index/index/adminname/resources/images/closelabel.gif | INFO: Tag[ view_parse ] --START--
[ 2014-11-21T13:24:29+08:00 ] /test/admin.php/Index/index/adminname/resources/images/closelabel.gif | INFO: Run ParseTemplate Behavior [ RunTime:0.045092s ]
[ 2014-11-21T13:24:29+08:00 ] /test/admin.php/Index/index/adminname/resources/images/closelabel.gif | INFO: Tag[ view_parse ] --END-- [ RunTime:0.045363s ]
[ 2014-11-21T13:24:29+08:00 ] /test/admin.php/Index/index/adminname/resources/images/closelabel.gif | INFO: Tag[ view_filter ] --START--
[ 2014-11-21T13:24:29+08:00 ] /test/admin.php/Index/index/adminname/resources/images/closelabel.gif | INFO: Run ContentReplace Behavior [ RunTime:0.002269s ]
[ 2014-11-21T13:24:29+08:00 ] /test/admin.php/Index/index/adminname/resources/images/closelabel.gif | INFO: Run TokenBuild Behavior [ RunTime:0.001718s ]
[ 2014-11-21T13:24:29+08:00 ] /test/admin.php/Index/index/adminname/resources/images/closelabel.gif | INFO: Run WriteHtmlCache Behavior [ RunTime:0.001000s ]
[ 2014-11-21T13:24:29+08:00 ] /test/admin.php/Index/index/adminname/resources/images/closelabel.gif | INFO: Run ShowRuntime Behavior [ RunTime:0.001692s ]
[ 2014-11-21T13:24:29+08:00 ] /test/admin.php/Index/index/adminname/resources/images/closelabel.gif | INFO: Tag[ view_filter ] --END-- [ RunTime:0.007298s ]
[ 2014-11-21T13:24:29+08:00 ] /test/admin.php/Index/index/adminname/resources/images/closelabel.gif | INFO: Tag[ view_end ] --START--
[ 2014-11-21T13:24:29+08:00 ] /test/admin.php/Index/index/adminname/resources/images/closelabel.gif | INFO: Run ShowPageTrace Behavior [ RunTime:0.001907s ]
[ 2014-11-21T13:24:29+08:00 ] /test/admin.php/Index/index/adminname/resources/images/closelabel.gif | INFO: Tag[ view_end ] --END-- [ RunTime:0.002124s ]
