[ 2014-12-20T14:23:02+08:00 ] /gisproject/admin.php/Index/showmanageuser | INFO: Tag[ route_check ] --START--
[ 2014-12-20T14:23:02+08:00 ] /gisproject/admin.php/Index/showmanageuser | INFO: Run CheckRoute Behavior [ RunTime:0.019351s ]
[ 2014-12-20T14:23:02+08:00 ] /gisproject/admin.php/Index/showmanageuser | INFO: Tag[ route_check ] --END-- [ RunTime:0.033594s ]
[ 2014-12-20T14:23:02+08:00 ] /gisproject/admin.php/Index/showmanageuser | INFO: Tag[ app_begin ] --START--
[ 2014-12-20T14:23:02+08:00 ] /gisproject/admin.php/Index/showmanageuser | INFO: Run ReadHtmlCache Behavior [ RunTime:0.004035s ]
[ 2014-12-20T14:23:02+08:00 ] /gisproject/admin.php/Index/showmanageuser | INFO: Tag[ app_begin ] --END-- [ RunTime:0.004236s ]
[ 2014-12-20T14:23:02+08:00 ] /gisproject/admin.php/Index/showmanageuser | NOTIC: [8] Undefined index:  adminname functions.php 第 441 行.
[ 2014-12-20T14:23:02+08:00 ] /gisproject/admin.php/Index/showmanageuser | SQL: SHOW COLUMNS FROM `tb_user` [ RunTime:0.012715s ]
[ 2014-12-20T14:23:02+08:00 ] /gisproject/admin.php/Index/showmanageuser | SQL: SELECT COUNT(*) AS tp_count FROM `tb_user` LIMIT 1   [ RunTime:0.000603s ]
[ 2014-12-20T14:23:03+08:00 ] /gisproject/admin.php/Index/showmanageuser | SQL: SELECT `userid`,`username`,`useremail` FROM `tb_user` ORDER BY userid asc LIMIT 0,5   [ RunTime:0.019936s ]
[ 2014-12-20T14:23:03+08:00 ] /gisproject/admin.php/Index/showmanageuser | INFO: Tag[ view_template ] --START--
[ 2014-12-20T14:23:03+08:00 ] /gisproject/admin.php/Index/showmanageuser | INFO: Run LocationTemplate Behavior [ RunTime:0.023501s ]
[ 2014-12-20T14:23:03+08:00 ] /gisproject/admin.php/Index/showmanageuser | INFO: Tag[ view_template ] --END-- [ RunTime:0.023716s ]
[ 2014-12-20T14:23:03+08:00 ] /gisproject/admin.php/Index/showmanageuser | INFO: Tag[ view_parse ] --START--
[ 2014-12-20T14:23:03+08:00 ] /gisproject/admin.php/Index/showmanageuser | INFO: Run ParseTemplate Behavior [ RunTime:0.210514s ]
[ 2014-12-20T14:23:03+08:00 ] /gisproject/admin.php/Index/showmanageuser | INFO: Tag[ view_parse ] --END-- [ RunTime:0.210792s ]
[ 2014-12-20T14:23:03+08:00 ] /gisproject/admin.php/Index/showmanageuser | INFO: Tag[ view_filter ] --START--
[ 2014-12-20T14:23:03+08:00 ] /gisproject/admin.php/Index/showmanageuser | INFO: Run ContentReplace Behavior [ RunTime:0.004104s ]
[ 2014-12-20T14:23:03+08:00 ] /gisproject/admin.php/Index/showmanageuser | INFO: Run TokenBuild Behavior [ RunTime:0.004850s ]
[ 2014-12-20T14:23:03+08:00 ] /gisproject/admin.php/Index/showmanageuser | INFO: Run WriteHtmlCache Behavior [ RunTime:0.003707s ]
[ 2014-12-20T14:23:03+08:00 ] /gisproject/admin.php/Index/showmanageuser | INFO: Run ShowRuntime Behavior [ RunTime:0.004205s ]
[ 2014-12-20T14:23:03+08:00 ] /gisproject/admin.php/Index/showmanageuser | INFO: Tag[ view_filter ] --END-- [ RunTime:0.017507s ]
[ 2014-12-20T14:23:03+08:00 ] /gisproject/admin.php/Index/showmanageuser | INFO: Tag[ view_end ] --START--
[ 2014-12-20T14:23:03+08:00 ] /gisproject/admin.php/Index/showmanageuser | INFO: Run ShowPageTrace Behavior [ RunTime:0.004115s ]
[ 2014-12-20T14:23:03+08:00 ] /gisproject/admin.php/Index/showmanageuser | INFO: Tag[ view_end ] --END-- [ RunTime:0.004307s ]
[ 2014-12-20T14:23:04+08:00 ] /gisproject/admin.php/Index/resources/images/closelabel.gif | ERR: (ThinkException) 非法操作resources
[ 2014-12-20T14:23:15+08:00 ] /gisproject/admin.php/Login/index/ | INFO: Tag[ route_check ] --START--
[ 2014-12-20T14:23:15+08:00 ] /gisproject/admin.php/Login/index/ | INFO: Run CheckRoute Behavior [ RunTime:0.007517s ]
[ 2014-12-20T14:23:15+08:00 ] /gisproject/admin.php/Login/index/ | INFO: Tag[ route_check ] --END-- [ RunTime:0.007883s ]
[ 2014-12-20T14:23:15+08:00 ] /gisproject/admin.php/Login/index/ | INFO: Tag[ app_begin ] --START--
[ 2014-12-20T14:23:15+08:00 ] /gisproject/admin.php/Login/index/ | INFO: Run ReadHtmlCache Behavior [ RunTime:0.005008s ]
[ 2014-12-20T14:23:15+08:00 ] /gisproject/admin.php/Login/index/ | INFO: Tag[ app_begin ] --END-- [ RunTime:0.005216s ]
[ 2014-12-20T14:23:15+08:00 ] /gisproject/admin.php/Login/index/ | INFO: Tag[ view_template ] --START--
[ 2014-12-20T14:23:15+08:00 ] /gisproject/admin.php/Login/index/ | INFO: Run LocationTemplate Behavior [ RunTime:0.007754s ]
[ 2014-12-20T14:23:15+08:00 ] /gisproject/admin.php/Login/index/ | INFO: Tag[ view_template ] --END-- [ RunTime:0.008839s ]
[ 2014-12-20T14:23:15+08:00 ] /gisproject/admin.php/Login/index/ | INFO: Tag[ view_parse ] --START--
[ 2014-12-20T14:23:15+08:00 ] /gisproject/admin.php/Login/index/ | INFO: Run ParseTemplate Behavior [ RunTime:0.091657s ]
[ 2014-12-20T14:23:15+08:00 ] /gisproject/admin.php/Login/index/ | INFO: Tag[ view_parse ] --END-- [ RunTime:0.091918s ]
[ 2014-12-20T14:23:15+08:00 ] /gisproject/admin.php/Login/index/ | INFO: Tag[ view_filter ] --START--
[ 2014-12-20T14:23:15+08:00 ] /gisproject/admin.php/Login/index/ | INFO: Run ContentReplace Behavior [ RunTime:0.006545s ]
[ 2014-12-20T14:23:15+08:00 ] /gisproject/admin.php/Login/index/ | INFO: Run TokenBuild Behavior [ RunTime:0.005770s ]
[ 2014-12-20T14:23:15+08:00 ] /gisproject/admin.php/Login/index/ | INFO: Run WriteHtmlCache Behavior [ RunTime:0.003904s ]
[ 2014-12-20T14:23:15+08:00 ] /gisproject/admin.php/Login/index/ | INFO: Run ShowRuntime Behavior [ RunTime:0.006364s ]
[ 2014-12-20T14:23:15+08:00 ] /gisproject/admin.php/Login/index/ | INFO: Tag[ view_filter ] --END-- [ RunTime:0.023254s ]
[ 2014-12-20T14:23:15+08:00 ] /gisproject/admin.php/Login/index/ | INFO: Tag[ view_end ] --START--
[ 2014-12-20T14:23:15+08:00 ] /gisproject/admin.php/Login/index/ | INFO: Run ShowPageTrace Behavior [ RunTime:0.004653s ]
[ 2014-12-20T14:23:15+08:00 ] /gisproject/admin.php/Login/index/ | INFO: Tag[ view_end ] --END-- [ RunTime:0.004870s ]
[ 2014-12-20T14:23:16+08:00 ] /gisproject/admin.php/Common/verify/ | INFO: Tag[ route_check ] --START--
[ 2014-12-20T14:23:16+08:00 ] /gisproject/admin.php/Common/verify/ | INFO: Run CheckRoute Behavior [ RunTime:0.003634s ]
[ 2014-12-20T14:23:16+08:00 ] /gisproject/admin.php/Common/verify/ | INFO: Tag[ route_check ] --END-- [ RunTime:0.004019s ]
[ 2014-12-20T14:23:16+08:00 ] /gisproject/admin.php/Common/verify/ | INFO: Tag[ app_begin ] --START--
[ 2014-12-20T14:23:16+08:00 ] /gisproject/admin.php/Common/verify/ | INFO: Run ReadHtmlCache Behavior [ RunTime:0.002304s ]
[ 2014-12-20T14:23:16+08:00 ] /gisproject/admin.php/Common/verify/ | INFO: Tag[ app_begin ] --END-- [ RunTime:0.002522s ]
[ 2014-12-20T14:23:16+08:00 ] /gisproject/admin.php/Login/index/resources/images/closelabel.gif | INFO: Tag[ route_check ] --START--
[ 2014-12-20T14:23:16+08:00 ] /gisproject/admin.php/Login/index/resources/images/closelabel.gif | INFO: Run CheckRoute Behavior [ RunTime:0.012256s ]
[ 2014-12-20T14:23:16+08:00 ] /gisproject/admin.php/Login/index/resources/images/closelabel.gif | INFO: Tag[ route_check ] --END-- [ RunTime:0.012638s ]
[ 2014-12-20T14:23:16+08:00 ] /gisproject/admin.php/Login/index/resources/images/closelabel.gif | INFO: Tag[ app_begin ] --START--
[ 2014-12-20T14:23:16+08:00 ] /gisproject/admin.php/Login/index/resources/images/closelabel.gif | INFO: Run ReadHtmlCache Behavior [ RunTime:0.006203s ]
[ 2014-12-20T14:23:16+08:00 ] /gisproject/admin.php/Login/index/resources/images/closelabel.gif | INFO: Tag[ app_begin ] --END-- [ RunTime:0.006458s ]
[ 2014-12-20T14:23:16+08:00 ] /gisproject/admin.php/Login/index/resources/images/closelabel.gif | INFO: Tag[ view_template ] --START--
[ 2014-12-20T14:23:16+08:00 ] /gisproject/admin.php/Login/index/resources/images/closelabel.gif | INFO: Run LocationTemplate Behavior [ RunTime:0.009192s ]
[ 2014-12-20T14:23:16+08:00 ] /gisproject/admin.php/Login/index/resources/images/closelabel.gif | INFO: Tag[ view_template ] --END-- [ RunTime:0.009569s ]
[ 2014-12-20T14:23:16+08:00 ] /gisproject/admin.php/Login/index/resources/images/closelabel.gif | INFO: Tag[ view_parse ] --START--
[ 2014-12-20T14:23:16+08:00 ] /gisproject/admin.php/Login/index/resources/images/closelabel.gif | INFO: Run ParseTemplate Behavior [ RunTime:0.053895s ]
[ 2014-12-20T14:23:16+08:00 ] /gisproject/admin.php/Login/index/resources/images/closelabel.gif | INFO: Tag[ view_parse ] --END-- [ RunTime:0.054156s ]
[ 2014-12-20T14:23:16+08:00 ] /gisproject/admin.php/Login/index/resources/images/closelabel.gif | INFO: Tag[ view_filter ] --START--
[ 2014-12-20T14:23:16+08:00 ] /gisproject/admin.php/Login/index/resources/images/closelabel.gif | INFO: Run ContentReplace Behavior [ RunTime:0.005752s ]
[ 2014-12-20T14:23:16+08:00 ] /gisproject/admin.php/Login/index/resources/images/closelabel.gif | INFO: Run TokenBuild Behavior [ RunTime:0.004746s ]
[ 2014-12-20T14:23:16+08:00 ] /gisproject/admin.php/Login/index/resources/images/closelabel.gif | INFO: Run WriteHtmlCache Behavior [ RunTime:0.004027s ]
[ 2014-12-20T14:23:16+08:00 ] /gisproject/admin.php/Login/index/resources/images/closelabel.gif | INFO: Run ShowRuntime Behavior [ RunTime:0.005606s ]
[ 2014-12-20T14:23:16+08:00 ] /gisproject/admin.php/Login/index/resources/images/closelabel.gif | INFO: Tag[ view_filter ] --END-- [ RunTime:0.020815s ]
[ 2014-12-20T14:23:16+08:00 ] /gisproject/admin.php/Login/index/resources/images/closelabel.gif | INFO: Tag[ view_end ] --START--
[ 2014-12-20T14:23:16+08:00 ] /gisproject/admin.php/Login/index/resources/images/closelabel.gif | INFO: Run ShowPageTrace Behavior [ RunTime:0.004773s ]
[ 2014-12-20T14:23:16+08:00 ] /gisproject/admin.php/Login/index/resources/images/closelabel.gif | INFO: Tag[ view_end ] --END-- [ RunTime:0.005002s ]
[ 2014-12-20T14:23:27+08:00 ] /gisproject/admin.php/Index/index/adminname/ruby97 | INFO: Tag[ route_check ] --START--
[ 2014-12-20T14:23:27+08:00 ] /gisproject/admin.php/Index/index/adminname/ruby97 | INFO: Run CheckRoute Behavior [ RunTime:0.003530s ]
[ 2014-12-20T14:23:27+08:00 ] /gisproject/admin.php/Index/index/adminname/ruby97 | INFO: Tag[ route_check ] --END-- [ RunTime:0.003834s ]
[ 2014-12-20T14:23:27+08:00 ] /gisproject/admin.php/Index/index/adminname/ruby97 | INFO: Tag[ app_begin ] --START--
[ 2014-12-20T14:23:27+08:00 ] /gisproject/admin.php/Index/index/adminname/ruby97 | INFO: Run ReadHtmlCache Behavior [ RunTime:0.001894s ]
[ 2014-12-20T14:23:27+08:00 ] /gisproject/admin.php/Index/index/adminname/ruby97 | INFO: Tag[ app_begin ] --END-- [ RunTime:0.002070s ]
[ 2014-12-20T14:23:27+08:00 ] /gisproject/admin.php/Index/index/adminname/ruby97 | INFO: Tag[ view_template ] --START--
[ 2014-12-20T14:23:27+08:00 ] /gisproject/admin.php/Index/index/adminname/ruby97 | INFO: Run LocationTemplate Behavior [ RunTime:0.020780s ]
[ 2014-12-20T14:23:27+08:00 ] /gisproject/admin.php/Index/index/adminname/ruby97 | INFO: Tag[ view_template ] --END-- [ RunTime:0.021049s ]
[ 2014-12-20T14:23:27+08:00 ] /gisproject/admin.php/Index/index/adminname/ruby97 | INFO: Tag[ view_parse ] --START--
[ 2014-12-20T14:23:27+08:00 ] /gisproject/admin.php/Index/index/adminname/ruby97 | NOTIC: [8] Undefined variable: title 4c18d5952d0dbf1eedb8a1ec796fa788.php 第 5 行.
[ 2014-12-20T14:23:27+08:00 ] /gisproject/admin.php/Index/index/adminname/ruby97 | INFO: Run ParseTemplate Behavior [ RunTime:0.060128s ]
[ 2014-12-20T14:23:27+08:00 ] /gisproject/admin.php/Index/index/adminname/ruby97 | INFO: Tag[ view_parse ] --END-- [ RunTime:0.060360s ]
[ 2014-12-20T14:23:27+08:00 ] /gisproject/admin.php/Index/index/adminname/ruby97 | INFO: Tag[ view_filter ] --START--
[ 2014-12-20T14:23:27+08:00 ] /gisproject/admin.php/Index/index/adminname/ruby97 | INFO: Run ContentReplace Behavior [ RunTime:0.003800s ]
[ 2014-12-20T14:23:27+08:00 ] /gisproject/admin.php/Index/index/adminname/ruby97 | INFO: Run TokenBuild Behavior [ RunTime:0.003876s ]
[ 2014-12-20T14:23:27+08:00 ] /gisproject/admin.php/Index/index/adminname/ruby97 | INFO: Run WriteHtmlCache Behavior [ RunTime:0.003230s ]
[ 2014-12-20T14:23:27+08:00 ] /gisproject/admin.php/Index/index/adminname/ruby97 | INFO: Run ShowRuntime Behavior [ RunTime:0.004372s ]
[ 2014-12-20T14:23:27+08:00 ] /gisproject/admin.php/Index/index/adminname/ruby97 | INFO: Tag[ view_filter ] --END-- [ RunTime:0.015813s ]
[ 2014-12-20T14:23:27+08:00 ] /gisproject/admin.php/Index/index/adminname/ruby97 | INFO: Tag[ view_end ] --START--
[ 2014-12-20T14:23:27+08:00 ] /gisproject/admin.php/Index/index/adminname/ruby97 | INFO: Run ShowPageTrace Behavior [ RunTime:0.003787s ]
[ 2014-12-20T14:23:27+08:00 ] /gisproject/admin.php/Index/index/adminname/ruby97 | INFO: Tag[ view_end ] --END-- [ RunTime:0.003953s ]
[ 2014-12-20T14:23:28+08:00 ] /gisproject/admin.php/Index/index/adminname/resources/images/closelabel.gif | INFO: Tag[ route_check ] --START--
[ 2014-12-20T14:23:28+08:00 ] /gisproject/admin.php/Index/index/adminname/resources/images/closelabel.gif | INFO: Run CheckRoute Behavior [ RunTime:0.004446s ]
[ 2014-12-20T14:23:28+08:00 ] /gisproject/admin.php/Index/index/adminname/resources/images/closelabel.gif | INFO: Tag[ route_check ] --END-- [ RunTime:0.004858s ]
[ 2014-12-20T14:23:28+08:00 ] /gisproject/admin.php/Index/index/adminname/resources/images/closelabel.gif | INFO: Tag[ app_begin ] --START--
[ 2014-12-20T14:23:28+08:00 ] /gisproject/admin.php/Index/index/adminname/resources/images/closelabel.gif | INFO: Run ReadHtmlCache Behavior [ RunTime:0.006966s ]
[ 2014-12-20T14:23:28+08:00 ] /gisproject/admin.php/Index/index/adminname/resources/images/closelabel.gif | INFO: Tag[ app_begin ] --END-- [ RunTime:0.007328s ]
[ 2014-12-20T14:23:28+08:00 ] /gisproject/admin.php/Index/index/adminname/resources/images/closelabel.gif | INFO: Tag[ view_template ] --START--
[ 2014-12-20T14:23:28+08:00 ] /gisproject/admin.php/Index/index/adminname/resources/images/closelabel.gif | INFO: Run LocationTemplate Behavior [ RunTime:0.002270s ]
[ 2014-12-20T14:23:28+08:00 ] /gisproject/admin.php/Index/index/adminname/resources/images/closelabel.gif | INFO: Tag[ view_template ] --END-- [ RunTime:0.002564s ]
[ 2014-12-20T14:23:28+08:00 ] /gisproject/admin.php/Index/index/adminname/resources/images/closelabel.gif | INFO: Tag[ view_parse ] --START--
[ 2014-12-20T14:23:28+08:00 ] /gisproject/admin.php/Index/index/adminname/resources/images/closelabel.gif | NOTIC: [8] Undefined variable: title 4c18d5952d0dbf1eedb8a1ec796fa788.php 第 5 行.
[ 2014-12-20T14:23:28+08:00 ] /gisproject/admin.php/Index/index/adminname/resources/images/closelabel.gif | INFO: Run ParseTemplate Behavior [ RunTime:0.043604s ]
[ 2014-12-20T14:23:28+08:00 ] /gisproject/admin.php/Index/index/adminname/resources/images/closelabel.gif | INFO: Tag[ view_parse ] --END-- [ RunTime:0.043834s ]
[ 2014-12-20T14:23:28+08:00 ] /gisproject/admin.php/Index/index/adminname/resources/images/closelabel.gif | INFO: Tag[ view_filter ] --START--
[ 2014-12-20T14:23:28+08:00 ] /gisproject/admin.php/Index/index/adminname/resources/images/closelabel.gif | INFO: Run ContentReplace Behavior [ RunTime:0.001563s ]
[ 2014-12-20T14:23:28+08:00 ] /gisproject/admin.php/Index/index/adminname/resources/images/closelabel.gif | INFO: Run TokenBuild Behavior [ RunTime:0.002055s ]
[ 2014-12-20T14:23:28+08:00 ] /gisproject/admin.php/Index/index/adminname/resources/images/closelabel.gif | INFO: Run WriteHtmlCache Behavior [ RunTime:0.001109s ]
[ 2014-12-20T14:23:28+08:00 ] /gisproject/admin.php/Index/index/adminname/resources/images/closelabel.gif | INFO: Run ShowRuntime Behavior [ RunTime:0.009881s ]
[ 2014-12-20T14:23:28+08:00 ] /gisproject/admin.php/Index/index/adminname/resources/images/closelabel.gif | INFO: Tag[ view_filter ] --END-- [ RunTime:0.015600s ]
[ 2014-12-20T14:23:28+08:00 ] /gisproject/admin.php/Index/index/adminname/resources/images/closelabel.gif | INFO: Tag[ view_end ] --START--
[ 2014-12-20T14:23:28+08:00 ] /gisproject/admin.php/Index/index/adminname/resources/images/closelabel.gif | INFO: Run ShowPageTrace Behavior [ RunTime:0.003084s ]
[ 2014-12-20T14:23:28+08:00 ] /gisproject/admin.php/Index/index/adminname/resources/images/closelabel.gif | INFO: Tag[ view_end ] --END-- [ RunTime:0.003314s ]
[ 2014-12-20T14:23:34+08:00 ] /gisproject/admin.php/Index/showaddgis | INFO: Tag[ route_check ] --START--
[ 2014-12-20T14:23:34+08:00 ] /gisproject/admin.php/Index/showaddgis | INFO: Run CheckRoute Behavior [ RunTime:0.003291s ]
[ 2014-12-20T14:23:34+08:00 ] /gisproject/admin.php/Index/showaddgis | INFO: Tag[ route_check ] --END-- [ RunTime:0.003612s ]
[ 2014-12-20T14:23:34+08:00 ] /gisproject/admin.php/Index/showaddgis | INFO: Tag[ app_begin ] --START--
[ 2014-12-20T14:23:34+08:00 ] /gisproject/admin.php/Index/showaddgis | INFO: Run ReadHtmlCache Behavior [ RunTime:0.002363s ]
[ 2014-12-20T14:23:34+08:00 ] /gisproject/admin.php/Index/showaddgis | INFO: Tag[ app_begin ] --END-- [ RunTime:0.002573s ]
[ 2014-12-20T14:23:34+08:00 ] /gisproject/admin.php/Index/showaddgis | INFO: Tag[ view_template ] --START--
[ 2014-12-20T14:23:34+08:00 ] /gisproject/admin.php/Index/showaddgis | INFO: Run LocationTemplate Behavior [ RunTime:0.048610s ]
[ 2014-12-20T14:23:34+08:00 ] /gisproject/admin.php/Index/showaddgis | INFO: Tag[ view_template ] --END-- [ RunTime:0.048894s ]
[ 2014-12-20T14:23:34+08:00 ] /gisproject/admin.php/Index/showaddgis | INFO: Tag[ view_parse ] --START--
[ 2014-12-20T14:23:34+08:00 ] /gisproject/admin.php/Index/showaddgis | NOTIC: [8] Undefined variable: page_method f15d73b8f43c102e28c75452e78e4c9c.php 第 157 行.
[ 2014-12-20T14:23:34+08:00 ] /gisproject/admin.php/Index/showaddgis | INFO: Run ParseTemplate Behavior [ RunTime:0.070434s ]
[ 2014-12-20T14:23:34+08:00 ] /gisproject/admin.php/Index/showaddgis | INFO: Tag[ view_parse ] --END-- [ RunTime:0.070680s ]
[ 2014-12-20T14:23:34+08:00 ] /gisproject/admin.php/Index/showaddgis | INFO: Tag[ view_filter ] --START--
[ 2014-12-20T14:23:34+08:00 ] /gisproject/admin.php/Index/showaddgis | INFO: Run ContentReplace Behavior [ RunTime:0.003420s ]
[ 2014-12-20T14:23:34+08:00 ] /gisproject/admin.php/Index/showaddgis | INFO: Run TokenBuild Behavior [ RunTime:0.002327s ]
[ 2014-12-20T14:23:34+08:00 ] /gisproject/admin.php/Index/showaddgis | INFO: Run WriteHtmlCache Behavior [ RunTime:0.001731s ]
[ 2014-12-20T14:23:34+08:00 ] /gisproject/admin.php/Index/showaddgis | INFO: Run ShowRuntime Behavior [ RunTime:0.002046s ]
[ 2014-12-20T14:23:34+08:00 ] /gisproject/admin.php/Index/showaddgis | INFO: Tag[ view_filter ] --END-- [ RunTime:0.010184s ]
[ 2014-12-20T14:23:34+08:00 ] /gisproject/admin.php/Index/showaddgis | INFO: Tag[ view_end ] --START--
[ 2014-12-20T14:23:34+08:00 ] /gisproject/admin.php/Index/showaddgis | INFO: Run ShowPageTrace Behavior [ RunTime:0.002000s ]
[ 2014-12-20T14:23:34+08:00 ] /gisproject/admin.php/Index/showaddgis | INFO: Tag[ view_end ] --END-- [ RunTime:0.002212s ]
[ 2014-12-20T14:23:34+08:00 ] /gisproject/admin.php/Index/resources/images/closelabel.gif | ERR: (ThinkException) 非法操作resources
[ 2014-12-20T14:25:24+08:00 ] /gisproject/admin.php/Index/addgis | INFO: Tag[ route_check ] --START--
[ 2014-12-20T14:25:24+08:00 ] /gisproject/admin.php/Index/addgis | INFO: Run CheckRoute Behavior [ RunTime:0.003558s ]
[ 2014-12-20T14:25:24+08:00 ] /gisproject/admin.php/Index/addgis | INFO: Tag[ route_check ] --END-- [ RunTime:0.003892s ]
[ 2014-12-20T14:25:24+08:00 ] /gisproject/admin.php/Index/addgis | INFO: Tag[ app_begin ] --START--
[ 2014-12-20T14:25:24+08:00 ] /gisproject/admin.php/Index/addgis | INFO: Run ReadHtmlCache Behavior [ RunTime:0.002221s ]
[ 2014-12-20T14:25:24+08:00 ] /gisproject/admin.php/Index/addgis | INFO: Tag[ app_begin ] --END-- [ RunTime:0.002425s ]
[ 2014-12-20T14:25:24+08:00 ] /gisproject/admin.php/Index/addgis | SQL: SHOW COLUMNS FROM `tb_point` [ RunTime:0.011935s ]
[ 2014-12-20T14:25:24+08:00 ] /gisproject/admin.php/Index/addgis | INFO: Tag[ view_template ] --START--
[ 2014-12-20T14:25:24+08:00 ] /gisproject/admin.php/Index/addgis | INFO: Run LocationTemplate Behavior [ RunTime:0.004444s ]
[ 2014-12-20T14:25:24+08:00 ] /gisproject/admin.php/Index/addgis | INFO: Tag[ view_template ] --END-- [ RunTime:0.004727s ]
[ 2014-12-20T14:25:24+08:00 ] /gisproject/admin.php/Index/addgis | INFO: Tag[ view_parse ] --START--
[ 2014-12-20T14:25:24+08:00 ] /gisproject/admin.php/Index/addgis | INFO: Run ParseTemplate Behavior [ RunTime:0.054011s ]
[ 2014-12-20T14:25:24+08:00 ] /gisproject/admin.php/Index/addgis | INFO: Tag[ view_parse ] --END-- [ RunTime:0.054346s ]
[ 2014-12-20T14:25:24+08:00 ] /gisproject/admin.php/Index/addgis | INFO: Tag[ view_filter ] --START--
[ 2014-12-20T14:25:24+08:00 ] /gisproject/admin.php/Index/addgis | INFO: Run ContentReplace Behavior [ RunTime:0.002155s ]
[ 2014-12-20T14:25:24+08:00 ] /gisproject/admin.php/Index/addgis | INFO: Run TokenBuild Behavior [ RunTime:0.002010s ]
[ 2014-12-20T14:25:24+08:00 ] /gisproject/admin.php/Index/addgis | INFO: Run WriteHtmlCache Behavior [ RunTime:0.001157s ]
[ 2014-12-20T14:25:24+08:00 ] /gisproject/admin.php/Index/addgis | INFO: Run ShowRuntime Behavior [ RunTime:0.002091s ]
[ 2014-12-20T14:25:24+08:00 ] /gisproject/admin.php/Index/addgis | INFO: Tag[ view_filter ] --END-- [ RunTime:0.008170s ]
[ 2014-12-20T14:25:24+08:00 ] /gisproject/admin.php/Index/addgis | INFO: Tag[ view_end ] --START--
[ 2014-12-20T14:25:24+08:00 ] /gisproject/admin.php/Index/addgis | INFO: Run ShowPageTrace Behavior [ RunTime:0.004070s ]
[ 2014-12-20T14:25:24+08:00 ] /gisproject/admin.php/Index/addgis | INFO: Tag[ view_end ] --END-- [ RunTime:0.004316s ]
[ 2014-12-20T14:25:26+08:00 ] /gisproject/admin.php/Index/showaddgis | INFO: Tag[ route_check ] --START--
[ 2014-12-20T14:25:26+08:00 ] /gisproject/admin.php/Index/showaddgis | INFO: Run CheckRoute Behavior [ RunTime:0.003653s ]
[ 2014-12-20T14:25:26+08:00 ] /gisproject/admin.php/Index/showaddgis | INFO: Tag[ route_check ] --END-- [ RunTime:0.003981s ]
[ 2014-12-20T14:25:26+08:00 ] /gisproject/admin.php/Index/showaddgis | INFO: Tag[ app_begin ] --START--
[ 2014-12-20T14:25:26+08:00 ] /gisproject/admin.php/Index/showaddgis | INFO: Run ReadHtmlCache Behavior [ RunTime:0.002210s ]
[ 2014-12-20T14:25:26+08:00 ] /gisproject/admin.php/Index/showaddgis | INFO: Tag[ app_begin ] --END-- [ RunTime:0.002411s ]
[ 2014-12-20T14:25:26+08:00 ] /gisproject/admin.php/Index/showaddgis | INFO: Tag[ view_template ] --START--
[ 2014-12-20T14:25:26+08:00 ] /gisproject/admin.php/Index/showaddgis | INFO: Run LocationTemplate Behavior [ RunTime:0.002515s ]
[ 2014-12-20T14:25:26+08:00 ] /gisproject/admin.php/Index/showaddgis | INFO: Tag[ view_template ] --END-- [ RunTime:0.002736s ]
[ 2014-12-20T14:25:26+08:00 ] /gisproject/admin.php/Index/showaddgis | INFO: Tag[ view_parse ] --START--
[ 2014-12-20T14:25:26+08:00 ] /gisproject/admin.php/Index/showaddgis | NOTIC: [8] Undefined variable: page_method f15d73b8f43c102e28c75452e78e4c9c.php 第 157 行.
[ 2014-12-20T14:25:26+08:00 ] /gisproject/admin.php/Index/showaddgis | INFO: Run ParseTemplate Behavior [ RunTime:0.077576s ]
[ 2014-12-20T14:25:26+08:00 ] /gisproject/admin.php/Index/showaddgis | INFO: Tag[ view_parse ] --END-- [ RunTime:0.077802s ]
[ 2014-12-20T14:25:26+08:00 ] /gisproject/admin.php/Index/showaddgis | INFO: Tag[ view_filter ] --START--
[ 2014-12-20T14:25:26+08:00 ] /gisproject/admin.php/Index/showaddgis | INFO: Run ContentReplace Behavior [ RunTime:0.011736s ]
[ 2014-12-20T14:25:26+08:00 ] /gisproject/admin.php/Index/showaddgis | INFO: Run TokenBuild Behavior [ RunTime:0.008359s ]
[ 2014-12-20T14:25:26+08:00 ] /gisproject/admin.php/Index/showaddgis | INFO: Run WriteHtmlCache Behavior [ RunTime:0.001379s ]
[ 2014-12-20T14:25:26+08:00 ] /gisproject/admin.php/Index/showaddgis | INFO: Run ShowRuntime Behavior [ RunTime:0.002855s ]
[ 2014-12-20T14:25:26+08:00 ] /gisproject/admin.php/Index/showaddgis | INFO: Tag[ view_filter ] --END-- [ RunTime:0.025035s ]
[ 2014-12-20T14:25:26+08:00 ] /gisproject/admin.php/Index/showaddgis | INFO: Tag[ view_end ] --START--
[ 2014-12-20T14:25:26+08:00 ] /gisproject/admin.php/Index/showaddgis | INFO: Run ShowPageTrace Behavior [ RunTime:0.004618s ]
[ 2014-12-20T14:25:26+08:00 ] /gisproject/admin.php/Index/showaddgis | INFO: Tag[ view_end ] --END-- [ RunTime:0.004888s ]
[ 2014-12-20T14:25:26+08:00 ] /gisproject/admin.php/Index/resources/images/closelabel.gif | ERR: (ThinkException) 非法操作resources
[ 2014-12-20T14:26:58+08:00 ] /gisproject/admin.php/Index/addgis | INFO: Tag[ route_check ] --START--
[ 2014-12-20T14:26:58+08:00 ] /gisproject/admin.php/Index/addgis | INFO: Run CheckRoute Behavior [ RunTime:0.006923s ]
[ 2014-12-20T14:26:58+08:00 ] /gisproject/admin.php/Index/addgis | INFO: Tag[ route_check ] --END-- [ RunTime:0.007300s ]
[ 2014-12-20T14:26:58+08:00 ] /gisproject/admin.php/Index/addgis | INFO: Tag[ app_begin ] --START--
[ 2014-12-20T14:26:58+08:00 ] /gisproject/admin.php/Index/addgis | INFO: Run ReadHtmlCache Behavior [ RunTime:0.007878s ]
[ 2014-12-20T14:26:58+08:00 ] /gisproject/admin.php/Index/addgis | INFO: Tag[ app_begin ] --END-- [ RunTime:0.008199s ]
[ 2014-12-20T14:26:58+08:00 ] /gisproject/admin.php/Index/addgis | SQL: SHOW COLUMNS FROM `tb_point` [ RunTime:0.012227s ]
[ 2014-12-20T14:26:58+08:00 ] /gisproject/admin.php/Index/addgis | INFO: Tag[ view_template ] --START--
[ 2014-12-20T14:26:58+08:00 ] /gisproject/admin.php/Index/addgis | INFO: Run LocationTemplate Behavior [ RunTime:0.003803s ]
[ 2014-12-20T14:26:58+08:00 ] /gisproject/admin.php/Index/addgis | INFO: Tag[ view_template ] --END-- [ RunTime:0.004015s ]
[ 2014-12-20T14:26:58+08:00 ] /gisproject/admin.php/Index/addgis | INFO: Tag[ view_parse ] --START--
[ 2014-12-20T14:26:58+08:00 ] /gisproject/admin.php/Index/addgis | INFO: Run ParseTemplate Behavior [ RunTime:0.046654s ]
[ 2014-12-20T14:26:58+08:00 ] /gisproject/admin.php/Index/addgis | INFO: Tag[ view_parse ] --END-- [ RunTime:0.046881s ]
[ 2014-12-20T14:26:58+08:00 ] /gisproject/admin.php/Index/addgis | INFO: Tag[ view_filter ] --START--
[ 2014-12-20T14:26:58+08:00 ] /gisproject/admin.php/Index/addgis | INFO: Run ContentReplace Behavior [ RunTime:0.004497s ]
[ 2014-12-20T14:26:58+08:00 ] /gisproject/admin.php/Index/addgis | INFO: Run TokenBuild Behavior [ RunTime:0.003756s ]
[ 2014-12-20T14:26:58+08:00 ] /gisproject/admin.php/Index/addgis | INFO: Run WriteHtmlCache Behavior [ RunTime:0.003291s ]
[ 2014-12-20T14:26:58+08:00 ] /gisproject/admin.php/Index/addgis | INFO: Run ShowRuntime Behavior [ RunTime:0.003922s ]
[ 2014-12-20T14:26:58+08:00 ] /gisproject/admin.php/Index/addgis | INFO: Tag[ view_filter ] --END-- [ RunTime:0.015990s ]
[ 2014-12-20T14:26:58+08:00 ] /gisproject/admin.php/Index/addgis | INFO: Tag[ view_end ] --START--
[ 2014-12-20T14:26:58+08:00 ] /gisproject/admin.php/Index/addgis | INFO: Run ShowPageTrace Behavior [ RunTime:0.004238s ]
[ 2014-12-20T14:26:58+08:00 ] /gisproject/admin.php/Index/addgis | INFO: Tag[ view_end ] --END-- [ RunTime:0.004431s ]
[ 2014-12-20T14:27:00+08:00 ] /gisproject/admin.php/Index/showaddgis | INFO: Tag[ route_check ] --START--
[ 2014-12-20T14:27:00+08:00 ] /gisproject/admin.php/Index/showaddgis | INFO: Run CheckRoute Behavior [ RunTime:0.003753s ]
[ 2014-12-20T14:27:00+08:00 ] /gisproject/admin.php/Index/showaddgis | INFO: Tag[ route_check ] --END-- [ RunTime:0.004167s ]
[ 2014-12-20T14:27:00+08:00 ] /gisproject/admin.php/Index/showaddgis | INFO: Tag[ app_begin ] --START--
[ 2014-12-20T14:27:00+08:00 ] /gisproject/admin.php/Index/showaddgis | INFO: Run ReadHtmlCache Behavior [ RunTime:0.003367s ]
[ 2014-12-20T14:27:00+08:00 ] /gisproject/admin.php/Index/showaddgis | INFO: Tag[ app_begin ] --END-- [ RunTime:0.003589s ]
[ 2014-12-20T14:27:00+08:00 ] /gisproject/admin.php/Index/showaddgis | INFO: Tag[ view_template ] --START--
[ 2014-12-20T14:27:00+08:00 ] /gisproject/admin.php/Index/showaddgis | INFO: Run LocationTemplate Behavior [ RunTime:0.013368s ]
[ 2014-12-20T14:27:00+08:00 ] /gisproject/admin.php/Index/showaddgis | INFO: Tag[ view_template ] --END-- [ RunTime:0.013634s ]
[ 2014-12-20T14:27:00+08:00 ] /gisproject/admin.php/Index/showaddgis | INFO: Tag[ view_parse ] --START--
[ 2014-12-20T14:27:00+08:00 ] /gisproject/admin.php/Index/showaddgis | NOTIC: [8] Undefined variable: page_method f15d73b8f43c102e28c75452e78e4c9c.php 第 157 行.
[ 2014-12-20T14:27:00+08:00 ] /gisproject/admin.php/Index/showaddgis | INFO: Run ParseTemplate Behavior [ RunTime:0.069363s ]
[ 2014-12-20T14:27:00+08:00 ] /gisproject/admin.php/Index/showaddgis | INFO: Tag[ view_parse ] --END-- [ RunTime:0.069577s ]
[ 2014-12-20T14:27:00+08:00 ] /gisproject/admin.php/Index/showaddgis | INFO: Tag[ view_filter ] --START--
[ 2014-12-20T14:27:00+08:00 ] /gisproject/admin.php/Index/showaddgis | INFO: Run ContentReplace Behavior [ RunTime:0.001501s ]
[ 2014-12-20T14:27:00+08:00 ] /gisproject/admin.php/Index/showaddgis | INFO: Run TokenBuild Behavior [ RunTime:0.001923s ]
[ 2014-12-20T14:27:00+08:00 ] /gisproject/admin.php/Index/showaddgis | INFO: Run WriteHtmlCache Behavior [ RunTime:0.000949s ]
[ 2014-12-20T14:27:00+08:00 ] /gisproject/admin.php/Index/showaddgis | INFO: Run ShowRuntime Behavior [ RunTime:0.002052s ]
[ 2014-12-20T14:27:00+08:00 ] /gisproject/admin.php/Index/showaddgis | INFO: Tag[ view_filter ] --END-- [ RunTime:0.006982s ]
[ 2014-12-20T14:27:00+08:00 ] /gisproject/admin.php/Index/showaddgis | INFO: Tag[ view_end ] --START--
[ 2014-12-20T14:27:00+08:00 ] /gisproject/admin.php/Index/showaddgis | INFO: Run ShowPageTrace Behavior [ RunTime:0.002820s ]
[ 2014-12-20T14:27:00+08:00 ] /gisproject/admin.php/Index/showaddgis | INFO: Tag[ view_end ] --END-- [ RunTime:0.003013s ]
[ 2014-12-20T14:27:00+08:00 ] /gisproject/admin.php/Index/resources/images/closelabel.gif | ERR: (ThinkException) 非法操作resources
[ 2014-12-20T14:28:12+08:00 ] /gisproject/admin.php/Index/addgis | INFO: Tag[ route_check ] --START--
[ 2014-12-20T14:28:12+08:00 ] /gisproject/admin.php/Index/addgis | INFO: Run CheckRoute Behavior [ RunTime:0.004148s ]
[ 2014-12-20T14:28:12+08:00 ] /gisproject/admin.php/Index/addgis | INFO: Tag[ route_check ] --END-- [ RunTime:0.004590s ]
[ 2014-12-20T14:28:12+08:00 ] /gisproject/admin.php/Index/addgis | INFO: Tag[ app_begin ] --START--
[ 2014-12-20T14:28:12+08:00 ] /gisproject/admin.php/Index/addgis | INFO: Run ReadHtmlCache Behavior [ RunTime:0.004597s ]
[ 2014-12-20T14:28:12+08:00 ] /gisproject/admin.php/Index/addgis | INFO: Tag[ app_begin ] --END-- [ RunTime:0.004839s ]
[ 2014-12-20T14:28:12+08:00 ] /gisproject/admin.php/Index/addgis | SQL: SHOW COLUMNS FROM `tb_point` [ RunTime:0.018357s ]
[ 2014-12-20T14:28:12+08:00 ] /gisproject/admin.php/Index/addgis | INFO: Tag[ view_template ] --START--
[ 2014-12-20T14:28:12+08:00 ] /gisproject/admin.php/Index/addgis | INFO: Run LocationTemplate Behavior [ RunTime:0.004088s ]
[ 2014-12-20T14:28:12+08:00 ] /gisproject/admin.php/Index/addgis | INFO: Tag[ view_template ] --END-- [ RunTime:0.004396s ]
[ 2014-12-20T14:28:12+08:00 ] /gisproject/admin.php/Index/addgis | INFO: Tag[ view_parse ] --START--
[ 2014-12-20T14:28:12+08:00 ] /gisproject/admin.php/Index/addgis | INFO: Run ParseTemplate Behavior [ RunTime:0.039842s ]
[ 2014-12-20T14:28:12+08:00 ] /gisproject/admin.php/Index/addgis | INFO: Tag[ view_parse ] --END-- [ RunTime:0.040091s ]
[ 2014-12-20T14:28:12+08:00 ] /gisproject/admin.php/Index/addgis | INFO: Tag[ view_filter ] --START--
[ 2014-12-20T14:28:12+08:00 ] /gisproject/admin.php/Index/addgis | INFO: Run ContentReplace Behavior [ RunTime:0.001269s ]
[ 2014-12-20T14:28:12+08:00 ] /gisproject/admin.php/Index/addgis | INFO: Run TokenBuild Behavior [ RunTime:0.001285s ]
[ 2014-12-20T14:28:12+08:00 ] /gisproject/admin.php/Index/addgis | INFO: Run WriteHtmlCache Behavior [ RunTime:0.000855s ]
[ 2014-12-20T14:28:12+08:00 ] /gisproject/admin.php/Index/addgis | INFO: Run ShowRuntime Behavior [ RunTime:0.001556s ]
[ 2014-12-20T14:28:12+08:00 ] /gisproject/admin.php/Index/addgis | INFO: Tag[ view_filter ] --END-- [ RunTime:0.005441s ]
[ 2014-12-20T14:28:12+08:00 ] /gisproject/admin.php/Index/addgis | INFO: Tag[ view_end ] --START--
[ 2014-12-20T14:28:12+08:00 ] /gisproject/admin.php/Index/addgis | INFO: Run ShowPageTrace Behavior [ RunTime:0.001657s ]
[ 2014-12-20T14:28:12+08:00 ] /gisproject/admin.php/Index/addgis | INFO: Tag[ view_end ] --END-- [ RunTime:0.001966s ]
[ 2014-12-20T14:28:13+08:00 ] /gisproject/admin.php/Index/showaddgis | INFO: Tag[ route_check ] --START--
[ 2014-12-20T14:28:13+08:00 ] /gisproject/admin.php/Index/showaddgis | INFO: Run CheckRoute Behavior [ RunTime:0.003671s ]
[ 2014-12-20T14:28:13+08:00 ] /gisproject/admin.php/Index/showaddgis | INFO: Tag[ route_check ] --END-- [ RunTime:0.004004s ]
[ 2014-12-20T14:28:13+08:00 ] /gisproject/admin.php/Index/showaddgis | INFO: Tag[ app_begin ] --START--
[ 2014-12-20T14:28:13+08:00 ] /gisproject/admin.php/Index/showaddgis | INFO: Run ReadHtmlCache Behavior [ RunTime:0.002480s ]
[ 2014-12-20T14:28:13+08:00 ] /gisproject/admin.php/Index/showaddgis | INFO: Tag[ app_begin ] --END-- [ RunTime:0.002694s ]
[ 2014-12-20T14:28:13+08:00 ] /gisproject/admin.php/Index/showaddgis | INFO: Tag[ view_template ] --START--
[ 2014-12-20T14:28:13+08:00 ] /gisproject/admin.php/Index/showaddgis | INFO: Run LocationTemplate Behavior [ RunTime:0.004512s ]
[ 2014-12-20T14:28:13+08:00 ] /gisproject/admin.php/Index/showaddgis | INFO: Tag[ view_template ] --END-- [ RunTime:0.004810s ]
[ 2014-12-20T14:28:13+08:00 ] /gisproject/admin.php/Index/showaddgis | INFO: Tag[ view_parse ] --START--
[ 2014-12-20T14:28:13+08:00 ] /gisproject/admin.php/Index/showaddgis | NOTIC: [8] Undefined variable: page_method f15d73b8f43c102e28c75452e78e4c9c.php 第 157 行.
[ 2014-12-20T14:28:13+08:00 ] /gisproject/admin.php/Index/showaddgis | INFO: Run ParseTemplate Behavior [ RunTime:0.056721s ]
[ 2014-12-20T14:28:13+08:00 ] /gisproject/admin.php/Index/showaddgis | INFO: Tag[ view_parse ] --END-- [ RunTime:0.056950s ]
[ 2014-12-20T14:28:13+08:00 ] /gisproject/admin.php/Index/showaddgis | INFO: Tag[ view_filter ] --START--
[ 2014-12-20T14:28:13+08:00 ] /gisproject/admin.php/Index/showaddgis | INFO: Run ContentReplace Behavior [ RunTime:0.001618s ]
[ 2014-12-20T14:28:13+08:00 ] /gisproject/admin.php/Index/showaddgis | INFO: Run TokenBuild Behavior [ RunTime:0.001780s ]
[ 2014-12-20T14:28:13+08:00 ] /gisproject/admin.php/Index/showaddgis | INFO: Run WriteHtmlCache Behavior [ RunTime:0.001022s ]
[ 2014-12-20T14:28:13+08:00 ] /gisproject/admin.php/Index/showaddgis | INFO: Run ShowRuntime Behavior [ RunTime:0.001998s ]
[ 2014-12-20T14:28:13+08:00 ] /gisproject/admin.php/Index/showaddgis | INFO: Tag[ view_filter ] --END-- [ RunTime:0.007468s ]
[ 2014-12-20T14:28:13+08:00 ] /gisproject/admin.php/Index/showaddgis | INFO: Tag[ view_end ] --START--
[ 2014-12-20T14:28:13+08:00 ] /gisproject/admin.php/Index/showaddgis | INFO: Run ShowPageTrace Behavior [ RunTime:0.002592s ]
[ 2014-12-20T14:28:13+08:00 ] /gisproject/admin.php/Index/showaddgis | INFO: Tag[ view_end ] --END-- [ RunTime:0.002796s ]
[ 2014-12-20T14:28:14+08:00 ] /gisproject/admin.php/Index/resources/images/closelabel.gif | ERR: (ThinkException) 非法操作resources
[ 2014-12-20T14:29:25+08:00 ] /gisproject/admin.php/Index/addgis | INFO: Tag[ route_check ] --START--
[ 2014-12-20T14:29:25+08:00 ] /gisproject/admin.php/Index/addgis | INFO: Run CheckRoute Behavior [ RunTime:0.006740s ]
[ 2014-12-20T14:29:25+08:00 ] /gisproject/admin.php/Index/addgis | INFO: Tag[ route_check ] --END-- [ RunTime:0.007133s ]
[ 2014-12-20T14:29:25+08:00 ] /gisproject/admin.php/Index/addgis | INFO: Tag[ app_begin ] --START--
[ 2014-12-20T14:29:25+08:00 ] /gisproject/admin.php/Index/addgis | INFO: Run ReadHtmlCache Behavior [ RunTime:0.007227s ]
[ 2014-12-20T14:29:25+08:00 ] /gisproject/admin.php/Index/addgis | INFO: Tag[ app_begin ] --END-- [ RunTime:0.007470s ]
[ 2014-12-20T14:29:25+08:00 ] /gisproject/admin.php/Index/addgis | SQL: SHOW COLUMNS FROM `tb_point` [ RunTime:0.013988s ]
[ 2014-12-20T14:29:25+08:00 ] /gisproject/admin.php/Index/addgis | INFO: Tag[ view_template ] --START--
[ 2014-12-20T14:29:25+08:00 ] /gisproject/admin.php/Index/addgis | INFO: Run LocationTemplate Behavior [ RunTime:0.004695s ]
[ 2014-12-20T14:29:25+08:00 ] /gisproject/admin.php/Index/addgis | INFO: Tag[ view_template ] --END-- [ RunTime:0.005006s ]
[ 2014-12-20T14:29:25+08:00 ] /gisproject/admin.php/Index/addgis | INFO: Tag[ view_parse ] --START--
[ 2014-12-20T14:29:25+08:00 ] /gisproject/admin.php/Index/addgis | INFO: Run ParseTemplate Behavior [ RunTime:0.051410s ]
[ 2014-12-20T14:29:25+08:00 ] /gisproject/admin.php/Index/addgis | INFO: Tag[ view_parse ] --END-- [ RunTime:0.051644s ]
[ 2014-12-20T14:29:25+08:00 ] /gisproject/admin.php/Index/addgis | INFO: Tag[ view_filter ] --START--
[ 2014-12-20T14:29:25+08:00 ] /gisproject/admin.php/Index/addgis | INFO: Run ContentReplace Behavior [ RunTime:0.005490s ]
[ 2014-12-20T14:29:25+08:00 ] /gisproject/admin.php/Index/addgis | INFO: Run TokenBuild Behavior [ RunTime:0.004101s ]
[ 2014-12-20T14:29:25+08:00 ] /gisproject/admin.php/Index/addgis | INFO: Run WriteHtmlCache Behavior [ RunTime:0.003662s ]
[ 2014-12-20T14:29:25+08:00 ] /gisproject/admin.php/Index/addgis | INFO: Run ShowRuntime Behavior [ RunTime:0.005076s ]
[ 2014-12-20T14:29:25+08:00 ] /gisproject/admin.php/Index/addgis | INFO: Tag[ view_filter ] --END-- [ RunTime:0.018978s ]
[ 2014-12-20T14:29:25+08:00 ] /gisproject/admin.php/Index/addgis | INFO: Tag[ view_end ] --START--
[ 2014-12-20T14:29:25+08:00 ] /gisproject/admin.php/Index/addgis | INFO: Run ShowPageTrace Behavior [ RunTime:0.004555s ]
[ 2014-12-20T14:29:25+08:00 ] /gisproject/admin.php/Index/addgis | INFO: Tag[ view_end ] --END-- [ RunTime:0.004750s ]
[ 2014-12-20T14:29:26+08:00 ] /gisproject/admin.php/Index/showaddgis | INFO: Tag[ route_check ] --START--
[ 2014-12-20T14:29:26+08:00 ] /gisproject/admin.php/Index/showaddgis | INFO: Run CheckRoute Behavior [ RunTime:0.004039s ]
[ 2014-12-20T14:29:26+08:00 ] /gisproject/admin.php/Index/showaddgis | INFO: Tag[ route_check ] --END-- [ RunTime:0.004781s ]
[ 2014-12-20T14:29:26+08:00 ] /gisproject/admin.php/Index/showaddgis | INFO: Tag[ app_begin ] --START--
[ 2014-12-20T14:29:26+08:00 ] /gisproject/admin.php/Index/showaddgis | INFO: Run ReadHtmlCache Behavior [ RunTime:0.002227s ]
[ 2014-12-20T14:29:26+08:00 ] /gisproject/admin.php/Index/showaddgis | INFO: Tag[ app_begin ] --END-- [ RunTime:0.002432s ]
[ 2014-12-20T14:29:26+08:00 ] /gisproject/admin.php/Index/showaddgis | INFO: Tag[ view_template ] --START--
[ 2014-12-20T14:29:26+08:00 ] /gisproject/admin.php/Index/showaddgis | INFO: Run LocationTemplate Behavior [ RunTime:0.005624s ]
[ 2014-12-20T14:29:26+08:00 ] /gisproject/admin.php/Index/showaddgis | INFO: Tag[ view_template ] --END-- [ RunTime:0.005869s ]
[ 2014-12-20T14:29:26+08:00 ] /gisproject/admin.php/Index/showaddgis | INFO: Tag[ view_parse ] --START--
[ 2014-12-20T14:29:26+08:00 ] /gisproject/admin.php/Index/showaddgis | NOTIC: [8] Undefined variable: page_method f15d73b8f43c102e28c75452e78e4c9c.php 第 157 行.
[ 2014-12-20T14:29:26+08:00 ] /gisproject/admin.php/Index/showaddgis | INFO: Run ParseTemplate Behavior [ RunTime:0.043430s ]
[ 2014-12-20T14:29:26+08:00 ] /gisproject/admin.php/Index/showaddgis | INFO: Tag[ view_parse ] --END-- [ RunTime:0.043989s ]
[ 2014-12-20T14:29:26+08:00 ] /gisproject/admin.php/Index/showaddgis | INFO: Tag[ view_filter ] --START--
[ 2014-12-20T14:29:26+08:00 ] /gisproject/admin.php/Index/showaddgis | INFO: Run ContentReplace Behavior [ RunTime:0.001462s ]
[ 2014-12-20T14:29:26+08:00 ] /gisproject/admin.php/Index/showaddgis | INFO: Run TokenBuild Behavior [ RunTime:0.001563s ]
[ 2014-12-20T14:29:26+08:00 ] /gisproject/admin.php/Index/showaddgis | INFO: Run WriteHtmlCache Behavior [ RunTime:0.000890s ]
[ 2014-12-20T14:29:26+08:00 ] /gisproject/admin.php/Index/showaddgis | INFO: Run ShowRuntime Behavior [ RunTime:0.001645s ]
[ 2014-12-20T14:29:26+08:00 ] /gisproject/admin.php/Index/showaddgis | INFO: Tag[ view_filter ] --END-- [ RunTime:0.006048s ]
[ 2014-12-20T14:29:26+08:00 ] /gisproject/admin.php/Index/showaddgis | INFO: Tag[ view_end ] --START--
[ 2014-12-20T14:29:26+08:00 ] /gisproject/admin.php/Index/showaddgis | INFO: Run ShowPageTrace Behavior [ RunTime:0.001832s ]
[ 2014-12-20T14:29:26+08:00 ] /gisproject/admin.php/Index/showaddgis | INFO: Tag[ view_end ] --END-- [ RunTime:0.002040s ]
[ 2014-12-20T14:29:27+08:00 ] /gisproject/admin.php/Index/resources/images/closelabel.gif | ERR: (ThinkException) 非法操作resources
[ 2014-12-20T14:48:55+08:00 ] /gisproject/admin.php/Index/showaddgis/ | INFO: Tag[ route_check ] --START--
[ 2014-12-20T14:48:55+08:00 ] /gisproject/admin.php/Index/showaddgis/ | INFO: Run CheckRoute Behavior [ RunTime:0.017738s ]
[ 2014-12-20T14:48:55+08:00 ] /gisproject/admin.php/Index/showaddgis/ | INFO: Tag[ route_check ] --END-- [ RunTime:0.018099s ]
[ 2014-12-20T14:48:55+08:00 ] /gisproject/admin.php/Index/showaddgis/ | INFO: Tag[ app_begin ] --START--
[ 2014-12-20T14:48:55+08:00 ] /gisproject/admin.php/Index/showaddgis/ | INFO: Run ReadHtmlCache Behavior [ RunTime:0.002422s ]
[ 2014-12-20T14:48:55+08:00 ] /gisproject/admin.php/Index/showaddgis/ | INFO: Tag[ app_begin ] --END-- [ RunTime:0.002628s ]
[ 2014-12-20T14:48:55+08:00 ] /gisproject/admin.php/Index/showaddgis/ | INFO: Tag[ view_template ] --START--
[ 2014-12-20T14:48:55+08:00 ] /gisproject/admin.php/Index/showaddgis/ | INFO: Run LocationTemplate Behavior [ RunTime:0.005614s ]
[ 2014-12-20T14:48:55+08:00 ] /gisproject/admin.php/Index/showaddgis/ | INFO: Tag[ view_template ] --END-- [ RunTime:0.005893s ]
[ 2014-12-20T14:48:55+08:00 ] /gisproject/admin.php/Index/showaddgis/ | INFO: Tag[ view_parse ] --START--
[ 2014-12-20T14:48:55+08:00 ] /gisproject/admin.php/Index/showaddgis/ | NOTIC: [8] Undefined variable: page_method f15d73b8f43c102e28c75452e78e4c9c.php 第 157 行.
[ 2014-12-20T14:48:55+08:00 ] /gisproject/admin.php/Index/showaddgis/ | INFO: Run ParseTemplate Behavior [ RunTime:0.096409s ]
[ 2014-12-20T14:48:55+08:00 ] /gisproject/admin.php/Index/showaddgis/ | INFO: Tag[ view_parse ] --END-- [ RunTime:0.096639s ]
[ 2014-12-20T14:48:55+08:00 ] /gisproject/admin.php/Index/showaddgis/ | INFO: Tag[ view_filter ] --START--
[ 2014-12-20T14:48:55+08:00 ] /gisproject/admin.php/Index/showaddgis/ | INFO: Run ContentReplace Behavior [ RunTime:0.001745s ]
[ 2014-12-20T14:48:55+08:00 ] /gisproject/admin.php/Index/showaddgis/ | INFO: Run TokenBuild Behavior [ RunTime:0.004792s ]
[ 2014-12-20T14:48:55+08:00 ] /gisproject/admin.php/Index/showaddgis/ | INFO: Run WriteHtmlCache Behavior [ RunTime:0.001933s ]
[ 2014-12-20T14:48:55+08:00 ] /gisproject/admin.php/Index/showaddgis/ | INFO: Run ShowRuntime Behavior [ RunTime:0.002664s ]
[ 2014-12-20T14:48:55+08:00 ] /gisproject/admin.php/Index/showaddgis/ | INFO: Tag[ view_filter ] --END-- [ RunTime:0.011953s ]
[ 2014-12-20T14:48:55+08:00 ] /gisproject/admin.php/Index/showaddgis/ | INFO: Tag[ view_end ] --START--
[ 2014-12-20T14:48:55+08:00 ] /gisproject/admin.php/Index/showaddgis/ | INFO: Run ShowPageTrace Behavior [ RunTime:0.003928s ]
[ 2014-12-20T14:48:55+08:00 ] /gisproject/admin.php/Index/showaddgis/ | INFO: Tag[ view_end ] --END-- [ RunTime:0.004178s ]
[ 2014-12-20T14:48:55+08:00 ] /gisproject/admin.php/Index/showaddgis/resources/images/closelabel.gif | INFO: Tag[ route_check ] --START--
[ 2014-12-20T14:48:55+08:00 ] /gisproject/admin.php/Index/showaddgis/resources/images/closelabel.gif | INFO: Run CheckRoute Behavior [ RunTime:0.004566s ]
[ 2014-12-20T14:48:55+08:00 ] /gisproject/admin.php/Index/showaddgis/resources/images/closelabel.gif | INFO: Tag[ route_check ] --END-- [ RunTime:0.004965s ]
[ 2014-12-20T14:48:55+08:00 ] /gisproject/admin.php/Index/showaddgis/resources/images/closelabel.gif | INFO: Tag[ app_begin ] --START--
[ 2014-12-20T14:48:55+08:00 ] /gisproject/admin.php/Index/showaddgis/resources/images/closelabel.gif | INFO: Run ReadHtmlCache Behavior [ RunTime:0.003044s ]
[ 2014-12-20T14:48:55+08:00 ] /gisproject/admin.php/Index/showaddgis/resources/images/closelabel.gif | INFO: Tag[ app_begin ] --END-- [ RunTime:0.003315s ]
[ 2014-12-20T14:48:55+08:00 ] /gisproject/admin.php/Index/showaddgis/resources/images/closelabel.gif | INFO: Tag[ view_template ] --START--
[ 2014-12-20T14:48:55+08:00 ] /gisproject/admin.php/Index/showaddgis/resources/images/closelabel.gif | INFO: Run LocationTemplate Behavior [ RunTime:0.003306s ]
[ 2014-12-20T14:48:55+08:00 ] /gisproject/admin.php/Index/showaddgis/resources/images/closelabel.gif | INFO: Tag[ view_template ] --END-- [ RunTime:0.003637s ]
[ 2014-12-20T14:48:55+08:00 ] /gisproject/admin.php/Index/showaddgis/resources/images/closelabel.gif | INFO: Tag[ view_parse ] --START--
[ 2014-12-20T14:48:55+08:00 ] /gisproject/admin.php/Index/showaddgis/resources/images/closelabel.gif | NOTIC: [8] Undefined variable: page_method f15d73b8f43c102e28c75452e78e4c9c.php 第 157 行.
[ 2014-12-20T14:48:55+08:00 ] /gisproject/admin.php/Index/showaddgis/resources/images/closelabel.gif | INFO: Run ParseTemplate Behavior [ RunTime:0.062011s ]
[ 2014-12-20T14:48:55+08:00 ] /gisproject/admin.php/Index/showaddgis/resources/images/closelabel.gif | INFO: Tag[ view_parse ] --END-- [ RunTime:0.062277s ]
[ 2014-12-20T14:48:55+08:00 ] /gisproject/admin.php/Index/showaddgis/resources/images/closelabel.gif | INFO: Tag[ view_filter ] --START--
[ 2014-12-20T14:48:55+08:00 ] /gisproject/admin.php/Index/showaddgis/resources/images/closelabel.gif | INFO: Run ContentReplace Behavior [ RunTime:0.001852s ]
[ 2014-12-20T14:48:55+08:00 ] /gisproject/admin.php/Index/showaddgis/resources/images/closelabel.gif | INFO: Run TokenBuild Behavior [ RunTime:0.001991s ]
[ 2014-12-20T14:48:55+08:00 ] /gisproject/admin.php/Index/showaddgis/resources/images/closelabel.gif | INFO: Run WriteHtmlCache Behavior [ RunTime:0.001102s ]
[ 2014-12-20T14:48:55+08:00 ] /gisproject/admin.php/Index/showaddgis/resources/images/closelabel.gif | INFO: Run ShowRuntime Behavior [ RunTime:0.002455s ]
[ 2014-12-20T14:48:55+08:00 ] /gisproject/admin.php/Index/showaddgis/resources/images/closelabel.gif | INFO: Tag[ view_filter ] --END-- [ RunTime:0.008125s ]
[ 2014-12-20T14:48:55+08:00 ] /gisproject/admin.php/Index/showaddgis/resources/images/closelabel.gif | INFO: Tag[ view_end ] --START--
[ 2014-12-20T14:48:55+08:00 ] /gisproject/admin.php/Index/showaddgis/resources/images/closelabel.gif | INFO: Run ShowPageTrace Behavior [ RunTime:0.002002s ]
[ 2014-12-20T14:48:55+08:00 ] /gisproject/admin.php/Index/showaddgis/resources/images/closelabel.gif | INFO: Tag[ view_end ] --END-- [ RunTime:0.002227s ]
[ 2014-12-20T14:50:08+08:00 ] /gisproject/admin.php/Index/addgis | INFO: Tag[ route_check ] --START--
[ 2014-12-20T14:50:08+08:00 ] /gisproject/admin.php/Index/addgis | INFO: Run CheckRoute Behavior [ RunTime:0.003677s ]
[ 2014-12-20T14:50:08+08:00 ] /gisproject/admin.php/Index/addgis | INFO: Tag[ route_check ] --END-- [ RunTime:0.004212s ]
[ 2014-12-20T14:50:08+08:00 ] /gisproject/admin.php/Index/addgis | INFO: Tag[ app_begin ] --START--
[ 2014-12-20T14:50:08+08:00 ] /gisproject/admin.php/Index/addgis | INFO: Run ReadHtmlCache Behavior [ RunTime:0.002456s ]
[ 2014-12-20T14:50:08+08:00 ] /gisproject/admin.php/Index/addgis | INFO: Tag[ app_begin ] --END-- [ RunTime:0.002712s ]
[ 2014-12-20T14:50:09+08:00 ] /gisproject/admin.php/Index/addgis | SQL: SHOW COLUMNS FROM `tb_point` [ RunTime:0.012846s ]
[ 2014-12-20T14:50:09+08:00 ] /gisproject/admin.php/Index/addgis | INFO: Tag[ view_template ] --START--
[ 2014-12-20T14:50:09+08:00 ] /gisproject/admin.php/Index/addgis | INFO: Run LocationTemplate Behavior [ RunTime:0.001441s ]
[ 2014-12-20T14:50:09+08:00 ] /gisproject/admin.php/Index/addgis | INFO: Tag[ view_template ] --END-- [ RunTime:0.001643s ]
[ 2014-12-20T14:50:09+08:00 ] /gisproject/admin.php/Index/addgis | INFO: Tag[ view_parse ] --START--
[ 2014-12-20T14:50:09+08:00 ] /gisproject/admin.php/Index/addgis | INFO: Run ParseTemplate Behavior [ RunTime:0.031598s ]
[ 2014-12-20T14:50:09+08:00 ] /gisproject/admin.php/Index/addgis | INFO: Tag[ view_parse ] --END-- [ RunTime:0.031814s ]
[ 2014-12-20T14:50:09+08:00 ] /gisproject/admin.php/Index/addgis | INFO: Tag[ view_filter ] --START--
[ 2014-12-20T14:50:09+08:00 ] /gisproject/admin.php/Index/addgis | INFO: Run ContentReplace Behavior [ RunTime:0.001233s ]
[ 2014-12-20T14:50:09+08:00 ] /gisproject/admin.php/Index/addgis | INFO: Run TokenBuild Behavior [ RunTime:0.001363s ]
[ 2014-12-20T14:50:09+08:00 ] /gisproject/admin.php/Index/addgis | INFO: Run WriteHtmlCache Behavior [ RunTime:0.000867s ]
[ 2014-12-20T14:50:09+08:00 ] /gisproject/admin.php/Index/addgis | INFO: Run ShowRuntime Behavior [ RunTime:0.001538s ]
[ 2014-12-20T14:50:09+08:00 ] /gisproject/admin.php/Index/addgis | INFO: Tag[ view_filter ] --END-- [ RunTime:0.005462s ]
[ 2014-12-20T14:50:09+08:00 ] /gisproject/admin.php/Index/addgis | INFO: Tag[ view_end ] --START--
[ 2014-12-20T14:50:09+08:00 ] /gisproject/admin.php/Index/addgis | INFO: Run ShowPageTrace Behavior [ RunTime:0.001598s ]
[ 2014-12-20T14:50:09+08:00 ] /gisproject/admin.php/Index/addgis | INFO: Tag[ view_end ] --END-- [ RunTime:0.001757s ]
[ 2014-12-20T14:50:10+08:00 ] /gisproject/admin.php/Index/showaddgis/ | INFO: Tag[ route_check ] --START--
[ 2014-12-20T14:50:10+08:00 ] /gisproject/admin.php/Index/showaddgis/ | INFO: Run CheckRoute Behavior [ RunTime:0.003568s ]
[ 2014-12-20T14:50:10+08:00 ] /gisproject/admin.php/Index/showaddgis/ | INFO: Tag[ route_check ] --END-- [ RunTime:0.003894s ]
[ 2014-12-20T14:50:10+08:00 ] /gisproject/admin.php/Index/showaddgis/ | INFO: Tag[ app_begin ] --START--
[ 2014-12-20T14:50:10+08:00 ] /gisproject/admin.php/Index/showaddgis/ | INFO: Run ReadHtmlCache Behavior [ RunTime:0.002217s ]
[ 2014-12-20T14:50:10+08:00 ] /gisproject/admin.php/Index/showaddgis/ | INFO: Tag[ app_begin ] --END-- [ RunTime:0.002417s ]
[ 2014-12-20T14:50:10+08:00 ] /gisproject/admin.php/Index/showaddgis/ | INFO: Tag[ view_template ] --START--
[ 2014-12-20T14:50:10+08:00 ] /gisproject/admin.php/Index/showaddgis/ | INFO: Run LocationTemplate Behavior [ RunTime:0.003178s ]
[ 2014-12-20T14:50:10+08:00 ] /gisproject/admin.php/Index/showaddgis/ | INFO: Tag[ view_template ] --END-- [ RunTime:0.003447s ]
[ 2014-12-20T14:50:10+08:00 ] /gisproject/admin.php/Index/showaddgis/ | INFO: Tag[ view_parse ] --START--
[ 2014-12-20T14:50:10+08:00 ] /gisproject/admin.php/Index/showaddgis/ | NOTIC: [8] Undefined variable: page_method f15d73b8f43c102e28c75452e78e4c9c.php 第 157 行.
[ 2014-12-20T14:50:10+08:00 ] /gisproject/admin.php/Index/showaddgis/ | INFO: Run ParseTemplate Behavior [ RunTime:0.042468s ]
[ 2014-12-20T14:50:10+08:00 ] /gisproject/admin.php/Index/showaddgis/ | INFO: Tag[ view_parse ] --END-- [ RunTime:0.042681s ]
[ 2014-12-20T14:50:10+08:00 ] /gisproject/admin.php/Index/showaddgis/ | INFO: Tag[ view_filter ] --START--
[ 2014-12-20T14:50:10+08:00 ] /gisproject/admin.php/Index/showaddgis/ | INFO: Run ContentReplace Behavior [ RunTime:0.001509s ]
[ 2014-12-20T14:50:10+08:00 ] /gisproject/admin.php/Index/showaddgis/ | INFO: Run TokenBuild Behavior [ RunTime:0.001683s ]
[ 2014-12-20T14:50:10+08:00 ] /gisproject/admin.php/Index/showaddgis/ | INFO: Run WriteHtmlCache Behavior [ RunTime:0.001396s ]
[ 2014-12-20T14:50:10+08:00 ] /gisproject/admin.php/Index/showaddgis/ | INFO: Run ShowRuntime Behavior [ RunTime:0.004040s ]
[ 2014-12-20T14:50:10+08:00 ] /gisproject/admin.php/Index/showaddgis/ | INFO: Tag[ view_filter ] --END-- [ RunTime:0.009401s ]
[ 2014-12-20T14:50:10+08:00 ] /gisproject/admin.php/Index/showaddgis/ | INFO: Tag[ view_end ] --START--
[ 2014-12-20T14:50:10+08:00 ] /gisproject/admin.php/Index/showaddgis/ | INFO: Run ShowPageTrace Behavior [ RunTime:0.002050s ]
[ 2014-12-20T14:50:10+08:00 ] /gisproject/admin.php/Index/showaddgis/ | INFO: Tag[ view_end ] --END-- [ RunTime:0.002257s ]
[ 2014-12-20T14:50:10+08:00 ] /gisproject/admin.php/Index/showaddgis/resources/images/closelabel.gif | INFO: Tag[ route_check ] --START--
[ 2014-12-20T14:50:10+08:00 ] /gisproject/admin.php/Index/showaddgis/resources/images/closelabel.gif | INFO: Run CheckRoute Behavior [ RunTime:0.005901s ]
[ 2014-12-20T14:50:10+08:00 ] /gisproject/admin.php/Index/showaddgis/resources/images/closelabel.gif | INFO: Tag[ route_check ] --END-- [ RunTime:0.006304s ]
[ 2014-12-20T14:50:10+08:00 ] /gisproject/admin.php/Index/showaddgis/resources/images/closelabel.gif | INFO: Tag[ app_begin ] --START--
[ 2014-12-20T14:50:10+08:00 ] /gisproject/admin.php/Index/showaddgis/resources/images/closelabel.gif | INFO: Run ReadHtmlCache Behavior [ RunTime:0.002578s ]
[ 2014-12-20T14:50:10+08:00 ] /gisproject/admin.php/Index/showaddgis/resources/images/closelabel.gif | INFO: Tag[ app_begin ] --END-- [ RunTime:0.002823s ]
[ 2014-12-20T14:50:11+08:00 ] /gisproject/admin.php/Index/showaddgis/resources/images/closelabel.gif | INFO: Tag[ view_template ] --START--
[ 2014-12-20T14:50:11+08:00 ] /gisproject/admin.php/Index/showaddgis/resources/images/closelabel.gif | INFO: Run LocationTemplate Behavior [ RunTime:0.005490s ]
[ 2014-12-20T14:50:11+08:00 ] /gisproject/admin.php/Index/showaddgis/resources/images/closelabel.gif | INFO: Tag[ view_template ] --END-- [ RunTime:0.005757s ]
[ 2014-12-20T14:50:11+08:00 ] /gisproject/admin.php/Index/showaddgis/resources/images/closelabel.gif | INFO: Tag[ view_parse ] --START--
[ 2014-12-20T14:50:11+08:00 ] /gisproject/admin.php/Index/showaddgis/resources/images/closelabel.gif | NOTIC: [8] Undefined variable: page_method f15d73b8f43c102e28c75452e78e4c9c.php 第 157 行.
[ 2014-12-20T14:50:11+08:00 ] /gisproject/admin.php/Index/showaddgis/resources/images/closelabel.gif | INFO: Run ParseTemplate Behavior [ RunTime:0.041602s ]
[ 2014-12-20T14:50:11+08:00 ] /gisproject/admin.php/Index/showaddgis/resources/images/closelabel.gif | INFO: Tag[ view_parse ] --END-- [ RunTime:0.041851s ]
[ 2014-12-20T14:50:11+08:00 ] /gisproject/admin.php/Index/showaddgis/resources/images/closelabel.gif | INFO: Tag[ view_filter ] --START--
[ 2014-12-20T14:50:11+08:00 ] /gisproject/admin.php/Index/showaddgis/resources/images/closelabel.gif | INFO: Run ContentReplace Behavior [ RunTime:0.001786s ]
[ 2014-12-20T14:50:11+08:00 ] /gisproject/admin.php/Index/showaddgis/resources/images/closelabel.gif | INFO: Run TokenBuild Behavior [ RunTime:0.001916s ]
[ 2014-12-20T14:50:11+08:00 ] /gisproject/admin.php/Index/showaddgis/resources/images/closelabel.gif | INFO: Run WriteHtmlCache Behavior [ RunTime:0.001256s ]
[ 2014-12-20T14:50:11+08:00 ] /gisproject/admin.php/Index/showaddgis/resources/images/closelabel.gif | INFO: Run ShowRuntime Behavior [ RunTime:0.002024s ]
[ 2014-12-20T14:50:11+08:00 ] /gisproject/admin.php/Index/showaddgis/resources/images/closelabel.gif | INFO: Tag[ view_filter ] --END-- [ RunTime:0.007605s ]
[ 2014-12-20T14:50:11+08:00 ] /gisproject/admin.php/Index/showaddgis/resources/images/closelabel.gif | INFO: Tag[ view_end ] --START--
[ 2014-12-20T14:50:11+08:00 ] /gisproject/admin.php/Index/showaddgis/resources/images/closelabel.gif | INFO: Run ShowPageTrace Behavior [ RunTime:0.002055s ]
[ 2014-12-20T14:50:11+08:00 ] /gisproject/admin.php/Index/showaddgis/resources/images/closelabel.gif | INFO: Tag[ view_end ] --END-- [ RunTime:0.002366s ]
[ 2014-12-20T14:51:02+08:00 ] /gisproject/admin.php/Index/addgis | INFO: Tag[ route_check ] --START--
[ 2014-12-20T14:51:02+08:00 ] /gisproject/admin.php/Index/addgis | INFO: Run CheckRoute Behavior [ RunTime:0.007561s ]
[ 2014-12-20T14:51:02+08:00 ] /gisproject/admin.php/Index/addgis | INFO: Tag[ route_check ] --END-- [ RunTime:0.007914s ]
[ 2014-12-20T14:51:02+08:00 ] /gisproject/admin.php/Index/addgis | INFO: Tag[ app_begin ] --START--
[ 2014-12-20T14:51:02+08:00 ] /gisproject/admin.php/Index/addgis | INFO: Run ReadHtmlCache Behavior [ RunTime:0.004965s ]
[ 2014-12-20T14:51:02+08:00 ] /gisproject/admin.php/Index/addgis | INFO: Tag[ app_begin ] --END-- [ RunTime:0.005172s ]
[ 2014-12-20T14:51:02+08:00 ] /gisproject/admin.php/Index/addgis | SQL: SHOW COLUMNS FROM `tb_point` [ RunTime:0.013586s ]
[ 2014-12-20T14:51:02+08:00 ] /gisproject/admin.php/Index/addgis | INFO: Tag[ view_template ] --START--
[ 2014-12-20T14:51:02+08:00 ] /gisproject/admin.php/Index/addgis | INFO: Run LocationTemplate Behavior [ RunTime:0.008017s ]
[ 2014-12-20T14:51:02+08:00 ] /gisproject/admin.php/Index/addgis | INFO: Tag[ view_template ] --END-- [ RunTime:0.008326s ]
[ 2014-12-20T14:51:02+08:00 ] /gisproject/admin.php/Index/addgis | INFO: Tag[ view_parse ] --START--
[ 2014-12-20T14:51:02+08:00 ] /gisproject/admin.php/Index/addgis | INFO: Run ParseTemplate Behavior [ RunTime:0.047600s ]
[ 2014-12-20T14:51:02+08:00 ] /gisproject/admin.php/Index/addgis | INFO: Tag[ view_parse ] --END-- [ RunTime:0.047862s ]
[ 2014-12-20T14:51:02+08:00 ] /gisproject/admin.php/Index/addgis | INFO: Tag[ view_filter ] --START--
[ 2014-12-20T14:51:02+08:00 ] /gisproject/admin.php/Index/addgis | INFO: Run ContentReplace Behavior [ RunTime:0.003412s ]
[ 2014-12-20T14:51:02+08:00 ] /gisproject/admin.php/Index/addgis | INFO: Run TokenBuild Behavior [ RunTime:0.003578s ]
[ 2014-12-20T14:51:02+08:00 ] /gisproject/admin.php/Index/addgis | INFO: Run WriteHtmlCache Behavior [ RunTime:0.003117s ]
[ 2014-12-20T14:51:02+08:00 ] /gisproject/admin.php/Index/addgis | INFO: Run ShowRuntime Behavior [ RunTime:0.004651s ]
[ 2014-12-20T14:51:02+08:00 ] /gisproject/admin.php/Index/addgis | INFO: Tag[ view_filter ] --END-- [ RunTime:0.015239s ]
[ 2014-12-20T14:51:02+08:00 ] /gisproject/admin.php/Index/addgis | INFO: Tag[ view_end ] --START--
[ 2014-12-20T14:51:02+08:00 ] /gisproject/admin.php/Index/addgis | INFO: Run ShowPageTrace Behavior [ RunTime:0.003854s ]
[ 2014-12-20T14:51:02+08:00 ] /gisproject/admin.php/Index/addgis | INFO: Tag[ view_end ] --END-- [ RunTime:0.004018s ]
[ 2014-12-20T14:51:03+08:00 ] /gisproject/admin.php/Index/showaddgis/ | INFO: Tag[ route_check ] --START--
[ 2014-12-20T14:51:03+08:00 ] /gisproject/admin.php/Index/showaddgis/ | INFO: Run CheckRoute Behavior [ RunTime:0.003792s ]
[ 2014-12-20T14:51:03+08:00 ] /gisproject/admin.php/Index/showaddgis/ | INFO: Tag[ route_check ] --END-- [ RunTime:0.004122s ]
[ 2014-12-20T14:51:03+08:00 ] /gisproject/admin.php/Index/showaddgis/ | INFO: Tag[ app_begin ] --START--
[ 2014-12-20T14:51:03+08:00 ] /gisproject/admin.php/Index/showaddgis/ | INFO: Run ReadHtmlCache Behavior [ RunTime:0.003166s ]
[ 2014-12-20T14:51:03+08:00 ] /gisproject/admin.php/Index/showaddgis/ | INFO: Tag[ app_begin ] --END-- [ RunTime:0.003407s ]
[ 2014-12-20T14:51:03+08:00 ] /gisproject/admin.php/Index/showaddgis/ | INFO: Tag[ view_template ] --START--
[ 2014-12-20T14:51:03+08:00 ] /gisproject/admin.php/Index/showaddgis/ | INFO: Run LocationTemplate Behavior [ RunTime:0.015261s ]
[ 2014-12-20T14:51:03+08:00 ] /gisproject/admin.php/Index/showaddgis/ | INFO: Tag[ view_template ] --END-- [ RunTime:0.015557s ]
[ 2014-12-20T14:51:03+08:00 ] /gisproject/admin.php/Index/showaddgis/ | INFO: Tag[ view_parse ] --START--
[ 2014-12-20T14:51:03+08:00 ] /gisproject/admin.php/Index/showaddgis/ | NOTIC: [8] Undefined variable: page_method f15d73b8f43c102e28c75452e78e4c9c.php 第 157 行.
[ 2014-12-20T14:51:03+08:00 ] /gisproject/admin.php/Index/showaddgis/ | INFO: Run ParseTemplate Behavior [ RunTime:0.066044s ]
[ 2014-12-20T14:51:03+08:00 ] /gisproject/admin.php/Index/showaddgis/ | INFO: Tag[ view_parse ] --END-- [ RunTime:0.066268s ]
[ 2014-12-20T14:51:03+08:00 ] /gisproject/admin.php/Index/showaddgis/ | INFO: Tag[ view_filter ] --START--
[ 2014-12-20T14:51:03+08:00 ] /gisproject/admin.php/Index/showaddgis/ | INFO: Run ContentReplace Behavior [ RunTime:0.002050s ]
[ 2014-12-20T14:51:03+08:00 ] /gisproject/admin.php/Index/showaddgis/ | INFO: Run TokenBuild Behavior [ RunTime:0.001779s ]
[ 2014-12-20T14:51:03+08:00 ] /gisproject/admin.php/Index/showaddgis/ | INFO: Run WriteHtmlCache Behavior [ RunTime:0.001931s ]
[ 2014-12-20T14:51:03+08:00 ] /gisproject/admin.php/Index/showaddgis/ | INFO: Run ShowRuntime Behavior [ RunTime:0.001936s ]
[ 2014-12-20T14:51:03+08:00 ] /gisproject/admin.php/Index/showaddgis/ | INFO: Tag[ view_filter ] --END-- [ RunTime:0.008280s ]
[ 2014-12-20T14:51:03+08:00 ] /gisproject/admin.php/Index/showaddgis/ | INFO: Tag[ view_end ] --START--
[ 2014-12-20T14:51:03+08:00 ] /gisproject/admin.php/Index/showaddgis/ | INFO: Run ShowPageTrace Behavior [ RunTime:0.002018s ]
[ 2014-12-20T14:51:03+08:00 ] /gisproject/admin.php/Index/showaddgis/ | INFO: Tag[ view_end ] --END-- [ RunTime:0.002219s ]
[ 2014-12-20T14:51:04+08:00 ] /gisproject/admin.php/Index/showaddgis/resources/images/closelabel.gif | INFO: Tag[ route_check ] --START--
[ 2014-12-20T14:51:04+08:00 ] /gisproject/admin.php/Index/showaddgis/resources/images/closelabel.gif | INFO: Run CheckRoute Behavior [ RunTime:0.004678s ]
[ 2014-12-20T14:51:04+08:00 ] /gisproject/admin.php/Index/showaddgis/resources/images/closelabel.gif | INFO: Tag[ route_check ] --END-- [ RunTime:0.005305s ]
[ 2014-12-20T14:51:04+08:00 ] /gisproject/admin.php/Index/showaddgis/resources/images/closelabel.gif | INFO: Tag[ app_begin ] --START--
[ 2014-12-20T14:51:04+08:00 ] /gisproject/admin.php/Index/showaddgis/resources/images/closelabel.gif | INFO: Run ReadHtmlCache Behavior [ RunTime:0.002546s ]
[ 2014-12-20T14:51:04+08:00 ] /gisproject/admin.php/Index/showaddgis/resources/images/closelabel.gif | INFO: Tag[ app_begin ] --END-- [ RunTime:0.002774s ]
[ 2014-12-20T14:51:04+08:00 ] /gisproject/admin.php/Index/showaddgis/resources/images/closelabel.gif | INFO: Tag[ view_template ] --START--
[ 2014-12-20T14:51:04+08:00 ] /gisproject/admin.php/Index/showaddgis/resources/images/closelabel.gif | INFO: Run LocationTemplate Behavior [ RunTime:0.003911s ]
[ 2014-12-20T14:51:04+08:00 ] /gisproject/admin.php/Index/showaddgis/resources/images/closelabel.gif | INFO: Tag[ view_template ] --END-- [ RunTime:0.004268s ]
[ 2014-12-20T14:51:04+08:00 ] /gisproject/admin.php/Index/showaddgis/resources/images/closelabel.gif | INFO: Tag[ view_parse ] --START--
[ 2014-12-20T14:51:04+08:00 ] /gisproject/admin.php/Index/showaddgis/resources/images/closelabel.gif | NOTIC: [8] Undefined variable: page_method f15d73b8f43c102e28c75452e78e4c9c.php 第 157 行.
[ 2014-12-20T14:51:04+08:00 ] /gisproject/admin.php/Index/showaddgis/resources/images/closelabel.gif | INFO: Run ParseTemplate Behavior [ RunTime:0.045856s ]
[ 2014-12-20T14:51:04+08:00 ] /gisproject/admin.php/Index/showaddgis/resources/images/closelabel.gif | INFO: Tag[ view_parse ] --END-- [ RunTime:0.046082s ]
[ 2014-12-20T14:51:04+08:00 ] /gisproject/admin.php/Index/showaddgis/resources/images/closelabel.gif | INFO: Tag[ view_filter ] --START--
[ 2014-12-20T14:51:04+08:00 ] /gisproject/admin.php/Index/showaddgis/resources/images/closelabel.gif | INFO: Run ContentReplace Behavior [ RunTime:0.002245s ]
[ 2014-12-20T14:51:04+08:00 ] /gisproject/admin.php/Index/showaddgis/resources/images/closelabel.gif | INFO: Run TokenBuild Behavior [ RunTime:0.001966s ]
[ 2014-12-20T14:51:04+08:00 ] /gisproject/admin.php/Index/showaddgis/resources/images/closelabel.gif | INFO: Run WriteHtmlCache Behavior [ RunTime:0.001134s ]
[ 2014-12-20T14:51:04+08:00 ] /gisproject/admin.php/Index/showaddgis/resources/images/closelabel.gif | INFO: Run ShowRuntime Behavior [ RunTime:0.001994s ]
[ 2014-12-20T14:51:04+08:00 ] /gisproject/admin.php/Index/showaddgis/resources/images/closelabel.gif | INFO: Tag[ view_filter ] --END-- [ RunTime:0.007948s ]
[ 2014-12-20T14:51:04+08:00 ] /gisproject/admin.php/Index/showaddgis/resources/images/closelabel.gif | INFO: Tag[ view_end ] --START--
[ 2014-12-20T14:51:04+08:00 ] /gisproject/admin.php/Index/showaddgis/resources/images/closelabel.gif | INFO: Run ShowPageTrace Behavior [ RunTime:0.001728s ]
[ 2014-12-20T14:51:04+08:00 ] /gisproject/admin.php/Index/showaddgis/resources/images/closelabel.gif | INFO: Tag[ view_end ] --END-- [ RunTime:0.001903s ]
[ 2014-12-20T14:52:06+08:00 ] /gisproject/admin.php/Index/addgis | INFO: Tag[ route_check ] --START--
[ 2014-12-20T14:52:06+08:00 ] /gisproject/admin.php/Index/addgis | INFO: Run CheckRoute Behavior [ RunTime:0.004870s ]
[ 2014-12-20T14:52:06+08:00 ] /gisproject/admin.php/Index/addgis | INFO: Tag[ route_check ] --END-- [ RunTime:0.005382s ]
[ 2014-12-20T14:52:06+08:00 ] /gisproject/admin.php/Index/addgis | INFO: Tag[ app_begin ] --START--
[ 2014-12-20T14:52:06+08:00 ] /gisproject/admin.php/Index/addgis | INFO: Run ReadHtmlCache Behavior [ RunTime:0.004230s ]
[ 2014-12-20T14:52:06+08:00 ] /gisproject/admin.php/Index/addgis | INFO: Tag[ app_begin ] --END-- [ RunTime:0.004474s ]
[ 2014-12-20T14:52:06+08:00 ] /gisproject/admin.php/Index/addgis | SQL: SHOW COLUMNS FROM `tb_point` [ RunTime:0.037078s ]
[ 2014-12-20T14:52:06+08:00 ] /gisproject/admin.php/Index/addgis | INFO: Tag[ view_template ] --START--
[ 2014-12-20T14:52:06+08:00 ] /gisproject/admin.php/Index/addgis | INFO: Run LocationTemplate Behavior [ RunTime:0.001786s ]
[ 2014-12-20T14:52:06+08:00 ] /gisproject/admin.php/Index/addgis | INFO: Tag[ view_template ] --END-- [ RunTime:0.002041s ]
[ 2014-12-20T14:52:06+08:00 ] /gisproject/admin.php/Index/addgis | INFO: Tag[ view_parse ] --START--
[ 2014-12-20T14:52:06+08:00 ] /gisproject/admin.php/Index/addgis | INFO: Run ParseTemplate Behavior [ RunTime:0.036919s ]
[ 2014-12-20T14:52:06+08:00 ] /gisproject/admin.php/Index/addgis | INFO: Tag[ view_parse ] --END-- [ RunTime:0.037157s ]
[ 2014-12-20T14:52:06+08:00 ] /gisproject/admin.php/Index/addgis | INFO: Tag[ view_filter ] --START--
[ 2014-12-20T14:52:06+08:00 ] /gisproject/admin.php/Index/addgis | INFO: Run ContentReplace Behavior [ RunTime:0.001497s ]
[ 2014-12-20T14:52:06+08:00 ] /gisproject/admin.php/Index/addgis | INFO: Run TokenBuild Behavior [ RunTime:0.001707s ]
[ 2014-12-20T14:52:06+08:00 ] /gisproject/admin.php/Index/addgis | INFO: Run WriteHtmlCache Behavior [ RunTime:0.001089s ]
[ 2014-12-20T14:52:06+08:00 ] /gisproject/admin.php/Index/addgis | INFO: Run ShowRuntime Behavior [ RunTime:0.001890s ]
[ 2014-12-20T14:52:06+08:00 ] /gisproject/admin.php/Index/addgis | INFO: Tag[ view_filter ] --END-- [ RunTime:0.006838s ]
[ 2014-12-20T14:52:06+08:00 ] /gisproject/admin.php/Index/addgis | INFO: Tag[ view_end ] --START--
[ 2014-12-20T14:52:06+08:00 ] /gisproject/admin.php/Index/addgis | INFO: Run ShowPageTrace Behavior [ RunTime:0.001741s ]
[ 2014-12-20T14:52:06+08:00 ] /gisproject/admin.php/Index/addgis | INFO: Tag[ view_end ] --END-- [ RunTime:0.001927s ]
[ 2014-12-20T14:52:07+08:00 ] /gisproject/admin.php/Index/showaddgis/ | INFO: Tag[ route_check ] --START--
[ 2014-12-20T14:52:07+08:00 ] /gisproject/admin.php/Index/showaddgis/ | INFO: Run CheckRoute Behavior [ RunTime:0.003952s ]
[ 2014-12-20T14:52:07+08:00 ] /gisproject/admin.php/Index/showaddgis/ | INFO: Tag[ route_check ] --END-- [ RunTime:0.004281s ]
[ 2014-12-20T14:52:07+08:00 ] /gisproject/admin.php/Index/showaddgis/ | INFO: Tag[ app_begin ] --START--
[ 2014-12-20T14:52:07+08:00 ] /gisproject/admin.php/Index/showaddgis/ | INFO: Run ReadHtmlCache Behavior [ RunTime:0.002205s ]
[ 2014-12-20T14:52:07+08:00 ] /gisproject/admin.php/Index/showaddgis/ | INFO: Tag[ app_begin ] --END-- [ RunTime:0.002403s ]
[ 2014-12-20T14:52:07+08:00 ] /gisproject/admin.php/Index/showaddgis/ | INFO: Tag[ view_template ] --START--
[ 2014-12-20T14:52:07+08:00 ] /gisproject/admin.php/Index/showaddgis/ | INFO: Run LocationTemplate Behavior [ RunTime:0.002836s ]
[ 2014-12-20T14:52:07+08:00 ] /gisproject/admin.php/Index/showaddgis/ | INFO: Tag[ view_template ] --END-- [ RunTime:0.003089s ]
[ 2014-12-20T14:52:07+08:00 ] /gisproject/admin.php/Index/showaddgis/ | INFO: Tag[ view_parse ] --START--
[ 2014-12-20T14:52:07+08:00 ] /gisproject/admin.php/Index/showaddgis/ | NOTIC: [8] Undefined variable: page_method f15d73b8f43c102e28c75452e78e4c9c.php 第 157 行.
[ 2014-12-20T14:52:07+08:00 ] /gisproject/admin.php/Index/showaddgis/ | INFO: Run ParseTemplate Behavior [ RunTime:0.041162s ]
[ 2014-12-20T14:52:07+08:00 ] /gisproject/admin.php/Index/showaddgis/ | INFO: Tag[ view_parse ] --END-- [ RunTime:0.041359s ]
[ 2014-12-20T14:52:07+08:00 ] /gisproject/admin.php/Index/showaddgis/ | INFO: Tag[ view_filter ] --START--
[ 2014-12-20T14:52:07+08:00 ] /gisproject/admin.php/Index/showaddgis/ | INFO: Run ContentReplace Behavior [ RunTime:0.001358s ]
[ 2014-12-20T14:52:07+08:00 ] /gisproject/admin.php/Index/showaddgis/ | INFO: Run TokenBuild Behavior [ RunTime:0.001456s ]
[ 2014-12-20T14:52:07+08:00 ] /gisproject/admin.php/Index/showaddgis/ | INFO: Run WriteHtmlCache Behavior [ RunTime:0.000836s ]
[ 2014-12-20T14:52:07+08:00 ] /gisproject/admin.php/Index/showaddgis/ | INFO: Run ShowRuntime Behavior [ RunTime:0.001581s ]
[ 2014-12-20T14:52:07+08:00 ] /gisproject/admin.php/Index/showaddgis/ | INFO: Tag[ view_filter ] --END-- [ RunTime:0.005685s ]
[ 2014-12-20T14:52:07+08:00 ] /gisproject/admin.php/Index/showaddgis/ | INFO: Tag[ view_end ] --START--
[ 2014-12-20T14:52:07+08:00 ] /gisproject/admin.php/Index/showaddgis/ | INFO: Run ShowPageTrace Behavior [ RunTime:0.001771s ]
[ 2014-12-20T14:52:07+08:00 ] /gisproject/admin.php/Index/showaddgis/ | INFO: Tag[ view_end ] --END-- [ RunTime:0.001937s ]
[ 2014-12-20T14:52:08+08:00 ] /gisproject/admin.php/Index/showaddgis/resources/images/closelabel.gif | INFO: Tag[ route_check ] --START--
[ 2014-12-20T14:52:08+08:00 ] /gisproject/admin.php/Index/showaddgis/resources/images/closelabel.gif | INFO: Run CheckRoute Behavior [ RunTime:0.005345s ]
[ 2014-12-20T14:52:08+08:00 ] /gisproject/admin.php/Index/showaddgis/resources/images/closelabel.gif | INFO: Tag[ route_check ] --END-- [ RunTime:0.005690s ]
[ 2014-12-20T14:52:08+08:00 ] /gisproject/admin.php/Index/showaddgis/resources/images/closelabel.gif | INFO: Tag[ app_begin ] --START--
[ 2014-12-20T14:52:08+08:00 ] /gisproject/admin.php/Index/showaddgis/resources/images/closelabel.gif | INFO: Run ReadHtmlCache Behavior [ RunTime:0.002091s ]
[ 2014-12-20T14:52:08+08:00 ] /gisproject/admin.php/Index/showaddgis/resources/images/closelabel.gif | INFO: Tag[ app_begin ] --END-- [ RunTime:0.002288s ]
[ 2014-12-20T14:52:08+08:00 ] /gisproject/admin.php/Index/showaddgis/resources/images/closelabel.gif | INFO: Tag[ view_template ] --START--
[ 2014-12-20T14:52:08+08:00 ] /gisproject/admin.php/Index/showaddgis/resources/images/closelabel.gif | INFO: Run LocationTemplate Behavior [ RunTime:0.002699s ]
[ 2014-12-20T14:52:08+08:00 ] /gisproject/admin.php/Index/showaddgis/resources/images/closelabel.gif | INFO: Tag[ view_template ] --END-- [ RunTime:0.002928s ]
[ 2014-12-20T14:52:08+08:00 ] /gisproject/admin.php/Index/showaddgis/resources/images/closelabel.gif | INFO: Tag[ view_parse ] --START--
[ 2014-12-20T14:52:08+08:00 ] /gisproject/admin.php/Index/showaddgis/resources/images/closelabel.gif | NOTIC: [8] Undefined variable: page_method f15d73b8f43c102e28c75452e78e4c9c.php 第 157 行.
[ 2014-12-20T14:52:08+08:00 ] /gisproject/admin.php/Index/showaddgis/resources/images/closelabel.gif | INFO: Run ParseTemplate Behavior [ RunTime:0.045222s ]
[ 2014-12-20T14:52:08+08:00 ] /gisproject/admin.php/Index/showaddgis/resources/images/closelabel.gif | INFO: Tag[ view_parse ] --END-- [ RunTime:0.045426s ]
[ 2014-12-20T14:52:08+08:00 ] /gisproject/admin.php/Index/showaddgis/resources/images/closelabel.gif | INFO: Tag[ view_filter ] --START--
[ 2014-12-20T14:52:08+08:00 ] /gisproject/admin.php/Index/showaddgis/resources/images/closelabel.gif | INFO: Run ContentReplace Behavior [ RunTime:0.002230s ]
[ 2014-12-20T14:52:08+08:00 ] /gisproject/admin.php/Index/showaddgis/resources/images/closelabel.gif | INFO: Run TokenBuild Behavior [ RunTime:0.002019s ]
[ 2014-12-20T14:52:08+08:00 ] /gisproject/admin.php/Index/showaddgis/resources/images/closelabel.gif | INFO: Run WriteHtmlCache Behavior [ RunTime:0.000999s ]
[ 2014-12-20T14:52:08+08:00 ] /gisproject/admin.php/Index/showaddgis/resources/images/closelabel.gif | INFO: Run ShowRuntime Behavior [ RunTime:0.001777s ]
[ 2014-12-20T14:52:08+08:00 ] /gisproject/admin.php/Index/showaddgis/resources/images/closelabel.gif | INFO: Tag[ view_filter ] --END-- [ RunTime:0.007664s ]
[ 2014-12-20T14:52:08+08:00 ] /gisproject/admin.php/Index/showaddgis/resources/images/closelabel.gif | INFO: Tag[ view_end ] --START--
[ 2014-12-20T14:52:08+08:00 ] /gisproject/admin.php/Index/showaddgis/resources/images/closelabel.gif | INFO: Run ShowPageTrace Behavior [ RunTime:0.002100s ]
[ 2014-12-20T14:52:08+08:00 ] /gisproject/admin.php/Index/showaddgis/resources/images/closelabel.gif | INFO: Tag[ view_end ] --END-- [ RunTime:0.002298s ]
[ 2014-12-20T14:53:27+08:00 ] /gisproject/admin.php/Index/addgis | INFO: Tag[ route_check ] --START--
[ 2014-12-20T14:53:27+08:00 ] /gisproject/admin.php/Index/addgis | INFO: Run CheckRoute Behavior [ RunTime:0.027387s ]
[ 2014-12-20T14:53:27+08:00 ] /gisproject/admin.php/Index/addgis | INFO: Tag[ route_check ] --END-- [ RunTime:0.027739s ]
[ 2014-12-20T14:53:27+08:00 ] /gisproject/admin.php/Index/addgis | INFO: Tag[ app_begin ] --START--
[ 2014-12-20T14:53:27+08:00 ] /gisproject/admin.php/Index/addgis | INFO: Run ReadHtmlCache Behavior [ RunTime:0.006560s ]
[ 2014-12-20T14:53:27+08:00 ] /gisproject/admin.php/Index/addgis | INFO: Tag[ app_begin ] --END-- [ RunTime:0.006790s ]
[ 2014-12-20T14:53:27+08:00 ] /gisproject/admin.php/Index/addgis | SQL: SHOW COLUMNS FROM `tb_point` [ RunTime:0.016974s ]
[ 2014-12-20T14:53:27+08:00 ] /gisproject/admin.php/Index/addgis | INFO: Tag[ view_template ] --START--
[ 2014-12-20T14:53:27+08:00 ] /gisproject/admin.php/Index/addgis | INFO: Run LocationTemplate Behavior [ RunTime:0.006632s ]
[ 2014-12-20T14:53:27+08:00 ] /gisproject/admin.php/Index/addgis | INFO: Tag[ view_template ] --END-- [ RunTime:0.006879s ]
[ 2014-12-20T14:53:27+08:00 ] /gisproject/admin.php/Index/addgis | INFO: Tag[ view_parse ] --START--
[ 2014-12-20T14:53:27+08:00 ] /gisproject/admin.php/Index/addgis | INFO: Run ParseTemplate Behavior [ RunTime:0.046117s ]
[ 2014-12-20T14:53:27+08:00 ] /gisproject/admin.php/Index/addgis | INFO: Tag[ view_parse ] --END-- [ RunTime:0.046380s ]
[ 2014-12-20T14:53:27+08:00 ] /gisproject/admin.php/Index/addgis | INFO: Tag[ view_filter ] --START--
[ 2014-12-20T14:53:27+08:00 ] /gisproject/admin.php/Index/addgis | INFO: Run ContentReplace Behavior [ RunTime:0.003943s ]
[ 2014-12-20T14:53:27+08:00 ] /gisproject/admin.php/Index/addgis | INFO: Run TokenBuild Behavior [ RunTime:0.003651s ]
[ 2014-12-20T14:53:27+08:00 ] /gisproject/admin.php/Index/addgis | INFO: Run WriteHtmlCache Behavior [ RunTime:0.003043s ]
[ 2014-12-20T14:53:27+08:00 ] /gisproject/admin.php/Index/addgis | INFO: Run ShowRuntime Behavior [ RunTime:0.005097s ]
[ 2014-12-20T14:53:27+08:00 ] /gisproject/admin.php/Index/addgis | INFO: Tag[ view_filter ] --END-- [ RunTime:0.016252s ]
[ 2014-12-20T14:53:27+08:00 ] /gisproject/admin.php/Index/addgis | INFO: Tag[ view_end ] --START--
[ 2014-12-20T14:53:27+08:00 ] /gisproject/admin.php/Index/addgis | INFO: Run ShowPageTrace Behavior [ RunTime:0.004136s ]
[ 2014-12-20T14:53:27+08:00 ] /gisproject/admin.php/Index/addgis | INFO: Tag[ view_end ] --END-- [ RunTime:0.004314s ]
[ 2014-12-20T14:53:29+08:00 ] /gisproject/admin.php/Index/showaddgis/ | INFO: Tag[ route_check ] --START--
[ 2014-12-20T14:53:29+08:00 ] /gisproject/admin.php/Index/showaddgis/ | INFO: Run CheckRoute Behavior [ RunTime:0.003889s ]
[ 2014-12-20T14:53:29+08:00 ] /gisproject/admin.php/Index/showaddgis/ | INFO: Tag[ route_check ] --END-- [ RunTime:0.004227s ]
[ 2014-12-20T14:53:29+08:00 ] /gisproject/admin.php/Index/showaddgis/ | INFO: Tag[ app_begin ] --START--
[ 2014-12-20T14:53:29+08:00 ] /gisproject/admin.php/Index/showaddgis/ | INFO: Run ReadHtmlCache Behavior [ RunTime:0.002368s ]
[ 2014-12-20T14:53:29+08:00 ] /gisproject/admin.php/Index/showaddgis/ | INFO: Tag[ app_begin ] --END-- [ RunTime:0.002576s ]
[ 2014-12-20T14:53:29+08:00 ] /gisproject/admin.php/Index/showaddgis/ | INFO: Tag[ view_template ] --START--
[ 2014-12-20T14:53:29+08:00 ] /gisproject/admin.php/Index/showaddgis/ | INFO: Run LocationTemplate Behavior [ RunTime:0.006246s ]
[ 2014-12-20T14:53:29+08:00 ] /gisproject/admin.php/Index/showaddgis/ | INFO: Tag[ view_template ] --END-- [ RunTime:0.006519s ]
[ 2014-12-20T14:53:29+08:00 ] /gisproject/admin.php/Index/showaddgis/ | INFO: Tag[ view_parse ] --START--
[ 2014-12-20T14:53:29+08:00 ] /gisproject/admin.php/Index/showaddgis/ | NOTIC: [8] Undefined variable: page_method f15d73b8f43c102e28c75452e78e4c9c.php 第 157 行.
[ 2014-12-20T14:53:29+08:00 ] /gisproject/admin.php/Index/showaddgis/ | INFO: Run ParseTemplate Behavior [ RunTime:0.056368s ]
[ 2014-12-20T14:53:29+08:00 ] /gisproject/admin.php/Index/showaddgis/ | INFO: Tag[ view_parse ] --END-- [ RunTime:0.056594s ]
[ 2014-12-20T14:53:29+08:00 ] /gisproject/admin.php/Index/showaddgis/ | INFO: Tag[ view_filter ] --START--
[ 2014-12-20T14:53:29+08:00 ] /gisproject/admin.php/Index/showaddgis/ | INFO: Run ContentReplace Behavior [ RunTime:0.001578s ]
[ 2014-12-20T14:53:29+08:00 ] /gisproject/admin.php/Index/showaddgis/ | INFO: Run TokenBuild Behavior [ RunTime:0.006485s ]
[ 2014-12-20T14:53:29+08:00 ] /gisproject/admin.php/Index/showaddgis/ | INFO: Run WriteHtmlCache Behavior [ RunTime:0.001099s ]
[ 2014-12-20T14:53:29+08:00 ] /gisproject/admin.php/Index/showaddgis/ | INFO: Run ShowRuntime Behavior [ RunTime:0.002047s ]
[ 2014-12-20T14:53:29+08:00 ] /gisproject/admin.php/Index/showaddgis/ | INFO: Tag[ view_filter ] --END-- [ RunTime:0.011792s ]
[ 2014-12-20T14:53:29+08:00 ] /gisproject/admin.php/Index/showaddgis/ | INFO: Tag[ view_end ] --START--
[ 2014-12-20T14:53:29+08:00 ] /gisproject/admin.php/Index/showaddgis/ | INFO: Run ShowPageTrace Behavior [ RunTime:0.001930s ]
[ 2014-12-20T14:53:29+08:00 ] /gisproject/admin.php/Index/showaddgis/ | INFO: Tag[ view_end ] --END-- [ RunTime:0.002141s ]
[ 2014-12-20T14:53:29+08:00 ] /gisproject/admin.php/Index/showaddgis/resources/images/closelabel.gif | INFO: Tag[ route_check ] --START--
[ 2014-12-20T14:53:29+08:00 ] /gisproject/admin.php/Index/showaddgis/resources/images/closelabel.gif | INFO: Run CheckRoute Behavior [ RunTime:0.003720s ]
[ 2014-12-20T14:53:29+08:00 ] /gisproject/admin.php/Index/showaddgis/resources/images/closelabel.gif | INFO: Tag[ route_check ] --END-- [ RunTime:0.004124s ]
[ 2014-12-20T14:53:29+08:00 ] /gisproject/admin.php/Index/showaddgis/resources/images/closelabel.gif | INFO: Tag[ app_begin ] --START--
[ 2014-12-20T14:53:29+08:00 ] /gisproject/admin.php/Index/showaddgis/resources/images/closelabel.gif | INFO: Run ReadHtmlCache Behavior [ RunTime:0.002357s ]
[ 2014-12-20T14:53:29+08:00 ] /gisproject/admin.php/Index/showaddgis/resources/images/closelabel.gif | INFO: Tag[ app_begin ] --END-- [ RunTime:0.002609s ]
[ 2014-12-20T14:53:29+08:00 ] /gisproject/admin.php/Index/showaddgis/resources/images/closelabel.gif | INFO: Tag[ view_template ] --START--
[ 2014-12-20T14:53:29+08:00 ] /gisproject/admin.php/Index/showaddgis/resources/images/closelabel.gif | INFO: Run LocationTemplate Behavior [ RunTime:0.003352s ]
[ 2014-12-20T14:53:29+08:00 ] /gisproject/admin.php/Index/showaddgis/resources/images/closelabel.gif | INFO: Tag[ view_template ] --END-- [ RunTime:0.003634s ]
[ 2014-12-20T14:53:29+08:00 ] /gisproject/admin.php/Index/showaddgis/resources/images/closelabel.gif | INFO: Tag[ view_parse ] --START--
[ 2014-12-20T14:53:29+08:00 ] /gisproject/admin.php/Index/showaddgis/resources/images/closelabel.gif | NOTIC: [8] Undefined variable: page_method f15d73b8f43c102e28c75452e78e4c9c.php 第 157 行.
[ 2014-12-20T14:53:29+08:00 ] /gisproject/admin.php/Index/showaddgis/resources/images/closelabel.gif | INFO: Run ParseTemplate Behavior [ RunTime:0.054788s ]
[ 2014-12-20T14:53:29+08:00 ] /gisproject/admin.php/Index/showaddgis/resources/images/closelabel.gif | INFO: Tag[ view_parse ] --END-- [ RunTime:0.055063s ]
[ 2014-12-20T14:53:29+08:00 ] /gisproject/admin.php/Index/showaddgis/resources/images/closelabel.gif | INFO: Tag[ view_filter ] --START--
[ 2014-12-20T14:53:29+08:00 ] /gisproject/admin.php/Index/showaddgis/resources/images/closelabel.gif | INFO: Run ContentReplace Behavior [ RunTime:0.001654s ]
[ 2014-12-20T14:53:29+08:00 ] /gisproject/admin.php/Index/showaddgis/resources/images/closelabel.gif | INFO: Run TokenBuild Behavior [ RunTime:0.002016s ]
[ 2014-12-20T14:53:29+08:00 ] /gisproject/admin.php/Index/showaddgis/resources/images/closelabel.gif | INFO: Run WriteHtmlCache Behavior [ RunTime:0.002362s ]
[ 2014-12-20T14:53:29+08:00 ] /gisproject/admin.php/Index/showaddgis/resources/images/closelabel.gif | INFO: Run ShowRuntime Behavior [ RunTime:0.001789s ]
[ 2014-12-20T14:53:29+08:00 ] /gisproject/admin.php/Index/showaddgis/resources/images/closelabel.gif | INFO: Tag[ view_filter ] --END-- [ RunTime:0.008429s ]
[ 2014-12-20T14:53:29+08:00 ] /gisproject/admin.php/Index/showaddgis/resources/images/closelabel.gif | INFO: Tag[ view_end ] --START--
[ 2014-12-20T14:53:29+08:00 ] /gisproject/admin.php/Index/showaddgis/resources/images/closelabel.gif | INFO: Run ShowPageTrace Behavior [ RunTime:0.001742s ]
[ 2014-12-20T14:53:29+08:00 ] /gisproject/admin.php/Index/showaddgis/resources/images/closelabel.gif | INFO: Tag[ view_end ] --END-- [ RunTime:0.001943s ]
[ 2014-12-20T15:02:34+08:00 ] /gisproject/admin.php/Index/showaddgis/ | INFO: Tag[ route_check ] --START--
[ 2014-12-20T15:02:34+08:00 ] /gisproject/admin.php/Index/showaddgis/ | INFO: Run CheckRoute Behavior [ RunTime:0.005520s ]
[ 2014-12-20T15:02:34+08:00 ] /gisproject/admin.php/Index/showaddgis/ | INFO: Tag[ route_check ] --END-- [ RunTime:0.005859s ]
[ 2014-12-20T15:02:34+08:00 ] /gisproject/admin.php/Index/showaddgis/ | INFO: Tag[ app_begin ] --START--
[ 2014-12-20T15:02:34+08:00 ] /gisproject/admin.php/Index/showaddgis/ | INFO: Run ReadHtmlCache Behavior [ RunTime:0.003673s ]
[ 2014-12-20T15:02:34+08:00 ] /gisproject/admin.php/Index/showaddgis/ | INFO: Tag[ app_begin ] --END-- [ RunTime:0.003850s ]
[ 2014-12-20T15:02:34+08:00 ] /gisproject/admin.php/Index/showaddgis/ | INFO: Tag[ view_template ] --START--
[ 2014-12-20T15:02:34+08:00 ] /gisproject/admin.php/Index/showaddgis/ | INFO: Run LocationTemplate Behavior [ RunTime:0.006182s ]
[ 2014-12-20T15:02:34+08:00 ] /gisproject/admin.php/Index/showaddgis/ | INFO: Tag[ view_template ] --END-- [ RunTime:0.006409s ]
[ 2014-12-20T15:02:34+08:00 ] /gisproject/admin.php/Index/showaddgis/ | INFO: Tag[ view_parse ] --START--
[ 2014-12-20T15:02:34+08:00 ] /gisproject/admin.php/Index/showaddgis/ | NOTIC: [8] Undefined variable: page_method f15d73b8f43c102e28c75452e78e4c9c.php 第 157 行.
[ 2014-12-20T15:02:34+08:00 ] /gisproject/admin.php/Index/showaddgis/ | INFO: Run ParseTemplate Behavior [ RunTime:0.063555s ]
[ 2014-12-20T15:02:34+08:00 ] /gisproject/admin.php/Index/showaddgis/ | INFO: Tag[ view_parse ] --END-- [ RunTime:0.063746s ]
[ 2014-12-20T15:02:34+08:00 ] /gisproject/admin.php/Index/showaddgis/ | INFO: Tag[ view_filter ] --START--
[ 2014-12-20T15:02:34+08:00 ] /gisproject/admin.php/Index/showaddgis/ | INFO: Run ContentReplace Behavior [ RunTime:0.004826s ]
[ 2014-12-20T15:02:34+08:00 ] /gisproject/admin.php/Index/showaddgis/ | INFO: Run TokenBuild Behavior [ RunTime:0.009135s ]
[ 2014-12-20T15:02:34+08:00 ] /gisproject/admin.php/Index/showaddgis/ | INFO: Run WriteHtmlCache Behavior [ RunTime:0.003875s ]
[ 2014-12-20T15:02:34+08:00 ] /gisproject/admin.php/Index/showaddgis/ | INFO: Run ShowRuntime Behavior [ RunTime:0.003901s ]
[ 2014-12-20T15:02:34+08:00 ] /gisproject/admin.php/Index/showaddgis/ | INFO: Tag[ view_filter ] --END-- [ RunTime:0.022350s ]
[ 2014-12-20T15:02:34+08:00 ] /gisproject/admin.php/Index/showaddgis/ | INFO: Tag[ view_end ] --START--
[ 2014-12-20T15:02:34+08:00 ] /gisproject/admin.php/Index/showaddgis/ | INFO: Run ShowPageTrace Behavior [ RunTime:0.004551s ]
[ 2014-12-20T15:02:34+08:00 ] /gisproject/admin.php/Index/showaddgis/ | INFO: Tag[ view_end ] --END-- [ RunTime:0.004760s ]
[ 2014-12-20T15:02:36+08:00 ] /gisproject/admin.php/Index/showaddgis/resources/images/closelabel.gif | INFO: Tag[ route_check ] --START--
[ 2014-12-20T15:02:36+08:00 ] /gisproject/admin.php/Index/showaddgis/resources/images/closelabel.gif | INFO: Run CheckRoute Behavior [ RunTime:0.002847s ]
[ 2014-12-20T15:02:36+08:00 ] /gisproject/admin.php/Index/showaddgis/resources/images/closelabel.gif | INFO: Tag[ route_check ] --END-- [ RunTime:0.003133s ]
[ 2014-12-20T15:02:36+08:00 ] /gisproject/admin.php/Index/showaddgis/resources/images/closelabel.gif | INFO: Tag[ app_begin ] --START--
[ 2014-12-20T15:02:36+08:00 ] /gisproject/admin.php/Index/showaddgis/resources/images/closelabel.gif | INFO: Run ReadHtmlCache Behavior [ RunTime:0.001692s ]
[ 2014-12-20T15:02:36+08:00 ] /gisproject/admin.php/Index/showaddgis/resources/images/closelabel.gif | INFO: Tag[ app_begin ] --END-- [ RunTime:0.001847s ]
[ 2014-12-20T15:02:36+08:00 ] /gisproject/admin.php/Index/showaddgis/resources/images/closelabel.gif | INFO: Tag[ view_template ] --START--
[ 2014-12-20T15:02:36+08:00 ] /gisproject/admin.php/Index/showaddgis/resources/images/closelabel.gif | INFO: Run LocationTemplate Behavior [ RunTime:0.001814s ]
[ 2014-12-20T15:02:36+08:00 ] /gisproject/admin.php/Index/showaddgis/resources/images/closelabel.gif | INFO: Tag[ view_template ] --END-- [ RunTime:0.001994s ]
[ 2014-12-20T15:02:36+08:00 ] /gisproject/admin.php/Index/showaddgis/resources/images/closelabel.gif | INFO: Tag[ view_parse ] --START--
[ 2014-12-20T15:02:36+08:00 ] /gisproject/admin.php/Index/showaddgis/resources/images/closelabel.gif | NOTIC: [8] Undefined variable: page_method f15d73b8f43c102e28c75452e78e4c9c.php 第 157 行.
[ 2014-12-20T15:02:36+08:00 ] /gisproject/admin.php/Index/showaddgis/resources/images/closelabel.gif | INFO: Run ParseTemplate Behavior [ RunTime:0.029773s ]
[ 2014-12-20T15:02:36+08:00 ] /gisproject/admin.php/Index/showaddgis/resources/images/closelabel.gif | INFO: Tag[ view_parse ] --END-- [ RunTime:0.029946s ]
[ 2014-12-20T15:02:36+08:00 ] /gisproject/admin.php/Index/showaddgis/resources/images/closelabel.gif | INFO: Tag[ view_filter ] --START--
[ 2014-12-20T15:02:36+08:00 ] /gisproject/admin.php/Index/showaddgis/resources/images/closelabel.gif | INFO: Run ContentReplace Behavior [ RunTime:0.001092s ]
[ 2014-12-20T15:02:36+08:00 ] /gisproject/admin.php/Index/showaddgis/resources/images/closelabel.gif | INFO: Run TokenBuild Behavior [ RunTime:0.001262s ]
[ 2014-12-20T15:02:36+08:00 ] /gisproject/admin.php/Index/showaddgis/resources/images/closelabel.gif | INFO: Run WriteHtmlCache Behavior [ RunTime:0.000838s ]
[ 2014-12-20T15:02:36+08:00 ] /gisproject/admin.php/Index/showaddgis/resources/images/closelabel.gif | INFO: Run ShowRuntime Behavior [ RunTime:0.001718s ]
[ 2014-12-20T15:02:36+08:00 ] /gisproject/admin.php/Index/showaddgis/resources/images/closelabel.gif | INFO: Tag[ view_filter ] --END-- [ RunTime:0.005354s ]
[ 2014-12-20T15:02:36+08:00 ] /gisproject/admin.php/Index/showaddgis/resources/images/closelabel.gif | INFO: Tag[ view_end ] --START--
[ 2014-12-20T15:02:36+08:00 ] /gisproject/admin.php/Index/showaddgis/resources/images/closelabel.gif | INFO: Run ShowPageTrace Behavior [ RunTime:0.001567s ]
[ 2014-12-20T15:02:36+08:00 ] /gisproject/admin.php/Index/showaddgis/resources/images/closelabel.gif | INFO: Tag[ view_end ] --END-- [ RunTime:0.001741s ]
