[ 2014-11-29T15:19:06+08:00 ] /gisproject/admin.php/Login/index/ | INFO: Tag[ route_check ] --START--
[ 2014-11-29T15:19:06+08:00 ] /gisproject/admin.php/Login/index/ | INFO: Run CheckRoute Behavior [ RunTime:0.028306s ]
[ 2014-11-29T15:19:06+08:00 ] /gisproject/admin.php/Login/index/ | INFO: Tag[ route_check ] --END-- [ RunTime:0.028764s ]
[ 2014-11-29T15:19:06+08:00 ] /gisproject/admin.php/Login/index/ | INFO: Tag[ app_begin ] --START--
[ 2014-11-29T15:19:06+08:00 ] /gisproject/admin.php/Login/index/ | INFO: Run ReadHtmlCache Behavior [ RunTime:0.004904s ]
[ 2014-11-29T15:19:06+08:00 ] /gisproject/admin.php/Login/index/ | INFO: Tag[ app_begin ] --END-- [ RunTime:0.005141s ]
[ 2014-11-29T15:19:06+08:00 ] /gisproject/admin.php/Login/index/ | INFO: Tag[ view_template ] --START--
[ 2014-11-29T15:19:06+08:00 ] /gisproject/admin.php/Login/index/ | INFO: Run LocationTemplate Behavior [ RunTime:0.010902s ]
[ 2014-11-29T15:19:06+08:00 ] /gisproject/admin.php/Login/index/ | INFO: Tag[ view_template ] --END-- [ RunTime:0.011192s ]
[ 2014-11-29T15:19:06+08:00 ] /gisproject/admin.php/Login/index/ | INFO: Tag[ view_parse ] --START--
[ 2014-11-29T15:19:06+08:00 ] /gisproject/admin.php/Login/index/ | INFO: Run ParseTemplate Behavior [ RunTime:0.098300s ]
[ 2014-11-29T15:19:06+08:00 ] /gisproject/admin.php/Login/index/ | INFO: Tag[ view_parse ] --END-- [ RunTime:0.098734s ]
[ 2014-11-29T15:19:06+08:00 ] /gisproject/admin.php/Login/index/ | INFO: Tag[ view_filter ] --START--
[ 2014-11-29T15:19:07+08:00 ] /gisproject/admin.php/Login/index/ | INFO: Run ContentReplace Behavior [ RunTime:0.006653s ]
[ 2014-11-29T15:19:07+08:00 ] /gisproject/admin.php/Login/index/ | INFO: Run TokenBuild Behavior [ RunTime:0.006603s ]
[ 2014-11-29T15:19:07+08:00 ] /gisproject/admin.php/Login/index/ | INFO: Run WriteHtmlCache Behavior [ RunTime:0.003732s ]
[ 2014-11-29T15:19:07+08:00 ] /gisproject/admin.php/Login/index/ | INFO: Run ShowRuntime Behavior [ RunTime:0.005665s ]
[ 2014-11-29T15:19:07+08:00 ] /gisproject/admin.php/Login/index/ | INFO: Tag[ view_filter ] --END-- [ RunTime:0.023352s ]
[ 2014-11-29T15:19:07+08:00 ] /gisproject/admin.php/Login/index/ | INFO: Tag[ view_end ] --START--
[ 2014-11-29T15:19:07+08:00 ] /gisproject/admin.php/Login/index/ | INFO: Run ShowPageTrace Behavior [ RunTime:0.004938s ]
[ 2014-11-29T15:19:07+08:00 ] /gisproject/admin.php/Login/index/ | INFO: Tag[ view_end ] --END-- [ RunTime:0.005161s ]
[ 2014-11-29T15:19:07+08:00 ] /gisproject/admin.php/Common/verify/ | INFO: Tag[ route_check ] --START--
[ 2014-11-29T15:19:07+08:00 ] /gisproject/admin.php/Common/verify/ | INFO: Run CheckRoute Behavior [ RunTime:0.003854s ]
[ 2014-11-29T15:19:07+08:00 ] /gisproject/admin.php/Common/verify/ | INFO: Tag[ route_check ] --END-- [ RunTime:0.004207s ]
[ 2014-11-29T15:19:07+08:00 ] /gisproject/admin.php/Common/verify/ | INFO: Tag[ app_begin ] --START--
[ 2014-11-29T15:19:07+08:00 ] /gisproject/admin.php/Common/verify/ | INFO: Run ReadHtmlCache Behavior [ RunTime:0.002361s ]
[ 2014-11-29T15:19:07+08:00 ] /gisproject/admin.php/Common/verify/ | INFO: Tag[ app_begin ] --END-- [ RunTime:0.002605s ]
[ 2014-11-29T15:19:07+08:00 ] /gisproject/admin.php/Login/index/resources/images/closelabel.gif | INFO: Tag[ route_check ] --START--
[ 2014-11-29T15:19:07+08:00 ] /gisproject/admin.php/Login/index/resources/images/closelabel.gif | INFO: Run CheckRoute Behavior [ RunTime:0.006486s ]
[ 2014-11-29T15:19:07+08:00 ] /gisproject/admin.php/Login/index/resources/images/closelabel.gif | INFO: Tag[ route_check ] --END-- [ RunTime:0.006857s ]
[ 2014-11-29T15:19:07+08:00 ] /gisproject/admin.php/Login/index/resources/images/closelabel.gif | INFO: Tag[ app_begin ] --START--
[ 2014-11-29T15:19:07+08:00 ] /gisproject/admin.php/Login/index/resources/images/closelabel.gif | INFO: Run ReadHtmlCache Behavior [ RunTime:0.004884s ]
[ 2014-11-29T15:19:07+08:00 ] /gisproject/admin.php/Login/index/resources/images/closelabel.gif | INFO: Tag[ app_begin ] --END-- [ RunTime:0.005142s ]
[ 2014-11-29T15:19:07+08:00 ] /gisproject/admin.php/Login/index/resources/images/closelabel.gif | INFO: Tag[ view_template ] --START--
[ 2014-11-29T15:19:07+08:00 ] /gisproject/admin.php/Login/index/resources/images/closelabel.gif | INFO: Run LocationTemplate Behavior [ RunTime:0.009041s ]
[ 2014-11-29T15:19:07+08:00 ] /gisproject/admin.php/Login/index/resources/images/closelabel.gif | INFO: Tag[ view_template ] --END-- [ RunTime:0.009338s ]
[ 2014-11-29T15:19:07+08:00 ] /gisproject/admin.php/Login/index/resources/images/closelabel.gif | INFO: Tag[ view_parse ] --START--
[ 2014-11-29T15:19:07+08:00 ] /gisproject/admin.php/Login/index/resources/images/closelabel.gif | INFO: Run ParseTemplate Behavior [ RunTime:0.086151s ]
[ 2014-11-29T15:19:07+08:00 ] /gisproject/admin.php/Login/index/resources/images/closelabel.gif | INFO: Tag[ view_parse ] --END-- [ RunTime:0.086464s ]
[ 2014-11-29T15:19:07+08:00 ] /gisproject/admin.php/Login/index/resources/images/closelabel.gif | INFO: Tag[ view_filter ] --START--
[ 2014-11-29T15:19:07+08:00 ] /gisproject/admin.php/Login/index/resources/images/closelabel.gif | INFO: Run ContentReplace Behavior [ RunTime:0.005746s ]
[ 2014-11-29T15:19:07+08:00 ] /gisproject/admin.php/Login/index/resources/images/closelabel.gif | INFO: Run TokenBuild Behavior [ RunTime:0.005706s ]
[ 2014-11-29T15:19:07+08:00 ] /gisproject/admin.php/Login/index/resources/images/closelabel.gif | INFO: Run WriteHtmlCache Behavior [ RunTime:0.004351s ]
[ 2014-11-29T15:19:07+08:00 ] /gisproject/admin.php/Login/index/resources/images/closelabel.gif | INFO: Run ShowRuntime Behavior [ RunTime:0.005028s ]
[ 2014-11-29T15:19:07+08:00 ] /gisproject/admin.php/Login/index/resources/images/closelabel.gif | INFO: Tag[ view_filter ] --END-- [ RunTime:0.021715s ]
[ 2014-11-29T15:19:07+08:00 ] /gisproject/admin.php/Login/index/resources/images/closelabel.gif | INFO: Tag[ view_end ] --START--
[ 2014-11-29T15:19:07+08:00 ] /gisproject/admin.php/Login/index/resources/images/closelabel.gif | INFO: Run ShowPageTrace Behavior [ RunTime:0.004215s ]
[ 2014-11-29T15:19:07+08:00 ] /gisproject/admin.php/Login/index/resources/images/closelabel.gif | INFO: Tag[ view_end ] --END-- [ RunTime:0.004432s ]
[ 2014-11-29T15:19:17+08:00 ] /gisproject/admin.php/Index/index/adminname/ruby97 | INFO: Tag[ route_check ] --START--
[ 2014-11-29T15:19:17+08:00 ] /gisproject/admin.php/Index/index/adminname/ruby97 | INFO: Run CheckRoute Behavior [ RunTime:0.003372s ]
[ 2014-11-29T15:19:17+08:00 ] /gisproject/admin.php/Index/index/adminname/ruby97 | INFO: Tag[ route_check ] --END-- [ RunTime:0.003698s ]
[ 2014-11-29T15:19:17+08:00 ] /gisproject/admin.php/Index/index/adminname/ruby97 | INFO: Tag[ app_begin ] --START--
[ 2014-11-29T15:19:17+08:00 ] /gisproject/admin.php/Index/index/adminname/ruby97 | INFO: Run ReadHtmlCache Behavior [ RunTime:0.002148s ]
[ 2014-11-29T15:19:17+08:00 ] /gisproject/admin.php/Index/index/adminname/ruby97 | INFO: Tag[ app_begin ] --END-- [ RunTime:0.002366s ]
[ 2014-11-29T15:19:17+08:00 ] /gisproject/admin.php/Index/index/adminname/ruby97 | INFO: Tag[ view_template ] --START--
[ 2014-11-29T15:19:17+08:00 ] /gisproject/admin.php/Index/index/adminname/ruby97 | INFO: Run LocationTemplate Behavior [ RunTime:0.028165s ]
[ 2014-11-29T15:19:17+08:00 ] /gisproject/admin.php/Index/index/adminname/ruby97 | INFO: Tag[ view_template ] --END-- [ RunTime:0.028494s ]
[ 2014-11-29T15:19:17+08:00 ] /gisproject/admin.php/Index/index/adminname/ruby97 | INFO: Tag[ view_parse ] --START--
[ 2014-11-29T15:19:18+08:00 ] /gisproject/admin.php/Index/index/adminname/ruby97 | NOTIC: [8] Undefined variable: title 4c18d5952d0dbf1eedb8a1ec796fa788.php 第 5 行.
[ 2014-11-29T15:19:18+08:00 ] /gisproject/admin.php/Index/index/adminname/ruby97 | INFO: Run ParseTemplate Behavior [ RunTime:0.059209s ]
[ 2014-11-29T15:19:18+08:00 ] /gisproject/admin.php/Index/index/adminname/ruby97 | INFO: Tag[ view_parse ] --END-- [ RunTime:0.059485s ]
[ 2014-11-29T15:19:18+08:00 ] /gisproject/admin.php/Index/index/adminname/ruby97 | INFO: Tag[ view_filter ] --START--
[ 2014-11-29T15:19:18+08:00 ] /gisproject/admin.php/Index/index/adminname/ruby97 | INFO: Run ContentReplace Behavior [ RunTime:0.004373s ]
[ 2014-11-29T15:19:18+08:00 ] /gisproject/admin.php/Index/index/adminname/ruby97 | INFO: Run TokenBuild Behavior [ RunTime:0.004554s ]
[ 2014-11-29T15:19:18+08:00 ] /gisproject/admin.php/Index/index/adminname/ruby97 | INFO: Run WriteHtmlCache Behavior [ RunTime:0.003639s ]
[ 2014-11-29T15:19:18+08:00 ] /gisproject/admin.php/Index/index/adminname/ruby97 | INFO: Run ShowRuntime Behavior [ RunTime:0.004883s ]
[ 2014-11-29T15:19:18+08:00 ] /gisproject/admin.php/Index/index/adminname/ruby97 | INFO: Tag[ view_filter ] --END-- [ RunTime:0.018183s ]
[ 2014-11-29T15:19:18+08:00 ] /gisproject/admin.php/Index/index/adminname/ruby97 | INFO: Tag[ view_end ] --START--
[ 2014-11-29T15:19:18+08:00 ] /gisproject/admin.php/Index/index/adminname/ruby97 | INFO: Run ShowPageTrace Behavior [ RunTime:0.004652s ]
[ 2014-11-29T15:19:18+08:00 ] /gisproject/admin.php/Index/index/adminname/ruby97 | INFO: Tag[ view_end ] --END-- [ RunTime:0.004882s ]
[ 2014-11-29T15:19:18+08:00 ] /gisproject/admin.php/Index/index/adminname/resources/images/closelabel.gif | INFO: Tag[ route_check ] --START--
[ 2014-11-29T15:19:18+08:00 ] /gisproject/admin.php/Index/index/adminname/resources/images/closelabel.gif | INFO: Run CheckRoute Behavior [ RunTime:0.005236s ]
[ 2014-11-29T15:19:18+08:00 ] /gisproject/admin.php/Index/index/adminname/resources/images/closelabel.gif | INFO: Tag[ route_check ] --END-- [ RunTime:0.005694s ]
[ 2014-11-29T15:19:18+08:00 ] /gisproject/admin.php/Index/index/adminname/resources/images/closelabel.gif | INFO: Tag[ app_begin ] --START--
[ 2014-11-29T15:19:18+08:00 ] /gisproject/admin.php/Index/index/adminname/resources/images/closelabel.gif | INFO: Run ReadHtmlCache Behavior [ RunTime:0.002868s ]
[ 2014-11-29T15:19:18+08:00 ] /gisproject/admin.php/Index/index/adminname/resources/images/closelabel.gif | INFO: Tag[ app_begin ] --END-- [ RunTime:0.003157s ]
[ 2014-11-29T15:19:18+08:00 ] /gisproject/admin.php/Index/index/adminname/resources/images/closelabel.gif | INFO: Tag[ view_template ] --START--
[ 2014-11-29T15:19:18+08:00 ] /gisproject/admin.php/Index/index/adminname/resources/images/closelabel.gif | INFO: Run LocationTemplate Behavior [ RunTime:0.005982s ]
[ 2014-11-29T15:19:18+08:00 ] /gisproject/admin.php/Index/index/adminname/resources/images/closelabel.gif | INFO: Tag[ view_template ] --END-- [ RunTime:0.006317s ]
[ 2014-11-29T15:19:18+08:00 ] /gisproject/admin.php/Index/index/adminname/resources/images/closelabel.gif | INFO: Tag[ view_parse ] --START--
[ 2014-11-29T15:19:18+08:00 ] /gisproject/admin.php/Index/index/adminname/resources/images/closelabel.gif | NOTIC: [8] Undefined variable: title 4c18d5952d0dbf1eedb8a1ec796fa788.php 第 5 行.
[ 2014-11-29T15:19:18+08:00 ] /gisproject/admin.php/Index/index/adminname/resources/images/closelabel.gif | INFO: Run ParseTemplate Behavior [ RunTime:0.052537s ]
[ 2014-11-29T15:19:18+08:00 ] /gisproject/admin.php/Index/index/adminname/resources/images/closelabel.gif | INFO: Tag[ view_parse ] --END-- [ RunTime:0.052788s ]
[ 2014-11-29T15:19:18+08:00 ] /gisproject/admin.php/Index/index/adminname/resources/images/closelabel.gif | INFO: Tag[ view_filter ] --START--
[ 2014-11-29T15:19:18+08:00 ] /gisproject/admin.php/Index/index/adminname/resources/images/closelabel.gif | INFO: Run ContentReplace Behavior [ RunTime:0.001462s ]
[ 2014-11-29T15:19:18+08:00 ] /gisproject/admin.php/Index/index/adminname/resources/images/closelabel.gif | INFO: Run TokenBuild Behavior [ RunTime:0.001430s ]
[ 2014-11-29T15:19:18+08:00 ] /gisproject/admin.php/Index/index/adminname/resources/images/closelabel.gif | INFO: Run WriteHtmlCache Behavior [ RunTime:0.000964s ]
[ 2014-11-29T15:19:18+08:00 ] /gisproject/admin.php/Index/index/adminname/resources/images/closelabel.gif | INFO: Run ShowRuntime Behavior [ RunTime:0.001788s ]
[ 2014-11-29T15:19:18+08:00 ] /gisproject/admin.php/Index/index/adminname/resources/images/closelabel.gif | INFO: Tag[ view_filter ] --END-- [ RunTime:0.006229s ]
[ 2014-11-29T15:19:18+08:00 ] /gisproject/admin.php/Index/index/adminname/resources/images/closelabel.gif | INFO: Tag[ view_end ] --START--
[ 2014-11-29T15:19:18+08:00 ] /gisproject/admin.php/Index/index/adminname/resources/images/closelabel.gif | INFO: Run ShowPageTrace Behavior [ RunTime:0.001796s ]
[ 2014-11-29T15:19:18+08:00 ] /gisproject/admin.php/Index/index/adminname/resources/images/closelabel.gif | INFO: Tag[ view_end ] --END-- [ RunTime:0.002010s ]
[ 2014-11-29T15:19:20+08:00 ] /gisproject/admin.php/Index/showmanagegis | INFO: Tag[ route_check ] --START--
[ 2014-11-29T15:19:20+08:00 ] /gisproject/admin.php/Index/showmanagegis | INFO: Run CheckRoute Behavior [ RunTime:0.003778s ]
[ 2014-11-29T15:19:20+08:00 ] /gisproject/admin.php/Index/showmanagegis | INFO: Tag[ route_check ] --END-- [ RunTime:0.004144s ]
[ 2014-11-29T15:19:20+08:00 ] /gisproject/admin.php/Index/showmanagegis | INFO: Tag[ app_begin ] --START--
[ 2014-11-29T15:19:20+08:00 ] /gisproject/admin.php/Index/showmanagegis | INFO: Run ReadHtmlCache Behavior [ RunTime:0.002338s ]
[ 2014-11-29T15:19:20+08:00 ] /gisproject/admin.php/Index/showmanagegis | INFO: Tag[ app_begin ] --END-- [ RunTime:0.002632s ]
[ 2014-11-29T15:19:20+08:00 ] /gisproject/admin.php/Index/showmanagegis | SQL: SHOW COLUMNS FROM `tb_point` [ RunTime:0.095957s ]
[ 2014-11-29T15:19:20+08:00 ] /gisproject/admin.php/Index/showmanagegis | SQL: SELECT COUNT(*) AS tp_count FROM `tb_point` LIMIT 1   [ RunTime:0.055263s ]
[ 2014-11-29T15:19:21+08:00 ] /gisproject/admin.php/Index/showmanagegis | SQL: SELECT timestamp,AsText(point),type,name,introduce,attention,score,uri FROM tb_point  [ RunTime:0.086676s ]
[ 2014-11-29T15:19:21+08:00 ] /gisproject/admin.php/Index/showmanagegis | INFO: Tag[ view_template ] --START--
[ 2014-11-29T15:19:21+08:00 ] /gisproject/admin.php/Index/showmanagegis | INFO: Run LocationTemplate Behavior [ RunTime:0.006451s ]
[ 2014-11-29T15:19:21+08:00 ] /gisproject/admin.php/Index/showmanagegis | INFO: Tag[ view_template ] --END-- [ RunTime:0.006758s ]
[ 2014-11-29T15:19:21+08:00 ] /gisproject/admin.php/Index/showmanagegis | INFO: Tag[ view_parse ] --START--
[ 2014-11-29T15:19:21+08:00 ] /gisproject/admin.php/Index/showmanagegis | NOTIC: [8] Use of undefined constant introduce - assumed 'introduce' c02ad00cab08c9825ee4d3e4d07a0c6f.php 第 126 行.
[ 2014-11-29T15:19:21+08:00 ] /gisproject/admin.php/Index/showmanagegis | NOTIC: [8] Use of undefined constant text - assumed 'text' c02ad00cab08c9825ee4d3e4d07a0c6f.php 第 126 行.
[ 2014-11-29T15:19:21+08:00 ] /gisproject/admin.php/Index/showmanagegis | INFO: Run ParseTemplate Behavior [ RunTime:0.089363s ]
[ 2014-11-29T15:19:21+08:00 ] /gisproject/admin.php/Index/showmanagegis | INFO: Tag[ view_parse ] --END-- [ RunTime:0.089709s ]
[ 2014-11-29T15:19:21+08:00 ] /gisproject/admin.php/Index/showmanagegis | INFO: Tag[ view_filter ] --START--
[ 2014-11-29T15:19:21+08:00 ] /gisproject/admin.php/Index/showmanagegis | INFO: Run ContentReplace Behavior [ RunTime:0.002696s ]
[ 2014-11-29T15:19:21+08:00 ] /gisproject/admin.php/Index/showmanagegis | INFO: Run TokenBuild Behavior [ RunTime:0.001803s ]
[ 2014-11-29T15:19:21+08:00 ] /gisproject/admin.php/Index/showmanagegis | INFO: Run WriteHtmlCache Behavior [ RunTime:0.001127s ]
[ 2014-11-29T15:19:21+08:00 ] /gisproject/admin.php/Index/showmanagegis | INFO: Run ShowRuntime Behavior [ RunTime:0.002024s ]
[ 2014-11-29T15:19:21+08:00 ] /gisproject/admin.php/Index/showmanagegis | INFO: Tag[ view_filter ] --END-- [ RunTime:0.008376s ]
[ 2014-11-29T15:19:21+08:00 ] /gisproject/admin.php/Index/showmanagegis | INFO: Tag[ view_end ] --START--
[ 2014-11-29T15:19:21+08:00 ] /gisproject/admin.php/Index/showmanagegis | INFO: Run ShowPageTrace Behavior [ RunTime:0.002512s ]
[ 2014-11-29T15:19:21+08:00 ] /gisproject/admin.php/Index/showmanagegis | INFO: Tag[ view_end ] --END-- [ RunTime:0.002781s ]
[ 2014-11-29T15:19:21+08:00 ] /gisproject/admin.php/Index/resources/images/closelabel.gif | ERR: (ThinkException) 非法操作resources
