[ 2014-12-08T06:26:06+08:00 ] /gisproject/admin.php/Login/index/ | INFO: Tag[ route_check ] --START--
[ 2014-12-08T06:26:06+08:00 ] /gisproject/admin.php/Login/index/ | INFO: Run CheckRoute Behavior [ RunTime:0.030200s ]
[ 2014-12-08T06:26:06+08:00 ] /gisproject/admin.php/Login/index/ | INFO: Tag[ route_check ] --END-- [ RunTime:0.030509s ]
[ 2014-12-08T06:26:06+08:00 ] /gisproject/admin.php/Login/index/ | INFO: Tag[ app_begin ] --START--
[ 2014-12-08T06:26:06+08:00 ] /gisproject/admin.php/Login/index/ | INFO: Run ReadHtmlCache Behavior [ RunTime:0.001613s ]
[ 2014-12-08T06:26:06+08:00 ] /gisproject/admin.php/Login/index/ | INFO: Tag[ app_begin ] --END-- [ RunTime:0.001769s ]
[ 2014-12-08T06:26:06+08:00 ] /gisproject/admin.php/Login/index/ | INFO: Tag[ view_template ] --START--
[ 2014-12-08T06:26:06+08:00 ] /gisproject/admin.php/Login/index/ | INFO: Run LocationTemplate Behavior [ RunTime:0.011611s ]
[ 2014-12-08T06:26:06+08:00 ] /gisproject/admin.php/Login/index/ | INFO: Tag[ view_template ] --END-- [ RunTime:0.011788s ]
[ 2014-12-08T06:26:06+08:00 ] /gisproject/admin.php/Login/index/ | INFO: Tag[ view_parse ] --START--
[ 2014-12-08T06:26:06+08:00 ] /gisproject/admin.php/Login/index/ | INFO: Run ParseTemplate Behavior [ RunTime:0.048921s ]
[ 2014-12-08T06:26:06+08:00 ] /gisproject/admin.php/Login/index/ | INFO: Tag[ view_parse ] --END-- [ RunTime:0.049123s ]
[ 2014-12-08T06:26:06+08:00 ] /gisproject/admin.php/Login/index/ | INFO: Tag[ view_filter ] --START--
[ 2014-12-08T06:26:06+08:00 ] /gisproject/admin.php/Login/index/ | INFO: Run ContentReplace Behavior [ RunTime:0.000912s ]
[ 2014-12-08T06:26:06+08:00 ] /gisproject/admin.php/Login/index/ | INFO: Run TokenBuild Behavior [ RunTime:0.001035s ]
[ 2014-12-08T06:26:06+08:00 ] /gisproject/admin.php/Login/index/ | INFO: Run WriteHtmlCache Behavior [ RunTime:0.000602s ]
[ 2014-12-08T06:26:06+08:00 ] /gisproject/admin.php/Login/index/ | INFO: Run ShowRuntime Behavior [ RunTime:0.001075s ]
[ 2014-12-08T06:26:06+08:00 ] /gisproject/admin.php/Login/index/ | INFO: Tag[ view_filter ] --END-- [ RunTime:0.003950s ]
[ 2014-12-08T06:26:06+08:00 ] /gisproject/admin.php/Login/index/ | INFO: Tag[ view_end ] --START--
[ 2014-12-08T06:26:06+08:00 ] /gisproject/admin.php/Login/index/ | INFO: Run ShowPageTrace Behavior [ RunTime:0.001054s ]
[ 2014-12-08T06:26:06+08:00 ] /gisproject/admin.php/Login/index/ | INFO: Tag[ view_end ] --END-- [ RunTime:0.001169s ]
[ 2014-12-08T06:26:07+08:00 ] /gisproject/admin.php/Common/verify/ | INFO: Tag[ route_check ] --START--
[ 2014-12-08T06:26:07+08:00 ] /gisproject/admin.php/Common/verify/ | INFO: Run CheckRoute Behavior [ RunTime:0.005017s ]
[ 2014-12-08T06:26:07+08:00 ] /gisproject/admin.php/Common/verify/ | INFO: Tag[ route_check ] --END-- [ RunTime:0.005321s ]
[ 2014-12-08T06:26:07+08:00 ] /gisproject/admin.php/Common/verify/ | INFO: Tag[ app_begin ] --START--
[ 2014-12-08T06:26:07+08:00 ] /gisproject/admin.php/Common/verify/ | INFO: Run ReadHtmlCache Behavior [ RunTime:0.003758s ]
[ 2014-12-08T06:26:07+08:00 ] /gisproject/admin.php/Common/verify/ | INFO: Tag[ app_begin ] --END-- [ RunTime:0.003957s ]
[ 2014-12-08T06:26:07+08:00 ] /gisproject/admin.php/Login/index/resources/images/closelabel.gif | INFO: Tag[ route_check ] --START--
[ 2014-12-08T06:26:07+08:00 ] /gisproject/admin.php/Login/index/resources/images/closelabel.gif | INFO: Run CheckRoute Behavior [ RunTime:0.004524s ]
[ 2014-12-08T06:26:07+08:00 ] /gisproject/admin.php/Login/index/resources/images/closelabel.gif | INFO: Tag[ route_check ] --END-- [ RunTime:0.004810s ]
[ 2014-12-08T06:26:07+08:00 ] /gisproject/admin.php/Login/index/resources/images/closelabel.gif | INFO: Tag[ app_begin ] --START--
[ 2014-12-08T06:26:07+08:00 ] /gisproject/admin.php/Login/index/resources/images/closelabel.gif | INFO: Run ReadHtmlCache Behavior [ RunTime:0.003453s ]
[ 2014-12-08T06:26:07+08:00 ] /gisproject/admin.php/Login/index/resources/images/closelabel.gif | INFO: Tag[ app_begin ] --END-- [ RunTime:0.003617s ]
[ 2014-12-08T06:26:07+08:00 ] /gisproject/admin.php/Login/index/resources/images/closelabel.gif | INFO: Tag[ view_template ] --START--
[ 2014-12-08T06:26:07+08:00 ] /gisproject/admin.php/Login/index/resources/images/closelabel.gif | INFO: Run LocationTemplate Behavior [ RunTime:0.005035s ]
[ 2014-12-08T06:26:07+08:00 ] /gisproject/admin.php/Login/index/resources/images/closelabel.gif | INFO: Tag[ view_template ] --END-- [ RunTime:0.005283s ]
[ 2014-12-08T06:26:07+08:00 ] /gisproject/admin.php/Login/index/resources/images/closelabel.gif | INFO: Tag[ view_parse ] --START--
[ 2014-12-08T06:26:07+08:00 ] /gisproject/admin.php/Login/index/resources/images/closelabel.gif | INFO: Run ParseTemplate Behavior [ RunTime:0.064744s ]
[ 2014-12-08T06:26:07+08:00 ] /gisproject/admin.php/Login/index/resources/images/closelabel.gif | INFO: Tag[ view_parse ] --END-- [ RunTime:0.064952s ]
[ 2014-12-08T06:26:07+08:00 ] /gisproject/admin.php/Login/index/resources/images/closelabel.gif | INFO: Tag[ view_filter ] --START--
[ 2014-12-08T06:26:07+08:00 ] /gisproject/admin.php/Login/index/resources/images/closelabel.gif | INFO: Run ContentReplace Behavior [ RunTime:0.003372s ]
[ 2014-12-08T06:26:07+08:00 ] /gisproject/admin.php/Login/index/resources/images/closelabel.gif | INFO: Run TokenBuild Behavior [ RunTime:0.003524s ]
[ 2014-12-08T06:26:07+08:00 ] /gisproject/admin.php/Login/index/resources/images/closelabel.gif | INFO: Run WriteHtmlCache Behavior [ RunTime:0.002696s ]
[ 2014-12-08T06:26:07+08:00 ] /gisproject/admin.php/Login/index/resources/images/closelabel.gif | INFO: Run ShowRuntime Behavior [ RunTime:0.003773s ]
[ 2014-12-08T06:26:07+08:00 ] /gisproject/admin.php/Login/index/resources/images/closelabel.gif | INFO: Tag[ view_filter ] --END-- [ RunTime:0.013864s ]
[ 2014-12-08T06:26:07+08:00 ] /gisproject/admin.php/Login/index/resources/images/closelabel.gif | INFO: Tag[ view_end ] --START--
[ 2014-12-08T06:26:07+08:00 ] /gisproject/admin.php/Login/index/resources/images/closelabel.gif | INFO: Run ShowPageTrace Behavior [ RunTime:0.003610s ]
[ 2014-12-08T06:26:07+08:00 ] /gisproject/admin.php/Login/index/resources/images/closelabel.gif | INFO: Tag[ view_end ] --END-- [ RunTime:0.003812s ]
[ 2014-12-08T06:26:24+08:00 ] /gisproject/admin.php/Index/index/adminname/ruby97 | INFO: Tag[ route_check ] --START--
[ 2014-12-08T06:26:24+08:00 ] /gisproject/admin.php/Index/index/adminname/ruby97 | INFO: Run CheckRoute Behavior [ RunTime:0.004178s ]
[ 2014-12-08T06:26:24+08:00 ] /gisproject/admin.php/Index/index/adminname/ruby97 | INFO: Tag[ route_check ] --END-- [ RunTime:0.004559s ]
[ 2014-12-08T06:26:24+08:00 ] /gisproject/admin.php/Index/index/adminname/ruby97 | INFO: Tag[ app_begin ] --START--
[ 2014-12-08T06:26:24+08:00 ] /gisproject/admin.php/Index/index/adminname/ruby97 | INFO: Run ReadHtmlCache Behavior [ RunTime:0.002092s ]
[ 2014-12-08T06:26:24+08:00 ] /gisproject/admin.php/Index/index/adminname/ruby97 | INFO: Tag[ app_begin ] --END-- [ RunTime:0.002292s ]
[ 2014-12-08T06:26:24+08:00 ] /gisproject/admin.php/Index/index/adminname/ruby97 | INFO: Tag[ view_template ] --START--
[ 2014-12-08T06:26:24+08:00 ] /gisproject/admin.php/Index/index/adminname/ruby97 | INFO: Run LocationTemplate Behavior [ RunTime:0.177757s ]
[ 2014-12-08T06:26:24+08:00 ] /gisproject/admin.php/Index/index/adminname/ruby97 | INFO: Tag[ view_template ] --END-- [ RunTime:0.178033s ]
[ 2014-12-08T06:26:24+08:00 ] /gisproject/admin.php/Index/index/adminname/ruby97 | INFO: Tag[ view_parse ] --START--
[ 2014-12-08T06:26:24+08:00 ] /gisproject/admin.php/Index/index/adminname/ruby97 | NOTIC: [8] Undefined variable: title 4c18d5952d0dbf1eedb8a1ec796fa788.php 第 5 行.
[ 2014-12-08T06:26:24+08:00 ] /gisproject/admin.php/Index/index/adminname/ruby97 | INFO: Run ParseTemplate Behavior [ RunTime:0.085936s ]
[ 2014-12-08T06:26:24+08:00 ] /gisproject/admin.php/Index/index/adminname/ruby97 | INFO: Tag[ view_parse ] --END-- [ RunTime:0.086159s ]
[ 2014-12-08T06:26:24+08:00 ] /gisproject/admin.php/Index/index/adminname/ruby97 | INFO: Tag[ view_filter ] --START--
[ 2014-12-08T06:26:24+08:00 ] /gisproject/admin.php/Index/index/adminname/ruby97 | INFO: Run ContentReplace Behavior [ RunTime:0.003851s ]
[ 2014-12-08T06:26:24+08:00 ] /gisproject/admin.php/Index/index/adminname/ruby97 | INFO: Run TokenBuild Behavior [ RunTime:0.005055s ]
[ 2014-12-08T06:26:24+08:00 ] /gisproject/admin.php/Index/index/adminname/ruby97 | INFO: Run WriteHtmlCache Behavior [ RunTime:0.003841s ]
[ 2014-12-08T06:26:24+08:00 ] /gisproject/admin.php/Index/index/adminname/ruby97 | INFO: Run ShowRuntime Behavior [ RunTime:0.004074s ]
[ 2014-12-08T06:26:24+08:00 ] /gisproject/admin.php/Index/index/adminname/ruby97 | INFO: Tag[ view_filter ] --END-- [ RunTime:0.017396s ]
[ 2014-12-08T06:26:24+08:00 ] /gisproject/admin.php/Index/index/adminname/ruby97 | INFO: Tag[ view_end ] --START--
[ 2014-12-08T06:26:24+08:00 ] /gisproject/admin.php/Index/index/adminname/ruby97 | INFO: Run ShowPageTrace Behavior [ RunTime:0.004120s ]
[ 2014-12-08T06:26:24+08:00 ] /gisproject/admin.php/Index/index/adminname/ruby97 | INFO: Tag[ view_end ] --END-- [ RunTime:0.004304s ]
[ 2014-12-08T06:26:24+08:00 ] /gisproject/admin.php/Index/index/adminname/resources/images/closelabel.gif | INFO: Tag[ route_check ] --START--
[ 2014-12-08T06:26:24+08:00 ] /gisproject/admin.php/Index/index/adminname/resources/images/closelabel.gif | INFO: Run CheckRoute Behavior [ RunTime:0.002749s ]
[ 2014-12-08T06:26:24+08:00 ] /gisproject/admin.php/Index/index/adminname/resources/images/closelabel.gif | INFO: Tag[ route_check ] --END-- [ RunTime:0.003017s ]
[ 2014-12-08T06:26:24+08:00 ] /gisproject/admin.php/Index/index/adminname/resources/images/closelabel.gif | INFO: Tag[ app_begin ] --START--
[ 2014-12-08T06:26:24+08:00 ] /gisproject/admin.php/Index/index/adminname/resources/images/closelabel.gif | INFO: Run ReadHtmlCache Behavior [ RunTime:0.001765s ]
[ 2014-12-08T06:26:24+08:00 ] /gisproject/admin.php/Index/index/adminname/resources/images/closelabel.gif | INFO: Tag[ app_begin ] --END-- [ RunTime:0.001930s ]
[ 2014-12-08T06:26:24+08:00 ] /gisproject/admin.php/Index/index/adminname/resources/images/closelabel.gif | INFO: Tag[ view_template ] --START--
[ 2014-12-08T06:26:24+08:00 ] /gisproject/admin.php/Index/index/adminname/resources/images/closelabel.gif | INFO: Run LocationTemplate Behavior [ RunTime:0.005473s ]
[ 2014-12-08T06:26:24+08:00 ] /gisproject/admin.php/Index/index/adminname/resources/images/closelabel.gif | INFO: Tag[ view_template ] --END-- [ RunTime:0.005764s ]
[ 2014-12-08T06:26:24+08:00 ] /gisproject/admin.php/Index/index/adminname/resources/images/closelabel.gif | INFO: Tag[ view_parse ] --START--
[ 2014-12-08T06:26:24+08:00 ] /gisproject/admin.php/Index/index/adminname/resources/images/closelabel.gif | NOTIC: [8] Undefined variable: title 4c18d5952d0dbf1eedb8a1ec796fa788.php 第 5 行.
[ 2014-12-08T06:26:24+08:00 ] /gisproject/admin.php/Index/index/adminname/resources/images/closelabel.gif | INFO: Run ParseTemplate Behavior [ RunTime:0.033682s ]
[ 2014-12-08T06:26:24+08:00 ] /gisproject/admin.php/Index/index/adminname/resources/images/closelabel.gif | INFO: Tag[ view_parse ] --END-- [ RunTime:0.033919s ]
[ 2014-12-08T06:26:24+08:00 ] /gisproject/admin.php/Index/index/adminname/resources/images/closelabel.gif | INFO: Tag[ view_filter ] --START--
[ 2014-12-08T06:26:24+08:00 ] /gisproject/admin.php/Index/index/adminname/resources/images/closelabel.gif | INFO: Run ContentReplace Behavior [ RunTime:0.001493s ]
[ 2014-12-08T06:26:24+08:00 ] /gisproject/admin.php/Index/index/adminname/resources/images/closelabel.gif | INFO: Run TokenBuild Behavior [ RunTime:0.001532s ]
[ 2014-12-08T06:26:24+08:00 ] /gisproject/admin.php/Index/index/adminname/resources/images/closelabel.gif | INFO: Run WriteHtmlCache Behavior [ RunTime:0.001054s ]
[ 2014-12-08T06:26:24+08:00 ] /gisproject/admin.php/Index/index/adminname/resources/images/closelabel.gif | INFO: Run ShowRuntime Behavior [ RunTime:0.001933s ]
[ 2014-12-08T06:26:24+08:00 ] /gisproject/admin.php/Index/index/adminname/resources/images/closelabel.gif | INFO: Tag[ view_filter ] --END-- [ RunTime:0.006647s ]
[ 2014-12-08T06:26:24+08:00 ] /gisproject/admin.php/Index/index/adminname/resources/images/closelabel.gif | INFO: Tag[ view_end ] --START--
[ 2014-12-08T06:26:24+08:00 ] /gisproject/admin.php/Index/index/adminname/resources/images/closelabel.gif | INFO: Run ShowPageTrace Behavior [ RunTime:0.002015s ]
[ 2014-12-08T06:26:24+08:00 ] /gisproject/admin.php/Index/index/adminname/resources/images/closelabel.gif | INFO: Tag[ view_end ] --END-- [ RunTime:0.002263s ]
[ 2014-12-08T06:26:27+08:00 ] /gisproject/admin.php/Index/showaddgis | INFO: Tag[ route_check ] --START--
[ 2014-12-08T06:26:27+08:00 ] /gisproject/admin.php/Index/showaddgis | INFO: Run CheckRoute Behavior [ RunTime:0.004196s ]
[ 2014-12-08T06:26:27+08:00 ] /gisproject/admin.php/Index/showaddgis | INFO: Tag[ route_check ] --END-- [ RunTime:0.004532s ]
[ 2014-12-08T06:26:27+08:00 ] /gisproject/admin.php/Index/showaddgis | INFO: Tag[ app_begin ] --START--
[ 2014-12-08T06:26:27+08:00 ] /gisproject/admin.php/Index/showaddgis | INFO: Run ReadHtmlCache Behavior [ RunTime:0.002383s ]
[ 2014-12-08T06:26:27+08:00 ] /gisproject/admin.php/Index/showaddgis | INFO: Tag[ app_begin ] --END-- [ RunTime:0.002627s ]
[ 2014-12-08T06:26:27+08:00 ] /gisproject/admin.php/Index/showaddgis | INFO: Tag[ view_template ] --START--
[ 2014-12-08T06:26:27+08:00 ] /gisproject/admin.php/Index/showaddgis | INFO: Run LocationTemplate Behavior [ RunTime:0.025186s ]
[ 2014-12-08T06:26:27+08:00 ] /gisproject/admin.php/Index/showaddgis | INFO: Tag[ view_template ] --END-- [ RunTime:0.025467s ]
[ 2014-12-08T06:26:27+08:00 ] /gisproject/admin.php/Index/showaddgis | INFO: Tag[ view_parse ] --START--
[ 2014-12-08T06:26:27+08:00 ] /gisproject/admin.php/Index/showaddgis | NOTIC: [8] Undefined variable: page_method f15d73b8f43c102e28c75452e78e4c9c.php 第 163 行.
[ 2014-12-08T06:26:27+08:00 ] /gisproject/admin.php/Index/showaddgis | INFO: Run ParseTemplate Behavior [ RunTime:0.057715s ]
[ 2014-12-08T06:26:27+08:00 ] /gisproject/admin.php/Index/showaddgis | INFO: Tag[ view_parse ] --END-- [ RunTime:0.057931s ]
[ 2014-12-08T06:26:27+08:00 ] /gisproject/admin.php/Index/showaddgis | INFO: Tag[ view_filter ] --START--
[ 2014-12-08T06:26:27+08:00 ] /gisproject/admin.php/Index/showaddgis | INFO: Run ContentReplace Behavior [ RunTime:0.001336s ]
[ 2014-12-08T06:26:27+08:00 ] /gisproject/admin.php/Index/showaddgis | INFO: Run TokenBuild Behavior [ RunTime:0.003333s ]
[ 2014-12-08T06:26:27+08:00 ] /gisproject/admin.php/Index/showaddgis | INFO: Run WriteHtmlCache Behavior [ RunTime:0.000945s ]
[ 2014-12-08T06:26:27+08:00 ] /gisproject/admin.php/Index/showaddgis | INFO: Run ShowRuntime Behavior [ RunTime:0.002463s ]
[ 2014-12-08T06:26:27+08:00 ] /gisproject/admin.php/Index/showaddgis | INFO: Tag[ view_filter ] --END-- [ RunTime:0.008579s ]
[ 2014-12-08T06:26:27+08:00 ] /gisproject/admin.php/Index/showaddgis | INFO: Tag[ view_end ] --START--
[ 2014-12-08T06:26:27+08:00 ] /gisproject/admin.php/Index/showaddgis | INFO: Run ShowPageTrace Behavior [ RunTime:0.001687s ]
[ 2014-12-08T06:26:27+08:00 ] /gisproject/admin.php/Index/showaddgis | INFO: Tag[ view_end ] --END-- [ RunTime:0.001863s ]
[ 2014-12-08T06:26:28+08:00 ] /gisproject/admin.php/Index/resources/images/closelabel.gif | ERR: (ThinkException) 非法操作resources
[ 2014-12-08T06:26:29+08:00 ] /gisproject/admin.php/Index/showmanagegis | INFO: Tag[ route_check ] --START--
[ 2014-12-08T06:26:29+08:00 ] /gisproject/admin.php/Index/showmanagegis | INFO: Run CheckRoute Behavior [ RunTime:0.003481s ]
[ 2014-12-08T06:26:29+08:00 ] /gisproject/admin.php/Index/showmanagegis | INFO: Tag[ route_check ] --END-- [ RunTime:0.003812s ]
[ 2014-12-08T06:26:29+08:00 ] /gisproject/admin.php/Index/showmanagegis | INFO: Tag[ app_begin ] --START--
[ 2014-12-08T06:26:29+08:00 ] /gisproject/admin.php/Index/showmanagegis | INFO: Run ReadHtmlCache Behavior [ RunTime:0.002187s ]
[ 2014-12-08T06:26:29+08:00 ] /gisproject/admin.php/Index/showmanagegis | INFO: Tag[ app_begin ] --END-- [ RunTime:0.002452s ]
[ 2014-12-08T06:26:29+08:00 ] /gisproject/admin.php/Index/showmanagegis | SQL: SHOW COLUMNS FROM `tb_point` [ RunTime:0.016754s ]
[ 2014-12-08T06:26:29+08:00 ] /gisproject/admin.php/Index/showmanagegis | SQL: SELECT COUNT(*) AS tp_count FROM `tb_point` LIMIT 1   [ RunTime:0.000863s ]
[ 2014-12-08T06:26:29+08:00 ] /gisproject/admin.php/Index/showmanagegis | SQL: SELECT timestamp,AsText(point),type,name,introduce,attention,score,uri FROM tb_point  [ RunTime:0.001140s ]
[ 2014-12-08T06:26:29+08:00 ] /gisproject/admin.php/Index/showmanagegis | INFO: Tag[ view_template ] --START--
[ 2014-12-08T06:26:29+08:00 ] /gisproject/admin.php/Index/showmanagegis | INFO: Run LocationTemplate Behavior [ RunTime:0.029346s ]
[ 2014-12-08T06:26:29+08:00 ] /gisproject/admin.php/Index/showmanagegis | INFO: Tag[ view_template ] --END-- [ RunTime:0.029609s ]
[ 2014-12-08T06:26:29+08:00 ] /gisproject/admin.php/Index/showmanagegis | INFO: Tag[ view_parse ] --START--
[ 2014-12-08T06:26:29+08:00 ] /gisproject/admin.php/Index/showmanagegis | NOTIC: [8] Use of undefined constant introduce - assumed 'introduce' c02ad00cab08c9825ee4d3e4d07a0c6f.php 第 126 行.
[ 2014-12-08T06:26:29+08:00 ] /gisproject/admin.php/Index/showmanagegis | NOTIC: [8] Use of undefined constant text - assumed 'text' c02ad00cab08c9825ee4d3e4d07a0c6f.php 第 126 行.
[ 2014-12-08T06:26:29+08:00 ] /gisproject/admin.php/Index/showmanagegis | NOTIC: [8] Use of undefined constant introduce - assumed 'introduce' c02ad00cab08c9825ee4d3e4d07a0c6f.php 第 126 行.
[ 2014-12-08T06:26:29+08:00 ] /gisproject/admin.php/Index/showmanagegis | NOTIC: [8] Use of undefined constant text - assumed 'text' c02ad00cab08c9825ee4d3e4d07a0c6f.php 第 126 行.
[ 2014-12-08T06:26:29+08:00 ] /gisproject/admin.php/Index/showmanagegis | NOTIC: [8] Use of undefined constant introduce - assumed 'introduce' c02ad00cab08c9825ee4d3e4d07a0c6f.php 第 126 行.
[ 2014-12-08T06:26:29+08:00 ] /gisproject/admin.php/Index/showmanagegis | NOTIC: [8] Use of undefined constant text - assumed 'text' c02ad00cab08c9825ee4d3e4d07a0c6f.php 第 126 行.
[ 2014-12-08T06:26:29+08:00 ] /gisproject/admin.php/Index/showmanagegis | NOTIC: [8] Use of undefined constant introduce - assumed 'introduce' c02ad00cab08c9825ee4d3e4d07a0c6f.php 第 126 行.
[ 2014-12-08T06:26:29+08:00 ] /gisproject/admin.php/Index/showmanagegis | NOTIC: [8] Use of undefined constant text - assumed 'text' c02ad00cab08c9825ee4d3e4d07a0c6f.php 第 126 行.
[ 2014-12-08T06:26:29+08:00 ] /gisproject/admin.php/Index/showmanagegis | NOTIC: [8] Use of undefined constant introduce - assumed 'introduce' c02ad00cab08c9825ee4d3e4d07a0c6f.php 第 126 行.
[ 2014-12-08T06:26:29+08:00 ] /gisproject/admin.php/Index/showmanagegis | NOTIC: [8] Use of undefined constant text - assumed 'text' c02ad00cab08c9825ee4d3e4d07a0c6f.php 第 126 行.
[ 2014-12-08T06:26:29+08:00 ] /gisproject/admin.php/Index/showmanagegis | NOTIC: [8] Use of undefined constant introduce - assumed 'introduce' c02ad00cab08c9825ee4d3e4d07a0c6f.php 第 126 行.
[ 2014-12-08T06:26:29+08:00 ] /gisproject/admin.php/Index/showmanagegis | NOTIC: [8] Use of undefined constant text - assumed 'text' c02ad00cab08c9825ee4d3e4d07a0c6f.php 第 126 行.
[ 2014-12-08T06:26:29+08:00 ] /gisproject/admin.php/Index/showmanagegis | NOTIC: [8] Use of undefined constant introduce - assumed 'introduce' c02ad00cab08c9825ee4d3e4d07a0c6f.php 第 126 行.
[ 2014-12-08T06:26:29+08:00 ] /gisproject/admin.php/Index/showmanagegis | NOTIC: [8] Use of undefined constant text - assumed 'text' c02ad00cab08c9825ee4d3e4d07a0c6f.php 第 126 行.
[ 2014-12-08T06:26:29+08:00 ] /gisproject/admin.php/Index/showmanagegis | INFO: Run ParseTemplate Behavior [ RunTime:0.074055s ]
[ 2014-12-08T06:26:29+08:00 ] /gisproject/admin.php/Index/showmanagegis | INFO: Tag[ view_parse ] --END-- [ RunTime:0.074263s ]
[ 2014-12-08T06:26:29+08:00 ] /gisproject/admin.php/Index/showmanagegis | INFO: Tag[ view_filter ] --START--
[ 2014-12-08T06:26:29+08:00 ] /gisproject/admin.php/Index/showmanagegis | INFO: Run ContentReplace Behavior [ RunTime:0.001669s ]
[ 2014-12-08T06:26:29+08:00 ] /gisproject/admin.php/Index/showmanagegis | INFO: Run TokenBuild Behavior [ RunTime:0.001730s ]
[ 2014-12-08T06:26:29+08:00 ] /gisproject/admin.php/Index/showmanagegis | INFO: Run WriteHtmlCache Behavior [ RunTime:0.001000s ]
[ 2014-12-08T06:26:29+08:00 ] /gisproject/admin.php/Index/showmanagegis | INFO: Run ShowRuntime Behavior [ RunTime:0.001830s ]
[ 2014-12-08T06:26:29+08:00 ] /gisproject/admin.php/Index/showmanagegis | INFO: Tag[ view_filter ] --END-- [ RunTime:0.006770s ]
[ 2014-12-08T06:26:29+08:00 ] /gisproject/admin.php/Index/showmanagegis | INFO: Tag[ view_end ] --START--
[ 2014-12-08T06:26:29+08:00 ] /gisproject/admin.php/Index/showmanagegis | INFO: Run ShowPageTrace Behavior [ RunTime:0.002130s ]
[ 2014-12-08T06:26:29+08:00 ] /gisproject/admin.php/Index/showmanagegis | INFO: Tag[ view_end ] --END-- [ RunTime:0.002344s ]
[ 2014-12-08T06:26:30+08:00 ] /gisproject/admin.php/Index/resources/images/closelabel.gif | ERR: (ThinkException) 非法操作resources
[ 2014-12-08T06:26:31+08:00 ] /gisproject/admin.php/Index/showaddgis | INFO: Tag[ route_check ] --START--
[ 2014-12-08T06:26:31+08:00 ] /gisproject/admin.php/Index/showaddgis | INFO: Run CheckRoute Behavior [ RunTime:0.003776s ]
[ 2014-12-08T06:26:31+08:00 ] /gisproject/admin.php/Index/showaddgis | INFO: Tag[ route_check ] --END-- [ RunTime:0.004126s ]
[ 2014-12-08T06:26:31+08:00 ] /gisproject/admin.php/Index/showaddgis | INFO: Tag[ app_begin ] --START--
[ 2014-12-08T06:26:31+08:00 ] /gisproject/admin.php/Index/showaddgis | INFO: Run ReadHtmlCache Behavior [ RunTime:0.002281s ]
[ 2014-12-08T06:26:31+08:00 ] /gisproject/admin.php/Index/showaddgis | INFO: Tag[ app_begin ] --END-- [ RunTime:0.002487s ]
[ 2014-12-08T06:26:31+08:00 ] /gisproject/admin.php/Index/showaddgis | INFO: Tag[ view_template ] --START--
[ 2014-12-08T06:26:31+08:00 ] /gisproject/admin.php/Index/showaddgis | INFO: Run LocationTemplate Behavior [ RunTime:0.005384s ]
[ 2014-12-08T06:26:31+08:00 ] /gisproject/admin.php/Index/showaddgis | INFO: Tag[ view_template ] --END-- [ RunTime:0.005628s ]
[ 2014-12-08T06:26:31+08:00 ] /gisproject/admin.php/Index/showaddgis | INFO: Tag[ view_parse ] --START--
[ 2014-12-08T06:26:31+08:00 ] /gisproject/admin.php/Index/showaddgis | NOTIC: [8] Undefined variable: page_method f15d73b8f43c102e28c75452e78e4c9c.php 第 163 行.
[ 2014-12-08T06:26:31+08:00 ] /gisproject/admin.php/Index/showaddgis | INFO: Run ParseTemplate Behavior [ RunTime:0.038059s ]
[ 2014-12-08T06:26:31+08:00 ] /gisproject/admin.php/Index/showaddgis | INFO: Tag[ view_parse ] --END-- [ RunTime:0.038269s ]
[ 2014-12-08T06:26:31+08:00 ] /gisproject/admin.php/Index/showaddgis | INFO: Tag[ view_filter ] --START--
[ 2014-12-08T06:26:31+08:00 ] /gisproject/admin.php/Index/showaddgis | INFO: Run ContentReplace Behavior [ RunTime:0.001486s ]
[ 2014-12-08T06:26:31+08:00 ] /gisproject/admin.php/Index/showaddgis | INFO: Run TokenBuild Behavior [ RunTime:0.001792s ]
[ 2014-12-08T06:26:31+08:00 ] /gisproject/admin.php/Index/showaddgis | INFO: Run WriteHtmlCache Behavior [ RunTime:0.000974s ]
[ 2014-12-08T06:26:31+08:00 ] /gisproject/admin.php/Index/showaddgis | INFO: Run ShowRuntime Behavior [ RunTime:0.001936s ]
[ 2014-12-08T06:26:31+08:00 ] /gisproject/admin.php/Index/showaddgis | INFO: Tag[ view_filter ] --END-- [ RunTime:0.006735s ]
[ 2014-12-08T06:26:31+08:00 ] /gisproject/admin.php/Index/showaddgis | INFO: Tag[ view_end ] --START--
[ 2014-12-08T06:26:31+08:00 ] /gisproject/admin.php/Index/showaddgis | INFO: Run ShowPageTrace Behavior [ RunTime:0.002113s ]
[ 2014-12-08T06:26:31+08:00 ] /gisproject/admin.php/Index/showaddgis | INFO: Tag[ view_end ] --END-- [ RunTime:0.002333s ]
[ 2014-12-08T06:26:31+08:00 ] /gisproject/admin.php/Index/resources/images/closelabel.gif | ERR: (ThinkException) 非法操作resources
[ 2014-12-08T06:26:36+08:00 ] /gisproject/admin.php/Index/showmanagegis | INFO: Tag[ route_check ] --START--
[ 2014-12-08T06:26:36+08:00 ] /gisproject/admin.php/Index/showmanagegis | INFO: Run CheckRoute Behavior [ RunTime:0.003296s ]
[ 2014-12-08T06:26:36+08:00 ] /gisproject/admin.php/Index/showmanagegis | INFO: Tag[ route_check ] --END-- [ RunTime:0.003605s ]
[ 2014-12-08T06:26:36+08:00 ] /gisproject/admin.php/Index/showmanagegis | INFO: Tag[ app_begin ] --START--
[ 2014-12-08T06:26:36+08:00 ] /gisproject/admin.php/Index/showmanagegis | INFO: Run ReadHtmlCache Behavior [ RunTime:0.002230s ]
[ 2014-12-08T06:26:36+08:00 ] /gisproject/admin.php/Index/showmanagegis | INFO: Tag[ app_begin ] --END-- [ RunTime:0.002424s ]
[ 2014-12-08T06:26:36+08:00 ] /gisproject/admin.php/Index/showmanagegis | SQL: SHOW COLUMNS FROM `tb_point` [ RunTime:0.012818s ]
[ 2014-12-08T06:26:36+08:00 ] /gisproject/admin.php/Index/showmanagegis | SQL: SELECT COUNT(*) AS tp_count FROM `tb_point` LIMIT 1   [ RunTime:0.004597s ]
[ 2014-12-08T06:26:36+08:00 ] /gisproject/admin.php/Index/showmanagegis | SQL: SELECT timestamp,AsText(point),type,name,introduce,attention,score,uri FROM tb_point  [ RunTime:0.000894s ]
[ 2014-12-08T06:26:36+08:00 ] /gisproject/admin.php/Index/showmanagegis | INFO: Tag[ view_template ] --START--
[ 2014-12-08T06:26:36+08:00 ] /gisproject/admin.php/Index/showmanagegis | INFO: Run LocationTemplate Behavior [ RunTime:0.002463s ]
[ 2014-12-08T06:26:36+08:00 ] /gisproject/admin.php/Index/showmanagegis | INFO: Tag[ view_template ] --END-- [ RunTime:0.002664s ]
[ 2014-12-08T06:26:36+08:00 ] /gisproject/admin.php/Index/showmanagegis | INFO: Tag[ view_parse ] --START--
[ 2014-12-08T06:26:36+08:00 ] /gisproject/admin.php/Index/showmanagegis | NOTIC: [8] Use of undefined constant introduce - assumed 'introduce' c02ad00cab08c9825ee4d3e4d07a0c6f.php 第 126 行.
[ 2014-12-08T06:26:36+08:00 ] /gisproject/admin.php/Index/showmanagegis | NOTIC: [8] Use of undefined constant text - assumed 'text' c02ad00cab08c9825ee4d3e4d07a0c6f.php 第 126 行.
[ 2014-12-08T06:26:36+08:00 ] /gisproject/admin.php/Index/showmanagegis | NOTIC: [8] Use of undefined constant introduce - assumed 'introduce' c02ad00cab08c9825ee4d3e4d07a0c6f.php 第 126 行.
[ 2014-12-08T06:26:36+08:00 ] /gisproject/admin.php/Index/showmanagegis | NOTIC: [8] Use of undefined constant text - assumed 'text' c02ad00cab08c9825ee4d3e4d07a0c6f.php 第 126 行.
[ 2014-12-08T06:26:36+08:00 ] /gisproject/admin.php/Index/showmanagegis | NOTIC: [8] Use of undefined constant introduce - assumed 'introduce' c02ad00cab08c9825ee4d3e4d07a0c6f.php 第 126 行.
[ 2014-12-08T06:26:36+08:00 ] /gisproject/admin.php/Index/showmanagegis | NOTIC: [8] Use of undefined constant text - assumed 'text' c02ad00cab08c9825ee4d3e4d07a0c6f.php 第 126 行.
[ 2014-12-08T06:26:36+08:00 ] /gisproject/admin.php/Index/showmanagegis | NOTIC: [8] Use of undefined constant introduce - assumed 'introduce' c02ad00cab08c9825ee4d3e4d07a0c6f.php 第 126 行.
[ 2014-12-08T06:26:36+08:00 ] /gisproject/admin.php/Index/showmanagegis | NOTIC: [8] Use of undefined constant text - assumed 'text' c02ad00cab08c9825ee4d3e4d07a0c6f.php 第 126 行.
[ 2014-12-08T06:26:36+08:00 ] /gisproject/admin.php/Index/showmanagegis | NOTIC: [8] Use of undefined constant introduce - assumed 'introduce' c02ad00cab08c9825ee4d3e4d07a0c6f.php 第 126 行.
[ 2014-12-08T06:26:36+08:00 ] /gisproject/admin.php/Index/showmanagegis | NOTIC: [8] Use of undefined constant text - assumed 'text' c02ad00cab08c9825ee4d3e4d07a0c6f.php 第 126 行.
[ 2014-12-08T06:26:36+08:00 ] /gisproject/admin.php/Index/showmanagegis | NOTIC: [8] Use of undefined constant introduce - assumed 'introduce' c02ad00cab08c9825ee4d3e4d07a0c6f.php 第 126 行.
[ 2014-12-08T06:26:36+08:00 ] /gisproject/admin.php/Index/showmanagegis | NOTIC: [8] Use of undefined constant text - assumed 'text' c02ad00cab08c9825ee4d3e4d07a0c6f.php 第 126 行.
[ 2014-12-08T06:26:36+08:00 ] /gisproject/admin.php/Index/showmanagegis | NOTIC: [8] Use of undefined constant introduce - assumed 'introduce' c02ad00cab08c9825ee4d3e4d07a0c6f.php 第 126 行.
[ 2014-12-08T06:26:36+08:00 ] /gisproject/admin.php/Index/showmanagegis | NOTIC: [8] Use of undefined constant text - assumed 'text' c02ad00cab08c9825ee4d3e4d07a0c6f.php 第 126 行.
[ 2014-12-08T06:26:36+08:00 ] /gisproject/admin.php/Index/showmanagegis | INFO: Run ParseTemplate Behavior [ RunTime:0.051025s ]
[ 2014-12-08T06:26:36+08:00 ] /gisproject/admin.php/Index/showmanagegis | INFO: Tag[ view_parse ] --END-- [ RunTime:0.051245s ]
[ 2014-12-08T06:26:36+08:00 ] /gisproject/admin.php/Index/showmanagegis | INFO: Tag[ view_filter ] --START--
[ 2014-12-08T06:26:36+08:00 ] /gisproject/admin.php/Index/showmanagegis | INFO: Run ContentReplace Behavior [ RunTime:0.001898s ]
[ 2014-12-08T06:26:36+08:00 ] /gisproject/admin.php/Index/showmanagegis | INFO: Run TokenBuild Behavior [ RunTime:0.001804s ]
[ 2014-12-08T06:26:36+08:00 ] /gisproject/admin.php/Index/showmanagegis | INFO: Run WriteHtmlCache Behavior [ RunTime:0.001060s ]
[ 2014-12-08T06:26:36+08:00 ] /gisproject/admin.php/Index/showmanagegis | INFO: Run ShowRuntime Behavior [ RunTime:0.002028s ]
[ 2014-12-08T06:26:36+08:00 ] /gisproject/admin.php/Index/showmanagegis | INFO: Tag[ view_filter ] --END-- [ RunTime:0.007418s ]
[ 2014-12-08T06:26:36+08:00 ] /gisproject/admin.php/Index/showmanagegis | INFO: Tag[ view_end ] --START--
[ 2014-12-08T06:26:36+08:00 ] /gisproject/admin.php/Index/showmanagegis | INFO: Run ShowPageTrace Behavior [ RunTime:0.002664s ]
[ 2014-12-08T06:26:36+08:00 ] /gisproject/admin.php/Index/showmanagegis | INFO: Tag[ view_end ] --END-- [ RunTime:0.002943s ]
[ 2014-12-08T06:26:36+08:00 ] /gisproject/admin.php/Index/resources/images/closelabel.gif | ERR: (ThinkException) 非法操作resources
[ 2014-12-08T06:26:39+08:00 ] /gisproject/admin.php/Index/showaddgis | INFO: Tag[ route_check ] --START--
[ 2014-12-08T06:26:39+08:00 ] /gisproject/admin.php/Index/showaddgis | INFO: Run CheckRoute Behavior [ RunTime:0.003586s ]
[ 2014-12-08T06:26:39+08:00 ] /gisproject/admin.php/Index/showaddgis | INFO: Tag[ route_check ] --END-- [ RunTime:0.003904s ]
[ 2014-12-08T06:26:39+08:00 ] /gisproject/admin.php/Index/showaddgis | INFO: Tag[ app_begin ] --START--
[ 2014-12-08T06:26:39+08:00 ] /gisproject/admin.php/Index/showaddgis | INFO: Run ReadHtmlCache Behavior [ RunTime:0.002185s ]
[ 2014-12-08T06:26:39+08:00 ] /gisproject/admin.php/Index/showaddgis | INFO: Tag[ app_begin ] --END-- [ RunTime:0.002389s ]
[ 2014-12-08T06:26:39+08:00 ] /gisproject/admin.php/Index/showaddgis | INFO: Tag[ view_template ] --START--
[ 2014-12-08T06:26:39+08:00 ] /gisproject/admin.php/Index/showaddgis | INFO: Run LocationTemplate Behavior [ RunTime:0.002607s ]
[ 2014-12-08T06:26:39+08:00 ] /gisproject/admin.php/Index/showaddgis | INFO: Tag[ view_template ] --END-- [ RunTime:0.002849s ]
[ 2014-12-08T06:26:39+08:00 ] /gisproject/admin.php/Index/showaddgis | INFO: Tag[ view_parse ] --START--
[ 2014-12-08T06:26:39+08:00 ] /gisproject/admin.php/Index/showaddgis | NOTIC: [8] Undefined variable: page_method f15d73b8f43c102e28c75452e78e4c9c.php 第 163 行.
[ 2014-12-08T06:26:39+08:00 ] /gisproject/admin.php/Index/showaddgis | INFO: Run ParseTemplate Behavior [ RunTime:0.039520s ]
[ 2014-12-08T06:26:39+08:00 ] /gisproject/admin.php/Index/showaddgis | INFO: Tag[ view_parse ] --END-- [ RunTime:0.039733s ]
[ 2014-12-08T06:26:39+08:00 ] /gisproject/admin.php/Index/showaddgis | INFO: Tag[ view_filter ] --START--
[ 2014-12-08T06:26:39+08:00 ] /gisproject/admin.php/Index/showaddgis | INFO: Run ContentReplace Behavior [ RunTime:0.001607s ]
[ 2014-12-08T06:26:39+08:00 ] /gisproject/admin.php/Index/showaddgis | INFO: Run TokenBuild Behavior [ RunTime:0.001786s ]
[ 2014-12-08T06:26:39+08:00 ] /gisproject/admin.php/Index/showaddgis | INFO: Run WriteHtmlCache Behavior [ RunTime:0.001026s ]
[ 2014-12-08T06:26:39+08:00 ] /gisproject/admin.php/Index/showaddgis | INFO: Run ShowRuntime Behavior [ RunTime:0.001950s ]
[ 2014-12-08T06:26:39+08:00 ] /gisproject/admin.php/Index/showaddgis | INFO: Tag[ view_filter ] --END-- [ RunTime:0.006932s ]
[ 2014-12-08T06:26:39+08:00 ] /gisproject/admin.php/Index/showaddgis | INFO: Tag[ view_end ] --START--
[ 2014-12-08T06:26:39+08:00 ] /gisproject/admin.php/Index/showaddgis | INFO: Run ShowPageTrace Behavior [ RunTime:0.001957s ]
[ 2014-12-08T06:26:39+08:00 ] /gisproject/admin.php/Index/showaddgis | INFO: Tag[ view_end ] --END-- [ RunTime:0.002160s ]
[ 2014-12-08T06:26:39+08:00 ] /gisproject/admin.php/Index/resources/images/closelabel.gif | ERR: (ThinkException) 非法操作resources
[ 2014-12-08T06:27:55+08:00 ] /gisproject/admin.php/Index/showmanagegis | INFO: Tag[ route_check ] --START--
[ 2014-12-08T06:27:55+08:00 ] /gisproject/admin.php/Index/showmanagegis | INFO: Run CheckRoute Behavior [ RunTime:0.003491s ]
[ 2014-12-08T06:27:55+08:00 ] /gisproject/admin.php/Index/showmanagegis | INFO: Tag[ route_check ] --END-- [ RunTime:0.003838s ]
[ 2014-12-08T06:27:55+08:00 ] /gisproject/admin.php/Index/showmanagegis | INFO: Tag[ app_begin ] --START--
[ 2014-12-08T06:27:55+08:00 ] /gisproject/admin.php/Index/showmanagegis | INFO: Run ReadHtmlCache Behavior [ RunTime:0.002313s ]
[ 2014-12-08T06:27:55+08:00 ] /gisproject/admin.php/Index/showmanagegis | INFO: Tag[ app_begin ] --END-- [ RunTime:0.002536s ]
[ 2014-12-08T06:27:55+08:00 ] /gisproject/admin.php/Index/showmanagegis | SQL: SHOW COLUMNS FROM `tb_point` [ RunTime:0.017976s ]
[ 2014-12-08T06:27:55+08:00 ] /gisproject/admin.php/Index/showmanagegis | SQL: SELECT COUNT(*) AS tp_count FROM `tb_point` LIMIT 1   [ RunTime:0.003227s ]
[ 2014-12-08T06:27:55+08:00 ] /gisproject/admin.php/Index/showmanagegis | SQL: SELECT timestamp,AsText(point),type,name,introduce,attention,score,uri FROM tb_point  [ RunTime:0.001146s ]
[ 2014-12-08T06:27:55+08:00 ] /gisproject/admin.php/Index/showmanagegis | INFO: Tag[ view_template ] --START--
[ 2014-12-08T06:27:55+08:00 ] /gisproject/admin.php/Index/showmanagegis | INFO: Run LocationTemplate Behavior [ RunTime:0.002927s ]
[ 2014-12-08T06:27:55+08:00 ] /gisproject/admin.php/Index/showmanagegis | INFO: Tag[ view_template ] --END-- [ RunTime:0.003155s ]
[ 2014-12-08T06:27:55+08:00 ] /gisproject/admin.php/Index/showmanagegis | INFO: Tag[ view_parse ] --START--
[ 2014-12-08T06:27:55+08:00 ] /gisproject/admin.php/Index/showmanagegis | NOTIC: [8] Use of undefined constant introduce - assumed 'introduce' c02ad00cab08c9825ee4d3e4d07a0c6f.php 第 126 行.
[ 2014-12-08T06:27:55+08:00 ] /gisproject/admin.php/Index/showmanagegis | NOTIC: [8] Use of undefined constant text - assumed 'text' c02ad00cab08c9825ee4d3e4d07a0c6f.php 第 126 行.
[ 2014-12-08T06:27:55+08:00 ] /gisproject/admin.php/Index/showmanagegis | NOTIC: [8] Use of undefined constant introduce - assumed 'introduce' c02ad00cab08c9825ee4d3e4d07a0c6f.php 第 126 行.
[ 2014-12-08T06:27:55+08:00 ] /gisproject/admin.php/Index/showmanagegis | NOTIC: [8] Use of undefined constant text - assumed 'text' c02ad00cab08c9825ee4d3e4d07a0c6f.php 第 126 行.
[ 2014-12-08T06:27:55+08:00 ] /gisproject/admin.php/Index/showmanagegis | NOTIC: [8] Use of undefined constant introduce - assumed 'introduce' c02ad00cab08c9825ee4d3e4d07a0c6f.php 第 126 行.
[ 2014-12-08T06:27:55+08:00 ] /gisproject/admin.php/Index/showmanagegis | NOTIC: [8] Use of undefined constant text - assumed 'text' c02ad00cab08c9825ee4d3e4d07a0c6f.php 第 126 行.
[ 2014-12-08T06:27:55+08:00 ] /gisproject/admin.php/Index/showmanagegis | NOTIC: [8] Use of undefined constant introduce - assumed 'introduce' c02ad00cab08c9825ee4d3e4d07a0c6f.php 第 126 行.
[ 2014-12-08T06:27:55+08:00 ] /gisproject/admin.php/Index/showmanagegis | NOTIC: [8] Use of undefined constant text - assumed 'text' c02ad00cab08c9825ee4d3e4d07a0c6f.php 第 126 行.
[ 2014-12-08T06:27:55+08:00 ] /gisproject/admin.php/Index/showmanagegis | NOTIC: [8] Use of undefined constant introduce - assumed 'introduce' c02ad00cab08c9825ee4d3e4d07a0c6f.php 第 126 行.
[ 2014-12-08T06:27:55+08:00 ] /gisproject/admin.php/Index/showmanagegis | NOTIC: [8] Use of undefined constant text - assumed 'text' c02ad00cab08c9825ee4d3e4d07a0c6f.php 第 126 行.
[ 2014-12-08T06:27:55+08:00 ] /gisproject/admin.php/Index/showmanagegis | NOTIC: [8] Use of undefined constant introduce - assumed 'introduce' c02ad00cab08c9825ee4d3e4d07a0c6f.php 第 126 行.
[ 2014-12-08T06:27:55+08:00 ] /gisproject/admin.php/Index/showmanagegis | NOTIC: [8] Use of undefined constant text - assumed 'text' c02ad00cab08c9825ee4d3e4d07a0c6f.php 第 126 行.
[ 2014-12-08T06:27:55+08:00 ] /gisproject/admin.php/Index/showmanagegis | NOTIC: [8] Use of undefined constant introduce - assumed 'introduce' c02ad00cab08c9825ee4d3e4d07a0c6f.php 第 126 行.
[ 2014-12-08T06:27:55+08:00 ] /gisproject/admin.php/Index/showmanagegis | NOTIC: [8] Use of undefined constant text - assumed 'text' c02ad00cab08c9825ee4d3e4d07a0c6f.php 第 126 行.
[ 2014-12-08T06:27:55+08:00 ] /gisproject/admin.php/Index/showmanagegis | INFO: Run ParseTemplate Behavior [ RunTime:0.047439s ]
[ 2014-12-08T06:27:55+08:00 ] /gisproject/admin.php/Index/showmanagegis | INFO: Tag[ view_parse ] --END-- [ RunTime:0.047652s ]
[ 2014-12-08T06:27:55+08:00 ] /gisproject/admin.php/Index/showmanagegis | INFO: Tag[ view_filter ] --START--
[ 2014-12-08T06:27:55+08:00 ] /gisproject/admin.php/Index/showmanagegis | INFO: Run ContentReplace Behavior [ RunTime:0.002150s ]
[ 2014-12-08T06:27:55+08:00 ] /gisproject/admin.php/Index/showmanagegis | INFO: Run TokenBuild Behavior [ RunTime:0.001659s ]
[ 2014-12-08T06:27:55+08:00 ] /gisproject/admin.php/Index/showmanagegis | INFO: Run WriteHtmlCache Behavior [ RunTime:0.000980s ]
[ 2014-12-08T06:27:55+08:00 ] /gisproject/admin.php/Index/showmanagegis | INFO: Run ShowRuntime Behavior [ RunTime:0.001857s ]
[ 2014-12-08T06:27:55+08:00 ] /gisproject/admin.php/Index/showmanagegis | INFO: Tag[ view_filter ] --END-- [ RunTime:0.007194s ]
[ 2014-12-08T06:27:55+08:00 ] /gisproject/admin.php/Index/showmanagegis | INFO: Tag[ view_end ] --START--
[ 2014-12-08T06:27:55+08:00 ] /gisproject/admin.php/Index/showmanagegis | INFO: Run ShowPageTrace Behavior [ RunTime:0.002073s ]
[ 2014-12-08T06:27:55+08:00 ] /gisproject/admin.php/Index/showmanagegis | INFO: Tag[ view_end ] --END-- [ RunTime:0.002316s ]
[ 2014-12-08T06:27:55+08:00 ] /gisproject/admin.php/Index/resources/images/closelabel.gif | ERR: (ThinkException) 非法操作resources
[ 2014-12-08T06:28:03+08:00 ] /gisproject/admin.php/Index/showaddgis | INFO: Tag[ route_check ] --START--
[ 2014-12-08T06:28:03+08:00 ] /gisproject/admin.php/Index/showaddgis | INFO: Run CheckRoute Behavior [ RunTime:0.003673s ]
[ 2014-12-08T06:28:03+08:00 ] /gisproject/admin.php/Index/showaddgis | INFO: Tag[ route_check ] --END-- [ RunTime:0.004018s ]
[ 2014-12-08T06:28:03+08:00 ] /gisproject/admin.php/Index/showaddgis | INFO: Tag[ app_begin ] --START--
[ 2014-12-08T06:28:03+08:00 ] /gisproject/admin.php/Index/showaddgis | INFO: Run ReadHtmlCache Behavior [ RunTime:0.002251s ]
[ 2014-12-08T06:28:03+08:00 ] /gisproject/admin.php/Index/showaddgis | INFO: Tag[ app_begin ] --END-- [ RunTime:0.002456s ]
[ 2014-12-08T06:28:03+08:00 ] /gisproject/admin.php/Index/showaddgis | INFO: Tag[ view_template ] --START--
[ 2014-12-08T06:28:03+08:00 ] /gisproject/admin.php/Index/showaddgis | INFO: Run LocationTemplate Behavior [ RunTime:0.002649s ]
[ 2014-12-08T06:28:03+08:00 ] /gisproject/admin.php/Index/showaddgis | INFO: Tag[ view_template ] --END-- [ RunTime:0.002890s ]
[ 2014-12-08T06:28:03+08:00 ] /gisproject/admin.php/Index/showaddgis | INFO: Tag[ view_parse ] --START--
[ 2014-12-08T06:28:03+08:00 ] /gisproject/admin.php/Index/showaddgis | NOTIC: [8] Undefined variable: page_method f15d73b8f43c102e28c75452e78e4c9c.php 第 163 行.
[ 2014-12-08T06:28:03+08:00 ] /gisproject/admin.php/Index/showaddgis | INFO: Run ParseTemplate Behavior [ RunTime:0.042538s ]
[ 2014-12-08T06:28:03+08:00 ] /gisproject/admin.php/Index/showaddgis | INFO: Tag[ view_parse ] --END-- [ RunTime:0.042753s ]
[ 2014-12-08T06:28:03+08:00 ] /gisproject/admin.php/Index/showaddgis | INFO: Tag[ view_filter ] --START--
[ 2014-12-08T06:28:03+08:00 ] /gisproject/admin.php/Index/showaddgis | INFO: Run ContentReplace Behavior [ RunTime:0.001660s ]
[ 2014-12-08T06:28:03+08:00 ] /gisproject/admin.php/Index/showaddgis | INFO: Run TokenBuild Behavior [ RunTime:0.001821s ]
[ 2014-12-08T06:28:03+08:00 ] /gisproject/admin.php/Index/showaddgis | INFO: Run WriteHtmlCache Behavior [ RunTime:0.001038s ]
[ 2014-12-08T06:28:03+08:00 ] /gisproject/admin.php/Index/showaddgis | INFO: Run ShowRuntime Behavior [ RunTime:0.001961s ]
[ 2014-12-08T06:28:03+08:00 ] /gisproject/admin.php/Index/showaddgis | INFO: Tag[ view_filter ] --END-- [ RunTime:0.007047s ]
[ 2014-12-08T06:28:03+08:00 ] /gisproject/admin.php/Index/showaddgis | INFO: Tag[ view_end ] --START--
[ 2014-12-08T06:28:03+08:00 ] /gisproject/admin.php/Index/showaddgis | INFO: Run ShowPageTrace Behavior [ RunTime:0.002148s ]
[ 2014-12-08T06:28:03+08:00 ] /gisproject/admin.php/Index/showaddgis | INFO: Tag[ view_end ] --END-- [ RunTime:0.002351s ]
[ 2014-12-08T06:28:03+08:00 ] /gisproject/admin.php/Index/resources/images/closelabel.gif | ERR: (ThinkException) 非法操作resources
[ 2014-12-08T06:32:24+08:00 ] /gisproject/admin.php/Index/showmanagegis | INFO: Tag[ route_check ] --START--
[ 2014-12-08T06:32:24+08:00 ] /gisproject/admin.php/Index/showmanagegis | INFO: Run CheckRoute Behavior [ RunTime:0.111597s ]
[ 2014-12-08T06:32:24+08:00 ] /gisproject/admin.php/Index/showmanagegis | INFO: Tag[ route_check ] --END-- [ RunTime:0.111872s ]
[ 2014-12-08T06:32:24+08:00 ] /gisproject/admin.php/Index/showmanagegis | INFO: Tag[ app_begin ] --START--
[ 2014-12-08T06:32:24+08:00 ] /gisproject/admin.php/Index/showmanagegis | INFO: Run ReadHtmlCache Behavior [ RunTime:0.074441s ]
[ 2014-12-08T06:32:24+08:00 ] /gisproject/admin.php/Index/showmanagegis | INFO: Tag[ app_begin ] --END-- [ RunTime:0.074715s ]
[ 2014-12-08T06:32:24+08:00 ] /gisproject/admin.php/Index/showmanagegis | SQL: SHOW COLUMNS FROM `tb_point` [ RunTime:0.008489s ]
[ 2014-12-08T06:32:24+08:00 ] /gisproject/admin.php/Index/showmanagegis | SQL: SELECT COUNT(*) AS tp_count FROM `tb_point` LIMIT 1   [ RunTime:0.002785s ]
[ 2014-12-08T06:32:25+08:00 ] /gisproject/admin.php/Index/showmanagegis | SQL: SELECT timestamp,AsText(point),type,name,introduce,attention,score,uri FROM tb_point  [ RunTime:0.000761s ]
[ 2014-12-08T06:32:25+08:00 ] /gisproject/admin.php/Index/showmanagegis | INFO: Tag[ view_template ] --START--
[ 2014-12-08T06:32:25+08:00 ] /gisproject/admin.php/Index/showmanagegis | INFO: Run LocationTemplate Behavior [ RunTime:0.035725s ]
[ 2014-12-08T06:32:25+08:00 ] /gisproject/admin.php/Index/showmanagegis | INFO: Tag[ view_template ] --END-- [ RunTime:0.035875s ]
[ 2014-12-08T06:32:25+08:00 ] /gisproject/admin.php/Index/showmanagegis | INFO: Tag[ view_parse ] --START--
[ 2014-12-08T06:32:25+08:00 ] /gisproject/admin.php/Index/showmanagegis | NOTIC: [8] Use of undefined constant introduce - assumed 'introduce' c02ad00cab08c9825ee4d3e4d07a0c6f.php 第 126 行.
[ 2014-12-08T06:32:25+08:00 ] /gisproject/admin.php/Index/showmanagegis | NOTIC: [8] Use of undefined constant text - assumed 'text' c02ad00cab08c9825ee4d3e4d07a0c6f.php 第 126 行.
[ 2014-12-08T06:32:25+08:00 ] /gisproject/admin.php/Index/showmanagegis | NOTIC: [8] Use of undefined constant introduce - assumed 'introduce' c02ad00cab08c9825ee4d3e4d07a0c6f.php 第 126 行.
[ 2014-12-08T06:32:25+08:00 ] /gisproject/admin.php/Index/showmanagegis | NOTIC: [8] Use of undefined constant text - assumed 'text' c02ad00cab08c9825ee4d3e4d07a0c6f.php 第 126 行.
[ 2014-12-08T06:32:25+08:00 ] /gisproject/admin.php/Index/showmanagegis | NOTIC: [8] Use of undefined constant introduce - assumed 'introduce' c02ad00cab08c9825ee4d3e4d07a0c6f.php 第 126 行.
[ 2014-12-08T06:32:25+08:00 ] /gisproject/admin.php/Index/showmanagegis | NOTIC: [8] Use of undefined constant text - assumed 'text' c02ad00cab08c9825ee4d3e4d07a0c6f.php 第 126 行.
[ 2014-12-08T06:32:25+08:00 ] /gisproject/admin.php/Index/showmanagegis | NOTIC: [8] Use of undefined constant introduce - assumed 'introduce' c02ad00cab08c9825ee4d3e4d07a0c6f.php 第 126 行.
[ 2014-12-08T06:32:25+08:00 ] /gisproject/admin.php/Index/showmanagegis | NOTIC: [8] Use of undefined constant text - assumed 'text' c02ad00cab08c9825ee4d3e4d07a0c6f.php 第 126 行.
[ 2014-12-08T06:32:25+08:00 ] /gisproject/admin.php/Index/showmanagegis | NOTIC: [8] Use of undefined constant introduce - assumed 'introduce' c02ad00cab08c9825ee4d3e4d07a0c6f.php 第 126 行.
[ 2014-12-08T06:32:25+08:00 ] /gisproject/admin.php/Index/showmanagegis | NOTIC: [8] Use of undefined constant text - assumed 'text' c02ad00cab08c9825ee4d3e4d07a0c6f.php 第 126 行.
[ 2014-12-08T06:32:25+08:00 ] /gisproject/admin.php/Index/showmanagegis | NOTIC: [8] Use of undefined constant introduce - assumed 'introduce' c02ad00cab08c9825ee4d3e4d07a0c6f.php 第 126 行.
[ 2014-12-08T06:32:25+08:00 ] /gisproject/admin.php/Index/showmanagegis | NOTIC: [8] Use of undefined constant text - assumed 'text' c02ad00cab08c9825ee4d3e4d07a0c6f.php 第 126 行.
[ 2014-12-08T06:32:25+08:00 ] /gisproject/admin.php/Index/showmanagegis | NOTIC: [8] Use of undefined constant introduce - assumed 'introduce' c02ad00cab08c9825ee4d3e4d07a0c6f.php 第 126 行.
[ 2014-12-08T06:32:25+08:00 ] /gisproject/admin.php/Index/showmanagegis | NOTIC: [8] Use of undefined constant text - assumed 'text' c02ad00cab08c9825ee4d3e4d07a0c6f.php 第 126 行.
[ 2014-12-08T06:32:25+08:00 ] /gisproject/admin.php/Index/showmanagegis | INFO: Run ParseTemplate Behavior [ RunTime:0.432918s ]
[ 2014-12-08T06:32:25+08:00 ] /gisproject/admin.php/Index/showmanagegis | INFO: Tag[ view_parse ] --END-- [ RunTime:0.433039s ]
[ 2014-12-08T06:32:25+08:00 ] /gisproject/admin.php/Index/showmanagegis | INFO: Tag[ view_filter ] --START--
[ 2014-12-08T06:32:25+08:00 ] /gisproject/admin.php/Index/showmanagegis | INFO: Run ContentReplace Behavior [ RunTime:0.038007s ]
[ 2014-12-08T06:32:25+08:00 ] /gisproject/admin.php/Index/showmanagegis | INFO: Run TokenBuild Behavior [ RunTime:0.039656s ]
[ 2014-12-08T06:32:25+08:00 ] /gisproject/admin.php/Index/showmanagegis | INFO: Run WriteHtmlCache Behavior [ RunTime:0.040330s ]
[ 2014-12-08T06:32:25+08:00 ] /gisproject/admin.php/Index/showmanagegis | INFO: Run ShowRuntime Behavior [ RunTime:0.042458s ]
[ 2014-12-08T06:32:25+08:00 ] /gisproject/admin.php/Index/showmanagegis | INFO: Tag[ view_filter ] --END-- [ RunTime:0.160893s ]
[ 2014-12-08T06:32:25+08:00 ] /gisproject/admin.php/Index/showmanagegis | INFO: Tag[ view_end ] --START--
[ 2014-12-08T06:32:25+08:00 ] /gisproject/admin.php/Index/showmanagegis | INFO: Run ShowPageTrace Behavior [ RunTime:0.071738s ]
[ 2014-12-08T06:32:25+08:00 ] /gisproject/admin.php/Index/showmanagegis | INFO: Tag[ view_end ] --END-- [ RunTime:0.071901s ]
[ 2014-12-08T06:32:25+08:00 ] /gisproject/admin.php/Index/resources/images/closelabel.gif | ERR: (ThinkException) 非法操作resources
[ 2014-12-08T06:32:34+08:00 ] /gisproject/admin.php/Index/showmanagegis | INFO: Tag[ route_check ] --START--
[ 2014-12-08T06:32:34+08:00 ] /gisproject/admin.php/Index/showmanagegis | INFO: Run CheckRoute Behavior [ RunTime:0.001952s ]
[ 2014-12-08T06:32:34+08:00 ] /gisproject/admin.php/Index/showmanagegis | INFO: Tag[ route_check ] --END-- [ RunTime:0.002155s ]
[ 2014-12-08T06:32:34+08:00 ] /gisproject/admin.php/Index/showmanagegis | INFO: Tag[ app_begin ] --START--
[ 2014-12-08T06:32:34+08:00 ] /gisproject/admin.php/Index/showmanagegis | INFO: Run ReadHtmlCache Behavior [ RunTime:0.001200s ]
[ 2014-12-08T06:32:34+08:00 ] /gisproject/admin.php/Index/showmanagegis | INFO: Tag[ app_begin ] --END-- [ RunTime:0.001309s ]
[ 2014-12-08T06:32:34+08:00 ] /gisproject/admin.php/Index/showmanagegis | SQL: SHOW COLUMNS FROM `tb_point` [ RunTime:0.050635s ]
[ 2014-12-08T06:32:34+08:00 ] /gisproject/admin.php/Index/showmanagegis | SQL: SELECT COUNT(*) AS tp_count FROM `tb_point` LIMIT 1   [ RunTime:0.003136s ]
[ 2014-12-08T06:32:34+08:00 ] /gisproject/admin.php/Index/showmanagegis | SQL: SELECT timestamp,AsText(point),type,name,introduce,attention,score,uri FROM tb_point  [ RunTime:0.000614s ]
[ 2014-12-08T06:32:34+08:00 ] /gisproject/admin.php/Index/showmanagegis | INFO: Tag[ view_template ] --START--
[ 2014-12-08T06:32:34+08:00 ] /gisproject/admin.php/Index/showmanagegis | INFO: Run LocationTemplate Behavior [ RunTime:0.001284s ]
[ 2014-12-08T06:32:34+08:00 ] /gisproject/admin.php/Index/showmanagegis | INFO: Tag[ view_template ] --END-- [ RunTime:0.001380s ]
[ 2014-12-08T06:32:34+08:00 ] /gisproject/admin.php/Index/showmanagegis | INFO: Tag[ view_parse ] --START--
[ 2014-12-08T06:32:34+08:00 ] /gisproject/admin.php/Index/showmanagegis | NOTIC: [8] Use of undefined constant introduce - assumed 'introduce' c02ad00cab08c9825ee4d3e4d07a0c6f.php 第 126 行.
[ 2014-12-08T06:32:34+08:00 ] /gisproject/admin.php/Index/showmanagegis | NOTIC: [8] Use of undefined constant text - assumed 'text' c02ad00cab08c9825ee4d3e4d07a0c6f.php 第 126 行.
[ 2014-12-08T06:32:34+08:00 ] /gisproject/admin.php/Index/showmanagegis | NOTIC: [8] Use of undefined constant introduce - assumed 'introduce' c02ad00cab08c9825ee4d3e4d07a0c6f.php 第 126 行.
[ 2014-12-08T06:32:34+08:00 ] /gisproject/admin.php/Index/showmanagegis | NOTIC: [8] Use of undefined constant text - assumed 'text' c02ad00cab08c9825ee4d3e4d07a0c6f.php 第 126 行.
[ 2014-12-08T06:32:34+08:00 ] /gisproject/admin.php/Index/showmanagegis | NOTIC: [8] Use of undefined constant introduce - assumed 'introduce' c02ad00cab08c9825ee4d3e4d07a0c6f.php 第 126 行.
[ 2014-12-08T06:32:34+08:00 ] /gisproject/admin.php/Index/showmanagegis | NOTIC: [8] Use of undefined constant text - assumed 'text' c02ad00cab08c9825ee4d3e4d07a0c6f.php 第 126 行.
[ 2014-12-08T06:32:34+08:00 ] /gisproject/admin.php/Index/showmanagegis | NOTIC: [8] Use of undefined constant introduce - assumed 'introduce' c02ad00cab08c9825ee4d3e4d07a0c6f.php 第 126 行.
[ 2014-12-08T06:32:34+08:00 ] /gisproject/admin.php/Index/showmanagegis | NOTIC: [8] Use of undefined constant text - assumed 'text' c02ad00cab08c9825ee4d3e4d07a0c6f.php 第 126 行.
[ 2014-12-08T06:32:34+08:00 ] /gisproject/admin.php/Index/showmanagegis | NOTIC: [8] Use of undefined constant introduce - assumed 'introduce' c02ad00cab08c9825ee4d3e4d07a0c6f.php 第 126 行.
[ 2014-12-08T06:32:34+08:00 ] /gisproject/admin.php/Index/showmanagegis | NOTIC: [8] Use of undefined constant text - assumed 'text' c02ad00cab08c9825ee4d3e4d07a0c6f.php 第 126 行.
[ 2014-12-08T06:32:34+08:00 ] /gisproject/admin.php/Index/showmanagegis | NOTIC: [8] Use of undefined constant introduce - assumed 'introduce' c02ad00cab08c9825ee4d3e4d07a0c6f.php 第 126 行.
[ 2014-12-08T06:32:34+08:00 ] /gisproject/admin.php/Index/showmanagegis | NOTIC: [8] Use of undefined constant text - assumed 'text' c02ad00cab08c9825ee4d3e4d07a0c6f.php 第 126 行.
[ 2014-12-08T06:32:34+08:00 ] /gisproject/admin.php/Index/showmanagegis | NOTIC: [8] Use of undefined constant introduce - assumed 'introduce' c02ad00cab08c9825ee4d3e4d07a0c6f.php 第 126 行.
[ 2014-12-08T06:32:34+08:00 ] /gisproject/admin.php/Index/showmanagegis | NOTIC: [8] Use of undefined constant text - assumed 'text' c02ad00cab08c9825ee4d3e4d07a0c6f.php 第 126 行.
[ 2014-12-08T06:32:34+08:00 ] /gisproject/admin.php/Index/showmanagegis | INFO: Run ParseTemplate Behavior [ RunTime:0.043674s ]
[ 2014-12-08T06:32:34+08:00 ] /gisproject/admin.php/Index/showmanagegis | INFO: Tag[ view_parse ] --END-- [ RunTime:0.043785s ]
[ 2014-12-08T06:32:34+08:00 ] /gisproject/admin.php/Index/showmanagegis | INFO: Tag[ view_filter ] --START--
[ 2014-12-08T06:32:34+08:00 ] /gisproject/admin.php/Index/showmanagegis | INFO: Run ContentReplace Behavior [ RunTime:0.001157s ]
[ 2014-12-08T06:32:34+08:00 ] /gisproject/admin.php/Index/showmanagegis | INFO: Run TokenBuild Behavior [ RunTime:0.001130s ]
[ 2014-12-08T06:32:34+08:00 ] /gisproject/admin.php/Index/showmanagegis | INFO: Run WriteHtmlCache Behavior [ RunTime:0.000694s ]
[ 2014-12-08T06:32:34+08:00 ] /gisproject/admin.php/Index/showmanagegis | INFO: Run ShowRuntime Behavior [ RunTime:0.001239s ]
[ 2014-12-08T06:32:34+08:00 ] /gisproject/admin.php/Index/showmanagegis | INFO: Tag[ view_filter ] --END-- [ RunTime:0.004626s ]
[ 2014-12-08T06:32:34+08:00 ] /gisproject/admin.php/Index/showmanagegis | INFO: Tag[ view_end ] --START--
[ 2014-12-08T06:32:34+08:00 ] /gisproject/admin.php/Index/showmanagegis | INFO: Run ShowPageTrace Behavior [ RunTime:0.001179s ]
[ 2014-12-08T06:32:34+08:00 ] /gisproject/admin.php/Index/showmanagegis | INFO: Tag[ view_end ] --END-- [ RunTime:0.001315s ]
[ 2014-12-08T06:32:36+08:00 ] /gisproject/admin.php/Index/resources/images/closelabel.gif | ERR: (ThinkException) 非法操作resources
[ 2014-12-08T06:32:41+08:00 ] /gisproject/admin.php/Index/showaddgis | INFO: Tag[ route_check ] --START--
[ 2014-12-08T06:32:41+08:00 ] /gisproject/admin.php/Index/showaddgis | INFO: Run CheckRoute Behavior [ RunTime:0.003473s ]
[ 2014-12-08T06:32:41+08:00 ] /gisproject/admin.php/Index/showaddgis | INFO: Tag[ route_check ] --END-- [ RunTime:0.003675s ]
[ 2014-12-08T06:32:41+08:00 ] /gisproject/admin.php/Index/showaddgis | INFO: Tag[ app_begin ] --START--
[ 2014-12-08T06:32:41+08:00 ] /gisproject/admin.php/Index/showaddgis | INFO: Run ReadHtmlCache Behavior [ RunTime:0.002897s ]
[ 2014-12-08T06:32:41+08:00 ] /gisproject/admin.php/Index/showaddgis | INFO: Tag[ app_begin ] --END-- [ RunTime:0.003038s ]
[ 2014-12-08T06:32:41+08:00 ] /gisproject/admin.php/Index/showaddgis | INFO: Tag[ view_template ] --START--
[ 2014-12-08T06:32:41+08:00 ] /gisproject/admin.php/Index/showaddgis | INFO: Run LocationTemplate Behavior [ RunTime:0.037100s ]
[ 2014-12-08T06:32:41+08:00 ] /gisproject/admin.php/Index/showaddgis | INFO: Tag[ view_template ] --END-- [ RunTime:0.037287s ]
[ 2014-12-08T06:32:41+08:00 ] /gisproject/admin.php/Index/showaddgis | INFO: Tag[ view_parse ] --START--
[ 2014-12-08T06:32:41+08:00 ] /gisproject/admin.php/Index/showaddgis | NOTIC: [8] Undefined variable: page_method f15d73b8f43c102e28c75452e78e4c9c.php 第 163 行.
[ 2014-12-08T06:32:41+08:00 ] /gisproject/admin.php/Index/showaddgis | INFO: Run ParseTemplate Behavior [ RunTime:0.063500s ]
[ 2014-12-08T06:32:41+08:00 ] /gisproject/admin.php/Index/showaddgis | INFO: Tag[ view_parse ] --END-- [ RunTime:0.063613s ]
[ 2014-12-08T06:32:41+08:00 ] /gisproject/admin.php/Index/showaddgis | INFO: Tag[ view_filter ] --START--
[ 2014-12-08T06:32:41+08:00 ] /gisproject/admin.php/Index/showaddgis | INFO: Run ContentReplace Behavior [ RunTime:0.001924s ]
[ 2014-12-08T06:32:41+08:00 ] /gisproject/admin.php/Index/showaddgis | INFO: Run TokenBuild Behavior [ RunTime:0.001877s ]
[ 2014-12-08T06:32:41+08:00 ] /gisproject/admin.php/Index/showaddgis | INFO: Run WriteHtmlCache Behavior [ RunTime:0.001694s ]
[ 2014-12-08T06:32:41+08:00 ] /gisproject/admin.php/Index/showaddgis | INFO: Run ShowRuntime Behavior [ RunTime:0.002314s ]
[ 2014-12-08T06:32:41+08:00 ] /gisproject/admin.php/Index/showaddgis | INFO: Tag[ view_filter ] --END-- [ RunTime:0.008081s ]
[ 2014-12-08T06:32:41+08:00 ] /gisproject/admin.php/Index/showaddgis | INFO: Tag[ view_end ] --START--
[ 2014-12-08T06:32:41+08:00 ] /gisproject/admin.php/Index/showaddgis | INFO: Run ShowPageTrace Behavior [ RunTime:0.001975s ]
[ 2014-12-08T06:32:41+08:00 ] /gisproject/admin.php/Index/showaddgis | INFO: Tag[ view_end ] --END-- [ RunTime:0.002070s ]
[ 2014-12-08T06:32:42+08:00 ] /gisproject/admin.php/Index/resources/images/closelabel.gif | ERR: (ThinkException) 非法操作resources
[ 2014-12-08T06:33:36+08:00 ] /gisproject/admin.php/Index/addgis | INFO: Tag[ route_check ] --START--
[ 2014-12-08T06:33:36+08:00 ] /gisproject/admin.php/Index/addgis | INFO: Run CheckRoute Behavior [ RunTime:0.003589s ]
[ 2014-12-08T06:33:36+08:00 ] /gisproject/admin.php/Index/addgis | INFO: Tag[ route_check ] --END-- [ RunTime:0.003933s ]
[ 2014-12-08T06:33:36+08:00 ] /gisproject/admin.php/Index/addgis | INFO: Tag[ app_begin ] --START--
[ 2014-12-08T06:33:36+08:00 ] /gisproject/admin.php/Index/addgis | INFO: Run ReadHtmlCache Behavior [ RunTime:0.002269s ]
[ 2014-12-08T06:33:36+08:00 ] /gisproject/admin.php/Index/addgis | INFO: Tag[ app_begin ] --END-- [ RunTime:0.002470s ]
[ 2014-12-08T06:33:36+08:00 ] /gisproject/admin.php/Index/addgis | SQL: SHOW COLUMNS FROM `tb_point` [ RunTime:0.018619s ]
[ 2014-12-08T06:33:36+08:00 ] /gisproject/admin.php/Index/addgis | INFO: Tag[ view_template ] --START--
[ 2014-12-08T06:33:36+08:00 ] /gisproject/admin.php/Index/addgis | INFO: Run LocationTemplate Behavior [ RunTime:0.003749s ]
[ 2014-12-08T06:33:36+08:00 ] /gisproject/admin.php/Index/addgis | INFO: Tag[ view_template ] --END-- [ RunTime:0.003984s ]
[ 2014-12-08T06:33:36+08:00 ] /gisproject/admin.php/Index/addgis | INFO: Tag[ view_parse ] --START--
[ 2014-12-08T06:33:36+08:00 ] /gisproject/admin.php/Index/addgis | INFO: Run ParseTemplate Behavior [ RunTime:0.050618s ]
[ 2014-12-08T06:33:36+08:00 ] /gisproject/admin.php/Index/addgis | INFO: Tag[ view_parse ] --END-- [ RunTime:0.050864s ]
[ 2014-12-08T06:33:36+08:00 ] /gisproject/admin.php/Index/addgis | INFO: Tag[ view_filter ] --START--
[ 2014-12-08T06:33:36+08:00 ] /gisproject/admin.php/Index/addgis | INFO: Run ContentReplace Behavior [ RunTime:0.001590s ]
[ 2014-12-08T06:33:36+08:00 ] /gisproject/admin.php/Index/addgis | INFO: Run TokenBuild Behavior [ RunTime:0.001365s ]
[ 2014-12-08T06:33:36+08:00 ] /gisproject/admin.php/Index/addgis | INFO: Run WriteHtmlCache Behavior [ RunTime:0.000891s ]
[ 2014-12-08T06:33:36+08:00 ] /gisproject/admin.php/Index/addgis | INFO: Run ShowRuntime Behavior [ RunTime:0.001615s ]
[ 2014-12-08T06:33:36+08:00 ] /gisproject/admin.php/Index/addgis | INFO: Tag[ view_filter ] --END-- [ RunTime:0.006081s ]
[ 2014-12-08T06:33:36+08:00 ] /gisproject/admin.php/Index/addgis | INFO: Tag[ view_end ] --START--
[ 2014-12-08T06:33:36+08:00 ] /gisproject/admin.php/Index/addgis | INFO: Run ShowPageTrace Behavior [ RunTime:0.001677s ]
[ 2014-12-08T06:33:36+08:00 ] /gisproject/admin.php/Index/addgis | INFO: Tag[ view_end ] --END-- [ RunTime:0.001852s ]
[ 2014-12-08T06:33:38+08:00 ] /gisproject/admin.php/Index/showaddgis | INFO: Tag[ route_check ] --START--
[ 2014-12-08T06:33:38+08:00 ] /gisproject/admin.php/Index/showaddgis | INFO: Run CheckRoute Behavior [ RunTime:0.003344s ]
[ 2014-12-08T06:33:38+08:00 ] /gisproject/admin.php/Index/showaddgis | INFO: Tag[ route_check ] --END-- [ RunTime:0.003645s ]
[ 2014-12-08T06:33:38+08:00 ] /gisproject/admin.php/Index/showaddgis | INFO: Tag[ app_begin ] --START--
[ 2014-12-08T06:33:38+08:00 ] /gisproject/admin.php/Index/showaddgis | INFO: Run ReadHtmlCache Behavior [ RunTime:0.002087s ]
[ 2014-12-08T06:33:38+08:00 ] /gisproject/admin.php/Index/showaddgis | INFO: Tag[ app_begin ] --END-- [ RunTime:0.002272s ]
[ 2014-12-08T06:33:38+08:00 ] /gisproject/admin.php/Index/showaddgis | INFO: Tag[ view_template ] --START--
[ 2014-12-08T06:33:38+08:00 ] /gisproject/admin.php/Index/showaddgis | INFO: Run LocationTemplate Behavior [ RunTime:0.002406s ]
[ 2014-12-08T06:33:38+08:00 ] /gisproject/admin.php/Index/showaddgis | INFO: Tag[ view_template ] --END-- [ RunTime:0.002605s ]
[ 2014-12-08T06:33:38+08:00 ] /gisproject/admin.php/Index/showaddgis | INFO: Tag[ view_parse ] --START--
[ 2014-12-08T06:33:38+08:00 ] /gisproject/admin.php/Index/showaddgis | NOTIC: [8] Undefined variable: page_method f15d73b8f43c102e28c75452e78e4c9c.php 第 163 行.
[ 2014-12-08T06:33:38+08:00 ] /gisproject/admin.php/Index/showaddgis | INFO: Run ParseTemplate Behavior [ RunTime:0.042670s ]
[ 2014-12-08T06:33:38+08:00 ] /gisproject/admin.php/Index/showaddgis | INFO: Tag[ view_parse ] --END-- [ RunTime:0.042882s ]
[ 2014-12-08T06:33:38+08:00 ] /gisproject/admin.php/Index/showaddgis | INFO: Tag[ view_filter ] --START--
[ 2014-12-08T06:33:38+08:00 ] /gisproject/admin.php/Index/showaddgis | INFO: Run ContentReplace Behavior [ RunTime:0.001596s ]
[ 2014-12-08T06:33:38+08:00 ] /gisproject/admin.php/Index/showaddgis | INFO: Run TokenBuild Behavior [ RunTime:0.001781s ]
[ 2014-12-08T06:33:38+08:00 ] /gisproject/admin.php/Index/showaddgis | INFO: Run WriteHtmlCache Behavior [ RunTime:0.001031s ]
[ 2014-12-08T06:33:38+08:00 ] /gisproject/admin.php/Index/showaddgis | INFO: Run ShowRuntime Behavior [ RunTime:0.001896s ]
[ 2014-12-08T06:33:38+08:00 ] /gisproject/admin.php/Index/showaddgis | INFO: Tag[ view_filter ] --END-- [ RunTime:0.006856s ]
[ 2014-12-08T06:33:38+08:00 ] /gisproject/admin.php/Index/showaddgis | INFO: Tag[ view_end ] --START--
[ 2014-12-08T06:33:38+08:00 ] /gisproject/admin.php/Index/showaddgis | INFO: Run ShowPageTrace Behavior [ RunTime:0.002050s ]
[ 2014-12-08T06:33:38+08:00 ] /gisproject/admin.php/Index/showaddgis | INFO: Tag[ view_end ] --END-- [ RunTime:0.002255s ]
[ 2014-12-08T06:33:38+08:00 ] /gisproject/admin.php/Index/resources/images/closelabel.gif | ERR: (ThinkException) 非法操作resources
[ 2014-12-08T06:33:40+08:00 ] /gisproject/admin.php/Index/showmanagegis | INFO: Tag[ route_check ] --START--
[ 2014-12-08T06:33:40+08:00 ] /gisproject/admin.php/Index/showmanagegis | INFO: Run CheckRoute Behavior [ RunTime:0.004542s ]
[ 2014-12-08T06:33:40+08:00 ] /gisproject/admin.php/Index/showmanagegis | INFO: Tag[ route_check ] --END-- [ RunTime:0.004870s ]
[ 2014-12-08T06:33:40+08:00 ] /gisproject/admin.php/Index/showmanagegis | INFO: Tag[ app_begin ] --START--
[ 2014-12-08T06:33:40+08:00 ] /gisproject/admin.php/Index/showmanagegis | INFO: Run ReadHtmlCache Behavior [ RunTime:0.002511s ]
[ 2014-12-08T06:33:40+08:00 ] /gisproject/admin.php/Index/showmanagegis | INFO: Tag[ app_begin ] --END-- [ RunTime:0.002716s ]
[ 2014-12-08T06:33:40+08:00 ] /gisproject/admin.php/Index/showmanagegis | SQL: SHOW COLUMNS FROM `tb_point` [ RunTime:0.012438s ]
[ 2014-12-08T06:33:40+08:00 ] /gisproject/admin.php/Index/showmanagegis | SQL: SELECT COUNT(*) AS tp_count FROM `tb_point` LIMIT 1   [ RunTime:0.005002s ]
[ 2014-12-08T06:33:40+08:00 ] /gisproject/admin.php/Index/showmanagegis | SQL: SELECT timestamp,AsText(point),type,name,introduce,attention,score,uri FROM tb_point  [ RunTime:0.001082s ]
[ 2014-12-08T06:33:40+08:00 ] /gisproject/admin.php/Index/showmanagegis | INFO: Tag[ view_template ] --START--
[ 2014-12-08T06:33:40+08:00 ] /gisproject/admin.php/Index/showmanagegis | INFO: Run LocationTemplate Behavior [ RunTime:0.005524s ]
[ 2014-12-08T06:33:40+08:00 ] /gisproject/admin.php/Index/showmanagegis | INFO: Tag[ view_template ] --END-- [ RunTime:0.005753s ]
[ 2014-12-08T06:33:40+08:00 ] /gisproject/admin.php/Index/showmanagegis | INFO: Tag[ view_parse ] --START--
[ 2014-12-08T06:33:40+08:00 ] /gisproject/admin.php/Index/showmanagegis | NOTIC: [8] Use of undefined constant introduce - assumed 'introduce' c02ad00cab08c9825ee4d3e4d07a0c6f.php 第 126 行.
[ 2014-12-08T06:33:40+08:00 ] /gisproject/admin.php/Index/showmanagegis | NOTIC: [8] Use of undefined constant text - assumed 'text' c02ad00cab08c9825ee4d3e4d07a0c6f.php 第 126 行.
[ 2014-12-08T06:33:40+08:00 ] /gisproject/admin.php/Index/showmanagegis | NOTIC: [8] Use of undefined constant introduce - assumed 'introduce' c02ad00cab08c9825ee4d3e4d07a0c6f.php 第 126 行.
[ 2014-12-08T06:33:40+08:00 ] /gisproject/admin.php/Index/showmanagegis | NOTIC: [8] Use of undefined constant text - assumed 'text' c02ad00cab08c9825ee4d3e4d07a0c6f.php 第 126 行.
[ 2014-12-08T06:33:40+08:00 ] /gisproject/admin.php/Index/showmanagegis | NOTIC: [8] Use of undefined constant introduce - assumed 'introduce' c02ad00cab08c9825ee4d3e4d07a0c6f.php 第 126 行.
[ 2014-12-08T06:33:40+08:00 ] /gisproject/admin.php/Index/showmanagegis | NOTIC: [8] Use of undefined constant text - assumed 'text' c02ad00cab08c9825ee4d3e4d07a0c6f.php 第 126 行.
[ 2014-12-08T06:33:40+08:00 ] /gisproject/admin.php/Index/showmanagegis | NOTIC: [8] Use of undefined constant introduce - assumed 'introduce' c02ad00cab08c9825ee4d3e4d07a0c6f.php 第 126 行.
[ 2014-12-08T06:33:40+08:00 ] /gisproject/admin.php/Index/showmanagegis | NOTIC: [8] Use of undefined constant text - assumed 'text' c02ad00cab08c9825ee4d3e4d07a0c6f.php 第 126 行.
[ 2014-12-08T06:33:40+08:00 ] /gisproject/admin.php/Index/showmanagegis | NOTIC: [8] Use of undefined constant introduce - assumed 'introduce' c02ad00cab08c9825ee4d3e4d07a0c6f.php 第 126 行.
[ 2014-12-08T06:33:40+08:00 ] /gisproject/admin.php/Index/showmanagegis | NOTIC: [8] Use of undefined constant text - assumed 'text' c02ad00cab08c9825ee4d3e4d07a0c6f.php 第 126 行.
[ 2014-12-08T06:33:40+08:00 ] /gisproject/admin.php/Index/showmanagegis | NOTIC: [8] Use of undefined constant introduce - assumed 'introduce' c02ad00cab08c9825ee4d3e4d07a0c6f.php 第 126 行.
[ 2014-12-08T06:33:40+08:00 ] /gisproject/admin.php/Index/showmanagegis | NOTIC: [8] Use of undefined constant text - assumed 'text' c02ad00cab08c9825ee4d3e4d07a0c6f.php 第 126 行.
[ 2014-12-08T06:33:40+08:00 ] /gisproject/admin.php/Index/showmanagegis | NOTIC: [8] Use of undefined constant introduce - assumed 'introduce' c02ad00cab08c9825ee4d3e4d07a0c6f.php 第 126 行.
[ 2014-12-08T06:33:40+08:00 ] /gisproject/admin.php/Index/showmanagegis | NOTIC: [8] Use of undefined constant text - assumed 'text' c02ad00cab08c9825ee4d3e4d07a0c6f.php 第 126 行.
[ 2014-12-08T06:33:40+08:00 ] /gisproject/admin.php/Index/showmanagegis | NOTIC: [8] Use of undefined constant introduce - assumed 'introduce' c02ad00cab08c9825ee4d3e4d07a0c6f.php 第 126 行.
[ 2014-12-08T06:33:40+08:00 ] /gisproject/admin.php/Index/showmanagegis | NOTIC: [8] Use of undefined constant text - assumed 'text' c02ad00cab08c9825ee4d3e4d07a0c6f.php 第 126 行.
[ 2014-12-08T06:33:40+08:00 ] /gisproject/admin.php/Index/showmanagegis | INFO: Run ParseTemplate Behavior [ RunTime:0.043530s ]
[ 2014-12-08T06:33:40+08:00 ] /gisproject/admin.php/Index/showmanagegis | INFO: Tag[ view_parse ] --END-- [ RunTime:0.043712s ]
[ 2014-12-08T06:33:40+08:00 ] /gisproject/admin.php/Index/showmanagegis | INFO: Tag[ view_filter ] --START--
[ 2014-12-08T06:33:40+08:00 ] /gisproject/admin.php/Index/showmanagegis | INFO: Run ContentReplace Behavior [ RunTime:0.001489s ]
[ 2014-12-08T06:33:40+08:00 ] /gisproject/admin.php/Index/showmanagegis | INFO: Run TokenBuild Behavior [ RunTime:0.001496s ]
[ 2014-12-08T06:33:40+08:00 ] /gisproject/admin.php/Index/showmanagegis | INFO: Run WriteHtmlCache Behavior [ RunTime:0.000887s ]
[ 2014-12-08T06:33:40+08:00 ] /gisproject/admin.php/Index/showmanagegis | INFO: Run ShowRuntime Behavior [ RunTime:0.001655s ]
[ 2014-12-08T06:33:40+08:00 ] /gisproject/admin.php/Index/showmanagegis | INFO: Tag[ view_filter ] --END-- [ RunTime:0.005998s ]
[ 2014-12-08T06:33:40+08:00 ] /gisproject/admin.php/Index/showmanagegis | INFO: Tag[ view_end ] --START--
[ 2014-12-08T06:33:40+08:00 ] /gisproject/admin.php/Index/showmanagegis | INFO: Run ShowPageTrace Behavior [ RunTime:0.001964s ]
[ 2014-12-08T06:33:40+08:00 ] /gisproject/admin.php/Index/showmanagegis | INFO: Tag[ view_end ] --END-- [ RunTime:0.002200s ]
[ 2014-12-08T06:33:40+08:00 ] /gisproject/admin.php/Index/resources/images/closelabel.gif | ERR: (ThinkException) 非法操作resources
[ 2014-12-08T06:40:31+08:00 ] /gisproject/admin.php/Index/showmanagegis | INFO: Tag[ route_check ] --START--
[ 2014-12-08T06:40:31+08:00 ] /gisproject/admin.php/Index/showmanagegis | INFO: Run CheckRoute Behavior [ RunTime:0.012720s ]
[ 2014-12-08T06:40:31+08:00 ] /gisproject/admin.php/Index/showmanagegis | INFO: Tag[ route_check ] --END-- [ RunTime:0.013115s ]
[ 2014-12-08T06:40:31+08:00 ] /gisproject/admin.php/Index/showmanagegis | INFO: Tag[ app_begin ] --START--
[ 2014-12-08T06:40:31+08:00 ] /gisproject/admin.php/Index/showmanagegis | INFO: Run ReadHtmlCache Behavior [ RunTime:0.012074s ]
[ 2014-12-08T06:40:31+08:00 ] /gisproject/admin.php/Index/showmanagegis | INFO: Tag[ app_begin ] --END-- [ RunTime:0.012322s ]
[ 2014-12-08T06:40:31+08:00 ] /gisproject/admin.php/Index/showmanagegis | SQL: SHOW COLUMNS FROM `tb_point` [ RunTime:0.021457s ]
[ 2014-12-08T06:40:31+08:00 ] /gisproject/admin.php/Index/showmanagegis | SQL: SELECT COUNT(*) AS tp_count FROM `tb_point` LIMIT 1   [ RunTime:0.000973s ]
[ 2014-12-08T06:40:31+08:00 ] /gisproject/admin.php/Index/showmanagegis | SQL: SELECT timestamp,AsText(point),type,name,introduce,attention,score,uri FROM tb_point  [ RunTime:0.001309s ]
[ 2014-12-08T06:40:31+08:00 ] /gisproject/admin.php/Index/showmanagegis | INFO: Tag[ view_template ] --START--
[ 2014-12-08T06:40:31+08:00 ] /gisproject/admin.php/Index/showmanagegis | INFO: Run LocationTemplate Behavior [ RunTime:0.029959s ]
[ 2014-12-08T06:40:31+08:00 ] /gisproject/admin.php/Index/showmanagegis | INFO: Tag[ view_template ] --END-- [ RunTime:0.030253s ]
[ 2014-12-08T06:40:31+08:00 ] /gisproject/admin.php/Index/showmanagegis | INFO: Tag[ view_parse ] --START--
[ 2014-12-08T06:40:31+08:00 ] /gisproject/admin.php/Index/showmanagegis | NOTIC: [8] Use of undefined constant introduce - assumed 'introduce' c02ad00cab08c9825ee4d3e4d07a0c6f.php 第 126 行.
[ 2014-12-08T06:40:31+08:00 ] /gisproject/admin.php/Index/showmanagegis | NOTIC: [8] Use of undefined constant text - assumed 'text' c02ad00cab08c9825ee4d3e4d07a0c6f.php 第 126 行.
[ 2014-12-08T06:40:31+08:00 ] /gisproject/admin.php/Index/showmanagegis | NOTIC: [8] Use of undefined constant introduce - assumed 'introduce' c02ad00cab08c9825ee4d3e4d07a0c6f.php 第 126 行.
[ 2014-12-08T06:40:31+08:00 ] /gisproject/admin.php/Index/showmanagegis | NOTIC: [8] Use of undefined constant text - assumed 'text' c02ad00cab08c9825ee4d3e4d07a0c6f.php 第 126 行.
[ 2014-12-08T06:40:31+08:00 ] /gisproject/admin.php/Index/showmanagegis | NOTIC: [8] Use of undefined constant introduce - assumed 'introduce' c02ad00cab08c9825ee4d3e4d07a0c6f.php 第 126 行.
[ 2014-12-08T06:40:31+08:00 ] /gisproject/admin.php/Index/showmanagegis | NOTIC: [8] Use of undefined constant text - assumed 'text' c02ad00cab08c9825ee4d3e4d07a0c6f.php 第 126 行.
[ 2014-12-08T06:40:31+08:00 ] /gisproject/admin.php/Index/showmanagegis | NOTIC: [8] Use of undefined constant introduce - assumed 'introduce' c02ad00cab08c9825ee4d3e4d07a0c6f.php 第 126 行.
[ 2014-12-08T06:40:31+08:00 ] /gisproject/admin.php/Index/showmanagegis | NOTIC: [8] Use of undefined constant text - assumed 'text' c02ad00cab08c9825ee4d3e4d07a0c6f.php 第 126 行.
[ 2014-12-08T06:40:31+08:00 ] /gisproject/admin.php/Index/showmanagegis | NOTIC: [8] Use of undefined constant introduce - assumed 'introduce' c02ad00cab08c9825ee4d3e4d07a0c6f.php 第 126 行.
[ 2014-12-08T06:40:31+08:00 ] /gisproject/admin.php/Index/showmanagegis | NOTIC: [8] Use of undefined constant text - assumed 'text' c02ad00cab08c9825ee4d3e4d07a0c6f.php 第 126 行.
[ 2014-12-08T06:40:31+08:00 ] /gisproject/admin.php/Index/showmanagegis | NOTIC: [8] Use of undefined constant introduce - assumed 'introduce' c02ad00cab08c9825ee4d3e4d07a0c6f.php 第 126 行.
[ 2014-12-08T06:40:31+08:00 ] /gisproject/admin.php/Index/showmanagegis | NOTIC: [8] Use of undefined constant text - assumed 'text' c02ad00cab08c9825ee4d3e4d07a0c6f.php 第 126 行.
[ 2014-12-08T06:40:31+08:00 ] /gisproject/admin.php/Index/showmanagegis | NOTIC: [8] Use of undefined constant introduce - assumed 'introduce' c02ad00cab08c9825ee4d3e4d07a0c6f.php 第 126 行.
[ 2014-12-08T06:40:31+08:00 ] /gisproject/admin.php/Index/showmanagegis | NOTIC: [8] Use of undefined constant text - assumed 'text' c02ad00cab08c9825ee4d3e4d07a0c6f.php 第 126 行.
[ 2014-12-08T06:40:31+08:00 ] /gisproject/admin.php/Index/showmanagegis | NOTIC: [8] Use of undefined constant introduce - assumed 'introduce' c02ad00cab08c9825ee4d3e4d07a0c6f.php 第 126 行.
[ 2014-12-08T06:40:31+08:00 ] /gisproject/admin.php/Index/showmanagegis | NOTIC: [8] Use of undefined constant text - assumed 'text' c02ad00cab08c9825ee4d3e4d07a0c6f.php 第 126 行.
[ 2014-12-08T06:40:31+08:00 ] /gisproject/admin.php/Index/showmanagegis | INFO: Run ParseTemplate Behavior [ RunTime:0.134411s ]
[ 2014-12-08T06:40:31+08:00 ] /gisproject/admin.php/Index/showmanagegis | INFO: Tag[ view_parse ] --END-- [ RunTime:0.134679s ]
[ 2014-12-08T06:40:31+08:00 ] /gisproject/admin.php/Index/showmanagegis | INFO: Tag[ view_filter ] --START--
[ 2014-12-08T06:40:31+08:00 ] /gisproject/admin.php/Index/showmanagegis | INFO: Run ContentReplace Behavior [ RunTime:0.005234s ]
[ 2014-12-08T06:40:32+08:00 ] /gisproject/admin.php/Index/showmanagegis | INFO: Run TokenBuild Behavior [ RunTime:0.005672s ]
[ 2014-12-08T06:40:32+08:00 ] /gisproject/admin.php/Index/showmanagegis | INFO: Run WriteHtmlCache Behavior [ RunTime:0.004376s ]
[ 2014-12-08T06:40:32+08:00 ] /gisproject/admin.php/Index/showmanagegis | INFO: Run ShowRuntime Behavior [ RunTime:0.004953s ]
[ 2014-12-08T06:40:32+08:00 ] /gisproject/admin.php/Index/showmanagegis | INFO: Tag[ view_filter ] --END-- [ RunTime:0.020952s ]
[ 2014-12-08T06:40:32+08:00 ] /gisproject/admin.php/Index/showmanagegis | INFO: Tag[ view_end ] --START--
[ 2014-12-08T06:40:32+08:00 ] /gisproject/admin.php/Index/showmanagegis | INFO: Run ShowPageTrace Behavior [ RunTime:0.006753s ]
[ 2014-12-08T06:40:32+08:00 ] /gisproject/admin.php/Index/showmanagegis | INFO: Tag[ view_end ] --END-- [ RunTime:0.007045s ]
[ 2014-12-08T06:40:32+08:00 ] /gisproject/admin.php/Index/resources/images/closelabel.gif | ERR: (ThinkException) 非法操作resources
[ 2014-12-08T06:40:40+08:00 ] /gisproject/admin.php/Index/showmanagegis | INFO: Tag[ route_check ] --START--
[ 2014-12-08T06:40:40+08:00 ] /gisproject/admin.php/Index/showmanagegis | INFO: Run CheckRoute Behavior [ RunTime:0.005875s ]
[ 2014-12-08T06:40:40+08:00 ] /gisproject/admin.php/Index/showmanagegis | INFO: Tag[ route_check ] --END-- [ RunTime:0.006191s ]
[ 2014-12-08T06:40:40+08:00 ] /gisproject/admin.php/Index/showmanagegis | INFO: Tag[ app_begin ] --START--
[ 2014-12-08T06:40:40+08:00 ] /gisproject/admin.php/Index/showmanagegis | INFO: Run ReadHtmlCache Behavior [ RunTime:0.005040s ]
[ 2014-12-08T06:40:40+08:00 ] /gisproject/admin.php/Index/showmanagegis | INFO: Tag[ app_begin ] --END-- [ RunTime:0.005252s ]
[ 2014-12-08T06:40:40+08:00 ] /gisproject/admin.php/Index/showmanagegis | SQL: SHOW COLUMNS FROM `tb_point` [ RunTime:0.012194s ]
[ 2014-12-08T06:40:40+08:00 ] /gisproject/admin.php/Index/showmanagegis | SQL: SELECT COUNT(*) AS tp_count FROM `tb_point` LIMIT 1   [ RunTime:0.003916s ]
[ 2014-12-08T06:40:40+08:00 ] /gisproject/admin.php/Index/showmanagegis | SQL: SELECT timestamp,AsText(point),type,name,introduce,attention,score,uri FROM tb_point  [ RunTime:0.000847s ]
[ 2014-12-08T06:40:40+08:00 ] /gisproject/admin.php/Index/showmanagegis | INFO: Tag[ view_template ] --START--
[ 2014-12-08T06:40:40+08:00 ] /gisproject/admin.php/Index/showmanagegis | INFO: Run LocationTemplate Behavior [ RunTime:0.006948s ]
[ 2014-12-08T06:40:40+08:00 ] /gisproject/admin.php/Index/showmanagegis | INFO: Tag[ view_template ] --END-- [ RunTime:0.007204s ]
[ 2014-12-08T06:40:40+08:00 ] /gisproject/admin.php/Index/showmanagegis | INFO: Tag[ view_parse ] --START--
[ 2014-12-08T06:40:40+08:00 ] /gisproject/admin.php/Index/showmanagegis | NOTIC: [8] Use of undefined constant introduce - assumed 'introduce' c02ad00cab08c9825ee4d3e4d07a0c6f.php 第 126 行.
[ 2014-12-08T06:40:40+08:00 ] /gisproject/admin.php/Index/showmanagegis | NOTIC: [8] Use of undefined constant text - assumed 'text' c02ad00cab08c9825ee4d3e4d07a0c6f.php 第 126 行.
[ 2014-12-08T06:40:40+08:00 ] /gisproject/admin.php/Index/showmanagegis | NOTIC: [8] Use of undefined constant introduce - assumed 'introduce' c02ad00cab08c9825ee4d3e4d07a0c6f.php 第 126 行.
[ 2014-12-08T06:40:40+08:00 ] /gisproject/admin.php/Index/showmanagegis | NOTIC: [8] Use of undefined constant text - assumed 'text' c02ad00cab08c9825ee4d3e4d07a0c6f.php 第 126 行.
[ 2014-12-08T06:40:40+08:00 ] /gisproject/admin.php/Index/showmanagegis | NOTIC: [8] Use of undefined constant introduce - assumed 'introduce' c02ad00cab08c9825ee4d3e4d07a0c6f.php 第 126 行.
[ 2014-12-08T06:40:40+08:00 ] /gisproject/admin.php/Index/showmanagegis | NOTIC: [8] Use of undefined constant text - assumed 'text' c02ad00cab08c9825ee4d3e4d07a0c6f.php 第 126 行.
[ 2014-12-08T06:40:40+08:00 ] /gisproject/admin.php/Index/showmanagegis | NOTIC: [8] Use of undefined constant introduce - assumed 'introduce' c02ad00cab08c9825ee4d3e4d07a0c6f.php 第 126 行.
[ 2014-12-08T06:40:40+08:00 ] /gisproject/admin.php/Index/showmanagegis | NOTIC: [8] Use of undefined constant text - assumed 'text' c02ad00cab08c9825ee4d3e4d07a0c6f.php 第 126 行.
[ 2014-12-08T06:40:40+08:00 ] /gisproject/admin.php/Index/showmanagegis | NOTIC: [8] Use of undefined constant introduce - assumed 'introduce' c02ad00cab08c9825ee4d3e4d07a0c6f.php 第 126 行.
[ 2014-12-08T06:40:40+08:00 ] /gisproject/admin.php/Index/showmanagegis | NOTIC: [8] Use of undefined constant text - assumed 'text' c02ad00cab08c9825ee4d3e4d07a0c6f.php 第 126 行.
[ 2014-12-08T06:40:40+08:00 ] /gisproject/admin.php/Index/showmanagegis | NOTIC: [8] Use of undefined constant introduce - assumed 'introduce' c02ad00cab08c9825ee4d3e4d07a0c6f.php 第 126 行.
[ 2014-12-08T06:40:40+08:00 ] /gisproject/admin.php/Index/showmanagegis | NOTIC: [8] Use of undefined constant text - assumed 'text' c02ad00cab08c9825ee4d3e4d07a0c6f.php 第 126 行.
[ 2014-12-08T06:40:40+08:00 ] /gisproject/admin.php/Index/showmanagegis | NOTIC: [8] Use of undefined constant introduce - assumed 'introduce' c02ad00cab08c9825ee4d3e4d07a0c6f.php 第 126 行.
[ 2014-12-08T06:40:40+08:00 ] /gisproject/admin.php/Index/showmanagegis | NOTIC: [8] Use of undefined constant text - assumed 'text' c02ad00cab08c9825ee4d3e4d07a0c6f.php 第 126 行.
[ 2014-12-08T06:40:40+08:00 ] /gisproject/admin.php/Index/showmanagegis | NOTIC: [8] Use of undefined constant introduce - assumed 'introduce' c02ad00cab08c9825ee4d3e4d07a0c6f.php 第 126 行.
[ 2014-12-08T06:40:40+08:00 ] /gisproject/admin.php/Index/showmanagegis | NOTIC: [8] Use of undefined constant text - assumed 'text' c02ad00cab08c9825ee4d3e4d07a0c6f.php 第 126 行.
[ 2014-12-08T06:40:40+08:00 ] /gisproject/admin.php/Index/showmanagegis | INFO: Run ParseTemplate Behavior [ RunTime:0.073119s ]
[ 2014-12-08T06:40:40+08:00 ] /gisproject/admin.php/Index/showmanagegis | INFO: Tag[ view_parse ] --END-- [ RunTime:0.073303s ]
[ 2014-12-08T06:40:40+08:00 ] /gisproject/admin.php/Index/showmanagegis | INFO: Tag[ view_filter ] --START--
[ 2014-12-08T06:40:40+08:00 ] /gisproject/admin.php/Index/showmanagegis | INFO: Run ContentReplace Behavior [ RunTime:0.003692s ]
[ 2014-12-08T06:40:40+08:00 ] /gisproject/admin.php/Index/showmanagegis | INFO: Run TokenBuild Behavior [ RunTime:0.003978s ]
[ 2014-12-08T06:40:40+08:00 ] /gisproject/admin.php/Index/showmanagegis | INFO: Run WriteHtmlCache Behavior [ RunTime:0.003037s ]
[ 2014-12-08T06:40:40+08:00 ] /gisproject/admin.php/Index/showmanagegis | INFO: Run ShowRuntime Behavior [ RunTime:0.004053s ]
[ 2014-12-08T06:40:40+08:00 ] /gisproject/admin.php/Index/showmanagegis | INFO: Tag[ view_filter ] --END-- [ RunTime:0.015220s ]
[ 2014-12-08T06:40:40+08:00 ] /gisproject/admin.php/Index/showmanagegis | INFO: Tag[ view_end ] --START--
[ 2014-12-08T06:40:40+08:00 ] /gisproject/admin.php/Index/showmanagegis | INFO: Run ShowPageTrace Behavior [ RunTime:0.004546s ]
[ 2014-12-08T06:40:40+08:00 ] /gisproject/admin.php/Index/showmanagegis | INFO: Tag[ view_end ] --END-- [ RunTime:0.004744s ]
[ 2014-12-08T06:40:41+08:00 ] /gisproject/admin.php/Index/resources/images/closelabel.gif | ERR: (ThinkException) 非法操作resources
[ 2014-12-08T06:41:40+08:00 ] /gisproject/admin.php/Index/showmanagegis | INFO: Tag[ route_check ] --START--
[ 2014-12-08T06:41:40+08:00 ] /gisproject/admin.php/Index/showmanagegis | INFO: Run CheckRoute Behavior [ RunTime:0.006282s ]
[ 2014-12-08T06:41:40+08:00 ] /gisproject/admin.php/Index/showmanagegis | INFO: Tag[ route_check ] --END-- [ RunTime:0.006624s ]
[ 2014-12-08T06:41:40+08:00 ] /gisproject/admin.php/Index/showmanagegis | INFO: Tag[ app_begin ] --START--
[ 2014-12-08T06:41:40+08:00 ] /gisproject/admin.php/Index/showmanagegis | INFO: Run ReadHtmlCache Behavior [ RunTime:0.004970s ]
[ 2014-12-08T06:41:40+08:00 ] /gisproject/admin.php/Index/showmanagegis | INFO: Tag[ app_begin ] --END-- [ RunTime:0.005190s ]
[ 2014-12-08T06:41:40+08:00 ] /gisproject/admin.php/Index/showmanagegis | SQL: SHOW COLUMNS FROM `tb_point` [ RunTime:0.019334s ]
[ 2014-12-08T06:41:40+08:00 ] /gisproject/admin.php/Index/showmanagegis | SQL: SELECT COUNT(*) AS tp_count FROM `tb_point` LIMIT 1   [ RunTime:0.000737s ]
[ 2014-12-08T06:41:40+08:00 ] /gisproject/admin.php/Index/showmanagegis | SQL: SELECT timestamp,AsText(point),type,name,introduce,attention,score,uri FROM tb_point  [ RunTime:0.000949s ]
[ 2014-12-08T06:41:40+08:00 ] /gisproject/admin.php/Index/showmanagegis | INFO: Tag[ view_template ] --START--
[ 2014-12-08T06:41:40+08:00 ] /gisproject/admin.php/Index/showmanagegis | INFO: Run LocationTemplate Behavior [ RunTime:0.008100s ]
[ 2014-12-08T06:41:40+08:00 ] /gisproject/admin.php/Index/showmanagegis | INFO: Tag[ view_template ] --END-- [ RunTime:0.008321s ]
[ 2014-12-08T06:41:40+08:00 ] /gisproject/admin.php/Index/showmanagegis | INFO: Tag[ view_parse ] --START--
[ 2014-12-08T06:41:40+08:00 ] /gisproject/admin.php/Index/showmanagegis | NOTIC: [8] Use of undefined constant introduce - assumed 'introduce' c02ad00cab08c9825ee4d3e4d07a0c6f.php 第 126 行.
[ 2014-12-08T06:41:40+08:00 ] /gisproject/admin.php/Index/showmanagegis | NOTIC: [8] Use of undefined constant text - assumed 'text' c02ad00cab08c9825ee4d3e4d07a0c6f.php 第 126 行.
[ 2014-12-08T06:41:40+08:00 ] /gisproject/admin.php/Index/showmanagegis | NOTIC: [8] Use of undefined constant introduce - assumed 'introduce' c02ad00cab08c9825ee4d3e4d07a0c6f.php 第 126 行.
[ 2014-12-08T06:41:40+08:00 ] /gisproject/admin.php/Index/showmanagegis | NOTIC: [8] Use of undefined constant text - assumed 'text' c02ad00cab08c9825ee4d3e4d07a0c6f.php 第 126 行.
[ 2014-12-08T06:41:40+08:00 ] /gisproject/admin.php/Index/showmanagegis | NOTIC: [8] Use of undefined constant introduce - assumed 'introduce' c02ad00cab08c9825ee4d3e4d07a0c6f.php 第 126 行.
[ 2014-12-08T06:41:40+08:00 ] /gisproject/admin.php/Index/showmanagegis | NOTIC: [8] Use of undefined constant text - assumed 'text' c02ad00cab08c9825ee4d3e4d07a0c6f.php 第 126 行.
[ 2014-12-08T06:41:40+08:00 ] /gisproject/admin.php/Index/showmanagegis | NOTIC: [8] Use of undefined constant introduce - assumed 'introduce' c02ad00cab08c9825ee4d3e4d07a0c6f.php 第 126 行.
[ 2014-12-08T06:41:40+08:00 ] /gisproject/admin.php/Index/showmanagegis | NOTIC: [8] Use of undefined constant text - assumed 'text' c02ad00cab08c9825ee4d3e4d07a0c6f.php 第 126 行.
[ 2014-12-08T06:41:40+08:00 ] /gisproject/admin.php/Index/showmanagegis | NOTIC: [8] Use of undefined constant introduce - assumed 'introduce' c02ad00cab08c9825ee4d3e4d07a0c6f.php 第 126 行.
[ 2014-12-08T06:41:40+08:00 ] /gisproject/admin.php/Index/showmanagegis | NOTIC: [8] Use of undefined constant text - assumed 'text' c02ad00cab08c9825ee4d3e4d07a0c6f.php 第 126 行.
[ 2014-12-08T06:41:40+08:00 ] /gisproject/admin.php/Index/showmanagegis | NOTIC: [8] Use of undefined constant introduce - assumed 'introduce' c02ad00cab08c9825ee4d3e4d07a0c6f.php 第 126 行.
[ 2014-12-08T06:41:40+08:00 ] /gisproject/admin.php/Index/showmanagegis | NOTIC: [8] Use of undefined constant text - assumed 'text' c02ad00cab08c9825ee4d3e4d07a0c6f.php 第 126 行.
[ 2014-12-08T06:41:40+08:00 ] /gisproject/admin.php/Index/showmanagegis | NOTIC: [8] Use of undefined constant introduce - assumed 'introduce' c02ad00cab08c9825ee4d3e4d07a0c6f.php 第 126 行.
[ 2014-12-08T06:41:40+08:00 ] /gisproject/admin.php/Index/showmanagegis | NOTIC: [8] Use of undefined constant text - assumed 'text' c02ad00cab08c9825ee4d3e4d07a0c6f.php 第 126 行.
[ 2014-12-08T06:41:40+08:00 ] /gisproject/admin.php/Index/showmanagegis | NOTIC: [8] Use of undefined constant introduce - assumed 'introduce' c02ad00cab08c9825ee4d3e4d07a0c6f.php 第 126 行.
[ 2014-12-08T06:41:40+08:00 ] /gisproject/admin.php/Index/showmanagegis | NOTIC: [8] Use of undefined constant text - assumed 'text' c02ad00cab08c9825ee4d3e4d07a0c6f.php 第 126 行.
[ 2014-12-08T06:41:40+08:00 ] /gisproject/admin.php/Index/showmanagegis | INFO: Run ParseTemplate Behavior [ RunTime:0.077955s ]
[ 2014-12-08T06:41:40+08:00 ] /gisproject/admin.php/Index/showmanagegis | INFO: Tag[ view_parse ] --END-- [ RunTime:0.078145s ]
[ 2014-12-08T06:41:40+08:00 ] /gisproject/admin.php/Index/showmanagegis | INFO: Tag[ view_filter ] --START--
[ 2014-12-08T06:41:40+08:00 ] /gisproject/admin.php/Index/showmanagegis | INFO: Run ContentReplace Behavior [ RunTime:0.003754s ]
[ 2014-12-08T06:41:40+08:00 ] /gisproject/admin.php/Index/showmanagegis | INFO: Run TokenBuild Behavior [ RunTime:0.004258s ]
[ 2014-12-08T06:41:40+08:00 ] /gisproject/admin.php/Index/showmanagegis | INFO: Run WriteHtmlCache Behavior [ RunTime:0.003203s ]
[ 2014-12-08T06:41:40+08:00 ] /gisproject/admin.php/Index/showmanagegis | INFO: Run ShowRuntime Behavior [ RunTime:0.003812s ]
[ 2014-12-08T06:41:40+08:00 ] /gisproject/admin.php/Index/showmanagegis | INFO: Tag[ view_filter ] --END-- [ RunTime:0.015495s ]
[ 2014-12-08T06:41:40+08:00 ] /gisproject/admin.php/Index/showmanagegis | INFO: Tag[ view_end ] --START--
[ 2014-12-08T06:41:40+08:00 ] /gisproject/admin.php/Index/showmanagegis | INFO: Run ShowPageTrace Behavior [ RunTime:0.005486s ]
[ 2014-12-08T06:41:40+08:00 ] /gisproject/admin.php/Index/showmanagegis | INFO: Tag[ view_end ] --END-- [ RunTime:0.005692s ]
[ 2014-12-08T06:41:40+08:00 ] /gisproject/admin.php/Index/resources/images/closelabel.gif | ERR: (ThinkException) 非法操作resources
[ 2014-12-08T06:43:20+08:00 ] /gisproject/admin.php/Index/showmanagegis | INFO: Tag[ route_check ] --START--
[ 2014-12-08T06:43:20+08:00 ] /gisproject/admin.php/Index/showmanagegis | INFO: Run CheckRoute Behavior [ RunTime:0.006330s ]
[ 2014-12-08T06:43:20+08:00 ] /gisproject/admin.php/Index/showmanagegis | INFO: Tag[ route_check ] --END-- [ RunTime:0.006677s ]
[ 2014-12-08T06:43:20+08:00 ] /gisproject/admin.php/Index/showmanagegis | INFO: Tag[ app_begin ] --START--
[ 2014-12-08T06:43:20+08:00 ] /gisproject/admin.php/Index/showmanagegis | INFO: Run ReadHtmlCache Behavior [ RunTime:0.006356s ]
[ 2014-12-08T06:43:20+08:00 ] /gisproject/admin.php/Index/showmanagegis | INFO: Tag[ app_begin ] --END-- [ RunTime:0.006572s ]
[ 2014-12-08T06:43:20+08:00 ] /gisproject/admin.php/Index/showmanagegis | SQL: SHOW COLUMNS FROM `tb_point` [ RunTime:0.013138s ]
[ 2014-12-08T06:43:20+08:00 ] /gisproject/admin.php/Index/showmanagegis | SQL: SELECT COUNT(*) AS tp_count FROM `tb_point` LIMIT 1   [ RunTime:0.004675s ]
[ 2014-12-08T06:43:20+08:00 ] /gisproject/admin.php/Index/showmanagegis | SQL: SELECT timestamp,AsText(point),type,name,introduce,attention,score,uri FROM tb_point  [ RunTime:0.001387s ]
[ 2014-12-08T06:43:20+08:00 ] /gisproject/admin.php/Index/showmanagegis | INFO: Tag[ view_template ] --START--
[ 2014-12-08T06:43:20+08:00 ] /gisproject/admin.php/Index/showmanagegis | INFO: Run LocationTemplate Behavior [ RunTime:0.007856s ]
[ 2014-12-08T06:43:20+08:00 ] /gisproject/admin.php/Index/showmanagegis | INFO: Tag[ view_template ] --END-- [ RunTime:0.008069s ]
[ 2014-12-08T06:43:20+08:00 ] /gisproject/admin.php/Index/showmanagegis | INFO: Tag[ view_parse ] --START--
[ 2014-12-08T06:43:20+08:00 ] /gisproject/admin.php/Index/showmanagegis | NOTIC: [8] Use of undefined constant introduce - assumed 'introduce' c02ad00cab08c9825ee4d3e4d07a0c6f.php 第 126 行.
[ 2014-12-08T06:43:20+08:00 ] /gisproject/admin.php/Index/showmanagegis | NOTIC: [8] Use of undefined constant text - assumed 'text' c02ad00cab08c9825ee4d3e4d07a0c6f.php 第 126 行.
[ 2014-12-08T06:43:20+08:00 ] /gisproject/admin.php/Index/showmanagegis | NOTIC: [8] Use of undefined constant introduce - assumed 'introduce' c02ad00cab08c9825ee4d3e4d07a0c6f.php 第 126 行.
[ 2014-12-08T06:43:20+08:00 ] /gisproject/admin.php/Index/showmanagegis | NOTIC: [8] Use of undefined constant text - assumed 'text' c02ad00cab08c9825ee4d3e4d07a0c6f.php 第 126 行.
[ 2014-12-08T06:43:20+08:00 ] /gisproject/admin.php/Index/showmanagegis | NOTIC: [8] Use of undefined constant introduce - assumed 'introduce' c02ad00cab08c9825ee4d3e4d07a0c6f.php 第 126 行.
[ 2014-12-08T06:43:20+08:00 ] /gisproject/admin.php/Index/showmanagegis | NOTIC: [8] Use of undefined constant text - assumed 'text' c02ad00cab08c9825ee4d3e4d07a0c6f.php 第 126 行.
[ 2014-12-08T06:43:20+08:00 ] /gisproject/admin.php/Index/showmanagegis | NOTIC: [8] Use of undefined constant introduce - assumed 'introduce' c02ad00cab08c9825ee4d3e4d07a0c6f.php 第 126 行.
[ 2014-12-08T06:43:20+08:00 ] /gisproject/admin.php/Index/showmanagegis | NOTIC: [8] Use of undefined constant text - assumed 'text' c02ad00cab08c9825ee4d3e4d07a0c6f.php 第 126 行.
[ 2014-12-08T06:43:20+08:00 ] /gisproject/admin.php/Index/showmanagegis | NOTIC: [8] Use of undefined constant introduce - assumed 'introduce' c02ad00cab08c9825ee4d3e4d07a0c6f.php 第 126 行.
[ 2014-12-08T06:43:20+08:00 ] /gisproject/admin.php/Index/showmanagegis | NOTIC: [8] Use of undefined constant text - assumed 'text' c02ad00cab08c9825ee4d3e4d07a0c6f.php 第 126 行.
[ 2014-12-08T06:43:20+08:00 ] /gisproject/admin.php/Index/showmanagegis | NOTIC: [8] Use of undefined constant introduce - assumed 'introduce' c02ad00cab08c9825ee4d3e4d07a0c6f.php 第 126 行.
[ 2014-12-08T06:43:20+08:00 ] /gisproject/admin.php/Index/showmanagegis | NOTIC: [8] Use of undefined constant text - assumed 'text' c02ad00cab08c9825ee4d3e4d07a0c6f.php 第 126 行.
[ 2014-12-08T06:43:20+08:00 ] /gisproject/admin.php/Index/showmanagegis | NOTIC: [8] Use of undefined constant introduce - assumed 'introduce' c02ad00cab08c9825ee4d3e4d07a0c6f.php 第 126 行.
[ 2014-12-08T06:43:20+08:00 ] /gisproject/admin.php/Index/showmanagegis | NOTIC: [8] Use of undefined constant text - assumed 'text' c02ad00cab08c9825ee4d3e4d07a0c6f.php 第 126 行.
[ 2014-12-08T06:43:20+08:00 ] /gisproject/admin.php/Index/showmanagegis | NOTIC: [8] Use of undefined constant introduce - assumed 'introduce' c02ad00cab08c9825ee4d3e4d07a0c6f.php 第 126 行.
[ 2014-12-08T06:43:20+08:00 ] /gisproject/admin.php/Index/showmanagegis | NOTIC: [8] Use of undefined constant text - assumed 'text' c02ad00cab08c9825ee4d3e4d07a0c6f.php 第 126 行.
[ 2014-12-08T06:43:20+08:00 ] /gisproject/admin.php/Index/showmanagegis | INFO: Run ParseTemplate Behavior [ RunTime:0.057797s ]
[ 2014-12-08T06:43:20+08:00 ] /gisproject/admin.php/Index/showmanagegis | INFO: Tag[ view_parse ] --END-- [ RunTime:0.057995s ]
[ 2014-12-08T06:43:20+08:00 ] /gisproject/admin.php/Index/showmanagegis | INFO: Tag[ view_filter ] --START--
[ 2014-12-08T06:43:20+08:00 ] /gisproject/admin.php/Index/showmanagegis | INFO: Run ContentReplace Behavior [ RunTime:0.004385s ]
[ 2014-12-08T06:43:20+08:00 ] /gisproject/admin.php/Index/showmanagegis | INFO: Run TokenBuild Behavior [ RunTime:0.004163s ]
[ 2014-12-08T06:43:20+08:00 ] /gisproject/admin.php/Index/showmanagegis | INFO: Run WriteHtmlCache Behavior [ RunTime:0.003500s ]
[ 2014-12-08T06:43:20+08:00 ] /gisproject/admin.php/Index/showmanagegis | INFO: Run ShowRuntime Behavior [ RunTime:0.004344s ]
[ 2014-12-08T06:43:20+08:00 ] /gisproject/admin.php/Index/showmanagegis | INFO: Tag[ view_filter ] --END-- [ RunTime:0.016941s ]
[ 2014-12-08T06:43:20+08:00 ] /gisproject/admin.php/Index/showmanagegis | INFO: Tag[ view_end ] --START--
[ 2014-12-08T06:43:20+08:00 ] /gisproject/admin.php/Index/showmanagegis | INFO: Run ShowPageTrace Behavior [ RunTime:0.006687s ]
[ 2014-12-08T06:43:20+08:00 ] /gisproject/admin.php/Index/showmanagegis | INFO: Tag[ view_end ] --END-- [ RunTime:0.006902s ]
[ 2014-12-08T06:43:21+08:00 ] /gisproject/admin.php/Index/resources/images/closelabel.gif | ERR: (ThinkException) 非法操作resources
