[ 2015-02-16T00:54:27+08:00 ] /gisproject/admin.php/Login/index/ | INFO: Tag[ route_check ] --START--
[ 2015-02-16T00:54:27+08:00 ] /gisproject/admin.php/Login/index/ | INFO: Run CheckRoute Behavior [ RunTime:0.036053s ]
[ 2015-02-16T00:54:27+08:00 ] /gisproject/admin.php/Login/index/ | INFO: Tag[ route_check ] --END-- [ RunTime:0.036303s ]
[ 2015-02-16T00:54:27+08:00 ] /gisproject/admin.php/Login/index/ | INFO: Tag[ app_begin ] --START--
[ 2015-02-16T00:54:27+08:00 ] /gisproject/admin.php/Login/index/ | INFO: Run ReadHtmlCache Behavior [ RunTime:0.005307s ]
[ 2015-02-16T00:54:27+08:00 ] /gisproject/admin.php/Login/index/ | INFO: Tag[ app_begin ] --END-- [ RunTime:0.005567s ]
[ 2015-02-16T00:54:27+08:00 ] /gisproject/admin.php/Login/index/ | INFO: Tag[ view_template ] --START--
[ 2015-02-16T00:54:27+08:00 ] /gisproject/admin.php/Login/index/ | INFO: Run LocationTemplate Behavior [ RunTime:0.007059s ]
[ 2015-02-16T00:54:27+08:00 ] /gisproject/admin.php/Login/index/ | INFO: Tag[ view_template ] --END-- [ RunTime:0.007271s ]
[ 2015-02-16T00:54:27+08:00 ] /gisproject/admin.php/Login/index/ | INFO: Tag[ view_parse ] --START--
[ 2015-02-16T00:54:27+08:00 ] /gisproject/admin.php/Login/index/ | INFO: Run ParseTemplate Behavior [ RunTime:0.088746s ]
[ 2015-02-16T00:54:27+08:00 ] /gisproject/admin.php/Login/index/ | INFO: Tag[ view_parse ] --END-- [ RunTime:0.088962s ]
[ 2015-02-16T00:54:27+08:00 ] /gisproject/admin.php/Login/index/ | INFO: Tag[ view_filter ] --START--
[ 2015-02-16T00:54:27+08:00 ] /gisproject/admin.php/Login/index/ | INFO: Run ContentReplace Behavior [ RunTime:0.003667s ]
[ 2015-02-16T00:54:27+08:00 ] /gisproject/admin.php/Login/index/ | INFO: Run TokenBuild Behavior [ RunTime:0.003861s ]
[ 2015-02-16T00:54:27+08:00 ] /gisproject/admin.php/Login/index/ | INFO: Run WriteHtmlCache Behavior [ RunTime:0.003133s ]
[ 2015-02-16T00:54:27+08:00 ] /gisproject/admin.php/Login/index/ | INFO: Run ShowRuntime Behavior [ RunTime:0.004167s ]
[ 2015-02-16T00:54:27+08:00 ] /gisproject/admin.php/Login/index/ | INFO: Tag[ view_filter ] --END-- [ RunTime:0.015289s ]
[ 2015-02-16T00:54:27+08:00 ] /gisproject/admin.php/Login/index/ | INFO: Tag[ view_end ] --START--
[ 2015-02-16T00:54:27+08:00 ] /gisproject/admin.php/Login/index/ | INFO: Run ShowPageTrace Behavior [ RunTime:0.004122s ]
[ 2015-02-16T00:54:27+08:00 ] /gisproject/admin.php/Login/index/ | INFO: Tag[ view_end ] --END-- [ RunTime:0.004271s ]
[ 2015-02-16T00:54:27+08:00 ] /gisproject/admin.php/Common/verify/ | INFO: Tag[ route_check ] --START--
[ 2015-02-16T00:54:27+08:00 ] /gisproject/admin.php/Common/verify/ | INFO: Run CheckRoute Behavior [ RunTime:0.002207s ]
[ 2015-02-16T00:54:27+08:00 ] /gisproject/admin.php/Common/verify/ | INFO: Tag[ route_check ] --END-- [ RunTime:0.002424s ]
[ 2015-02-16T00:54:27+08:00 ] /gisproject/admin.php/Common/verify/ | INFO: Tag[ app_begin ] --START--
[ 2015-02-16T00:54:27+08:00 ] /gisproject/admin.php/Common/verify/ | INFO: Run ReadHtmlCache Behavior [ RunTime:0.001477s ]
[ 2015-02-16T00:54:27+08:00 ] /gisproject/admin.php/Common/verify/ | INFO: Tag[ app_begin ] --END-- [ RunTime:0.001636s ]
[ 2015-02-16T00:54:28+08:00 ] /gisproject/admin.php/Login/index/resources/images/closelabel.gif | INFO: Tag[ route_check ] --START--
[ 2015-02-16T00:54:28+08:00 ] /gisproject/admin.php/Login/index/resources/images/closelabel.gif | INFO: Run CheckRoute Behavior [ RunTime:0.004646s ]
[ 2015-02-16T00:54:28+08:00 ] /gisproject/admin.php/Login/index/resources/images/closelabel.gif | INFO: Tag[ route_check ] --END-- [ RunTime:0.004926s ]
[ 2015-02-16T00:54:28+08:00 ] /gisproject/admin.php/Login/index/resources/images/closelabel.gif | INFO: Tag[ app_begin ] --START--
[ 2015-02-16T00:54:28+08:00 ] /gisproject/admin.php/Login/index/resources/images/closelabel.gif | INFO: Run ReadHtmlCache Behavior [ RunTime:0.001828s ]
[ 2015-02-16T00:54:28+08:00 ] /gisproject/admin.php/Login/index/resources/images/closelabel.gif | INFO: Tag[ app_begin ] --END-- [ RunTime:0.002013s ]
[ 2015-02-16T00:54:28+08:00 ] /gisproject/admin.php/Login/index/resources/images/closelabel.gif | INFO: Tag[ view_template ] --START--
[ 2015-02-16T00:54:28+08:00 ] /gisproject/admin.php/Login/index/resources/images/closelabel.gif | INFO: Run LocationTemplate Behavior [ RunTime:0.006234s ]
[ 2015-02-16T00:54:28+08:00 ] /gisproject/admin.php/Login/index/resources/images/closelabel.gif | INFO: Tag[ view_template ] --END-- [ RunTime:0.006498s ]
[ 2015-02-16T00:54:28+08:00 ] /gisproject/admin.php/Login/index/resources/images/closelabel.gif | INFO: Tag[ view_parse ] --START--
[ 2015-02-16T00:54:28+08:00 ] /gisproject/admin.php/Login/index/resources/images/closelabel.gif | INFO: Run ParseTemplate Behavior [ RunTime:0.040202s ]
[ 2015-02-16T00:54:28+08:00 ] /gisproject/admin.php/Login/index/resources/images/closelabel.gif | INFO: Tag[ view_parse ] --END-- [ RunTime:0.040454s ]
[ 2015-02-16T00:54:28+08:00 ] /gisproject/admin.php/Login/index/resources/images/closelabel.gif | INFO: Tag[ view_filter ] --START--
[ 2015-02-16T00:54:28+08:00 ] /gisproject/admin.php/Login/index/resources/images/closelabel.gif | INFO: Run ContentReplace Behavior [ RunTime:0.003624s ]
[ 2015-02-16T00:54:28+08:00 ] /gisproject/admin.php/Login/index/resources/images/closelabel.gif | INFO: Run TokenBuild Behavior [ RunTime:0.004283s ]
[ 2015-02-16T00:54:28+08:00 ] /gisproject/admin.php/Login/index/resources/images/closelabel.gif | INFO: Run WriteHtmlCache Behavior [ RunTime:0.003950s ]
[ 2015-02-16T00:54:28+08:00 ] /gisproject/admin.php/Login/index/resources/images/closelabel.gif | INFO: Run ShowRuntime Behavior [ RunTime:0.003882s ]
[ 2015-02-16T00:54:28+08:00 ] /gisproject/admin.php/Login/index/resources/images/closelabel.gif | INFO: Tag[ view_filter ] --END-- [ RunTime:0.016792s ]
[ 2015-02-16T00:54:28+08:00 ] /gisproject/admin.php/Login/index/resources/images/closelabel.gif | INFO: Tag[ view_end ] --START--
[ 2015-02-16T00:54:28+08:00 ] /gisproject/admin.php/Login/index/resources/images/closelabel.gif | INFO: Run ShowPageTrace Behavior [ RunTime:0.004178s ]
[ 2015-02-16T00:54:28+08:00 ] /gisproject/admin.php/Login/index/resources/images/closelabel.gif | INFO: Tag[ view_end ] --END-- [ RunTime:0.004386s ]
[ 2015-02-16T00:54:40+08:00 ] /gisproject/admin.php/Index/index/adminname/ruby97 | INFO: Tag[ route_check ] --START--
[ 2015-02-16T00:54:40+08:00 ] /gisproject/admin.php/Index/index/adminname/ruby97 | INFO: Run CheckRoute Behavior [ RunTime:0.004143s ]
[ 2015-02-16T00:54:40+08:00 ] /gisproject/admin.php/Index/index/adminname/ruby97 | INFO: Tag[ route_check ] --END-- [ RunTime:0.004524s ]
[ 2015-02-16T00:54:40+08:00 ] /gisproject/admin.php/Index/index/adminname/ruby97 | INFO: Tag[ app_begin ] --START--
[ 2015-02-16T00:54:40+08:00 ] /gisproject/admin.php/Index/index/adminname/ruby97 | INFO: Run ReadHtmlCache Behavior [ RunTime:0.002614s ]
[ 2015-02-16T00:54:40+08:00 ] /gisproject/admin.php/Index/index/adminname/ruby97 | INFO: Tag[ app_begin ] --END-- [ RunTime:0.002869s ]
[ 2015-02-16T00:54:40+08:00 ] /gisproject/admin.php/Index/index/adminname/ruby97 | INFO: Tag[ view_template ] --START--
[ 2015-02-16T00:54:40+08:00 ] /gisproject/admin.php/Index/index/adminname/ruby97 | INFO: Run LocationTemplate Behavior [ RunTime:0.047556s ]
[ 2015-02-16T00:54:40+08:00 ] /gisproject/admin.php/Index/index/adminname/ruby97 | INFO: Tag[ view_template ] --END-- [ RunTime:0.047860s ]
[ 2015-02-16T00:54:40+08:00 ] /gisproject/admin.php/Index/index/adminname/ruby97 | INFO: Tag[ view_parse ] --START--
[ 2015-02-16T00:54:40+08:00 ] /gisproject/admin.php/Index/index/adminname/ruby97 | INFO: Run ParseTemplate Behavior [ RunTime:0.041303s ]
[ 2015-02-16T00:54:40+08:00 ] /gisproject/admin.php/Index/index/adminname/ruby97 | INFO: Tag[ view_parse ] --END-- [ RunTime:0.041562s ]
[ 2015-02-16T00:54:40+08:00 ] /gisproject/admin.php/Index/index/adminname/ruby97 | INFO: Tag[ view_filter ] --START--
[ 2015-02-16T00:54:40+08:00 ] /gisproject/admin.php/Index/index/adminname/ruby97 | INFO: Run ContentReplace Behavior [ RunTime:0.001499s ]
[ 2015-02-16T00:54:40+08:00 ] /gisproject/admin.php/Index/index/adminname/ruby97 | INFO: Run TokenBuild Behavior [ RunTime:0.001521s ]
[ 2015-02-16T00:54:40+08:00 ] /gisproject/admin.php/Index/index/adminname/ruby97 | INFO: Run WriteHtmlCache Behavior [ RunTime:0.001102s ]
[ 2015-02-16T00:54:40+08:00 ] /gisproject/admin.php/Index/index/adminname/ruby97 | INFO: Run ShowRuntime Behavior [ RunTime:0.001788s ]
[ 2015-02-16T00:54:40+08:00 ] /gisproject/admin.php/Index/index/adminname/ruby97 | INFO: Tag[ view_filter ] --END-- [ RunTime:0.006470s ]
[ 2015-02-16T00:54:40+08:00 ] /gisproject/admin.php/Index/index/adminname/ruby97 | INFO: Tag[ view_end ] --START--
[ 2015-02-16T00:54:40+08:00 ] /gisproject/admin.php/Index/index/adminname/ruby97 | INFO: Run ShowPageTrace Behavior [ RunTime:0.001821s ]
[ 2015-02-16T00:54:40+08:00 ] /gisproject/admin.php/Index/index/adminname/ruby97 | INFO: Tag[ view_end ] --END-- [ RunTime:0.002017s ]
[ 2015-02-16T00:54:41+08:00 ] /gisproject/admin.php/Index/index/adminname/resources/images/closelabel.gif | INFO: Tag[ route_check ] --START--
[ 2015-02-16T00:54:41+08:00 ] /gisproject/admin.php/Index/index/adminname/resources/images/closelabel.gif | INFO: Run CheckRoute Behavior [ RunTime:0.007549s ]
[ 2015-02-16T00:54:41+08:00 ] /gisproject/admin.php/Index/index/adminname/resources/images/closelabel.gif | INFO: Tag[ route_check ] --END-- [ RunTime:0.007994s ]
[ 2015-02-16T00:54:41+08:00 ] /gisproject/admin.php/Index/index/adminname/resources/images/closelabel.gif | INFO: Tag[ app_begin ] --START--
[ 2015-02-16T00:54:41+08:00 ] /gisproject/admin.php/Index/index/adminname/resources/images/closelabel.gif | INFO: Run ReadHtmlCache Behavior [ RunTime:0.005167s ]
[ 2015-02-16T00:54:41+08:00 ] /gisproject/admin.php/Index/index/adminname/resources/images/closelabel.gif | INFO: Tag[ app_begin ] --END-- [ RunTime:0.005382s ]
[ 2015-02-16T00:54:41+08:00 ] /gisproject/admin.php/Index/index/adminname/resources/images/closelabel.gif | INFO: Tag[ view_template ] --START--
[ 2015-02-16T00:54:41+08:00 ] /gisproject/admin.php/Index/index/adminname/resources/images/closelabel.gif | INFO: Run LocationTemplate Behavior [ RunTime:0.009150s ]
[ 2015-02-16T00:54:41+08:00 ] /gisproject/admin.php/Index/index/adminname/resources/images/closelabel.gif | INFO: Tag[ view_template ] --END-- [ RunTime:0.009483s ]
[ 2015-02-16T00:54:41+08:00 ] /gisproject/admin.php/Index/index/adminname/resources/images/closelabel.gif | INFO: Tag[ view_parse ] --START--
[ 2015-02-16T00:54:41+08:00 ] /gisproject/admin.php/Index/index/adminname/resources/images/closelabel.gif | INFO: Run ParseTemplate Behavior [ RunTime:0.056914s ]
[ 2015-02-16T00:54:41+08:00 ] /gisproject/admin.php/Index/index/adminname/resources/images/closelabel.gif | INFO: Tag[ view_parse ] --END-- [ RunTime:0.057424s ]
[ 2015-02-16T00:54:41+08:00 ] /gisproject/admin.php/Index/index/adminname/resources/images/closelabel.gif | INFO: Tag[ view_filter ] --START--
[ 2015-02-16T00:54:41+08:00 ] /gisproject/admin.php/Index/index/adminname/resources/images/closelabel.gif | INFO: Run ContentReplace Behavior [ RunTime:0.005586s ]
[ 2015-02-16T00:54:41+08:00 ] /gisproject/admin.php/Index/index/adminname/resources/images/closelabel.gif | INFO: Run TokenBuild Behavior [ RunTime:0.005715s ]
[ 2015-02-16T00:54:41+08:00 ] /gisproject/admin.php/Index/index/adminname/resources/images/closelabel.gif | INFO: Run WriteHtmlCache Behavior [ RunTime:0.004881s ]
[ 2015-02-16T00:54:41+08:00 ] /gisproject/admin.php/Index/index/adminname/resources/images/closelabel.gif | INFO: Run ShowRuntime Behavior [ RunTime:0.007228s ]
[ 2015-02-16T00:54:41+08:00 ] /gisproject/admin.php/Index/index/adminname/resources/images/closelabel.gif | INFO: Tag[ view_filter ] --END-- [ RunTime:0.024354s ]
[ 2015-02-16T00:54:41+08:00 ] /gisproject/admin.php/Index/index/adminname/resources/images/closelabel.gif | INFO: Tag[ view_end ] --START--
[ 2015-02-16T00:54:41+08:00 ] /gisproject/admin.php/Index/index/adminname/resources/images/closelabel.gif | INFO: Run ShowPageTrace Behavior [ RunTime:0.006161s ]
[ 2015-02-16T00:54:41+08:00 ] /gisproject/admin.php/Index/index/adminname/resources/images/closelabel.gif | INFO: Tag[ view_end ] --END-- [ RunTime:0.006456s ]
[ 2015-02-16T00:54:43+08:00 ] /gisproject/admin.php/Index/showaddgis | INFO: Tag[ route_check ] --START--
[ 2015-02-16T00:54:43+08:00 ] /gisproject/admin.php/Index/showaddgis | INFO: Run CheckRoute Behavior [ RunTime:0.006393s ]
[ 2015-02-16T00:54:43+08:00 ] /gisproject/admin.php/Index/showaddgis | INFO: Tag[ route_check ] --END-- [ RunTime:0.006701s ]
[ 2015-02-16T00:54:43+08:00 ] /gisproject/admin.php/Index/showaddgis | INFO: Tag[ app_begin ] --START--
[ 2015-02-16T00:54:43+08:00 ] /gisproject/admin.php/Index/showaddgis | INFO: Run ReadHtmlCache Behavior [ RunTime:0.005088s ]
[ 2015-02-16T00:54:43+08:00 ] /gisproject/admin.php/Index/showaddgis | INFO: Tag[ app_begin ] --END-- [ RunTime:0.005301s ]
[ 2015-02-16T00:54:43+08:00 ] /gisproject/admin.php/Index/showaddgis | INFO: Tag[ view_template ] --START--
[ 2015-02-16T00:54:43+08:00 ] /gisproject/admin.php/Index/showaddgis | INFO: Run LocationTemplate Behavior [ RunTime:0.008248s ]
[ 2015-02-16T00:54:43+08:00 ] /gisproject/admin.php/Index/showaddgis | INFO: Tag[ view_template ] --END-- [ RunTime:0.008486s ]
[ 2015-02-16T00:54:43+08:00 ] /gisproject/admin.php/Index/showaddgis | INFO: Tag[ view_parse ] --START--
[ 2015-02-16T00:54:43+08:00 ] /gisproject/admin.php/Index/showaddgis | NOTIC: [8] Undefined variable: page_method f15d73b8f43c102e28c75452e78e4c9c.php 第 187 行.
[ 2015-02-16T00:54:43+08:00 ] /gisproject/admin.php/Index/showaddgis | INFO: Run ParseTemplate Behavior [ RunTime:0.079395s ]
[ 2015-02-16T00:54:43+08:00 ] /gisproject/admin.php/Index/showaddgis | INFO: Tag[ view_parse ] --END-- [ RunTime:0.079608s ]
[ 2015-02-16T00:54:43+08:00 ] /gisproject/admin.php/Index/showaddgis | INFO: Tag[ view_filter ] --START--
[ 2015-02-16T00:54:43+08:00 ] /gisproject/admin.php/Index/showaddgis | INFO: Run ContentReplace Behavior [ RunTime:0.005081s ]
[ 2015-02-16T00:54:43+08:00 ] /gisproject/admin.php/Index/showaddgis | INFO: Run TokenBuild Behavior [ RunTime:0.004360s ]
[ 2015-02-16T00:54:43+08:00 ] /gisproject/admin.php/Index/showaddgis | INFO: Run WriteHtmlCache Behavior [ RunTime:0.003826s ]
[ 2015-02-16T00:54:43+08:00 ] /gisproject/admin.php/Index/showaddgis | INFO: Run ShowRuntime Behavior [ RunTime:0.004611s ]
[ 2015-02-16T00:54:43+08:00 ] /gisproject/admin.php/Index/showaddgis | INFO: Tag[ view_filter ] --END-- [ RunTime:0.018464s ]
[ 2015-02-16T00:54:43+08:00 ] /gisproject/admin.php/Index/showaddgis | INFO: Tag[ view_end ] --START--
[ 2015-02-16T00:54:43+08:00 ] /gisproject/admin.php/Index/showaddgis | INFO: Run ShowPageTrace Behavior [ RunTime:0.005561s ]
[ 2015-02-16T00:54:43+08:00 ] /gisproject/admin.php/Index/showaddgis | INFO: Tag[ view_end ] --END-- [ RunTime:0.005905s ]
[ 2015-02-16T00:54:44+08:00 ] /gisproject/admin.php/Index/resources/images/closelabel.gif | ERR: (ThinkException) 非法操作resources
[ 2015-02-16T00:59:38+08:00 ] /gisproject/admin.php/Index/addgis | INFO: Tag[ route_check ] --START--
[ 2015-02-16T00:59:38+08:00 ] /gisproject/admin.php/Index/addgis | INFO: Run CheckRoute Behavior [ RunTime:0.006341s ]
[ 2015-02-16T00:59:38+08:00 ] /gisproject/admin.php/Index/addgis | INFO: Tag[ route_check ] --END-- [ RunTime:0.006675s ]
[ 2015-02-16T00:59:38+08:00 ] /gisproject/admin.php/Index/addgis | INFO: Tag[ app_begin ] --START--
[ 2015-02-16T00:59:38+08:00 ] /gisproject/admin.php/Index/addgis | INFO: Run ReadHtmlCache Behavior [ RunTime:0.004963s ]
[ 2015-02-16T00:59:38+08:00 ] /gisproject/admin.php/Index/addgis | INFO: Tag[ app_begin ] --END-- [ RunTime:0.005171s ]
[ 2015-02-16T00:59:38+08:00 ] /gisproject/admin.php/Index/addgis | SQL: SHOW COLUMNS FROM `tb_point` [ RunTime:0.038094s ]
[ 2015-02-16T00:59:38+08:00 ] /gisproject/admin.php/Index/addgis | INFO: Tag[ view_template ] --START--
[ 2015-02-16T00:59:38+08:00 ] /gisproject/admin.php/Index/addgis | INFO: Run LocationTemplate Behavior [ RunTime:0.007042s ]
[ 2015-02-16T00:59:38+08:00 ] /gisproject/admin.php/Index/addgis | INFO: Tag[ view_template ] --END-- [ RunTime:0.007331s ]
[ 2015-02-16T00:59:38+08:00 ] /gisproject/admin.php/Index/addgis | INFO: Tag[ view_parse ] --START--
[ 2015-02-16T00:59:38+08:00 ] /gisproject/admin.php/Index/addgis | INFO: Run ParseTemplate Behavior [ RunTime:0.100480s ]
[ 2015-02-16T00:59:38+08:00 ] /gisproject/admin.php/Index/addgis | INFO: Tag[ view_parse ] --END-- [ RunTime:0.100733s ]
[ 2015-02-16T00:59:38+08:00 ] /gisproject/admin.php/Index/addgis | INFO: Tag[ view_filter ] --START--
[ 2015-02-16T00:59:38+08:00 ] /gisproject/admin.php/Index/addgis | INFO: Run ContentReplace Behavior [ RunTime:0.004126s ]
[ 2015-02-16T00:59:38+08:00 ] /gisproject/admin.php/Index/addgis | INFO: Run TokenBuild Behavior [ RunTime:0.004321s ]
[ 2015-02-16T00:59:38+08:00 ] /gisproject/admin.php/Index/addgis | INFO: Run WriteHtmlCache Behavior [ RunTime:0.003569s ]
[ 2015-02-16T00:59:38+08:00 ] /gisproject/admin.php/Index/addgis | INFO: Run ShowRuntime Behavior [ RunTime:0.004373s ]
[ 2015-02-16T00:59:38+08:00 ] /gisproject/admin.php/Index/addgis | INFO: Tag[ view_filter ] --END-- [ RunTime:0.016951s ]
[ 2015-02-16T00:59:38+08:00 ] /gisproject/admin.php/Index/addgis | INFO: Tag[ view_end ] --START--
[ 2015-02-16T00:59:38+08:00 ] /gisproject/admin.php/Index/addgis | INFO: Run ShowPageTrace Behavior [ RunTime:0.004666s ]
[ 2015-02-16T00:59:38+08:00 ] /gisproject/admin.php/Index/addgis | INFO: Tag[ view_end ] --END-- [ RunTime:0.004877s ]
[ 2015-02-16T00:59:40+08:00 ] /gisproject/admin.php/Index/showaddgis | INFO: Tag[ route_check ] --START--
[ 2015-02-16T00:59:40+08:00 ] /gisproject/admin.php/Index/showaddgis | INFO: Run CheckRoute Behavior [ RunTime:0.003676s ]
[ 2015-02-16T00:59:40+08:00 ] /gisproject/admin.php/Index/showaddgis | INFO: Tag[ route_check ] --END-- [ RunTime:0.004047s ]
[ 2015-02-16T00:59:40+08:00 ] /gisproject/admin.php/Index/showaddgis | INFO: Tag[ app_begin ] --START--
[ 2015-02-16T00:59:40+08:00 ] /gisproject/admin.php/Index/showaddgis | INFO: Run ReadHtmlCache Behavior [ RunTime:0.002263s ]
[ 2015-02-16T00:59:40+08:00 ] /gisproject/admin.php/Index/showaddgis | INFO: Tag[ app_begin ] --END-- [ RunTime:0.002476s ]
[ 2015-02-16T00:59:40+08:00 ] /gisproject/admin.php/Index/showaddgis | INFO: Tag[ view_template ] --START--
[ 2015-02-16T00:59:40+08:00 ] /gisproject/admin.php/Index/showaddgis | INFO: Run LocationTemplate Behavior [ RunTime:0.006141s ]
[ 2015-02-16T00:59:40+08:00 ] /gisproject/admin.php/Index/showaddgis | INFO: Tag[ view_template ] --END-- [ RunTime:0.006433s ]
[ 2015-02-16T00:59:40+08:00 ] /gisproject/admin.php/Index/showaddgis | INFO: Tag[ view_parse ] --START--
[ 2015-02-16T00:59:40+08:00 ] /gisproject/admin.php/Index/showaddgis | NOTIC: [8] Undefined variable: page_method f15d73b8f43c102e28c75452e78e4c9c.php 第 187 行.
[ 2015-02-16T00:59:40+08:00 ] /gisproject/admin.php/Index/showaddgis | INFO: Run ParseTemplate Behavior [ RunTime:0.047402s ]
[ 2015-02-16T00:59:40+08:00 ] /gisproject/admin.php/Index/showaddgis | INFO: Tag[ view_parse ] --END-- [ RunTime:0.047641s ]
[ 2015-02-16T00:59:40+08:00 ] /gisproject/admin.php/Index/showaddgis | INFO: Tag[ view_filter ] --START--
[ 2015-02-16T00:59:40+08:00 ] /gisproject/admin.php/Index/showaddgis | INFO: Run ContentReplace Behavior [ RunTime:0.001769s ]
[ 2015-02-16T00:59:40+08:00 ] /gisproject/admin.php/Index/showaddgis | INFO: Run TokenBuild Behavior [ RunTime:0.001909s ]
[ 2015-02-16T00:59:40+08:00 ] /gisproject/admin.php/Index/showaddgis | INFO: Run WriteHtmlCache Behavior [ RunTime:0.001060s ]
[ 2015-02-16T00:59:40+08:00 ] /gisproject/admin.php/Index/showaddgis | INFO: Run ShowRuntime Behavior [ RunTime:0.001956s ]
[ 2015-02-16T00:59:40+08:00 ] /gisproject/admin.php/Index/showaddgis | INFO: Tag[ view_filter ] --END-- [ RunTime:0.007406s ]
[ 2015-02-16T00:59:40+08:00 ] /gisproject/admin.php/Index/showaddgis | INFO: Tag[ view_end ] --START--
[ 2015-02-16T00:59:40+08:00 ] /gisproject/admin.php/Index/showaddgis | INFO: Run ShowPageTrace Behavior [ RunTime:0.002640s ]
[ 2015-02-16T00:59:40+08:00 ] /gisproject/admin.php/Index/showaddgis | INFO: Tag[ view_end ] --END-- [ RunTime:0.002881s ]
[ 2015-02-16T00:59:41+08:00 ] /gisproject/admin.php/Index/resources/images/closelabel.gif | ERR: (ThinkException) 非法操作resources
[ 2015-02-16T01:01:58+08:00 ] /gisproject/admin.php/Index/addgis | INFO: Tag[ route_check ] --START--
[ 2015-02-16T01:01:58+08:00 ] /gisproject/admin.php/Index/addgis | INFO: Run CheckRoute Behavior [ RunTime:0.006536s ]
[ 2015-02-16T01:01:58+08:00 ] /gisproject/admin.php/Index/addgis | INFO: Tag[ route_check ] --END-- [ RunTime:0.006872s ]
[ 2015-02-16T01:01:58+08:00 ] /gisproject/admin.php/Index/addgis | INFO: Tag[ app_begin ] --START--
[ 2015-02-16T01:01:58+08:00 ] /gisproject/admin.php/Index/addgis | INFO: Run ReadHtmlCache Behavior [ RunTime:0.004966s ]
[ 2015-02-16T01:01:58+08:00 ] /gisproject/admin.php/Index/addgis | INFO: Tag[ app_begin ] --END-- [ RunTime:0.005170s ]
[ 2015-02-16T01:01:58+08:00 ] /gisproject/admin.php/Index/addgis | SQL: SHOW COLUMNS FROM `tb_point` [ RunTime:0.022765s ]
[ 2015-02-16T01:01:58+08:00 ] /gisproject/admin.php/Index/addgis | INFO: Tag[ view_template ] --START--
[ 2015-02-16T01:01:58+08:00 ] /gisproject/admin.php/Index/addgis | INFO: Run LocationTemplate Behavior [ RunTime:0.006759s ]
[ 2015-02-16T01:01:58+08:00 ] /gisproject/admin.php/Index/addgis | INFO: Tag[ view_template ] --END-- [ RunTime:0.007011s ]
[ 2015-02-16T01:01:58+08:00 ] /gisproject/admin.php/Index/addgis | INFO: Tag[ view_parse ] --START--
[ 2015-02-16T01:01:58+08:00 ] /gisproject/admin.php/Index/addgis | INFO: Run ParseTemplate Behavior [ RunTime:0.050913s ]
[ 2015-02-16T01:01:58+08:00 ] /gisproject/admin.php/Index/addgis | INFO: Tag[ view_parse ] --END-- [ RunTime:0.051176s ]
[ 2015-02-16T01:01:58+08:00 ] /gisproject/admin.php/Index/addgis | INFO: Tag[ view_filter ] --START--
[ 2015-02-16T01:01:58+08:00 ] /gisproject/admin.php/Index/addgis | INFO: Run ContentReplace Behavior [ RunTime:0.004049s ]
[ 2015-02-16T01:01:58+08:00 ] /gisproject/admin.php/Index/addgis | INFO: Run TokenBuild Behavior [ RunTime:0.004507s ]
[ 2015-02-16T01:01:58+08:00 ] /gisproject/admin.php/Index/addgis | INFO: Run WriteHtmlCache Behavior [ RunTime:0.003605s ]
[ 2015-02-16T01:01:58+08:00 ] /gisproject/admin.php/Index/addgis | INFO: Run ShowRuntime Behavior [ RunTime:0.004589s ]
[ 2015-02-16T01:01:58+08:00 ] /gisproject/admin.php/Index/addgis | INFO: Tag[ view_filter ] --END-- [ RunTime:0.017351s ]
[ 2015-02-16T01:01:58+08:00 ] /gisproject/admin.php/Index/addgis | INFO: Tag[ view_end ] --START--
[ 2015-02-16T01:01:58+08:00 ] /gisproject/admin.php/Index/addgis | INFO: Run ShowPageTrace Behavior [ RunTime:0.004394s ]
[ 2015-02-16T01:01:58+08:00 ] /gisproject/admin.php/Index/addgis | INFO: Tag[ view_end ] --END-- [ RunTime:0.004601s ]
[ 2015-02-16T01:02:00+08:00 ] /gisproject/admin.php/Index/showaddgis | INFO: Tag[ route_check ] --START--
[ 2015-02-16T01:02:00+08:00 ] /gisproject/admin.php/Index/showaddgis | INFO: Run CheckRoute Behavior [ RunTime:0.003760s ]
[ 2015-02-16T01:02:00+08:00 ] /gisproject/admin.php/Index/showaddgis | INFO: Tag[ route_check ] --END-- [ RunTime:0.004113s ]
[ 2015-02-16T01:02:00+08:00 ] /gisproject/admin.php/Index/showaddgis | INFO: Tag[ app_begin ] --START--
[ 2015-02-16T01:02:00+08:00 ] /gisproject/admin.php/Index/showaddgis | INFO: Run ReadHtmlCache Behavior [ RunTime:0.002367s ]
[ 2015-02-16T01:02:00+08:00 ] /gisproject/admin.php/Index/showaddgis | INFO: Tag[ app_begin ] --END-- [ RunTime:0.002587s ]
[ 2015-02-16T01:02:00+08:00 ] /gisproject/admin.php/Index/showaddgis | INFO: Tag[ view_template ] --START--
[ 2015-02-16T01:02:00+08:00 ] /gisproject/admin.php/Index/showaddgis | INFO: Run LocationTemplate Behavior [ RunTime:0.005721s ]
[ 2015-02-16T01:02:00+08:00 ] /gisproject/admin.php/Index/showaddgis | INFO: Tag[ view_template ] --END-- [ RunTime:0.006012s ]
[ 2015-02-16T01:02:00+08:00 ] /gisproject/admin.php/Index/showaddgis | INFO: Tag[ view_parse ] --START--
[ 2015-02-16T01:02:00+08:00 ] /gisproject/admin.php/Index/showaddgis | NOTIC: [8] Undefined variable: page_method f15d73b8f43c102e28c75452e78e4c9c.php 第 187 行.
[ 2015-02-16T01:02:00+08:00 ] /gisproject/admin.php/Index/showaddgis | INFO: Run ParseTemplate Behavior [ RunTime:0.044008s ]
[ 2015-02-16T01:02:00+08:00 ] /gisproject/admin.php/Index/showaddgis | INFO: Tag[ view_parse ] --END-- [ RunTime:0.044421s ]
[ 2015-02-16T01:02:00+08:00 ] /gisproject/admin.php/Index/showaddgis | INFO: Tag[ view_filter ] --START--
[ 2015-02-16T01:02:00+08:00 ] /gisproject/admin.php/Index/showaddgis | INFO: Run ContentReplace Behavior [ RunTime:0.001779s ]
[ 2015-02-16T01:02:00+08:00 ] /gisproject/admin.php/Index/showaddgis | INFO: Run TokenBuild Behavior [ RunTime:0.001918s ]
[ 2015-02-16T01:02:00+08:00 ] /gisproject/admin.php/Index/showaddgis | INFO: Run WriteHtmlCache Behavior [ RunTime:0.001122s ]
[ 2015-02-16T01:02:00+08:00 ] /gisproject/admin.php/Index/showaddgis | INFO: Run ShowRuntime Behavior [ RunTime:0.002036s ]
[ 2015-02-16T01:02:00+08:00 ] /gisproject/admin.php/Index/showaddgis | INFO: Tag[ view_filter ] --END-- [ RunTime:0.007550s ]
[ 2015-02-16T01:02:00+08:00 ] /gisproject/admin.php/Index/showaddgis | INFO: Tag[ view_end ] --START--
[ 2015-02-16T01:02:00+08:00 ] /gisproject/admin.php/Index/showaddgis | INFO: Run ShowPageTrace Behavior [ RunTime:0.002376s ]
[ 2015-02-16T01:02:00+08:00 ] /gisproject/admin.php/Index/showaddgis | INFO: Tag[ view_end ] --END-- [ RunTime:0.002602s ]
[ 2015-02-16T01:02:00+08:00 ] /gisproject/admin.php/Index/resources/images/closelabel.gif | ERR: (ThinkException) 非法操作resources
[ 2015-02-16T01:03:46+08:00 ] /gisproject/admin.php/Index/addgis | INFO: Tag[ route_check ] --START--
[ 2015-02-16T01:03:46+08:00 ] /gisproject/admin.php/Index/addgis | INFO: Run CheckRoute Behavior [ RunTime:0.003620s ]
[ 2015-02-16T01:03:46+08:00 ] /gisproject/admin.php/Index/addgis | INFO: Tag[ route_check ] --END-- [ RunTime:0.004147s ]
[ 2015-02-16T01:03:46+08:00 ] /gisproject/admin.php/Index/addgis | INFO: Tag[ app_begin ] --START--
[ 2015-02-16T01:03:46+08:00 ] /gisproject/admin.php/Index/addgis | INFO: Run ReadHtmlCache Behavior [ RunTime:0.002351s ]
[ 2015-02-16T01:03:46+08:00 ] /gisproject/admin.php/Index/addgis | INFO: Tag[ app_begin ] --END-- [ RunTime:0.002578s ]
[ 2015-02-16T01:03:46+08:00 ] /gisproject/admin.php/Index/addgis | SQL: SHOW COLUMNS FROM `tb_point` [ RunTime:0.017806s ]
[ 2015-02-16T01:03:46+08:00 ] /gisproject/admin.php/Index/addgis | INFO: Tag[ view_template ] --START--
[ 2015-02-16T01:03:46+08:00 ] /gisproject/admin.php/Index/addgis | INFO: Run LocationTemplate Behavior [ RunTime:0.002180s ]
[ 2015-02-16T01:03:46+08:00 ] /gisproject/admin.php/Index/addgis | INFO: Tag[ view_template ] --END-- [ RunTime:0.002497s ]
[ 2015-02-16T01:03:46+08:00 ] /gisproject/admin.php/Index/addgis | INFO: Tag[ view_parse ] --START--
[ 2015-02-16T01:03:46+08:00 ] /gisproject/admin.php/Index/addgis | INFO: Run ParseTemplate Behavior [ RunTime:0.048628s ]
[ 2015-02-16T01:03:46+08:00 ] /gisproject/admin.php/Index/addgis | INFO: Tag[ view_parse ] --END-- [ RunTime:0.048982s ]
[ 2015-02-16T01:03:46+08:00 ] /gisproject/admin.php/Index/addgis | INFO: Tag[ view_filter ] --START--
[ 2015-02-16T01:03:46+08:00 ] /gisproject/admin.php/Index/addgis | INFO: Run ContentReplace Behavior [ RunTime:0.001955s ]
[ 2015-02-16T01:03:46+08:00 ] /gisproject/admin.php/Index/addgis | INFO: Run TokenBuild Behavior [ RunTime:0.002094s ]
[ 2015-02-16T01:03:46+08:00 ] /gisproject/admin.php/Index/addgis | INFO: Run WriteHtmlCache Behavior [ RunTime:0.001290s ]
[ 2015-02-16T01:03:46+08:00 ] /gisproject/admin.php/Index/addgis | INFO: Run ShowRuntime Behavior [ RunTime:0.002415s ]
[ 2015-02-16T01:03:46+08:00 ] /gisproject/admin.php/Index/addgis | INFO: Tag[ view_filter ] --END-- [ RunTime:0.008489s ]
[ 2015-02-16T01:03:46+08:00 ] /gisproject/admin.php/Index/addgis | INFO: Tag[ view_end ] --START--
[ 2015-02-16T01:03:46+08:00 ] /gisproject/admin.php/Index/addgis | INFO: Run ShowPageTrace Behavior [ RunTime:0.002329s ]
[ 2015-02-16T01:03:46+08:00 ] /gisproject/admin.php/Index/addgis | INFO: Tag[ view_end ] --END-- [ RunTime:0.002577s ]
[ 2015-02-16T01:03:48+08:00 ] /gisproject/admin.php/Index/showaddgis | INFO: Tag[ route_check ] --START--
[ 2015-02-16T01:03:48+08:00 ] /gisproject/admin.php/Index/showaddgis | INFO: Run CheckRoute Behavior [ RunTime:0.003649s ]
[ 2015-02-16T01:03:48+08:00 ] /gisproject/admin.php/Index/showaddgis | INFO: Tag[ route_check ] --END-- [ RunTime:0.003975s ]
[ 2015-02-16T01:03:48+08:00 ] /gisproject/admin.php/Index/showaddgis | INFO: Tag[ app_begin ] --START--
[ 2015-02-16T01:03:48+08:00 ] /gisproject/admin.php/Index/showaddgis | INFO: Run ReadHtmlCache Behavior [ RunTime:0.002238s ]
[ 2015-02-16T01:03:48+08:00 ] /gisproject/admin.php/Index/showaddgis | INFO: Tag[ app_begin ] --END-- [ RunTime:0.002480s ]
[ 2015-02-16T01:03:48+08:00 ] /gisproject/admin.php/Index/showaddgis | INFO: Tag[ view_template ] --START--
[ 2015-02-16T01:03:48+08:00 ] /gisproject/admin.php/Index/showaddgis | INFO: Run LocationTemplate Behavior [ RunTime:0.002860s ]
[ 2015-02-16T01:03:48+08:00 ] /gisproject/admin.php/Index/showaddgis | INFO: Tag[ view_template ] --END-- [ RunTime:0.003121s ]
[ 2015-02-16T01:03:48+08:00 ] /gisproject/admin.php/Index/showaddgis | INFO: Tag[ view_parse ] --START--
[ 2015-02-16T01:03:48+08:00 ] /gisproject/admin.php/Index/showaddgis | NOTIC: [8] Undefined variable: page_method f15d73b8f43c102e28c75452e78e4c9c.php 第 187 行.
[ 2015-02-16T01:03:48+08:00 ] /gisproject/admin.php/Index/showaddgis | INFO: Run ParseTemplate Behavior [ RunTime:0.045603s ]
[ 2015-02-16T01:03:48+08:00 ] /gisproject/admin.php/Index/showaddgis | INFO: Tag[ view_parse ] --END-- [ RunTime:0.045832s ]
[ 2015-02-16T01:03:48+08:00 ] /gisproject/admin.php/Index/showaddgis | INFO: Tag[ view_filter ] --START--
[ 2015-02-16T01:03:48+08:00 ] /gisproject/admin.php/Index/showaddgis | INFO: Run ContentReplace Behavior [ RunTime:0.001951s ]
[ 2015-02-16T01:03:48+08:00 ] /gisproject/admin.php/Index/showaddgis | INFO: Run TokenBuild Behavior [ RunTime:0.001900s ]
[ 2015-02-16T01:03:48+08:00 ] /gisproject/admin.php/Index/showaddgis | INFO: Run WriteHtmlCache Behavior [ RunTime:0.001103s ]
[ 2015-02-16T01:03:48+08:00 ] /gisproject/admin.php/Index/showaddgis | INFO: Run ShowRuntime Behavior [ RunTime:0.002119s ]
[ 2015-02-16T01:03:48+08:00 ] /gisproject/admin.php/Index/showaddgis | INFO: Tag[ view_filter ] --END-- [ RunTime:0.007727s ]
[ 2015-02-16T01:03:48+08:00 ] /gisproject/admin.php/Index/showaddgis | INFO: Tag[ view_end ] --START--
[ 2015-02-16T01:03:48+08:00 ] /gisproject/admin.php/Index/showaddgis | INFO: Run ShowPageTrace Behavior [ RunTime:0.002726s ]
[ 2015-02-16T01:03:48+08:00 ] /gisproject/admin.php/Index/showaddgis | INFO: Tag[ view_end ] --END-- [ RunTime:0.002963s ]
[ 2015-02-16T01:03:48+08:00 ] /gisproject/admin.php/Index/resources/images/closelabel.gif | ERR: (ThinkException) 非法操作resources
[ 2015-02-16T01:05:07+08:00 ] /gisproject/admin.php/Index/addgis | INFO: Tag[ route_check ] --START--
[ 2015-02-16T01:05:07+08:00 ] /gisproject/admin.php/Index/addgis | INFO: Run CheckRoute Behavior [ RunTime:0.006750s ]
[ 2015-02-16T01:05:07+08:00 ] /gisproject/admin.php/Index/addgis | INFO: Tag[ route_check ] --END-- [ RunTime:0.007096s ]
[ 2015-02-16T01:05:07+08:00 ] /gisproject/admin.php/Index/addgis | INFO: Tag[ app_begin ] --START--
[ 2015-02-16T01:05:07+08:00 ] /gisproject/admin.php/Index/addgis | INFO: Run ReadHtmlCache Behavior [ RunTime:0.005295s ]
[ 2015-02-16T01:05:07+08:00 ] /gisproject/admin.php/Index/addgis | INFO: Tag[ app_begin ] --END-- [ RunTime:0.005514s ]
[ 2015-02-16T01:05:07+08:00 ] /gisproject/admin.php/Index/addgis | SQL: SHOW COLUMNS FROM `tb_point` [ RunTime:0.015015s ]
[ 2015-02-16T01:05:07+08:00 ] /gisproject/admin.php/Index/addgis | INFO: Tag[ view_template ] --START--
[ 2015-02-16T01:05:07+08:00 ] /gisproject/admin.php/Index/addgis | INFO: Run LocationTemplate Behavior [ RunTime:0.007629s ]
[ 2015-02-16T01:05:07+08:00 ] /gisproject/admin.php/Index/addgis | INFO: Tag[ view_template ] --END-- [ RunTime:0.007898s ]
[ 2015-02-16T01:05:07+08:00 ] /gisproject/admin.php/Index/addgis | INFO: Tag[ view_parse ] --START--
[ 2015-02-16T01:05:07+08:00 ] /gisproject/admin.php/Index/addgis | INFO: Run ParseTemplate Behavior [ RunTime:0.053193s ]
[ 2015-02-16T01:05:07+08:00 ] /gisproject/admin.php/Index/addgis | INFO: Tag[ view_parse ] --END-- [ RunTime:0.053544s ]
[ 2015-02-16T01:05:07+08:00 ] /gisproject/admin.php/Index/addgis | INFO: Tag[ view_filter ] --START--
[ 2015-02-16T01:05:07+08:00 ] /gisproject/admin.php/Index/addgis | INFO: Run ContentReplace Behavior [ RunTime:0.003790s ]
[ 2015-02-16T01:05:07+08:00 ] /gisproject/admin.php/Index/addgis | INFO: Run TokenBuild Behavior [ RunTime:0.003667s ]
[ 2015-02-16T01:05:07+08:00 ] /gisproject/admin.php/Index/addgis | INFO: Run WriteHtmlCache Behavior [ RunTime:0.003209s ]
[ 2015-02-16T01:05:07+08:00 ] /gisproject/admin.php/Index/addgis | INFO: Run ShowRuntime Behavior [ RunTime:0.004287s ]
[ 2015-02-16T01:05:07+08:00 ] /gisproject/admin.php/Index/addgis | INFO: Tag[ view_filter ] --END-- [ RunTime:0.015477s ]
[ 2015-02-16T01:05:07+08:00 ] /gisproject/admin.php/Index/addgis | INFO: Tag[ view_end ] --START--
[ 2015-02-16T01:05:07+08:00 ] /gisproject/admin.php/Index/addgis | INFO: Run ShowPageTrace Behavior [ RunTime:0.003991s ]
[ 2015-02-16T01:05:07+08:00 ] /gisproject/admin.php/Index/addgis | INFO: Tag[ view_end ] --END-- [ RunTime:0.004200s ]
[ 2015-02-16T01:05:08+08:00 ] /gisproject/admin.php/Index/showaddgis | INFO: Tag[ route_check ] --START--
[ 2015-02-16T01:05:08+08:00 ] /gisproject/admin.php/Index/showaddgis | INFO: Run CheckRoute Behavior [ RunTime:0.003508s ]
[ 2015-02-16T01:05:08+08:00 ] /gisproject/admin.php/Index/showaddgis | INFO: Tag[ route_check ] --END-- [ RunTime:0.003863s ]
[ 2015-02-16T01:05:08+08:00 ] /gisproject/admin.php/Index/showaddgis | INFO: Tag[ app_begin ] --START--
[ 2015-02-16T01:05:08+08:00 ] /gisproject/admin.php/Index/showaddgis | INFO: Run ReadHtmlCache Behavior [ RunTime:0.002560s ]
[ 2015-02-16T01:05:08+08:00 ] /gisproject/admin.php/Index/showaddgis | INFO: Tag[ app_begin ] --END-- [ RunTime:0.002791s ]
[ 2015-02-16T01:05:08+08:00 ] /gisproject/admin.php/Index/showaddgis | INFO: Tag[ view_template ] --START--
[ 2015-02-16T01:05:08+08:00 ] /gisproject/admin.php/Index/showaddgis | INFO: Run LocationTemplate Behavior [ RunTime:0.005624s ]
[ 2015-02-16T01:05:08+08:00 ] /gisproject/admin.php/Index/showaddgis | INFO: Tag[ view_template ] --END-- [ RunTime:0.005885s ]
[ 2015-02-16T01:05:08+08:00 ] /gisproject/admin.php/Index/showaddgis | INFO: Tag[ view_parse ] --START--
[ 2015-02-16T01:05:08+08:00 ] /gisproject/admin.php/Index/showaddgis | NOTIC: [8] Undefined variable: page_method f15d73b8f43c102e28c75452e78e4c9c.php 第 187 行.
[ 2015-02-16T01:05:08+08:00 ] /gisproject/admin.php/Index/showaddgis | INFO: Run ParseTemplate Behavior [ RunTime:0.056325s ]
[ 2015-02-16T01:05:08+08:00 ] /gisproject/admin.php/Index/showaddgis | INFO: Tag[ view_parse ] --END-- [ RunTime:0.056554s ]
[ 2015-02-16T01:05:08+08:00 ] /gisproject/admin.php/Index/showaddgis | INFO: Tag[ view_filter ] --START--
[ 2015-02-16T01:05:08+08:00 ] /gisproject/admin.php/Index/showaddgis | INFO: Run ContentReplace Behavior [ RunTime:0.002624s ]
[ 2015-02-16T01:05:08+08:00 ] /gisproject/admin.php/Index/showaddgis | INFO: Run TokenBuild Behavior [ RunTime:0.002507s ]
[ 2015-02-16T01:05:08+08:00 ] /gisproject/admin.php/Index/showaddgis | INFO: Run WriteHtmlCache Behavior [ RunTime:0.001048s ]
[ 2015-02-16T01:05:08+08:00 ] /gisproject/admin.php/Index/showaddgis | INFO: Run ShowRuntime Behavior [ RunTime:0.002201s ]
[ 2015-02-16T01:05:08+08:00 ] /gisproject/admin.php/Index/showaddgis | INFO: Tag[ view_filter ] --END-- [ RunTime:0.009020s ]
[ 2015-02-16T01:05:08+08:00 ] /gisproject/admin.php/Index/showaddgis | INFO: Tag[ view_end ] --START--
[ 2015-02-16T01:05:08+08:00 ] /gisproject/admin.php/Index/showaddgis | INFO: Run ShowPageTrace Behavior [ RunTime:0.001977s ]
[ 2015-02-16T01:05:08+08:00 ] /gisproject/admin.php/Index/showaddgis | INFO: Tag[ view_end ] --END-- [ RunTime:0.002207s ]
[ 2015-02-16T01:05:09+08:00 ] /gisproject/admin.php/Index/resources/images/closelabel.gif | ERR: (ThinkException) 非法操作resources
[ 2015-02-16T10:35:14+08:00 ] /gisproject/admin.php/Login/index/ | INFO: Tag[ route_check ] --START--
[ 2015-02-16T10:35:14+08:00 ] /gisproject/admin.php/Login/index/ | INFO: Run CheckRoute Behavior [ RunTime:0.031816s ]
[ 2015-02-16T10:35:14+08:00 ] /gisproject/admin.php/Login/index/ | INFO: Tag[ route_check ] --END-- [ RunTime:0.032063s ]
[ 2015-02-16T10:35:14+08:00 ] /gisproject/admin.php/Login/index/ | INFO: Tag[ app_begin ] --START--
[ 2015-02-16T10:35:14+08:00 ] /gisproject/admin.php/Login/index/ | INFO: Run ReadHtmlCache Behavior [ RunTime:0.003824s ]
[ 2015-02-16T10:35:14+08:00 ] /gisproject/admin.php/Login/index/ | INFO: Tag[ app_begin ] --END-- [ RunTime:0.003993s ]
[ 2015-02-16T10:35:14+08:00 ] /gisproject/admin.php/Login/index/ | INFO: Tag[ view_template ] --START--
[ 2015-02-16T10:35:14+08:00 ] /gisproject/admin.php/Login/index/ | INFO: Run LocationTemplate Behavior [ RunTime:0.044626s ]
[ 2015-02-16T10:35:14+08:00 ] /gisproject/admin.php/Login/index/ | INFO: Tag[ view_template ] --END-- [ RunTime:0.044833s ]
[ 2015-02-16T10:35:14+08:00 ] /gisproject/admin.php/Login/index/ | INFO: Tag[ view_parse ] --START--
[ 2015-02-16T10:35:14+08:00 ] /gisproject/admin.php/Login/index/ | INFO: Run ParseTemplate Behavior [ RunTime:0.083266s ]
[ 2015-02-16T10:35:14+08:00 ] /gisproject/admin.php/Login/index/ | INFO: Tag[ view_parse ] --END-- [ RunTime:0.083451s ]
[ 2015-02-16T10:35:14+08:00 ] /gisproject/admin.php/Login/index/ | INFO: Tag[ view_filter ] --START--
[ 2015-02-16T10:35:14+08:00 ] /gisproject/admin.php/Login/index/ | INFO: Run ContentReplace Behavior [ RunTime:0.003858s ]
[ 2015-02-16T10:35:14+08:00 ] /gisproject/admin.php/Login/index/ | INFO: Run TokenBuild Behavior [ RunTime:0.033200s ]
[ 2015-02-16T10:35:14+08:00 ] /gisproject/admin.php/Login/index/ | INFO: Run WriteHtmlCache Behavior [ RunTime:0.002878s ]
[ 2015-02-16T10:35:14+08:00 ] /gisproject/admin.php/Login/index/ | INFO: Run ShowRuntime Behavior [ RunTime:0.003205s ]
[ 2015-02-16T10:35:14+08:00 ] /gisproject/admin.php/Login/index/ | INFO: Tag[ view_filter ] --END-- [ RunTime:0.043571s ]
[ 2015-02-16T10:35:14+08:00 ] /gisproject/admin.php/Login/index/ | INFO: Tag[ view_end ] --START--
[ 2015-02-16T10:35:14+08:00 ] /gisproject/admin.php/Login/index/ | INFO: Run ShowPageTrace Behavior [ RunTime:0.003388s ]
[ 2015-02-16T10:35:14+08:00 ] /gisproject/admin.php/Login/index/ | INFO: Tag[ view_end ] --END-- [ RunTime:0.003524s ]
[ 2015-02-16T10:35:15+08:00 ] /gisproject/admin.php/Common/verify/ | INFO: Tag[ route_check ] --START--
[ 2015-02-16T10:35:15+08:00 ] /gisproject/admin.php/Common/verify/ | INFO: Run CheckRoute Behavior [ RunTime:0.002752s ]
[ 2015-02-16T10:35:15+08:00 ] /gisproject/admin.php/Common/verify/ | INFO: Tag[ route_check ] --END-- [ RunTime:0.002987s ]
[ 2015-02-16T10:35:15+08:00 ] /gisproject/admin.php/Common/verify/ | INFO: Tag[ app_begin ] --START--
[ 2015-02-16T10:35:15+08:00 ] /gisproject/admin.php/Common/verify/ | INFO: Run ReadHtmlCache Behavior [ RunTime:0.001675s ]
[ 2015-02-16T10:35:15+08:00 ] /gisproject/admin.php/Common/verify/ | INFO: Tag[ app_begin ] --END-- [ RunTime:0.001814s ]
[ 2015-02-16T10:35:16+08:00 ] /gisproject/admin.php/Login/index/resources/images/closelabel.gif | INFO: Tag[ route_check ] --START--
[ 2015-02-16T10:35:16+08:00 ] /gisproject/admin.php/Login/index/resources/images/closelabel.gif | INFO: Run CheckRoute Behavior [ RunTime:0.034250s ]
[ 2015-02-16T10:35:16+08:00 ] /gisproject/admin.php/Login/index/resources/images/closelabel.gif | INFO: Tag[ route_check ] --END-- [ RunTime:0.034520s ]
[ 2015-02-16T10:35:16+08:00 ] /gisproject/admin.php/Login/index/resources/images/closelabel.gif | INFO: Tag[ app_begin ] --START--
[ 2015-02-16T10:35:16+08:00 ] /gisproject/admin.php/Login/index/resources/images/closelabel.gif | INFO: Run ReadHtmlCache Behavior [ RunTime:0.004845s ]
[ 2015-02-16T10:35:16+08:00 ] /gisproject/admin.php/Login/index/resources/images/closelabel.gif | INFO: Tag[ app_begin ] --END-- [ RunTime:0.005147s ]
[ 2015-02-16T10:35:16+08:00 ] /gisproject/admin.php/Login/index/resources/images/closelabel.gif | INFO: Tag[ view_template ] --START--
[ 2015-02-16T10:35:16+08:00 ] /gisproject/admin.php/Login/index/resources/images/closelabel.gif | INFO: Run LocationTemplate Behavior [ RunTime:0.004976s ]
[ 2015-02-16T10:35:16+08:00 ] /gisproject/admin.php/Login/index/resources/images/closelabel.gif | INFO: Tag[ view_template ] --END-- [ RunTime:0.005165s ]
[ 2015-02-16T10:35:16+08:00 ] /gisproject/admin.php/Login/index/resources/images/closelabel.gif | INFO: Tag[ view_parse ] --START--
[ 2015-02-16T10:35:16+08:00 ] /gisproject/admin.php/Login/index/resources/images/closelabel.gif | INFO: Run ParseTemplate Behavior [ RunTime:0.095496s ]
[ 2015-02-16T10:35:16+08:00 ] /gisproject/admin.php/Login/index/resources/images/closelabel.gif | INFO: Tag[ view_parse ] --END-- [ RunTime:0.095670s ]
[ 2015-02-16T10:35:16+08:00 ] /gisproject/admin.php/Login/index/resources/images/closelabel.gif | INFO: Tag[ view_filter ] --START--
[ 2015-02-16T10:35:16+08:00 ] /gisproject/admin.php/Login/index/resources/images/closelabel.gif | INFO: Run ContentReplace Behavior [ RunTime:0.002945s ]
[ 2015-02-16T10:35:16+08:00 ] /gisproject/admin.php/Login/index/resources/images/closelabel.gif | INFO: Run TokenBuild Behavior [ RunTime:0.002887s ]
[ 2015-02-16T10:35:16+08:00 ] /gisproject/admin.php/Login/index/resources/images/closelabel.gif | INFO: Run WriteHtmlCache Behavior [ RunTime:0.002362s ]
[ 2015-02-16T10:35:16+08:00 ] /gisproject/admin.php/Login/index/resources/images/closelabel.gif | INFO: Run ShowRuntime Behavior [ RunTime:0.003519s ]
[ 2015-02-16T10:35:16+08:00 ] /gisproject/admin.php/Login/index/resources/images/closelabel.gif | INFO: Tag[ view_filter ] --END-- [ RunTime:0.012924s ]
[ 2015-02-16T10:35:16+08:00 ] /gisproject/admin.php/Login/index/resources/images/closelabel.gif | INFO: Tag[ view_end ] --START--
[ 2015-02-16T10:35:16+08:00 ] /gisproject/admin.php/Login/index/resources/images/closelabel.gif | INFO: Run ShowPageTrace Behavior [ RunTime:0.003956s ]
[ 2015-02-16T10:35:16+08:00 ] /gisproject/admin.php/Login/index/resources/images/closelabel.gif | INFO: Tag[ view_end ] --END-- [ RunTime:0.004103s ]
[ 2015-02-16T10:35:29+08:00 ] /gisproject/admin.php/Login/index/ | INFO: Tag[ route_check ] --START--
[ 2015-02-16T10:35:29+08:00 ] /gisproject/admin.php/Login/index/ | INFO: Run CheckRoute Behavior [ RunTime:0.002772s ]
[ 2015-02-16T10:35:29+08:00 ] /gisproject/admin.php/Login/index/ | INFO: Tag[ route_check ] --END-- [ RunTime:0.003021s ]
[ 2015-02-16T10:35:29+08:00 ] /gisproject/admin.php/Login/index/ | INFO: Tag[ app_begin ] --START--
[ 2015-02-16T10:35:29+08:00 ] /gisproject/admin.php/Login/index/ | INFO: Run ReadHtmlCache Behavior [ RunTime:0.001685s ]
[ 2015-02-16T10:35:29+08:00 ] /gisproject/admin.php/Login/index/ | INFO: Tag[ app_begin ] --END-- [ RunTime:0.001821s ]
[ 2015-02-16T10:35:29+08:00 ] /gisproject/admin.php/Login/index/ | INFO: Tag[ view_template ] --START--
[ 2015-02-16T10:35:29+08:00 ] /gisproject/admin.php/Login/index/ | INFO: Run LocationTemplate Behavior [ RunTime:0.001216s ]
[ 2015-02-16T10:35:29+08:00 ] /gisproject/admin.php/Login/index/ | INFO: Tag[ view_template ] --END-- [ RunTime:0.001376s ]
[ 2015-02-16T10:35:29+08:00 ] /gisproject/admin.php/Login/index/ | INFO: Tag[ view_parse ] --START--
[ 2015-02-16T10:35:29+08:00 ] /gisproject/admin.php/Login/index/ | INFO: Run ParseTemplate Behavior [ RunTime:0.026495s ]
[ 2015-02-16T10:35:29+08:00 ] /gisproject/admin.php/Login/index/ | INFO: Tag[ view_parse ] --END-- [ RunTime:0.026680s ]
[ 2015-02-16T10:35:29+08:00 ] /gisproject/admin.php/Login/index/ | INFO: Tag[ view_filter ] --START--
[ 2015-02-16T10:35:29+08:00 ] /gisproject/admin.php/Login/index/ | INFO: Run ContentReplace Behavior [ RunTime:0.001113s ]
[ 2015-02-16T10:35:29+08:00 ] /gisproject/admin.php/Login/index/ | INFO: Run TokenBuild Behavior [ RunTime:0.001232s ]
[ 2015-02-16T10:35:29+08:00 ] /gisproject/admin.php/Login/index/ | INFO: Run WriteHtmlCache Behavior [ RunTime:0.000744s ]
[ 2015-02-16T10:35:29+08:00 ] /gisproject/admin.php/Login/index/ | INFO: Run ShowRuntime Behavior [ RunTime:0.008526s ]
[ 2015-02-16T10:35:29+08:00 ] /gisproject/admin.php/Login/index/ | INFO: Tag[ view_filter ] --END-- [ RunTime:0.012187s ]
[ 2015-02-16T10:35:29+08:00 ] /gisproject/admin.php/Login/index/ | INFO: Tag[ view_end ] --START--
[ 2015-02-16T10:35:29+08:00 ] /gisproject/admin.php/Login/index/ | INFO: Run ShowPageTrace Behavior [ RunTime:0.001438s ]
[ 2015-02-16T10:35:29+08:00 ] /gisproject/admin.php/Login/index/ | INFO: Tag[ view_end ] --END-- [ RunTime:0.001574s ]
[ 2015-02-16T10:35:30+08:00 ] /gisproject/admin.php/Common/verify/ | INFO: Tag[ route_check ] --START--
[ 2015-02-16T10:35:30+08:00 ] /gisproject/admin.php/Common/verify/ | INFO: Run CheckRoute Behavior [ RunTime:0.002597s ]
[ 2015-02-16T10:35:30+08:00 ] /gisproject/admin.php/Common/verify/ | INFO: Tag[ route_check ] --END-- [ RunTime:0.002835s ]
[ 2015-02-16T10:35:30+08:00 ] /gisproject/admin.php/Common/verify/ | INFO: Tag[ app_begin ] --START--
[ 2015-02-16T10:35:30+08:00 ] /gisproject/admin.php/Common/verify/ | INFO: Run ReadHtmlCache Behavior [ RunTime:0.001760s ]
[ 2015-02-16T10:35:30+08:00 ] /gisproject/admin.php/Common/verify/ | INFO: Tag[ app_begin ] --END-- [ RunTime:0.001908s ]
[ 2015-02-16T10:35:30+08:00 ] /gisproject/admin.php/Login/index/resources/images/closelabel.gif | INFO: Tag[ route_check ] --START--
[ 2015-02-16T10:35:30+08:00 ] /gisproject/admin.php/Login/index/resources/images/closelabel.gif | INFO: Run CheckRoute Behavior [ RunTime:0.003340s ]
[ 2015-02-16T10:35:30+08:00 ] /gisproject/admin.php/Login/index/resources/images/closelabel.gif | INFO: Tag[ route_check ] --END-- [ RunTime:0.003677s ]
[ 2015-02-16T10:35:30+08:00 ] /gisproject/admin.php/Login/index/resources/images/closelabel.gif | INFO: Tag[ app_begin ] --START--
[ 2015-02-16T10:35:30+08:00 ] /gisproject/admin.php/Login/index/resources/images/closelabel.gif | INFO: Run ReadHtmlCache Behavior [ RunTime:0.002146s ]
[ 2015-02-16T10:35:30+08:00 ] /gisproject/admin.php/Login/index/resources/images/closelabel.gif | INFO: Tag[ app_begin ] --END-- [ RunTime:0.002392s ]
[ 2015-02-16T10:35:30+08:00 ] /gisproject/admin.php/Login/index/resources/images/closelabel.gif | INFO: Tag[ view_template ] --START--
[ 2015-02-16T10:35:30+08:00 ] /gisproject/admin.php/Login/index/resources/images/closelabel.gif | INFO: Run LocationTemplate Behavior [ RunTime:0.001517s ]
[ 2015-02-16T10:35:30+08:00 ] /gisproject/admin.php/Login/index/resources/images/closelabel.gif | INFO: Tag[ view_template ] --END-- [ RunTime:0.001756s ]
[ 2015-02-16T10:35:30+08:00 ] /gisproject/admin.php/Login/index/resources/images/closelabel.gif | INFO: Tag[ view_parse ] --START--
[ 2015-02-16T10:35:30+08:00 ] /gisproject/admin.php/Login/index/resources/images/closelabel.gif | INFO: Run ParseTemplate Behavior [ RunTime:0.030450s ]
[ 2015-02-16T10:35:30+08:00 ] /gisproject/admin.php/Login/index/resources/images/closelabel.gif | INFO: Tag[ view_parse ] --END-- [ RunTime:0.030696s ]
[ 2015-02-16T10:35:30+08:00 ] /gisproject/admin.php/Login/index/resources/images/closelabel.gif | INFO: Tag[ view_filter ] --START--
[ 2015-02-16T10:35:30+08:00 ] /gisproject/admin.php/Login/index/resources/images/closelabel.gif | INFO: Run ContentReplace Behavior [ RunTime:0.001794s ]
[ 2015-02-16T10:35:30+08:00 ] /gisproject/admin.php/Login/index/resources/images/closelabel.gif | INFO: Run TokenBuild Behavior [ RunTime:0.001571s ]
[ 2015-02-16T10:35:30+08:00 ] /gisproject/admin.php/Login/index/resources/images/closelabel.gif | INFO: Run WriteHtmlCache Behavior [ RunTime:0.001211s ]
[ 2015-02-16T10:35:30+08:00 ] /gisproject/admin.php/Login/index/resources/images/closelabel.gif | INFO: Run ShowRuntime Behavior [ RunTime:0.001843s ]
[ 2015-02-16T10:35:30+08:00 ] /gisproject/admin.php/Login/index/resources/images/closelabel.gif | INFO: Tag[ view_filter ] --END-- [ RunTime:0.007121s ]
[ 2015-02-16T10:35:30+08:00 ] /gisproject/admin.php/Login/index/resources/images/closelabel.gif | INFO: Tag[ view_end ] --START--
[ 2015-02-16T10:35:30+08:00 ] /gisproject/admin.php/Login/index/resources/images/closelabel.gif | INFO: Run ShowPageTrace Behavior [ RunTime:0.001317s ]
[ 2015-02-16T10:35:30+08:00 ] /gisproject/admin.php/Login/index/resources/images/closelabel.gif | INFO: Tag[ view_end ] --END-- [ RunTime:0.001468s ]
[ 2015-02-16T10:35:37+08:00 ] /gisproject/admin.php/Index/index/adminname/ruby97 | INFO: Tag[ route_check ] --START--
[ 2015-02-16T10:35:37+08:00 ] /gisproject/admin.php/Index/index/adminname/ruby97 | INFO: Run CheckRoute Behavior [ RunTime:0.002199s ]
[ 2015-02-16T10:35:37+08:00 ] /gisproject/admin.php/Index/index/adminname/ruby97 | INFO: Tag[ route_check ] --END-- [ RunTime:0.002406s ]
[ 2015-02-16T10:35:37+08:00 ] /gisproject/admin.php/Index/index/adminname/ruby97 | INFO: Tag[ app_begin ] --START--
[ 2015-02-16T10:35:37+08:00 ] /gisproject/admin.php/Index/index/adminname/ruby97 | INFO: Run ReadHtmlCache Behavior [ RunTime:0.001435s ]
[ 2015-02-16T10:35:37+08:00 ] /gisproject/admin.php/Index/index/adminname/ruby97 | INFO: Tag[ app_begin ] --END-- [ RunTime:0.001553s ]
[ 2015-02-16T10:35:38+08:00 ] /gisproject/admin.php/Index/index/adminname/ruby97 | INFO: Tag[ view_template ] --START--
[ 2015-02-16T10:35:38+08:00 ] /gisproject/admin.php/Index/index/adminname/ruby97 | INFO: Run LocationTemplate Behavior [ RunTime:0.044888s ]
[ 2015-02-16T10:35:38+08:00 ] /gisproject/admin.php/Index/index/adminname/ruby97 | INFO: Tag[ view_template ] --END-- [ RunTime:0.045147s ]
[ 2015-02-16T10:35:38+08:00 ] /gisproject/admin.php/Index/index/adminname/ruby97 | INFO: Tag[ view_parse ] --START--
[ 2015-02-16T10:35:38+08:00 ] /gisproject/admin.php/Index/index/adminname/ruby97 | INFO: Run ParseTemplate Behavior [ RunTime:0.038343s ]
[ 2015-02-16T10:35:38+08:00 ] /gisproject/admin.php/Index/index/adminname/ruby97 | INFO: Tag[ view_parse ] --END-- [ RunTime:0.038524s ]
[ 2015-02-16T10:35:38+08:00 ] /gisproject/admin.php/Index/index/adminname/ruby97 | INFO: Tag[ view_filter ] --START--
[ 2015-02-16T10:35:38+08:00 ] /gisproject/admin.php/Index/index/adminname/ruby97 | INFO: Run ContentReplace Behavior [ RunTime:0.001114s ]
[ 2015-02-16T10:35:38+08:00 ] /gisproject/admin.php/Index/index/adminname/ruby97 | INFO: Run TokenBuild Behavior [ RunTime:0.001127s ]
[ 2015-02-16T10:35:38+08:00 ] /gisproject/admin.php/Index/index/adminname/ruby97 | INFO: Run WriteHtmlCache Behavior [ RunTime:0.000756s ]
[ 2015-02-16T10:35:38+08:00 ] /gisproject/admin.php/Index/index/adminname/ruby97 | INFO: Run ShowRuntime Behavior [ RunTime:0.001349s ]
[ 2015-02-16T10:35:38+08:00 ] /gisproject/admin.php/Index/index/adminname/ruby97 | INFO: Tag[ view_filter ] --END-- [ RunTime:0.004727s ]
[ 2015-02-16T10:35:38+08:00 ] /gisproject/admin.php/Index/index/adminname/ruby97 | INFO: Tag[ view_end ] --START--
[ 2015-02-16T10:35:38+08:00 ] /gisproject/admin.php/Index/index/adminname/ruby97 | INFO: Run ShowPageTrace Behavior [ RunTime:0.001395s ]
[ 2015-02-16T10:35:38+08:00 ] /gisproject/admin.php/Index/index/adminname/ruby97 | INFO: Tag[ view_end ] --END-- [ RunTime:0.001525s ]
[ 2015-02-16T10:35:38+08:00 ] /gisproject/admin.php/Index/index/adminname/resources/images/closelabel.gif | INFO: Tag[ route_check ] --START--
[ 2015-02-16T10:35:38+08:00 ] /gisproject/admin.php/Index/index/adminname/resources/images/closelabel.gif | INFO: Run CheckRoute Behavior [ RunTime:0.004475s ]
[ 2015-02-16T10:35:38+08:00 ] /gisproject/admin.php/Index/index/adminname/resources/images/closelabel.gif | INFO: Tag[ route_check ] --END-- [ RunTime:0.004734s ]
[ 2015-02-16T10:35:38+08:00 ] /gisproject/admin.php/Index/index/adminname/resources/images/closelabel.gif | INFO: Tag[ app_begin ] --START--
[ 2015-02-16T10:35:38+08:00 ] /gisproject/admin.php/Index/index/adminname/resources/images/closelabel.gif | INFO: Run ReadHtmlCache Behavior [ RunTime:0.003552s ]
[ 2015-02-16T10:35:38+08:00 ] /gisproject/admin.php/Index/index/adminname/resources/images/closelabel.gif | INFO: Tag[ app_begin ] --END-- [ RunTime:0.003703s ]
[ 2015-02-16T10:35:38+08:00 ] /gisproject/admin.php/Index/index/adminname/resources/images/closelabel.gif | INFO: Tag[ view_template ] --START--
[ 2015-02-16T10:35:38+08:00 ] /gisproject/admin.php/Index/index/adminname/resources/images/closelabel.gif | INFO: Run LocationTemplate Behavior [ RunTime:0.006762s ]
[ 2015-02-16T10:35:38+08:00 ] /gisproject/admin.php/Index/index/adminname/resources/images/closelabel.gif | INFO: Tag[ view_template ] --END-- [ RunTime:0.006957s ]
[ 2015-02-16T10:35:38+08:00 ] /gisproject/admin.php/Index/index/adminname/resources/images/closelabel.gif | INFO: Tag[ view_parse ] --START--
[ 2015-02-16T10:35:38+08:00 ] /gisproject/admin.php/Index/index/adminname/resources/images/closelabel.gif | INFO: Run ParseTemplate Behavior [ RunTime:0.084171s ]
[ 2015-02-16T10:35:38+08:00 ] /gisproject/admin.php/Index/index/adminname/resources/images/closelabel.gif | INFO: Tag[ view_parse ] --END-- [ RunTime:0.084358s ]
[ 2015-02-16T10:35:38+08:00 ] /gisproject/admin.php/Index/index/adminname/resources/images/closelabel.gif | INFO: Tag[ view_filter ] --START--
[ 2015-02-16T10:35:38+08:00 ] /gisproject/admin.php/Index/index/adminname/resources/images/closelabel.gif | INFO: Run ContentReplace Behavior [ RunTime:0.004208s ]
[ 2015-02-16T10:35:38+08:00 ] /gisproject/admin.php/Index/index/adminname/resources/images/closelabel.gif | INFO: Run TokenBuild Behavior [ RunTime:0.003442s ]
[ 2015-02-16T10:35:38+08:00 ] /gisproject/admin.php/Index/index/adminname/resources/images/closelabel.gif | INFO: Run WriteHtmlCache Behavior [ RunTime:0.002626s ]
[ 2015-02-16T10:35:38+08:00 ] /gisproject/admin.php/Index/index/adminname/resources/images/closelabel.gif | INFO: Run ShowRuntime Behavior [ RunTime:0.005465s ]
[ 2015-02-16T10:35:38+08:00 ] /gisproject/admin.php/Index/index/adminname/resources/images/closelabel.gif | INFO: Tag[ view_filter ] --END-- [ RunTime:0.016290s ]
[ 2015-02-16T10:35:38+08:00 ] /gisproject/admin.php/Index/index/adminname/resources/images/closelabel.gif | INFO: Tag[ view_end ] --START--
[ 2015-02-16T10:35:38+08:00 ] /gisproject/admin.php/Index/index/adminname/resources/images/closelabel.gif | INFO: Run ShowPageTrace Behavior [ RunTime:0.004884s ]
[ 2015-02-16T10:35:38+08:00 ] /gisproject/admin.php/Index/index/adminname/resources/images/closelabel.gif | INFO: Tag[ view_end ] --END-- [ RunTime:0.005037s ]
[ 2015-02-16T10:35:40+08:00 ] /gisproject/admin.php/Index/showaddgis | INFO: Tag[ route_check ] --START--
[ 2015-02-16T10:35:40+08:00 ] /gisproject/admin.php/Index/showaddgis | INFO: Run CheckRoute Behavior [ RunTime:0.004660s ]
[ 2015-02-16T10:35:40+08:00 ] /gisproject/admin.php/Index/showaddgis | INFO: Tag[ route_check ] --END-- [ RunTime:0.004878s ]
[ 2015-02-16T10:35:40+08:00 ] /gisproject/admin.php/Index/showaddgis | INFO: Tag[ app_begin ] --START--
[ 2015-02-16T10:35:40+08:00 ] /gisproject/admin.php/Index/showaddgis | INFO: Run ReadHtmlCache Behavior [ RunTime:0.003515s ]
[ 2015-02-16T10:35:40+08:00 ] /gisproject/admin.php/Index/showaddgis | INFO: Tag[ app_begin ] --END-- [ RunTime:0.003660s ]
[ 2015-02-16T10:35:40+08:00 ] /gisproject/admin.php/Index/showaddgis | INFO: Tag[ view_template ] --START--
[ 2015-02-16T10:35:40+08:00 ] /gisproject/admin.php/Index/showaddgis | INFO: Run LocationTemplate Behavior [ RunTime:0.019809s ]
[ 2015-02-16T10:35:40+08:00 ] /gisproject/admin.php/Index/showaddgis | INFO: Tag[ view_template ] --END-- [ RunTime:0.020002s ]
[ 2015-02-16T10:35:40+08:00 ] /gisproject/admin.php/Index/showaddgis | INFO: Tag[ view_parse ] --START--
[ 2015-02-16T10:35:40+08:00 ] /gisproject/admin.php/Index/showaddgis | NOTIC: [8] Undefined variable: page_method f15d73b8f43c102e28c75452e78e4c9c.php 第 187 行.
[ 2015-02-16T10:35:40+08:00 ] /gisproject/admin.php/Index/showaddgis | INFO: Run ParseTemplate Behavior [ RunTime:0.070701s ]
[ 2015-02-16T10:35:40+08:00 ] /gisproject/admin.php/Index/showaddgis | INFO: Tag[ view_parse ] --END-- [ RunTime:0.070897s ]
[ 2015-02-16T10:35:40+08:00 ] /gisproject/admin.php/Index/showaddgis | INFO: Tag[ view_filter ] --START--
[ 2015-02-16T10:35:40+08:00 ] /gisproject/admin.php/Index/showaddgis | INFO: Run ContentReplace Behavior [ RunTime:0.002818s ]
[ 2015-02-16T10:35:40+08:00 ] /gisproject/admin.php/Index/showaddgis | INFO: Run TokenBuild Behavior [ RunTime:0.003226s ]
[ 2015-02-16T10:35:40+08:00 ] /gisproject/admin.php/Index/showaddgis | INFO: Run WriteHtmlCache Behavior [ RunTime:0.002293s ]
[ 2015-02-16T10:35:40+08:00 ] /gisproject/admin.php/Index/showaddgis | INFO: Run ShowRuntime Behavior [ RunTime:0.003558s ]
[ 2015-02-16T10:35:40+08:00 ] /gisproject/admin.php/Index/showaddgis | INFO: Tag[ view_filter ] --END-- [ RunTime:0.012693s ]
[ 2015-02-16T10:35:40+08:00 ] /gisproject/admin.php/Index/showaddgis | INFO: Tag[ view_end ] --START--
[ 2015-02-16T10:35:40+08:00 ] /gisproject/admin.php/Index/showaddgis | INFO: Run ShowPageTrace Behavior [ RunTime:0.005161s ]
[ 2015-02-16T10:35:40+08:00 ] /gisproject/admin.php/Index/showaddgis | INFO: Tag[ view_end ] --END-- [ RunTime:0.005322s ]
[ 2015-02-16T10:35:41+08:00 ] /gisproject/admin.php/Index/resources/images/closelabel.gif | ERR: (ThinkException) 非法操作resources
[ 2015-02-16T10:37:11+08:00 ] /gisproject/admin.php/Index/showaddgis | INFO: Tag[ route_check ] --START--
[ 2015-02-16T10:37:11+08:00 ] /gisproject/admin.php/Index/showaddgis | INFO: Run CheckRoute Behavior [ RunTime:0.002539s ]
[ 2015-02-16T10:37:11+08:00 ] /gisproject/admin.php/Index/showaddgis | INFO: Tag[ route_check ] --END-- [ RunTime:0.002767s ]
[ 2015-02-16T10:37:11+08:00 ] /gisproject/admin.php/Index/showaddgis | INFO: Tag[ app_begin ] --START--
[ 2015-02-16T10:37:11+08:00 ] /gisproject/admin.php/Index/showaddgis | INFO: Run ReadHtmlCache Behavior [ RunTime:0.002457s ]
[ 2015-02-16T10:37:11+08:00 ] /gisproject/admin.php/Index/showaddgis | INFO: Tag[ app_begin ] --END-- [ RunTime:0.002636s ]
[ 2015-02-16T10:37:11+08:00 ] /gisproject/admin.php/Index/showaddgis | INFO: Tag[ view_template ] --START--
[ 2015-02-16T10:37:11+08:00 ] /gisproject/admin.php/Index/showaddgis | INFO: Run LocationTemplate Behavior [ RunTime:0.003793s ]
[ 2015-02-16T10:37:11+08:00 ] /gisproject/admin.php/Index/showaddgis | INFO: Tag[ view_template ] --END-- [ RunTime:0.003960s ]
[ 2015-02-16T10:37:11+08:00 ] /gisproject/admin.php/Index/showaddgis | INFO: Tag[ view_parse ] --START--
[ 2015-02-16T10:37:11+08:00 ] /gisproject/admin.php/Index/showaddgis | NOTIC: [8] Undefined variable: page_method f15d73b8f43c102e28c75452e78e4c9c.php 第 187 行.
[ 2015-02-16T10:37:11+08:00 ] /gisproject/admin.php/Index/showaddgis | INFO: Run ParseTemplate Behavior [ RunTime:0.034614s ]
[ 2015-02-16T10:37:11+08:00 ] /gisproject/admin.php/Index/showaddgis | INFO: Tag[ view_parse ] --END-- [ RunTime:0.034801s ]
[ 2015-02-16T10:37:11+08:00 ] /gisproject/admin.php/Index/showaddgis | INFO: Tag[ view_filter ] --START--
[ 2015-02-16T10:37:11+08:00 ] /gisproject/admin.php/Index/showaddgis | INFO: Run ContentReplace Behavior [ RunTime:0.001453s ]
[ 2015-02-16T10:37:11+08:00 ] /gisproject/admin.php/Index/showaddgis | INFO: Run TokenBuild Behavior [ RunTime:0.002691s ]
[ 2015-02-16T10:37:11+08:00 ] /gisproject/admin.php/Index/showaddgis | INFO: Run WriteHtmlCache Behavior [ RunTime:0.000784s ]
[ 2015-02-16T10:37:11+08:00 ] /gisproject/admin.php/Index/showaddgis | INFO: Run ShowRuntime Behavior [ RunTime:0.001527s ]
[ 2015-02-16T10:37:11+08:00 ] /gisproject/admin.php/Index/showaddgis | INFO: Tag[ view_filter ] --END-- [ RunTime:0.007099s ]
[ 2015-02-16T10:37:11+08:00 ] /gisproject/admin.php/Index/showaddgis | INFO: Tag[ view_end ] --START--
[ 2015-02-16T10:37:11+08:00 ] /gisproject/admin.php/Index/showaddgis | INFO: Run ShowPageTrace Behavior [ RunTime:0.014573s ]
[ 2015-02-16T10:37:11+08:00 ] /gisproject/admin.php/Index/showaddgis | INFO: Tag[ view_end ] --END-- [ RunTime:0.014763s ]
[ 2015-02-16T10:37:12+08:00 ] /gisproject/admin.php/Index/resources/images/closelabel.gif | ERR: (ThinkException) 非法操作resources
[ 2015-02-16T16:23:09+08:00 ] /gisproject/admin.php | INFO: Tag[ app_begin ] --START--
[ 2015-02-16T16:23:09+08:00 ] /gisproject/admin.php | INFO: Run ReadHtmlCache Behavior [ RunTime:0.003250s ]
[ 2015-02-16T16:23:09+08:00 ] /gisproject/admin.php | INFO: Tag[ app_begin ] --END-- [ RunTime:0.003454s ]
[ 2015-02-16T16:23:09+08:00 ] /gisproject/admin.php | INFO: Tag[ view_template ] --START--
[ 2015-02-16T16:23:09+08:00 ] /gisproject/admin.php | INFO: Run LocationTemplate Behavior [ RunTime:0.053079s ]
[ 2015-02-16T16:23:09+08:00 ] /gisproject/admin.php | INFO: Tag[ view_template ] --END-- [ RunTime:0.053361s ]
[ 2015-02-16T16:23:09+08:00 ] /gisproject/admin.php | INFO: Tag[ view_parse ] --START--
[ 2015-02-16T16:23:09+08:00 ] /gisproject/admin.php | INFO: Run ParseTemplate Behavior [ RunTime:0.085231s ]
[ 2015-02-16T16:23:09+08:00 ] /gisproject/admin.php | INFO: Tag[ view_parse ] --END-- [ RunTime:0.085531s ]
[ 2015-02-16T16:23:09+08:00 ] /gisproject/admin.php | INFO: Tag[ view_filter ] --START--
[ 2015-02-16T16:23:09+08:00 ] /gisproject/admin.php | INFO: Run ContentReplace Behavior [ RunTime:0.003359s ]
[ 2015-02-16T16:23:09+08:00 ] /gisproject/admin.php | INFO: Run TokenBuild Behavior [ RunTime:0.003265s ]
[ 2015-02-16T16:23:09+08:00 ] /gisproject/admin.php | INFO: Run WriteHtmlCache Behavior [ RunTime:0.003709s ]
[ 2015-02-16T16:23:09+08:00 ] /gisproject/admin.php | INFO: Run ShowRuntime Behavior [ RunTime:0.003382s ]
[ 2015-02-16T16:23:09+08:00 ] /gisproject/admin.php | INFO: Tag[ view_filter ] --END-- [ RunTime:0.014197s ]
[ 2015-02-16T16:23:09+08:00 ] /gisproject/admin.php | INFO: Tag[ view_end ] --START--
[ 2015-02-16T16:23:09+08:00 ] /gisproject/admin.php | INFO: Run ShowPageTrace Behavior [ RunTime:0.003322s ]
[ 2015-02-16T16:23:09+08:00 ] /gisproject/admin.php | INFO: Tag[ view_end ] --END-- [ RunTime:0.003475s ]
[ 2015-02-16T16:23:12+08:00 ] /gisproject/admin.php/Index/showaddgis | INFO: Tag[ route_check ] --START--
[ 2015-02-16T16:23:12+08:00 ] /gisproject/admin.php/Index/showaddgis | INFO: Run CheckRoute Behavior [ RunTime:0.025695s ]
[ 2015-02-16T16:23:12+08:00 ] /gisproject/admin.php/Index/showaddgis | INFO: Tag[ route_check ] --END-- [ RunTime:0.025935s ]
[ 2015-02-16T16:23:12+08:00 ] /gisproject/admin.php/Index/showaddgis | INFO: Tag[ app_begin ] --START--
[ 2015-02-16T16:23:12+08:00 ] /gisproject/admin.php/Index/showaddgis | INFO: Run ReadHtmlCache Behavior [ RunTime:0.003883s ]
[ 2015-02-16T16:23:12+08:00 ] /gisproject/admin.php/Index/showaddgis | INFO: Tag[ app_begin ] --END-- [ RunTime:0.004091s ]
[ 2015-02-16T16:23:12+08:00 ] /gisproject/admin.php/Index/showaddgis | INFO: Tag[ view_template ] --START--
[ 2015-02-16T16:23:12+08:00 ] /gisproject/admin.php/Index/showaddgis | INFO: Run LocationTemplate Behavior [ RunTime:0.021661s ]
[ 2015-02-16T16:23:12+08:00 ] /gisproject/admin.php/Index/showaddgis | INFO: Tag[ view_template ] --END-- [ RunTime:0.021931s ]
[ 2015-02-16T16:23:12+08:00 ] /gisproject/admin.php/Index/showaddgis | INFO: Tag[ view_parse ] --START--
[ 2015-02-16T16:23:12+08:00 ] /gisproject/admin.php/Index/showaddgis | NOTIC: [8] Undefined variable: page_method f15d73b8f43c102e28c75452e78e4c9c.php 第 187 行.
[ 2015-02-16T16:23:12+08:00 ] /gisproject/admin.php/Index/showaddgis | INFO: Run ParseTemplate Behavior [ RunTime:0.079903s ]
[ 2015-02-16T16:23:12+08:00 ] /gisproject/admin.php/Index/showaddgis | INFO: Tag[ view_parse ] --END-- [ RunTime:0.080036s ]
[ 2015-02-16T16:23:12+08:00 ] /gisproject/admin.php/Index/showaddgis | INFO: Tag[ view_filter ] --START--
[ 2015-02-16T16:23:12+08:00 ] /gisproject/admin.php/Index/showaddgis | INFO: Run ContentReplace Behavior [ RunTime:0.002739s ]
[ 2015-02-16T16:23:12+08:00 ] /gisproject/admin.php/Index/showaddgis | INFO: Run TokenBuild Behavior [ RunTime:0.002791s ]
[ 2015-02-16T16:23:12+08:00 ] /gisproject/admin.php/Index/showaddgis | INFO: Run WriteHtmlCache Behavior [ RunTime:0.002320s ]
[ 2015-02-16T16:23:12+08:00 ] /gisproject/admin.php/Index/showaddgis | INFO: Run ShowRuntime Behavior [ RunTime:0.002876s ]
[ 2015-02-16T16:23:12+08:00 ] /gisproject/admin.php/Index/showaddgis | INFO: Tag[ view_filter ] --END-- [ RunTime:0.011072s ]
[ 2015-02-16T16:23:12+08:00 ] /gisproject/admin.php/Index/showaddgis | INFO: Tag[ view_end ] --START--
[ 2015-02-16T16:23:12+08:00 ] /gisproject/admin.php/Index/showaddgis | INFO: Run ShowPageTrace Behavior [ RunTime:0.004057s ]
[ 2015-02-16T16:23:12+08:00 ] /gisproject/admin.php/Index/showaddgis | INFO: Tag[ view_end ] --END-- [ RunTime:0.004580s ]
[ 2015-02-16T16:23:13+08:00 ] /gisproject/admin.php/Index/resources/images/closelabel.gif | ERR: (ThinkException) 非法操作resources
[ 2015-02-16T16:24:46+08:00 ] /gisproject/admin.php | INFO: Tag[ app_begin ] --START--
[ 2015-02-16T16:24:46+08:00 ] /gisproject/admin.php | INFO: Run ReadHtmlCache Behavior [ RunTime:0.001652s ]
[ 2015-02-16T16:24:46+08:00 ] /gisproject/admin.php | INFO: Tag[ app_begin ] --END-- [ RunTime:0.001891s ]
[ 2015-02-16T16:24:46+08:00 ] /gisproject/admin.php | INFO: Tag[ view_template ] --START--
[ 2015-02-16T16:24:46+08:00 ] /gisproject/admin.php | INFO: Run LocationTemplate Behavior [ RunTime:0.003011s ]
[ 2015-02-16T16:24:46+08:00 ] /gisproject/admin.php | INFO: Tag[ view_template ] --END-- [ RunTime:0.003394s ]
[ 2015-02-16T16:24:46+08:00 ] /gisproject/admin.php | INFO: Tag[ view_parse ] --START--
[ 2015-02-16T16:24:46+08:00 ] /gisproject/admin.php | INFO: Run ParseTemplate Behavior [ RunTime:0.027115s ]
[ 2015-02-16T16:24:46+08:00 ] /gisproject/admin.php | INFO: Tag[ view_parse ] --END-- [ RunTime:0.027279s ]
[ 2015-02-16T16:24:46+08:00 ] /gisproject/admin.php | INFO: Tag[ view_filter ] --START--
[ 2015-02-16T16:24:46+08:00 ] /gisproject/admin.php | INFO: Run ContentReplace Behavior [ RunTime:0.001002s ]
[ 2015-02-16T16:24:46+08:00 ] /gisproject/admin.php | INFO: Run TokenBuild Behavior [ RunTime:0.000997s ]
[ 2015-02-16T16:24:46+08:00 ] /gisproject/admin.php | INFO: Run WriteHtmlCache Behavior [ RunTime:0.000674s ]
[ 2015-02-16T16:24:46+08:00 ] /gisproject/admin.php | INFO: Run ShowRuntime Behavior [ RunTime:0.001177s ]
[ 2015-02-16T16:24:46+08:00 ] /gisproject/admin.php | INFO: Tag[ view_filter ] --END-- [ RunTime:0.004179s ]
[ 2015-02-16T16:24:46+08:00 ] /gisproject/admin.php | INFO: Tag[ view_end ] --START--
[ 2015-02-16T16:24:46+08:00 ] /gisproject/admin.php | INFO: Run ShowPageTrace Behavior [ RunTime:0.001203s ]
[ 2015-02-16T16:24:46+08:00 ] /gisproject/admin.php | INFO: Tag[ view_end ] --END-- [ RunTime:0.001320s ]
