[ 2014-12-12T06:29:31+08:00 ] /gisproject/ | INFO: Tag[ app_begin ] --START--
[ 2014-12-12T06:29:32+08:00 ] /gisproject/ | INFO: Run ReadHtmlCache Behavior [ RunTime:0.126608s ]
[ 2014-12-12T06:29:32+08:00 ] /gisproject/ | INFO: Tag[ app_begin ] --END-- [ RunTime:0.127823s ]
[ 2014-12-12T06:29:33+08:00 ] /gisproject/ | SQL: SHOW COLUMNS FROM `tb_point` [ RunTime:0.086650s ]
[ 2014-12-12T06:29:33+08:00 ] /gisproject/ | SQL: SELECT timestamp,AsText(point),type,name,introduce,attention,score,uri FROM tb_point order by AsText(point),timestamp DESC  [ RunTime:0.046397s ]
[ 2014-12-12T06:29:33+08:00 ] /gisproject/ | NOTIC: [8] Undefined offset:  8 IndexAction.class.php 第 30 行.
[ 2014-12-12T06:29:33+08:00 ] /gisproject/ | INFO: Tag[ view_template ] --START--
[ 2014-12-12T06:29:33+08:00 ] /gisproject/ | INFO: Run LocationTemplate Behavior [ RunTime:0.046340s ]
[ 2014-12-12T06:29:33+08:00 ] /gisproject/ | INFO: Tag[ view_template ] --END-- [ RunTime:0.046593s ]
[ 2014-12-12T06:29:33+08:00 ] /gisproject/ | INFO: Tag[ view_parse ] --START--
[ 2014-12-12T06:29:33+08:00 ] /gisproject/ | INFO: Run ParseTemplate Behavior [ RunTime:0.127853s ]
[ 2014-12-12T06:29:33+08:00 ] /gisproject/ | INFO: Tag[ view_parse ] --END-- [ RunTime:0.128124s ]
[ 2014-12-12T06:29:33+08:00 ] /gisproject/ | INFO: Tag[ view_filter ] --START--
[ 2014-12-12T06:29:33+08:00 ] /gisproject/ | INFO: Run ContentReplace Behavior [ RunTime:0.007343s ]
[ 2014-12-12T06:29:33+08:00 ] /gisproject/ | INFO: Run TokenBuild Behavior [ RunTime:0.005687s ]
[ 2014-12-12T06:29:33+08:00 ] /gisproject/ | INFO: Run WriteHtmlCache Behavior [ RunTime:0.004609s ]
[ 2014-12-12T06:29:33+08:00 ] /gisproject/ | INFO: Run ShowRuntime Behavior [ RunTime:0.011962s ]
[ 2014-12-12T06:29:33+08:00 ] /gisproject/ | INFO: Tag[ view_filter ] --END-- [ RunTime:0.030243s ]
[ 2014-12-12T06:29:33+08:00 ] /gisproject/ | INFO: Tag[ view_end ] --START--
[ 2014-12-12T06:29:33+08:00 ] /gisproject/ | INFO: Run ShowPageTrace Behavior [ RunTime:0.007062s ]
[ 2014-12-12T06:29:33+08:00 ] /gisproject/ | INFO: Tag[ view_end ] --END-- [ RunTime:0.007285s ]
[ 2014-12-12T17:33:07+08:00 ] /gisproject/ | INFO: Tag[ app_begin ] --START--
[ 2014-12-12T17:33:07+08:00 ] /gisproject/ | INFO: Run ReadHtmlCache Behavior [ RunTime:0.118902s ]
[ 2014-12-12T17:33:07+08:00 ] /gisproject/ | INFO: Tag[ app_begin ] --END-- [ RunTime:0.142362s ]
[ 2014-12-12T17:33:08+08:00 ] /gisproject/ | SQL: SHOW COLUMNS FROM `tb_point` [ RunTime:0.205053s ]
[ 2014-12-12T17:33:08+08:00 ] /gisproject/ | SQL: SELECT timestamp,AsText(point),type,name,introduce,attention,score,uri FROM tb_point order by AsText(point),timestamp DESC  [ RunTime:0.061647s ]
[ 2014-12-12T17:33:08+08:00 ] /gisproject/ | NOTIC: [8] Undefined offset:  8 IndexAction.class.php 第 30 行.
[ 2014-12-12T17:33:08+08:00 ] /gisproject/ | INFO: Tag[ view_template ] --START--
[ 2014-12-12T17:33:08+08:00 ] /gisproject/ | INFO: Run LocationTemplate Behavior [ RunTime:0.021222s ]
[ 2014-12-12T17:33:08+08:00 ] /gisproject/ | INFO: Tag[ view_template ] --END-- [ RunTime:0.021494s ]
[ 2014-12-12T17:33:08+08:00 ] /gisproject/ | INFO: Tag[ view_parse ] --START--
[ 2014-12-12T17:33:08+08:00 ] /gisproject/ | INFO: Run ParseTemplate Behavior [ RunTime:0.101855s ]
[ 2014-12-12T17:33:08+08:00 ] /gisproject/ | INFO: Tag[ view_parse ] --END-- [ RunTime:0.102145s ]
[ 2014-12-12T17:33:08+08:00 ] /gisproject/ | INFO: Tag[ view_filter ] --START--
[ 2014-12-12T17:33:08+08:00 ] /gisproject/ | INFO: Run ContentReplace Behavior [ RunTime:0.047339s ]
[ 2014-12-12T17:33:08+08:00 ] /gisproject/ | INFO: Run TokenBuild Behavior [ RunTime:0.007477s ]
[ 2014-12-12T17:33:08+08:00 ] /gisproject/ | INFO: Run WriteHtmlCache Behavior [ RunTime:0.005831s ]
[ 2014-12-12T17:33:08+08:00 ] /gisproject/ | INFO: Run ShowRuntime Behavior [ RunTime:0.020089s ]
[ 2014-12-12T17:33:08+08:00 ] /gisproject/ | INFO: Tag[ view_filter ] --END-- [ RunTime:0.081461s ]
[ 2014-12-12T17:33:08+08:00 ] /gisproject/ | INFO: Tag[ view_end ] --START--
[ 2014-12-12T17:33:08+08:00 ] /gisproject/ | INFO: Run ShowPageTrace Behavior [ RunTime:0.006852s ]
[ 2014-12-12T17:33:08+08:00 ] /gisproject/ | INFO: Tag[ view_end ] --END-- [ RunTime:0.007057s ]
[ 2014-12-12T20:26:17+08:00 ] /gisproject/ | INFO: Tag[ app_begin ] --START--
[ 2014-12-12T20:26:17+08:00 ] /gisproject/ | INFO: Run ReadHtmlCache Behavior [ RunTime:0.031981s ]
[ 2014-12-12T20:26:17+08:00 ] /gisproject/ | INFO: Tag[ app_begin ] --END-- [ RunTime:0.032363s ]
[ 2014-12-12T20:26:18+08:00 ] /gisproject/ | SQL: SHOW COLUMNS FROM `tb_point` [ RunTime:0.139386s ]
[ 2014-12-12T20:26:18+08:00 ] /gisproject/ | SQL: SELECT timestamp,AsText(point),type,name,introduce,attention,score,uri FROM tb_point order by AsText(point),timestamp DESC  [ RunTime:0.064951s ]
[ 2014-12-12T20:26:18+08:00 ] /gisproject/ | NOTIC: [8] Undefined offset:  8 IndexAction.class.php 第 30 行.
[ 2014-12-12T20:26:18+08:00 ] /gisproject/ | INFO: Tag[ view_template ] --START--
[ 2014-12-12T20:26:18+08:00 ] /gisproject/ | INFO: Run LocationTemplate Behavior [ RunTime:0.023263s ]
[ 2014-12-12T20:26:18+08:00 ] /gisproject/ | INFO: Tag[ view_template ] --END-- [ RunTime:0.023488s ]
[ 2014-12-12T20:26:18+08:00 ] /gisproject/ | INFO: Tag[ view_parse ] --START--
[ 2014-12-12T20:26:18+08:00 ] /gisproject/ | INFO: Run ParseTemplate Behavior [ RunTime:0.145315s ]
[ 2014-12-12T20:26:18+08:00 ] /gisproject/ | INFO: Tag[ view_parse ] --END-- [ RunTime:0.145583s ]
[ 2014-12-12T20:26:18+08:00 ] /gisproject/ | INFO: Tag[ view_filter ] --START--
[ 2014-12-12T20:26:18+08:00 ] /gisproject/ | INFO: Run ContentReplace Behavior [ RunTime:0.015426s ]
[ 2014-12-12T20:26:18+08:00 ] /gisproject/ | INFO: Run TokenBuild Behavior [ RunTime:0.006064s ]
[ 2014-12-12T20:26:18+08:00 ] /gisproject/ | INFO: Run WriteHtmlCache Behavior [ RunTime:0.005363s ]
[ 2014-12-12T20:26:18+08:00 ] /gisproject/ | INFO: Run ShowRuntime Behavior [ RunTime:0.005957s ]
[ 2014-12-12T20:26:18+08:00 ] /gisproject/ | INFO: Tag[ view_filter ] --END-- [ RunTime:0.034432s ]
[ 2014-12-12T20:26:18+08:00 ] /gisproject/ | INFO: Tag[ view_end ] --START--
[ 2014-12-12T20:26:18+08:00 ] /gisproject/ | INFO: Run ShowPageTrace Behavior [ RunTime:0.005567s ]
[ 2014-12-12T20:26:18+08:00 ] /gisproject/ | INFO: Tag[ view_end ] --END-- [ RunTime:0.005783s ]
[ 2014-12-12T21:18:06+08:00 ] /gisproject/ | INFO: Tag[ app_begin ] --START--
[ 2014-12-12T21:18:06+08:00 ] /gisproject/ | INFO: Run ReadHtmlCache Behavior [ RunTime:0.032127s ]
[ 2014-12-12T21:18:06+08:00 ] /gisproject/ | INFO: Tag[ app_begin ] --END-- [ RunTime:0.043540s ]
[ 2014-12-12T21:18:07+08:00 ] /gisproject/ | SQL: SHOW COLUMNS FROM `tb_point` [ RunTime:0.190067s ]
[ 2014-12-12T21:18:07+08:00 ] /gisproject/ | SQL: SELECT timestamp,AsText(point),type,name,introduce,attention,score,uri FROM tb_point order by AsText(point),timestamp DESC  [ RunTime:0.084364s ]
[ 2014-12-12T21:18:08+08:00 ] /gisproject/ | NOTIC: [8] Undefined offset:  8 IndexAction.class.php 第 30 行.
[ 2014-12-12T21:18:08+08:00 ] /gisproject/ | INFO: Tag[ view_template ] --START--
[ 2014-12-12T21:18:08+08:00 ] /gisproject/ | INFO: Run LocationTemplate Behavior [ RunTime:0.066159s ]
[ 2014-12-12T21:18:08+08:00 ] /gisproject/ | INFO: Tag[ view_template ] --END-- [ RunTime:0.066429s ]
[ 2014-12-12T21:18:08+08:00 ] /gisproject/ | INFO: Tag[ view_parse ] --START--
[ 2014-12-12T21:18:08+08:00 ] /gisproject/ | INFO: Run ParseTemplate Behavior [ RunTime:0.139543s ]
[ 2014-12-12T21:18:08+08:00 ] /gisproject/ | INFO: Tag[ view_parse ] --END-- [ RunTime:0.139784s ]
[ 2014-12-12T21:18:08+08:00 ] /gisproject/ | INFO: Tag[ view_filter ] --START--
[ 2014-12-12T21:18:08+08:00 ] /gisproject/ | INFO: Run ContentReplace Behavior [ RunTime:0.019811s ]
[ 2014-12-12T21:18:08+08:00 ] /gisproject/ | INFO: Run TokenBuild Behavior [ RunTime:0.005233s ]
[ 2014-12-12T21:18:08+08:00 ] /gisproject/ | INFO: Run WriteHtmlCache Behavior [ RunTime:0.004739s ]
[ 2014-12-12T21:18:08+08:00 ] /gisproject/ | INFO: Run ShowRuntime Behavior [ RunTime:0.006308s ]
[ 2014-12-12T21:18:08+08:00 ] /gisproject/ | INFO: Tag[ view_filter ] --END-- [ RunTime:0.036802s ]
[ 2014-12-12T21:18:08+08:00 ] /gisproject/ | INFO: Tag[ view_end ] --START--
[ 2014-12-12T21:18:08+08:00 ] /gisproject/ | INFO: Run ShowPageTrace Behavior [ RunTime:0.005847s ]
[ 2014-12-12T21:18:08+08:00 ] /gisproject/ | INFO: Tag[ view_end ] --END-- [ RunTime:0.006058s ]
[ 2014-12-12T21:20:01+08:00 ] /gisproject/ | INFO: Tag[ app_begin ] --START--
[ 2014-12-12T21:20:01+08:00 ] /gisproject/ | INFO: Run ReadHtmlCache Behavior [ RunTime:0.006477s ]
[ 2014-12-12T21:20:01+08:00 ] /gisproject/ | INFO: Tag[ app_begin ] --END-- [ RunTime:0.006929s ]
[ 2014-12-12T21:20:01+08:00 ] /gisproject/ | SQL: SHOW COLUMNS FROM `tb_point` [ RunTime:0.017162s ]
[ 2014-12-12T21:20:01+08:00 ] /gisproject/ | SQL: SELECT timestamp,AsText(point),type,name,introduce,attention,score,uri FROM tb_point order by AsText(point),timestamp DESC  [ RunTime:0.008343s ]
[ 2014-12-12T21:20:01+08:00 ] /gisproject/ | NOTIC: [8] Undefined offset:  8 IndexAction.class.php 第 30 行.
[ 2014-12-12T21:20:01+08:00 ] /gisproject/ | INFO: Tag[ view_template ] --START--
[ 2014-12-12T21:20:01+08:00 ] /gisproject/ | INFO: Run LocationTemplate Behavior [ RunTime:0.008201s ]
[ 2014-12-12T21:20:01+08:00 ] /gisproject/ | INFO: Tag[ view_template ] --END-- [ RunTime:0.008446s ]
[ 2014-12-12T21:20:01+08:00 ] /gisproject/ | INFO: Tag[ view_parse ] --START--
[ 2014-12-12T21:20:01+08:00 ] /gisproject/ | INFO: Run ParseTemplate Behavior [ RunTime:0.109086s ]
[ 2014-12-12T21:20:01+08:00 ] /gisproject/ | INFO: Tag[ view_parse ] --END-- [ RunTime:0.109368s ]
[ 2014-12-12T21:20:01+08:00 ] /gisproject/ | INFO: Tag[ view_filter ] --START--
[ 2014-12-12T21:20:01+08:00 ] /gisproject/ | INFO: Run ContentReplace Behavior [ RunTime:0.006243s ]
[ 2014-12-12T21:20:01+08:00 ] /gisproject/ | INFO: Run TokenBuild Behavior [ RunTime:0.005497s ]
[ 2014-12-12T21:20:01+08:00 ] /gisproject/ | INFO: Run WriteHtmlCache Behavior [ RunTime:0.003921s ]
[ 2014-12-12T21:20:01+08:00 ] /gisproject/ | INFO: Run ShowRuntime Behavior [ RunTime:0.005407s ]
[ 2014-12-12T21:20:01+08:00 ] /gisproject/ | INFO: Tag[ view_filter ] --END-- [ RunTime:0.021862s ]
[ 2014-12-12T21:20:01+08:00 ] /gisproject/ | INFO: Tag[ view_end ] --START--
[ 2014-12-12T21:20:01+08:00 ] /gisproject/ | INFO: Run ShowPageTrace Behavior [ RunTime:0.004727s ]
[ 2014-12-12T21:20:01+08:00 ] /gisproject/ | INFO: Tag[ view_end ] --END-- [ RunTime:0.004923s ]
[ 2014-12-12T21:28:55+08:00 ] /gisproject/ | INFO: Tag[ app_begin ] --START--
[ 2014-12-12T21:28:55+08:00 ] /gisproject/ | INFO: Run ReadHtmlCache Behavior [ RunTime:0.006161s ]
[ 2014-12-12T21:28:55+08:00 ] /gisproject/ | INFO: Tag[ app_begin ] --END-- [ RunTime:0.006550s ]
[ 2014-12-12T21:28:55+08:00 ] /gisproject/ | SQL: SHOW COLUMNS FROM `tb_point` [ RunTime:0.077821s ]
[ 2014-12-12T21:28:55+08:00 ] /gisproject/ | SQL: SELECT timestamp,AsText(point),type,name,introduce,attention,score,uri FROM tb_point order by AsText(point),timestamp DESC  [ RunTime:0.002594s ]
[ 2014-12-12T21:28:55+08:00 ] /gisproject/ | NOTIC: [8] Undefined offset:  8 IndexAction.class.php 第 30 行.
[ 2014-12-12T21:28:55+08:00 ] /gisproject/ | INFO: Tag[ view_template ] --START--
[ 2014-12-12T21:28:55+08:00 ] /gisproject/ | INFO: Run LocationTemplate Behavior [ RunTime:0.067504s ]
[ 2014-12-12T21:28:55+08:00 ] /gisproject/ | INFO: Tag[ view_template ] --END-- [ RunTime:0.067818s ]
[ 2014-12-12T21:28:55+08:00 ] /gisproject/ | INFO: Tag[ view_parse ] --START--
[ 2014-12-12T21:28:56+08:00 ] /gisproject/ | INFO: Run ParseTemplate Behavior [ RunTime:0.306829s ]
[ 2014-12-12T21:28:56+08:00 ] /gisproject/ | INFO: Tag[ view_parse ] --END-- [ RunTime:0.307147s ]
[ 2014-12-12T21:28:56+08:00 ] /gisproject/ | INFO: Tag[ view_filter ] --START--
[ 2014-12-12T21:28:56+08:00 ] /gisproject/ | INFO: Run ContentReplace Behavior [ RunTime:0.010955s ]
[ 2014-12-12T21:28:56+08:00 ] /gisproject/ | INFO: Run TokenBuild Behavior [ RunTime:0.011610s ]
[ 2014-12-12T21:28:56+08:00 ] /gisproject/ | INFO: Run WriteHtmlCache Behavior [ RunTime:0.015018s ]
[ 2014-12-12T21:28:56+08:00 ] /gisproject/ | INFO: Run ShowRuntime Behavior [ RunTime:0.019250s ]
[ 2014-12-12T21:28:56+08:00 ] /gisproject/ | INFO: Tag[ view_filter ] --END-- [ RunTime:0.057461s ]
[ 2014-12-12T21:28:56+08:00 ] /gisproject/ | INFO: Tag[ view_end ] --START--
[ 2014-12-12T21:28:56+08:00 ] /gisproject/ | INFO: Run ShowPageTrace Behavior [ RunTime:0.004963s ]
[ 2014-12-12T21:28:56+08:00 ] /gisproject/ | INFO: Tag[ view_end ] --END-- [ RunTime:0.005263s ]
[ 2014-12-12T21:29:00+08:00 ] /gisproject/ | INFO: Tag[ app_begin ] --START--
[ 2014-12-12T21:29:00+08:00 ] /gisproject/ | INFO: Run ReadHtmlCache Behavior [ RunTime:0.005572s ]
[ 2014-12-12T21:29:00+08:00 ] /gisproject/ | INFO: Tag[ app_begin ] --END-- [ RunTime:0.005941s ]
[ 2014-12-12T21:29:00+08:00 ] /gisproject/ | SQL: SHOW COLUMNS FROM `tb_point` [ RunTime:0.016675s ]
[ 2014-12-12T21:29:00+08:00 ] /gisproject/ | SQL: SELECT timestamp,AsText(point),type,name,introduce,attention,score,uri FROM tb_point order by AsText(point),timestamp DESC  [ RunTime:0.007416s ]
[ 2014-12-12T21:29:00+08:00 ] /gisproject/ | NOTIC: [8] Undefined offset:  8 IndexAction.class.php 第 30 行.
[ 2014-12-12T21:29:00+08:00 ] /gisproject/ | INFO: Tag[ view_template ] --START--
[ 2014-12-12T21:29:00+08:00 ] /gisproject/ | INFO: Run LocationTemplate Behavior [ RunTime:0.008389s ]
[ 2014-12-12T21:29:00+08:00 ] /gisproject/ | INFO: Tag[ view_template ] --END-- [ RunTime:0.008638s ]
[ 2014-12-12T21:29:00+08:00 ] /gisproject/ | INFO: Tag[ view_parse ] --START--
[ 2014-12-12T21:29:00+08:00 ] /gisproject/ | INFO: Run ParseTemplate Behavior [ RunTime:0.081834s ]
[ 2014-12-12T21:29:00+08:00 ] /gisproject/ | INFO: Tag[ view_parse ] --END-- [ RunTime:0.082181s ]
[ 2014-12-12T21:29:00+08:00 ] /gisproject/ | INFO: Tag[ view_filter ] --START--
[ 2014-12-12T21:29:00+08:00 ] /gisproject/ | INFO: Run ContentReplace Behavior [ RunTime:0.005205s ]
[ 2014-12-12T21:29:00+08:00 ] /gisproject/ | INFO: Run TokenBuild Behavior [ RunTime:0.004692s ]
[ 2014-12-12T21:29:00+08:00 ] /gisproject/ | INFO: Run WriteHtmlCache Behavior [ RunTime:0.003929s ]
[ 2014-12-12T21:29:00+08:00 ] /gisproject/ | INFO: Run ShowRuntime Behavior [ RunTime:0.004575s ]
[ 2014-12-12T21:29:00+08:00 ] /gisproject/ | INFO: Tag[ view_filter ] --END-- [ RunTime:0.019013s ]
[ 2014-12-12T21:29:00+08:00 ] /gisproject/ | INFO: Tag[ view_end ] --START--
[ 2014-12-12T21:29:00+08:00 ] /gisproject/ | INFO: Run ShowPageTrace Behavior [ RunTime:0.004659s ]
[ 2014-12-12T21:29:00+08:00 ] /gisproject/ | INFO: Tag[ view_end ] --END-- [ RunTime:0.004864s ]
[ 2014-12-12T21:29:31+08:00 ] /gisproject/ | INFO: Tag[ app_begin ] --START--
[ 2014-12-12T21:29:31+08:00 ] /gisproject/ | INFO: Run ReadHtmlCache Behavior [ RunTime:0.003802s ]
[ 2014-12-12T21:29:31+08:00 ] /gisproject/ | INFO: Tag[ app_begin ] --END-- [ RunTime:0.004137s ]
[ 2014-12-12T21:29:31+08:00 ] /gisproject/ | SQL: SHOW COLUMNS FROM `tb_point` [ RunTime:0.012265s ]
[ 2014-12-12T21:29:31+08:00 ] /gisproject/ | SQL: SELECT timestamp,AsText(point),type,name,introduce,attention,score,uri FROM tb_point order by AsText(point),timestamp DESC  [ RunTime:0.005861s ]
[ 2014-12-12T21:29:31+08:00 ] /gisproject/ | NOTIC: [8] Undefined offset:  8 IndexAction.class.php 第 30 行.
[ 2014-12-12T21:29:31+08:00 ] /gisproject/ | INFO: Tag[ view_template ] --START--
[ 2014-12-12T21:29:31+08:00 ] /gisproject/ | INFO: Run LocationTemplate Behavior [ RunTime:0.002570s ]
[ 2014-12-12T21:29:31+08:00 ] /gisproject/ | INFO: Tag[ view_template ] --END-- [ RunTime:0.002794s ]
[ 2014-12-12T21:29:31+08:00 ] /gisproject/ | INFO: Tag[ view_parse ] --START--
[ 2014-12-12T21:29:31+08:00 ] /gisproject/ | INFO: Run ParseTemplate Behavior [ RunTime:0.032324s ]
[ 2014-12-12T21:29:31+08:00 ] /gisproject/ | INFO: Tag[ view_parse ] --END-- [ RunTime:0.032572s ]
[ 2014-12-12T21:29:31+08:00 ] /gisproject/ | INFO: Tag[ view_filter ] --START--
[ 2014-12-12T21:29:31+08:00 ] /gisproject/ | INFO: Run ContentReplace Behavior [ RunTime:0.001450s ]
[ 2014-12-12T21:29:31+08:00 ] /gisproject/ | INFO: Run TokenBuild Behavior [ RunTime:0.001448s ]
[ 2014-12-12T21:29:31+08:00 ] /gisproject/ | INFO: Run WriteHtmlCache Behavior [ RunTime:0.000885s ]
[ 2014-12-12T21:29:31+08:00 ] /gisproject/ | INFO: Run ShowRuntime Behavior [ RunTime:0.001572s ]
[ 2014-12-12T21:29:31+08:00 ] /gisproject/ | INFO: Tag[ view_filter ] --END-- [ RunTime:0.005952s ]
[ 2014-12-12T21:29:31+08:00 ] /gisproject/ | INFO: Tag[ view_end ] --START--
[ 2014-12-12T21:29:31+08:00 ] /gisproject/ | INFO: Run ShowPageTrace Behavior [ RunTime:0.001572s ]
[ 2014-12-12T21:29:31+08:00 ] /gisproject/ | INFO: Tag[ view_end ] --END-- [ RunTime:0.001736s ]
[ 2014-12-12T21:29:33+08:00 ] /gisproject/ | INFO: Tag[ app_begin ] --START--
[ 2014-12-12T21:29:33+08:00 ] /gisproject/ | INFO: Run ReadHtmlCache Behavior [ RunTime:0.002615s ]
[ 2014-12-12T21:29:33+08:00 ] /gisproject/ | INFO: Tag[ app_begin ] --END-- [ RunTime:0.002957s ]
[ 2014-12-12T21:29:33+08:00 ] /gisproject/ | SQL: SHOW COLUMNS FROM `tb_point` [ RunTime:0.016052s ]
[ 2014-12-12T21:29:33+08:00 ] /gisproject/ | SQL: SELECT timestamp,AsText(point),type,name,introduce,attention,score,uri FROM tb_point order by AsText(point),timestamp DESC  [ RunTime:0.007937s ]
[ 2014-12-12T21:29:33+08:00 ] /gisproject/ | NOTIC: [8] Undefined offset:  8 IndexAction.class.php 第 30 行.
[ 2014-12-12T21:29:33+08:00 ] /gisproject/ | INFO: Tag[ view_template ] --START--
[ 2014-12-12T21:29:33+08:00 ] /gisproject/ | INFO: Run LocationTemplate Behavior [ RunTime:0.002736s ]
[ 2014-12-12T21:29:33+08:00 ] /gisproject/ | INFO: Tag[ view_template ] --END-- [ RunTime:0.002953s ]
[ 2014-12-12T21:29:33+08:00 ] /gisproject/ | INFO: Tag[ view_parse ] --START--
[ 2014-12-12T21:29:33+08:00 ] /gisproject/ | INFO: Run ParseTemplate Behavior [ RunTime:0.043545s ]
[ 2014-12-12T21:29:33+08:00 ] /gisproject/ | INFO: Tag[ view_parse ] --END-- [ RunTime:0.043824s ]
[ 2014-12-12T21:29:33+08:00 ] /gisproject/ | INFO: Tag[ view_filter ] --START--
[ 2014-12-12T21:29:33+08:00 ] /gisproject/ | INFO: Run ContentReplace Behavior [ RunTime:0.001935s ]
[ 2014-12-12T21:29:33+08:00 ] /gisproject/ | INFO: Run TokenBuild Behavior [ RunTime:0.001821s ]
[ 2014-12-12T21:29:33+08:00 ] /gisproject/ | INFO: Run WriteHtmlCache Behavior [ RunTime:0.001154s ]
[ 2014-12-12T21:29:33+08:00 ] /gisproject/ | INFO: Run ShowRuntime Behavior [ RunTime:0.002953s ]
[ 2014-12-12T21:29:33+08:00 ] /gisproject/ | INFO: Tag[ view_filter ] --END-- [ RunTime:0.008564s ]
[ 2014-12-12T21:29:33+08:00 ] /gisproject/ | INFO: Tag[ view_end ] --START--
[ 2014-12-12T21:29:33+08:00 ] /gisproject/ | INFO: Run ShowPageTrace Behavior [ RunTime:0.002145s ]
[ 2014-12-12T21:29:33+08:00 ] /gisproject/ | INFO: Tag[ view_end ] --END-- [ RunTime:0.002360s ]
[ 2014-12-12T21:29:58+08:00 ] /gisproject/ | INFO: Tag[ app_begin ] --START--
[ 2014-12-12T21:29:58+08:00 ] /gisproject/ | INFO: Run ReadHtmlCache Behavior [ RunTime:0.003239s ]
[ 2014-12-12T21:29:58+08:00 ] /gisproject/ | INFO: Tag[ app_begin ] --END-- [ RunTime:0.003582s ]
[ 2014-12-12T21:29:58+08:00 ] /gisproject/ | SQL: SHOW COLUMNS FROM `tb_point` [ RunTime:0.020110s ]
[ 2014-12-12T21:29:58+08:00 ] /gisproject/ | SQL: SELECT timestamp,AsText(point),type,name,introduce,attention,score,uri FROM tb_point order by AsText(point),timestamp DESC  [ RunTime:0.007163s ]
[ 2014-12-12T21:29:58+08:00 ] /gisproject/ | NOTIC: [8] Undefined offset:  8 IndexAction.class.php 第 30 行.
[ 2014-12-12T21:29:58+08:00 ] /gisproject/ | INFO: Tag[ view_template ] --START--
[ 2014-12-12T21:29:58+08:00 ] /gisproject/ | INFO: Run LocationTemplate Behavior [ RunTime:0.003901s ]
[ 2014-12-12T21:29:58+08:00 ] /gisproject/ | INFO: Tag[ view_template ] --END-- [ RunTime:0.004183s ]
[ 2014-12-12T21:29:58+08:00 ] /gisproject/ | INFO: Tag[ view_parse ] --START--
[ 2014-12-12T21:29:58+08:00 ] /gisproject/ | INFO: Run ParseTemplate Behavior [ RunTime:0.044329s ]
[ 2014-12-12T21:29:58+08:00 ] /gisproject/ | INFO: Tag[ view_parse ] --END-- [ RunTime:0.044607s ]
[ 2014-12-12T21:29:58+08:00 ] /gisproject/ | INFO: Tag[ view_filter ] --START--
[ 2014-12-12T21:29:58+08:00 ] /gisproject/ | INFO: Run ContentReplace Behavior [ RunTime:0.001728s ]
[ 2014-12-12T21:29:58+08:00 ] /gisproject/ | INFO: Run TokenBuild Behavior [ RunTime:0.001557s ]
[ 2014-12-12T21:29:58+08:00 ] /gisproject/ | INFO: Run WriteHtmlCache Behavior [ RunTime:0.000986s ]
[ 2014-12-12T21:29:58+08:00 ] /gisproject/ | INFO: Run ShowRuntime Behavior [ RunTime:0.001867s ]
[ 2014-12-12T21:29:58+08:00 ] /gisproject/ | INFO: Tag[ view_filter ] --END-- [ RunTime:0.006722s ]
[ 2014-12-12T21:29:58+08:00 ] /gisproject/ | INFO: Tag[ view_end ] --START--
[ 2014-12-12T21:29:58+08:00 ] /gisproject/ | INFO: Run ShowPageTrace Behavior [ RunTime:0.002026s ]
[ 2014-12-12T21:29:58+08:00 ] /gisproject/ | INFO: Tag[ view_end ] --END-- [ RunTime:0.002257s ]
[ 2014-12-12T21:30:02+08:00 ] /gisproject/ | INFO: Tag[ app_begin ] --START--
[ 2014-12-12T21:30:02+08:00 ] /gisproject/ | INFO: Run ReadHtmlCache Behavior [ RunTime:0.005404s ]
[ 2014-12-12T21:30:02+08:00 ] /gisproject/ | INFO: Tag[ app_begin ] --END-- [ RunTime:0.005753s ]
[ 2014-12-12T21:30:02+08:00 ] /gisproject/ | SQL: SHOW COLUMNS FROM `tb_point` [ RunTime:0.076418s ]
[ 2014-12-12T21:30:02+08:00 ] /gisproject/ | SQL: SELECT timestamp,AsText(point),type,name,introduce,attention,score,uri FROM tb_point order by AsText(point),timestamp DESC  [ RunTime:0.203535s ]
[ 2014-12-12T21:30:02+08:00 ] /gisproject/ | NOTIC: [8] Undefined offset:  8 IndexAction.class.php 第 30 行.
[ 2014-12-12T21:30:02+08:00 ] /gisproject/ | INFO: Tag[ view_template ] --START--
[ 2014-12-12T21:30:02+08:00 ] /gisproject/ | INFO: Run LocationTemplate Behavior [ RunTime:0.007020s ]
[ 2014-12-12T21:30:02+08:00 ] /gisproject/ | INFO: Tag[ view_template ] --END-- [ RunTime:0.007240s ]
[ 2014-12-12T21:30:02+08:00 ] /gisproject/ | INFO: Tag[ view_parse ] --START--
[ 2014-12-12T21:30:02+08:00 ] /gisproject/ | INFO: Run ParseTemplate Behavior [ RunTime:0.047996s ]
[ 2014-12-12T21:30:02+08:00 ] /gisproject/ | INFO: Tag[ view_parse ] --END-- [ RunTime:0.048241s ]
[ 2014-12-12T21:30:02+08:00 ] /gisproject/ | INFO: Tag[ view_filter ] --START--
[ 2014-12-12T21:30:02+08:00 ] /gisproject/ | INFO: Run ContentReplace Behavior [ RunTime:0.004251s ]
[ 2014-12-12T21:30:02+08:00 ] /gisproject/ | INFO: Run TokenBuild Behavior [ RunTime:0.003769s ]
[ 2014-12-12T21:30:02+08:00 ] /gisproject/ | INFO: Run WriteHtmlCache Behavior [ RunTime:0.003297s ]
[ 2014-12-12T21:30:02+08:00 ] /gisproject/ | INFO: Run ShowRuntime Behavior [ RunTime:0.004812s ]
[ 2014-12-12T21:30:02+08:00 ] /gisproject/ | INFO: Tag[ view_filter ] --END-- [ RunTime:0.016704s ]
[ 2014-12-12T21:30:02+08:00 ] /gisproject/ | INFO: Tag[ view_end ] --START--
[ 2014-12-12T21:30:02+08:00 ] /gisproject/ | INFO: Run ShowPageTrace Behavior [ RunTime:0.004095s ]
[ 2014-12-12T21:30:02+08:00 ] /gisproject/ | INFO: Tag[ view_end ] --END-- [ RunTime:0.004322s ]
[ 2014-12-12T21:30:17+08:00 ] /gisproject/ | INFO: Tag[ app_begin ] --START--
[ 2014-12-12T21:30:17+08:00 ] /gisproject/ | INFO: Run ReadHtmlCache Behavior [ RunTime:0.004310s ]
[ 2014-12-12T21:30:17+08:00 ] /gisproject/ | INFO: Tag[ app_begin ] --END-- [ RunTime:0.004662s ]
[ 2014-12-12T21:30:17+08:00 ] /gisproject/ | SQL: SHOW COLUMNS FROM `tb_point` [ RunTime:0.027904s ]
[ 2014-12-12T21:30:17+08:00 ] /gisproject/ | SQL: SELECT timestamp,AsText(point),type,name,introduce,attention,score,uri FROM tb_point order by AsText(point),timestamp DESC  [ RunTime:0.003697s ]
[ 2014-12-12T21:30:17+08:00 ] /gisproject/ | NOTIC: [8] Undefined offset:  8 IndexAction.class.php 第 30 行.
[ 2014-12-12T21:30:17+08:00 ] /gisproject/ | INFO: Tag[ view_template ] --START--
[ 2014-12-12T21:30:17+08:00 ] /gisproject/ | INFO: Run LocationTemplate Behavior [ RunTime:0.002454s ]
[ 2014-12-12T21:30:17+08:00 ] /gisproject/ | INFO: Tag[ view_template ] --END-- [ RunTime:0.002707s ]
[ 2014-12-12T21:30:17+08:00 ] /gisproject/ | INFO: Tag[ view_parse ] --START--
[ 2014-12-12T21:30:17+08:00 ] /gisproject/ | INFO: Run ParseTemplate Behavior [ RunTime:0.040021s ]
[ 2014-12-12T21:30:17+08:00 ] /gisproject/ | INFO: Tag[ view_parse ] --END-- [ RunTime:0.040304s ]
[ 2014-12-12T21:30:17+08:00 ] /gisproject/ | INFO: Tag[ view_filter ] --START--
[ 2014-12-12T21:30:17+08:00 ] /gisproject/ | INFO: Run ContentReplace Behavior [ RunTime:0.001593s ]
[ 2014-12-12T21:30:17+08:00 ] /gisproject/ | INFO: Run TokenBuild Behavior [ RunTime:0.001576s ]
[ 2014-12-12T21:30:17+08:00 ] /gisproject/ | INFO: Run WriteHtmlCache Behavior [ RunTime:0.000985s ]
[ 2014-12-12T21:30:17+08:00 ] /gisproject/ | INFO: Run ShowRuntime Behavior [ RunTime:0.001928s ]
[ 2014-12-12T21:30:17+08:00 ] /gisproject/ | INFO: Tag[ view_filter ] --END-- [ RunTime:0.006722s ]
[ 2014-12-12T21:30:17+08:00 ] /gisproject/ | INFO: Tag[ view_end ] --START--
[ 2014-12-12T21:30:17+08:00 ] /gisproject/ | INFO: Run ShowPageTrace Behavior [ RunTime:0.001683s ]
[ 2014-12-12T21:30:17+08:00 ] /gisproject/ | INFO: Tag[ view_end ] --END-- [ RunTime:0.001960s ]
[ 2014-12-12T21:30:28+08:00 ] /gisproject/ | INFO: Tag[ app_begin ] --START--
[ 2014-12-12T21:30:28+08:00 ] /gisproject/ | INFO: Run ReadHtmlCache Behavior [ RunTime:0.002374s ]
[ 2014-12-12T21:30:28+08:00 ] /gisproject/ | INFO: Tag[ app_begin ] --END-- [ RunTime:0.002704s ]
[ 2014-12-12T21:30:28+08:00 ] /gisproject/ | SQL: SHOW COLUMNS FROM `tb_point` [ RunTime:0.018732s ]
[ 2014-12-12T21:30:28+08:00 ] /gisproject/ | SQL: SELECT timestamp,AsText(point),type,name,introduce,attention,score,uri FROM tb_point order by AsText(point),timestamp DESC  [ RunTime:0.004553s ]
[ 2014-12-12T21:30:28+08:00 ] /gisproject/ | NOTIC: [8] Undefined offset:  8 IndexAction.class.php 第 30 行.
[ 2014-12-12T21:30:28+08:00 ] /gisproject/ | INFO: Tag[ view_template ] --START--
[ 2014-12-12T21:30:28+08:00 ] /gisproject/ | INFO: Run LocationTemplate Behavior [ RunTime:0.003868s ]
[ 2014-12-12T21:30:28+08:00 ] /gisproject/ | INFO: Tag[ view_template ] --END-- [ RunTime:0.004139s ]
[ 2014-12-12T21:30:28+08:00 ] /gisproject/ | INFO: Tag[ view_parse ] --START--
[ 2014-12-12T21:30:28+08:00 ] /gisproject/ | INFO: Run ParseTemplate Behavior [ RunTime:0.034780s ]
[ 2014-12-12T21:30:28+08:00 ] /gisproject/ | INFO: Tag[ view_parse ] --END-- [ RunTime:0.035019s ]
[ 2014-12-12T21:30:28+08:00 ] /gisproject/ | INFO: Tag[ view_filter ] --START--
[ 2014-12-12T21:30:28+08:00 ] /gisproject/ | INFO: Run ContentReplace Behavior [ RunTime:0.001483s ]
[ 2014-12-12T21:30:28+08:00 ] /gisproject/ | INFO: Run TokenBuild Behavior [ RunTime:0.002853s ]
[ 2014-12-12T21:30:28+08:00 ] /gisproject/ | INFO: Run WriteHtmlCache Behavior [ RunTime:0.001086s ]
[ 2014-12-12T21:30:28+08:00 ] /gisproject/ | INFO: Run ShowRuntime Behavior [ RunTime:0.001933s ]
[ 2014-12-12T21:30:28+08:00 ] /gisproject/ | INFO: Tag[ view_filter ] --END-- [ RunTime:0.007934s ]
[ 2014-12-12T21:30:28+08:00 ] /gisproject/ | INFO: Tag[ view_end ] --START--
[ 2014-12-12T21:30:28+08:00 ] /gisproject/ | INFO: Run ShowPageTrace Behavior [ RunTime:0.002518s ]
[ 2014-12-12T21:30:28+08:00 ] /gisproject/ | INFO: Tag[ view_end ] --END-- [ RunTime:0.002734s ]
[ 2014-12-12T21:30:30+08:00 ] /gisproject/ | INFO: Tag[ app_begin ] --START--
[ 2014-12-12T21:30:30+08:00 ] /gisproject/ | INFO: Run ReadHtmlCache Behavior [ RunTime:0.002305s ]
[ 2014-12-12T21:30:30+08:00 ] /gisproject/ | INFO: Tag[ app_begin ] --END-- [ RunTime:0.002708s ]
[ 2014-12-12T21:30:30+08:00 ] /gisproject/ | SQL: SHOW COLUMNS FROM `tb_point` [ RunTime:0.012667s ]
[ 2014-12-12T21:30:30+08:00 ] /gisproject/ | SQL: SELECT timestamp,AsText(point),type,name,introduce,attention,score,uri FROM tb_point order by AsText(point),timestamp DESC  [ RunTime:0.006239s ]
[ 2014-12-12T21:30:30+08:00 ] /gisproject/ | NOTIC: [8] Undefined offset:  8 IndexAction.class.php 第 30 行.
[ 2014-12-12T21:30:30+08:00 ] /gisproject/ | INFO: Tag[ view_template ] --START--
[ 2014-12-12T21:30:30+08:00 ] /gisproject/ | INFO: Run LocationTemplate Behavior [ RunTime:0.002052s ]
[ 2014-12-12T21:30:30+08:00 ] /gisproject/ | INFO: Tag[ view_template ] --END-- [ RunTime:0.002214s ]
[ 2014-12-12T21:30:30+08:00 ] /gisproject/ | INFO: Tag[ view_parse ] --START--
[ 2014-12-12T21:30:30+08:00 ] /gisproject/ | INFO: Run ParseTemplate Behavior [ RunTime:0.030038s ]
[ 2014-12-12T21:30:30+08:00 ] /gisproject/ | INFO: Tag[ view_parse ] --END-- [ RunTime:0.030229s ]
[ 2014-12-12T21:30:30+08:00 ] /gisproject/ | INFO: Tag[ view_filter ] --START--
[ 2014-12-12T21:30:30+08:00 ] /gisproject/ | INFO: Run ContentReplace Behavior [ RunTime:0.001288s ]
[ 2014-12-12T21:30:30+08:00 ] /gisproject/ | INFO: Run TokenBuild Behavior [ RunTime:0.001150s ]
[ 2014-12-12T21:30:30+08:00 ] /gisproject/ | INFO: Run WriteHtmlCache Behavior [ RunTime:0.000927s ]
[ 2014-12-12T21:30:30+08:00 ] /gisproject/ | INFO: Run ShowRuntime Behavior [ RunTime:0.001695s ]
[ 2014-12-12T21:30:30+08:00 ] /gisproject/ | INFO: Tag[ view_filter ] --END-- [ RunTime:0.005481s ]
[ 2014-12-12T21:30:30+08:00 ] /gisproject/ | INFO: Tag[ view_end ] --START--
[ 2014-12-12T21:30:30+08:00 ] /gisproject/ | INFO: Run ShowPageTrace Behavior [ RunTime:0.001361s ]
[ 2014-12-12T21:30:30+08:00 ] /gisproject/ | INFO: Tag[ view_end ] --END-- [ RunTime:0.001501s ]
[ 2014-12-12T21:32:29+08:00 ] /gisproject/ | INFO: Tag[ app_begin ] --START--
[ 2014-12-12T21:32:29+08:00 ] /gisproject/ | INFO: Run ReadHtmlCache Behavior [ RunTime:0.005775s ]
[ 2014-12-12T21:32:29+08:00 ] /gisproject/ | INFO: Tag[ app_begin ] --END-- [ RunTime:0.006150s ]
[ 2014-12-12T21:32:29+08:00 ] /gisproject/ | SQL: SHOW COLUMNS FROM `tb_point` [ RunTime:0.012132s ]
[ 2014-12-12T21:32:29+08:00 ] /gisproject/ | SQL: SELECT timestamp,AsText(point),type,name,introduce,attention,score,uri FROM tb_point order by AsText(point),timestamp DESC  [ RunTime:0.007013s ]
[ 2014-12-12T21:32:29+08:00 ] /gisproject/ | NOTIC: [8] Undefined offset:  8 IndexAction.class.php 第 30 行.
[ 2014-12-12T21:32:29+08:00 ] /gisproject/ | INFO: Tag[ view_template ] --START--
[ 2014-12-12T21:32:29+08:00 ] /gisproject/ | INFO: Run LocationTemplate Behavior [ RunTime:0.008105s ]
[ 2014-12-12T21:32:29+08:00 ] /gisproject/ | INFO: Tag[ view_template ] --END-- [ RunTime:0.008370s ]
[ 2014-12-12T21:32:29+08:00 ] /gisproject/ | INFO: Tag[ view_parse ] --START--
[ 2014-12-12T21:32:30+08:00 ] /gisproject/ | INFO: Run ParseTemplate Behavior [ RunTime:0.047785s ]
[ 2014-12-12T21:32:30+08:00 ] /gisproject/ | INFO: Tag[ view_parse ] --END-- [ RunTime:0.048055s ]
[ 2014-12-12T21:32:30+08:00 ] /gisproject/ | INFO: Tag[ view_filter ] --START--
[ 2014-12-12T21:32:30+08:00 ] /gisproject/ | INFO: Run ContentReplace Behavior [ RunTime:0.004235s ]
[ 2014-12-12T21:32:30+08:00 ] /gisproject/ | INFO: Run TokenBuild Behavior [ RunTime:0.004027s ]
[ 2014-12-12T21:32:30+08:00 ] /gisproject/ | INFO: Run WriteHtmlCache Behavior [ RunTime:0.003388s ]
[ 2014-12-12T21:32:30+08:00 ] /gisproject/ | INFO: Run ShowRuntime Behavior [ RunTime:0.004358s ]
[ 2014-12-12T21:32:30+08:00 ] /gisproject/ | INFO: Tag[ view_filter ] --END-- [ RunTime:0.016586s ]
[ 2014-12-12T21:32:30+08:00 ] /gisproject/ | INFO: Tag[ view_end ] --START--
[ 2014-12-12T21:32:30+08:00 ] /gisproject/ | INFO: Run ShowPageTrace Behavior [ RunTime:0.005464s ]
[ 2014-12-12T21:32:30+08:00 ] /gisproject/ | INFO: Tag[ view_end ] --END-- [ RunTime:0.005737s ]
[ 2014-12-12T21:32:32+08:00 ] /gisproject/ | INFO: Tag[ app_begin ] --START--
[ 2014-12-12T21:32:32+08:00 ] /gisproject/ | INFO: Run ReadHtmlCache Behavior [ RunTime:0.003910s ]
[ 2014-12-12T21:32:32+08:00 ] /gisproject/ | INFO: Tag[ app_begin ] --END-- [ RunTime:0.004161s ]
[ 2014-12-12T21:32:33+08:00 ] /gisproject/ | SQL: SHOW COLUMNS FROM `tb_point` [ RunTime:0.010327s ]
[ 2014-12-12T21:32:33+08:00 ] /gisproject/ | SQL: SELECT timestamp,AsText(point),type,name,introduce,attention,score,uri FROM tb_point order by AsText(point),timestamp DESC  [ RunTime:0.005723s ]
[ 2014-12-12T21:32:33+08:00 ] /gisproject/ | NOTIC: [8] Undefined offset:  8 IndexAction.class.php 第 30 行.
[ 2014-12-12T21:32:33+08:00 ] /gisproject/ | INFO: Tag[ view_template ] --START--
[ 2014-12-12T21:32:33+08:00 ] /gisproject/ | INFO: Run LocationTemplate Behavior [ RunTime:0.005941s ]
[ 2014-12-12T21:32:33+08:00 ] /gisproject/ | INFO: Tag[ view_template ] --END-- [ RunTime:0.006101s ]
[ 2014-12-12T21:32:33+08:00 ] /gisproject/ | INFO: Tag[ view_parse ] --START--
[ 2014-12-12T21:32:33+08:00 ] /gisproject/ | INFO: Run ParseTemplate Behavior [ RunTime:0.063765s ]
[ 2014-12-12T21:32:33+08:00 ] /gisproject/ | INFO: Tag[ view_parse ] --END-- [ RunTime:0.063963s ]
[ 2014-12-12T21:32:33+08:00 ] /gisproject/ | INFO: Tag[ view_filter ] --START--
[ 2014-12-12T21:32:33+08:00 ] /gisproject/ | INFO: Run ContentReplace Behavior [ RunTime:0.005556s ]
[ 2014-12-12T21:32:33+08:00 ] /gisproject/ | INFO: Run TokenBuild Behavior [ RunTime:0.003762s ]
[ 2014-12-12T21:32:33+08:00 ] /gisproject/ | INFO: Run WriteHtmlCache Behavior [ RunTime:0.003158s ]
[ 2014-12-12T21:32:33+08:00 ] /gisproject/ | INFO: Run ShowRuntime Behavior [ RunTime:0.005548s ]
[ 2014-12-12T21:32:33+08:00 ] /gisproject/ | INFO: Tag[ view_filter ] --END-- [ RunTime:0.018604s ]
[ 2014-12-12T21:32:33+08:00 ] /gisproject/ | INFO: Tag[ view_end ] --START--
[ 2014-12-12T21:32:33+08:00 ] /gisproject/ | INFO: Run ShowPageTrace Behavior [ RunTime:0.003935s ]
[ 2014-12-12T21:32:33+08:00 ] /gisproject/ | INFO: Tag[ view_end ] --END-- [ RunTime:0.004104s ]
[ 2014-12-12T21:32:59+08:00 ] /gisproject/ | INFO: Tag[ app_begin ] --START--
[ 2014-12-12T21:32:59+08:00 ] /gisproject/ | INFO: Run ReadHtmlCache Behavior [ RunTime:0.007270s ]
[ 2014-12-12T21:32:59+08:00 ] /gisproject/ | INFO: Tag[ app_begin ] --END-- [ RunTime:0.007677s ]
[ 2014-12-12T21:32:59+08:00 ] /gisproject/ | SQL: SHOW COLUMNS FROM `tb_point` [ RunTime:0.016796s ]
[ 2014-12-12T21:32:59+08:00 ] /gisproject/ | SQL: SELECT timestamp,AsText(point),type,name,introduce,attention,score,uri FROM tb_point order by AsText(point),timestamp DESC  [ RunTime:0.004608s ]
[ 2014-12-12T21:32:59+08:00 ] /gisproject/ | NOTIC: [8] Undefined offset:  8 IndexAction.class.php 第 30 行.
[ 2014-12-12T21:32:59+08:00 ] /gisproject/ | INFO: Tag[ view_template ] --START--
[ 2014-12-12T21:32:59+08:00 ] /gisproject/ | INFO: Run LocationTemplate Behavior [ RunTime:0.006957s ]
[ 2014-12-12T21:32:59+08:00 ] /gisproject/ | INFO: Tag[ view_template ] --END-- [ RunTime:0.007150s ]
[ 2014-12-12T21:32:59+08:00 ] /gisproject/ | INFO: Tag[ view_parse ] --START--
[ 2014-12-12T21:32:59+08:00 ] /gisproject/ | INFO: Run ParseTemplate Behavior [ RunTime:0.063827s ]
[ 2014-12-12T21:32:59+08:00 ] /gisproject/ | INFO: Tag[ view_parse ] --END-- [ RunTime:0.064074s ]
[ 2014-12-12T21:32:59+08:00 ] /gisproject/ | INFO: Tag[ view_filter ] --START--
[ 2014-12-12T21:32:59+08:00 ] /gisproject/ | INFO: Run ContentReplace Behavior [ RunTime:0.004294s ]
[ 2014-12-12T21:32:59+08:00 ] /gisproject/ | INFO: Run TokenBuild Behavior [ RunTime:0.004053s ]
[ 2014-12-12T21:32:59+08:00 ] /gisproject/ | INFO: Run WriteHtmlCache Behavior [ RunTime:0.003628s ]
[ 2014-12-12T21:32:59+08:00 ] /gisproject/ | INFO: Run ShowRuntime Behavior [ RunTime:0.005382s ]
[ 2014-12-12T21:32:59+08:00 ] /gisproject/ | INFO: Tag[ view_filter ] --END-- [ RunTime:0.018032s ]
[ 2014-12-12T21:32:59+08:00 ] /gisproject/ | INFO: Tag[ view_end ] --START--
[ 2014-12-12T21:32:59+08:00 ] /gisproject/ | INFO: Run ShowPageTrace Behavior [ RunTime:0.005581s ]
[ 2014-12-12T21:32:59+08:00 ] /gisproject/ | INFO: Tag[ view_end ] --END-- [ RunTime:0.006245s ]
[ 2014-12-12T21:33:03+08:00 ] /gisproject/ | INFO: Tag[ app_begin ] --START--
[ 2014-12-12T21:33:03+08:00 ] /gisproject/ | INFO: Run ReadHtmlCache Behavior [ RunTime:0.006781s ]
[ 2014-12-12T21:33:03+08:00 ] /gisproject/ | INFO: Tag[ app_begin ] --END-- [ RunTime:0.007132s ]
[ 2014-12-12T21:33:03+08:00 ] /gisproject/ | SQL: SHOW COLUMNS FROM `tb_point` [ RunTime:0.016878s ]
[ 2014-12-12T21:33:03+08:00 ] /gisproject/ | SQL: SELECT timestamp,AsText(point),type,name,introduce,attention,score,uri FROM tb_point order by AsText(point),timestamp DESC  [ RunTime:0.010722s ]
[ 2014-12-12T21:33:03+08:00 ] /gisproject/ | NOTIC: [8] Undefined offset:  8 IndexAction.class.php 第 30 行.
[ 2014-12-12T21:33:03+08:00 ] /gisproject/ | INFO: Tag[ view_template ] --START--
[ 2014-12-12T21:33:03+08:00 ] /gisproject/ | INFO: Run LocationTemplate Behavior [ RunTime:0.010010s ]
[ 2014-12-12T21:33:03+08:00 ] /gisproject/ | INFO: Tag[ view_template ] --END-- [ RunTime:0.010266s ]
[ 2014-12-12T21:33:03+08:00 ] /gisproject/ | INFO: Tag[ view_parse ] --START--
[ 2014-12-12T21:33:03+08:00 ] /gisproject/ | INFO: Run ParseTemplate Behavior [ RunTime:0.083677s ]
[ 2014-12-12T21:33:03+08:00 ] /gisproject/ | INFO: Tag[ view_parse ] --END-- [ RunTime:0.083947s ]
[ 2014-12-12T21:33:03+08:00 ] /gisproject/ | INFO: Tag[ view_filter ] --START--
[ 2014-12-12T21:33:03+08:00 ] /gisproject/ | INFO: Run ContentReplace Behavior [ RunTime:0.005657s ]
[ 2014-12-12T21:33:03+08:00 ] /gisproject/ | INFO: Run TokenBuild Behavior [ RunTime:0.004788s ]
[ 2014-12-12T21:33:03+08:00 ] /gisproject/ | INFO: Run WriteHtmlCache Behavior [ RunTime:0.005213s ]
[ 2014-12-12T21:33:03+08:00 ] /gisproject/ | INFO: Run ShowRuntime Behavior [ RunTime:0.004233s ]
[ 2014-12-12T21:33:03+08:00 ] /gisproject/ | INFO: Tag[ view_filter ] --END-- [ RunTime:0.020575s ]
[ 2014-12-12T21:33:03+08:00 ] /gisproject/ | INFO: Tag[ view_end ] --START--
[ 2014-12-12T21:33:03+08:00 ] /gisproject/ | INFO: Run ShowPageTrace Behavior [ RunTime:0.006485s ]
[ 2014-12-12T21:33:03+08:00 ] /gisproject/ | INFO: Tag[ view_end ] --END-- [ RunTime:0.006862s ]
[ 2014-12-12T21:33:18+08:00 ] /gisproject/ | INFO: Tag[ app_begin ] --START--
[ 2014-12-12T21:33:18+08:00 ] /gisproject/ | INFO: Run ReadHtmlCache Behavior [ RunTime:0.002331s ]
[ 2014-12-12T21:33:18+08:00 ] /gisproject/ | INFO: Tag[ app_begin ] --END-- [ RunTime:0.002660s ]
[ 2014-12-12T21:33:18+08:00 ] /gisproject/ | SQL: SHOW COLUMNS FROM `tb_point` [ RunTime:0.022984s ]
[ 2014-12-12T21:33:18+08:00 ] /gisproject/ | SQL: SELECT timestamp,AsText(point),type,name,introduce,attention,score,uri FROM tb_point order by AsText(point),timestamp DESC  [ RunTime:0.002694s ]
[ 2014-12-12T21:33:18+08:00 ] /gisproject/ | NOTIC: [8] Undefined offset:  8 IndexAction.class.php 第 30 行.
[ 2014-12-12T21:33:18+08:00 ] /gisproject/ | INFO: Tag[ view_template ] --START--
[ 2014-12-12T21:33:18+08:00 ] /gisproject/ | INFO: Run LocationTemplate Behavior [ RunTime:0.002939s ]
[ 2014-12-12T21:33:18+08:00 ] /gisproject/ | INFO: Tag[ view_template ] --END-- [ RunTime:0.003186s ]
[ 2014-12-12T21:33:18+08:00 ] /gisproject/ | INFO: Tag[ view_parse ] --START--
[ 2014-12-12T21:33:18+08:00 ] /gisproject/ | INFO: Run ParseTemplate Behavior [ RunTime:0.040747s ]
[ 2014-12-12T21:33:18+08:00 ] /gisproject/ | INFO: Tag[ view_parse ] --END-- [ RunTime:0.041598s ]
[ 2014-12-12T21:33:18+08:00 ] /gisproject/ | INFO: Tag[ view_filter ] --START--
[ 2014-12-12T21:33:18+08:00 ] /gisproject/ | INFO: Run ContentReplace Behavior [ RunTime:0.001754s ]
[ 2014-12-12T21:33:18+08:00 ] /gisproject/ | INFO: Run TokenBuild Behavior [ RunTime:0.001550s ]
[ 2014-12-12T21:33:18+08:00 ] /gisproject/ | INFO: Run WriteHtmlCache Behavior [ RunTime:0.001106s ]
[ 2014-12-12T21:33:18+08:00 ] /gisproject/ | INFO: Run ShowRuntime Behavior [ RunTime:0.002059s ]
[ 2014-12-12T21:33:18+08:00 ] /gisproject/ | INFO: Tag[ view_filter ] --END-- [ RunTime:0.007096s ]
[ 2014-12-12T21:33:18+08:00 ] /gisproject/ | INFO: Tag[ view_end ] --START--
[ 2014-12-12T21:33:18+08:00 ] /gisproject/ | INFO: Run ShowPageTrace Behavior [ RunTime:0.002867s ]
[ 2014-12-12T21:33:18+08:00 ] /gisproject/ | INFO: Tag[ view_end ] --END-- [ RunTime:0.003130s ]
[ 2014-12-12T21:33:35+08:00 ] /gisproject/ | INFO: Tag[ app_begin ] --START--
[ 2014-12-12T21:33:35+08:00 ] /gisproject/ | INFO: Run ReadHtmlCache Behavior [ RunTime:0.002340s ]
[ 2014-12-12T21:33:35+08:00 ] /gisproject/ | INFO: Tag[ app_begin ] --END-- [ RunTime:0.002816s ]
[ 2014-12-12T21:33:35+08:00 ] /gisproject/ | SQL: SHOW COLUMNS FROM `tb_point` [ RunTime:0.024753s ]
[ 2014-12-12T21:33:35+08:00 ] /gisproject/ | SQL: SELECT timestamp,AsText(point),type,name,introduce,attention,score,uri FROM tb_point order by AsText(point),timestamp DESC  [ RunTime:0.010347s ]
[ 2014-12-12T21:33:35+08:00 ] /gisproject/ | NOTIC: [8] Undefined offset:  8 IndexAction.class.php 第 30 行.
[ 2014-12-12T21:33:35+08:00 ] /gisproject/ | INFO: Tag[ view_template ] --START--
[ 2014-12-12T21:33:35+08:00 ] /gisproject/ | INFO: Run LocationTemplate Behavior [ RunTime:0.002741s ]
[ 2014-12-12T21:33:35+08:00 ] /gisproject/ | INFO: Tag[ view_template ] --END-- [ RunTime:0.002975s ]
[ 2014-12-12T21:33:35+08:00 ] /gisproject/ | INFO: Tag[ view_parse ] --START--
[ 2014-12-12T21:33:35+08:00 ] /gisproject/ | INFO: Run ParseTemplate Behavior [ RunTime:0.044133s ]
[ 2014-12-12T21:33:36+08:00 ] /gisproject/ | INFO: Tag[ view_parse ] --END-- [ RunTime:0.044407s ]
[ 2014-12-12T21:33:36+08:00 ] /gisproject/ | INFO: Tag[ view_filter ] --START--
[ 2014-12-12T21:33:36+08:00 ] /gisproject/ | INFO: Run ContentReplace Behavior [ RunTime:0.001761s ]
[ 2014-12-12T21:33:36+08:00 ] /gisproject/ | INFO: Run TokenBuild Behavior [ RunTime:0.001649s ]
[ 2014-12-12T21:33:36+08:00 ] /gisproject/ | INFO: Run WriteHtmlCache Behavior [ RunTime:0.001109s ]
[ 2014-12-12T21:33:36+08:00 ] /gisproject/ | INFO: Run ShowRuntime Behavior [ RunTime:0.002414s ]
[ 2014-12-12T21:33:36+08:00 ] /gisproject/ | INFO: Tag[ view_filter ] --END-- [ RunTime:0.008978s ]
[ 2014-12-12T21:33:36+08:00 ] /gisproject/ | INFO: Tag[ view_end ] --START--
[ 2014-12-12T21:33:36+08:00 ] /gisproject/ | INFO: Run ShowPageTrace Behavior [ RunTime:0.002115s ]
[ 2014-12-12T21:33:36+08:00 ] /gisproject/ | INFO: Tag[ view_end ] --END-- [ RunTime:0.002379s ]
[ 2014-12-12T21:33:39+08:00 ] /gisproject/ | INFO: Tag[ app_begin ] --START--
[ 2014-12-12T21:33:39+08:00 ] /gisproject/ | INFO: Run ReadHtmlCache Behavior [ RunTime:0.002014s ]
[ 2014-12-12T21:33:39+08:00 ] /gisproject/ | INFO: Tag[ app_begin ] --END-- [ RunTime:0.002304s ]
[ 2014-12-12T21:33:39+08:00 ] /gisproject/ | SQL: SHOW COLUMNS FROM `tb_point` [ RunTime:0.014942s ]
[ 2014-12-12T21:33:39+08:00 ] /gisproject/ | SQL: SELECT timestamp,AsText(point),type,name,introduce,attention,score,uri FROM tb_point order by AsText(point),timestamp DESC  [ RunTime:0.007916s ]
[ 2014-12-12T21:33:39+08:00 ] /gisproject/ | NOTIC: [8] Undefined offset:  8 IndexAction.class.php 第 30 行.
[ 2014-12-12T21:33:39+08:00 ] /gisproject/ | INFO: Tag[ view_template ] --START--
[ 2014-12-12T21:33:39+08:00 ] /gisproject/ | INFO: Run LocationTemplate Behavior [ RunTime:0.002437s ]
[ 2014-12-12T21:33:39+08:00 ] /gisproject/ | INFO: Tag[ view_template ] --END-- [ RunTime:0.002638s ]
[ 2014-12-12T21:33:39+08:00 ] /gisproject/ | INFO: Tag[ view_parse ] --START--
[ 2014-12-12T21:33:39+08:00 ] /gisproject/ | INFO: Run ParseTemplate Behavior [ RunTime:0.036921s ]
[ 2014-12-12T21:33:39+08:00 ] /gisproject/ | INFO: Tag[ view_parse ] --END-- [ RunTime:0.037209s ]
[ 2014-12-12T21:33:39+08:00 ] /gisproject/ | INFO: Tag[ view_filter ] --START--
[ 2014-12-12T21:33:39+08:00 ] /gisproject/ | INFO: Run ContentReplace Behavior [ RunTime:0.001371s ]
[ 2014-12-12T21:33:39+08:00 ] /gisproject/ | INFO: Run TokenBuild Behavior [ RunTime:0.001215s ]
[ 2014-12-12T21:33:39+08:00 ] /gisproject/ | INFO: Run WriteHtmlCache Behavior [ RunTime:0.000955s ]
[ 2014-12-12T21:33:39+08:00 ] /gisproject/ | INFO: Run ShowRuntime Behavior [ RunTime:0.001837s ]
[ 2014-12-12T21:33:39+08:00 ] /gisproject/ | INFO: Tag[ view_filter ] --END-- [ RunTime:0.005879s ]
[ 2014-12-12T21:33:39+08:00 ] /gisproject/ | INFO: Tag[ view_end ] --START--
[ 2014-12-12T21:33:39+08:00 ] /gisproject/ | INFO: Run ShowPageTrace Behavior [ RunTime:0.001969s ]
[ 2014-12-12T21:33:39+08:00 ] /gisproject/ | INFO: Tag[ view_end ] --END-- [ RunTime:0.002191s ]
[ 2014-12-12T21:36:26+08:00 ] /gisproject/ | INFO: Tag[ app_begin ] --START--
[ 2014-12-12T21:36:26+08:00 ] /gisproject/ | INFO: Run ReadHtmlCache Behavior [ RunTime:0.005518s ]
[ 2014-12-12T21:36:26+08:00 ] /gisproject/ | INFO: Tag[ app_begin ] --END-- [ RunTime:0.005893s ]
[ 2014-12-12T21:36:26+08:00 ] /gisproject/ | SQL: SHOW COLUMNS FROM `tb_point` [ RunTime:0.014968s ]
[ 2014-12-12T21:36:26+08:00 ] /gisproject/ | SQL: SELECT timestamp,AsText(point),type,name,introduce,attention,score,uri FROM tb_point order by AsText(point),timestamp DESC  [ RunTime:0.006270s ]
[ 2014-12-12T21:36:26+08:00 ] /gisproject/ | NOTIC: [8] Undefined offset:  8 IndexAction.class.php 第 30 行.
[ 2014-12-12T21:36:26+08:00 ] /gisproject/ | INFO: Tag[ view_template ] --START--
[ 2014-12-12T21:36:26+08:00 ] /gisproject/ | INFO: Run LocationTemplate Behavior [ RunTime:0.008213s ]
[ 2014-12-12T21:36:26+08:00 ] /gisproject/ | INFO: Tag[ view_template ] --END-- [ RunTime:0.008459s ]
[ 2014-12-12T21:36:26+08:00 ] /gisproject/ | INFO: Tag[ view_parse ] --START--
[ 2014-12-12T21:36:26+08:00 ] /gisproject/ | INFO: Run ParseTemplate Behavior [ RunTime:0.044293s ]
[ 2014-12-12T21:36:26+08:00 ] /gisproject/ | INFO: Tag[ view_parse ] --END-- [ RunTime:0.044538s ]
[ 2014-12-12T21:36:26+08:00 ] /gisproject/ | INFO: Tag[ view_filter ] --START--
[ 2014-12-12T21:36:26+08:00 ] /gisproject/ | INFO: Run ContentReplace Behavior [ RunTime:0.003752s ]
[ 2014-12-12T21:36:26+08:00 ] /gisproject/ | INFO: Run TokenBuild Behavior [ RunTime:0.003645s ]
[ 2014-12-12T21:36:26+08:00 ] /gisproject/ | INFO: Run WriteHtmlCache Behavior [ RunTime:0.004287s ]
[ 2014-12-12T21:36:26+08:00 ] /gisproject/ | INFO: Run ShowRuntime Behavior [ RunTime:0.004905s ]
[ 2014-12-12T21:36:26+08:00 ] /gisproject/ | INFO: Tag[ view_filter ] --END-- [ RunTime:0.017246s ]
[ 2014-12-12T21:36:26+08:00 ] /gisproject/ | INFO: Tag[ view_end ] --START--
[ 2014-12-12T21:36:26+08:00 ] /gisproject/ | INFO: Run ShowPageTrace Behavior [ RunTime:0.005076s ]
[ 2014-12-12T21:36:26+08:00 ] /gisproject/ | INFO: Tag[ view_end ] --END-- [ RunTime:0.005301s ]
[ 2014-12-12T21:36:30+08:00 ] /gisproject/ | INFO: Tag[ app_begin ] --START--
[ 2014-12-12T21:36:30+08:00 ] /gisproject/ | INFO: Run ReadHtmlCache Behavior [ RunTime:0.005662s ]
[ 2014-12-12T21:36:30+08:00 ] /gisproject/ | INFO: Tag[ app_begin ] --END-- [ RunTime:0.006048s ]
[ 2014-12-12T21:36:30+08:00 ] /gisproject/ | SQL: SHOW COLUMNS FROM `tb_point` [ RunTime:0.012876s ]
[ 2014-12-12T21:36:30+08:00 ] /gisproject/ | SQL: SELECT timestamp,AsText(point),type,name,introduce,attention,score,uri FROM tb_point order by AsText(point),timestamp DESC  [ RunTime:0.006167s ]
[ 2014-12-12T21:36:30+08:00 ] /gisproject/ | NOTIC: [8] Undefined offset:  8 IndexAction.class.php 第 30 行.
[ 2014-12-12T21:36:30+08:00 ] /gisproject/ | INFO: Tag[ view_template ] --START--
[ 2014-12-12T21:36:30+08:00 ] /gisproject/ | INFO: Run LocationTemplate Behavior [ RunTime:0.007489s ]
[ 2014-12-12T21:36:30+08:00 ] /gisproject/ | INFO: Tag[ view_template ] --END-- [ RunTime:0.007741s ]
[ 2014-12-12T21:36:30+08:00 ] /gisproject/ | INFO: Tag[ view_parse ] --START--
[ 2014-12-12T21:36:30+08:00 ] /gisproject/ | INFO: Run ParseTemplate Behavior [ RunTime:0.042679s ]
[ 2014-12-12T21:36:30+08:00 ] /gisproject/ | INFO: Tag[ view_parse ] --END-- [ RunTime:0.042912s ]
[ 2014-12-12T21:36:30+08:00 ] /gisproject/ | INFO: Tag[ view_filter ] --START--
[ 2014-12-12T21:36:30+08:00 ] /gisproject/ | INFO: Run ContentReplace Behavior [ RunTime:0.003705s ]
[ 2014-12-12T21:36:30+08:00 ] /gisproject/ | INFO: Run TokenBuild Behavior [ RunTime:0.003722s ]
[ 2014-12-12T21:36:30+08:00 ] /gisproject/ | INFO: Run WriteHtmlCache Behavior [ RunTime:0.004043s ]
[ 2014-12-12T21:36:30+08:00 ] /gisproject/ | INFO: Run ShowRuntime Behavior [ RunTime:0.004928s ]
[ 2014-12-12T21:36:30+08:00 ] /gisproject/ | INFO: Tag[ view_filter ] --END-- [ RunTime:0.016975s ]
[ 2014-12-12T21:36:30+08:00 ] /gisproject/ | INFO: Tag[ view_end ] --START--
[ 2014-12-12T21:36:30+08:00 ] /gisproject/ | INFO: Run ShowPageTrace Behavior [ RunTime:0.005197s ]
[ 2014-12-12T21:36:30+08:00 ] /gisproject/ | INFO: Tag[ view_end ] --END-- [ RunTime:0.005439s ]
[ 2014-12-12T21:40:27+08:00 ] /gisproject/ | INFO: Tag[ app_begin ] --START--
[ 2014-12-12T21:40:27+08:00 ] /gisproject/ | INFO: Run ReadHtmlCache Behavior [ RunTime:0.006300s ]
[ 2014-12-12T21:40:27+08:00 ] /gisproject/ | INFO: Tag[ app_begin ] --END-- [ RunTime:0.006635s ]
[ 2014-12-12T21:40:28+08:00 ] /gisproject/ | SQL: SHOW COLUMNS FROM `tb_point` [ RunTime:0.161745s ]
[ 2014-12-12T21:40:28+08:00 ] /gisproject/ | SQL: SELECT timestamp,AsText(point),type,name,introduce,attention,score,uri FROM tb_point order by AsText(point),timestamp DESC  [ RunTime:0.006175s ]
[ 2014-12-12T21:40:28+08:00 ] /gisproject/ | NOTIC: [8] Undefined offset:  8 IndexAction.class.php 第 30 行.
[ 2014-12-12T21:40:28+08:00 ] /gisproject/ | INFO: Tag[ view_template ] --START--
[ 2014-12-12T21:40:28+08:00 ] /gisproject/ | INFO: Run LocationTemplate Behavior [ RunTime:0.007124s ]
[ 2014-12-12T21:40:28+08:00 ] /gisproject/ | INFO: Tag[ view_template ] --END-- [ RunTime:0.007342s ]
[ 2014-12-12T21:40:28+08:00 ] /gisproject/ | INFO: Tag[ view_parse ] --START--
[ 2014-12-12T21:40:28+08:00 ] /gisproject/ | INFO: Run ParseTemplate Behavior [ RunTime:0.045540s ]
[ 2014-12-12T21:40:28+08:00 ] /gisproject/ | INFO: Tag[ view_parse ] --END-- [ RunTime:0.045792s ]
[ 2014-12-12T21:40:28+08:00 ] /gisproject/ | INFO: Tag[ view_filter ] --START--
[ 2014-12-12T21:40:28+08:00 ] /gisproject/ | INFO: Run ContentReplace Behavior [ RunTime:0.005345s ]
[ 2014-12-12T21:40:28+08:00 ] /gisproject/ | INFO: Run TokenBuild Behavior [ RunTime:0.004014s ]
[ 2014-12-12T21:40:28+08:00 ] /gisproject/ | INFO: Run WriteHtmlCache Behavior [ RunTime:0.003335s ]
[ 2014-12-12T21:40:28+08:00 ] /gisproject/ | INFO: Run ShowRuntime Behavior [ RunTime:0.005042s ]
[ 2014-12-12T21:40:28+08:00 ] /gisproject/ | INFO: Tag[ view_filter ] --END-- [ RunTime:0.018341s ]
[ 2014-12-12T21:40:28+08:00 ] /gisproject/ | INFO: Tag[ view_end ] --START--
[ 2014-12-12T21:40:28+08:00 ] /gisproject/ | INFO: Run ShowPageTrace Behavior [ RunTime:0.005111s ]
[ 2014-12-12T21:40:28+08:00 ] /gisproject/ | INFO: Tag[ view_end ] --END-- [ RunTime:0.005359s ]
[ 2014-12-12T21:40:33+08:00 ] /gisproject/ | INFO: Tag[ app_begin ] --START--
[ 2014-12-12T21:40:33+08:00 ] /gisproject/ | INFO: Run ReadHtmlCache Behavior [ RunTime:0.007613s ]
[ 2014-12-12T21:40:33+08:00 ] /gisproject/ | INFO: Tag[ app_begin ] --END-- [ RunTime:0.007962s ]
[ 2014-12-12T21:40:33+08:00 ] /gisproject/ | SQL: SHOW COLUMNS FROM `tb_point` [ RunTime:0.014582s ]
[ 2014-12-12T21:40:33+08:00 ] /gisproject/ | SQL: SELECT timestamp,AsText(point),type,name,introduce,attention,score,uri FROM tb_point order by AsText(point),timestamp DESC  [ RunTime:0.022904s ]
[ 2014-12-12T21:40:33+08:00 ] /gisproject/ | NOTIC: [8] Undefined offset:  8 IndexAction.class.php 第 30 行.
[ 2014-12-12T21:40:33+08:00 ] /gisproject/ | INFO: Tag[ view_template ] --START--
[ 2014-12-12T21:40:33+08:00 ] /gisproject/ | INFO: Run LocationTemplate Behavior [ RunTime:0.008909s ]
[ 2014-12-12T21:40:33+08:00 ] /gisproject/ | INFO: Tag[ view_template ] --END-- [ RunTime:0.009144s ]
[ 2014-12-12T21:40:33+08:00 ] /gisproject/ | INFO: Tag[ view_parse ] --START--
[ 2014-12-12T21:40:33+08:00 ] /gisproject/ | INFO: Run ParseTemplate Behavior [ RunTime:0.048540s ]
[ 2014-12-12T21:40:33+08:00 ] /gisproject/ | INFO: Tag[ view_parse ] --END-- [ RunTime:0.048782s ]
[ 2014-12-12T21:40:33+08:00 ] /gisproject/ | INFO: Tag[ view_filter ] --START--
[ 2014-12-12T21:40:33+08:00 ] /gisproject/ | INFO: Run ContentReplace Behavior [ RunTime:0.004089s ]
[ 2014-12-12T21:40:33+08:00 ] /gisproject/ | INFO: Run TokenBuild Behavior [ RunTime:0.004498s ]
[ 2014-12-12T21:40:33+08:00 ] /gisproject/ | INFO: Run WriteHtmlCache Behavior [ RunTime:0.003688s ]
[ 2014-12-12T21:40:33+08:00 ] /gisproject/ | INFO: Run ShowRuntime Behavior [ RunTime:0.004384s ]
[ 2014-12-12T21:40:33+08:00 ] /gisproject/ | INFO: Tag[ view_filter ] --END-- [ RunTime:0.017253s ]
[ 2014-12-12T21:40:33+08:00 ] /gisproject/ | INFO: Tag[ view_end ] --START--
[ 2014-12-12T21:40:33+08:00 ] /gisproject/ | INFO: Run ShowPageTrace Behavior [ RunTime:0.005076s ]
[ 2014-12-12T21:40:33+08:00 ] /gisproject/ | INFO: Tag[ view_end ] --END-- [ RunTime:0.005286s ]
[ 2014-12-12T21:41:07+08:00 ] /gisproject/ | INFO: Tag[ app_begin ] --START--
[ 2014-12-12T21:41:07+08:00 ] /gisproject/ | INFO: Run ReadHtmlCache Behavior [ RunTime:0.003525s ]
[ 2014-12-12T21:41:07+08:00 ] /gisproject/ | INFO: Tag[ app_begin ] --END-- [ RunTime:0.003875s ]
[ 2014-12-12T21:41:08+08:00 ] /gisproject/ | SQL: SHOW COLUMNS FROM `tb_point` [ RunTime:0.014688s ]
[ 2014-12-12T21:41:08+08:00 ] /gisproject/ | SQL: SELECT timestamp,AsText(point),type,name,introduce,attention,score,uri FROM tb_point order by AsText(point),timestamp DESC  [ RunTime:0.007803s ]
[ 2014-12-12T21:41:08+08:00 ] /gisproject/ | NOTIC: [8] Undefined offset:  8 IndexAction.class.php 第 30 行.
[ 2014-12-12T21:41:08+08:00 ] /gisproject/ | INFO: Tag[ view_template ] --START--
[ 2014-12-12T21:41:08+08:00 ] /gisproject/ | INFO: Run LocationTemplate Behavior [ RunTime:0.002733s ]
[ 2014-12-12T21:41:08+08:00 ] /gisproject/ | INFO: Tag[ view_template ] --END-- [ RunTime:0.002986s ]
[ 2014-12-12T21:41:08+08:00 ] /gisproject/ | INFO: Tag[ view_parse ] --START--
[ 2014-12-12T21:41:08+08:00 ] /gisproject/ | INFO: Run ParseTemplate Behavior [ RunTime:0.031990s ]
[ 2014-12-12T21:41:08+08:00 ] /gisproject/ | INFO: Tag[ view_parse ] --END-- [ RunTime:0.032236s ]
[ 2014-12-12T21:41:08+08:00 ] /gisproject/ | INFO: Tag[ view_filter ] --START--
[ 2014-12-12T21:41:08+08:00 ] /gisproject/ | INFO: Run ContentReplace Behavior [ RunTime:0.001402s ]
[ 2014-12-12T21:41:08+08:00 ] /gisproject/ | INFO: Run TokenBuild Behavior [ RunTime:0.001305s ]
[ 2014-12-12T21:41:08+08:00 ] /gisproject/ | INFO: Run WriteHtmlCache Behavior [ RunTime:0.000856s ]
[ 2014-12-12T21:41:08+08:00 ] /gisproject/ | INFO: Run ShowRuntime Behavior [ RunTime:0.001593s ]
[ 2014-12-12T21:41:08+08:00 ] /gisproject/ | INFO: Tag[ view_filter ] --END-- [ RunTime:0.005648s ]
[ 2014-12-12T21:41:08+08:00 ] /gisproject/ | INFO: Tag[ view_end ] --START--
[ 2014-12-12T21:41:08+08:00 ] /gisproject/ | INFO: Run ShowPageTrace Behavior [ RunTime:0.001944s ]
[ 2014-12-12T21:41:08+08:00 ] /gisproject/ | INFO: Tag[ view_end ] --END-- [ RunTime:0.002157s ]
[ 2014-12-12T21:41:11+08:00 ] /gisproject/ | INFO: Tag[ app_begin ] --START--
[ 2014-12-12T21:41:11+08:00 ] /gisproject/ | INFO: Run ReadHtmlCache Behavior [ RunTime:0.007347s ]
[ 2014-12-12T21:41:11+08:00 ] /gisproject/ | INFO: Tag[ app_begin ] --END-- [ RunTime:0.007683s ]
[ 2014-12-12T21:41:11+08:00 ] /gisproject/ | SQL: SHOW COLUMNS FROM `tb_point` [ RunTime:0.021956s ]
[ 2014-12-12T21:41:11+08:00 ] /gisproject/ | SQL: SELECT timestamp,AsText(point),type,name,introduce,attention,score,uri FROM tb_point order by AsText(point),timestamp DESC  [ RunTime:0.002417s ]
[ 2014-12-12T21:41:11+08:00 ] /gisproject/ | NOTIC: [8] Undefined offset:  8 IndexAction.class.php 第 30 行.
[ 2014-12-12T21:41:11+08:00 ] /gisproject/ | INFO: Tag[ view_template ] --START--
[ 2014-12-12T21:41:11+08:00 ] /gisproject/ | INFO: Run LocationTemplate Behavior [ RunTime:0.007983s ]
[ 2014-12-12T21:41:11+08:00 ] /gisproject/ | INFO: Tag[ view_template ] --END-- [ RunTime:0.008241s ]
[ 2014-12-12T21:41:11+08:00 ] /gisproject/ | INFO: Tag[ view_parse ] --START--
[ 2014-12-12T21:41:11+08:00 ] /gisproject/ | INFO: Run ParseTemplate Behavior [ RunTime:0.049550s ]
[ 2014-12-12T21:41:11+08:00 ] /gisproject/ | INFO: Tag[ view_parse ] --END-- [ RunTime:0.049807s ]
[ 2014-12-12T21:41:11+08:00 ] /gisproject/ | INFO: Tag[ view_filter ] --START--
[ 2014-12-12T21:41:11+08:00 ] /gisproject/ | INFO: Run ContentReplace Behavior [ RunTime:0.003772s ]
[ 2014-12-12T21:41:11+08:00 ] /gisproject/ | INFO: Run TokenBuild Behavior [ RunTime:0.003684s ]
[ 2014-12-12T21:41:11+08:00 ] /gisproject/ | INFO: Run WriteHtmlCache Behavior [ RunTime:0.003988s ]
[ 2014-12-12T21:41:11+08:00 ] /gisproject/ | INFO: Run ShowRuntime Behavior [ RunTime:0.004398s ]
[ 2014-12-12T21:41:11+08:00 ] /gisproject/ | INFO: Tag[ view_filter ] --END-- [ RunTime:0.016384s ]
[ 2014-12-12T21:41:11+08:00 ] /gisproject/ | INFO: Tag[ view_end ] --START--
[ 2014-12-12T21:41:11+08:00 ] /gisproject/ | INFO: Run ShowPageTrace Behavior [ RunTime:0.004797s ]
[ 2014-12-12T21:41:11+08:00 ] /gisproject/ | INFO: Tag[ view_end ] --END-- [ RunTime:0.005011s ]
[ 2014-12-12T21:41:40+08:00 ] /gisproject/ | INFO: Tag[ app_begin ] --START--
[ 2014-12-12T21:41:40+08:00 ] /gisproject/ | INFO: Run ReadHtmlCache Behavior [ RunTime:0.002543s ]
[ 2014-12-12T21:41:40+08:00 ] /gisproject/ | INFO: Tag[ app_begin ] --END-- [ RunTime:0.002945s ]
[ 2014-12-12T21:41:40+08:00 ] /gisproject/ | SQL: SHOW COLUMNS FROM `tb_point` [ RunTime:0.013836s ]
[ 2014-12-12T21:41:40+08:00 ] /gisproject/ | SQL: SELECT timestamp,AsText(point),type,name,introduce,attention,score,uri FROM tb_point order by AsText(point),timestamp DESC  [ RunTime:0.006488s ]
[ 2014-12-12T21:41:40+08:00 ] /gisproject/ | NOTIC: [8] Undefined offset:  8 IndexAction.class.php 第 30 行.
[ 2014-12-12T21:41:40+08:00 ] /gisproject/ | INFO: Tag[ view_template ] --START--
[ 2014-12-12T21:41:40+08:00 ] /gisproject/ | INFO: Run LocationTemplate Behavior [ RunTime:0.002330s ]
[ 2014-12-12T21:41:40+08:00 ] /gisproject/ | INFO: Tag[ view_template ] --END-- [ RunTime:0.002514s ]
[ 2014-12-12T21:41:40+08:00 ] /gisproject/ | INFO: Tag[ view_parse ] --START--
[ 2014-12-12T21:41:40+08:00 ] /gisproject/ | INFO: Run ParseTemplate Behavior [ RunTime:0.033647s ]
[ 2014-12-12T21:41:40+08:00 ] /gisproject/ | INFO: Tag[ view_parse ] --END-- [ RunTime:0.033872s ]
[ 2014-12-12T21:41:40+08:00 ] /gisproject/ | INFO: Tag[ view_filter ] --START--
[ 2014-12-12T21:41:40+08:00 ] /gisproject/ | INFO: Run ContentReplace Behavior [ RunTime:0.001449s ]
[ 2014-12-12T21:41:40+08:00 ] /gisproject/ | INFO: Run TokenBuild Behavior [ RunTime:0.001359s ]
[ 2014-12-12T21:41:40+08:00 ] /gisproject/ | INFO: Run WriteHtmlCache Behavior [ RunTime:0.000882s ]
[ 2014-12-12T21:41:40+08:00 ] /gisproject/ | INFO: Run ShowRuntime Behavior [ RunTime:0.001633s ]
[ 2014-12-12T21:41:40+08:00 ] /gisproject/ | INFO: Tag[ view_filter ] --END-- [ RunTime:0.005783s ]
[ 2014-12-12T21:41:40+08:00 ] /gisproject/ | INFO: Tag[ view_end ] --START--
[ 2014-12-12T21:41:40+08:00 ] /gisproject/ | INFO: Run ShowPageTrace Behavior [ RunTime:0.001896s ]
[ 2014-12-12T21:41:40+08:00 ] /gisproject/ | INFO: Tag[ view_end ] --END-- [ RunTime:0.002110s ]
[ 2014-12-12T21:42:40+08:00 ] /gisproject/ | INFO: Tag[ app_begin ] --START--
[ 2014-12-12T21:42:40+08:00 ] /gisproject/ | INFO: Run ReadHtmlCache Behavior [ RunTime:0.002469s ]
[ 2014-12-12T21:42:40+08:00 ] /gisproject/ | INFO: Tag[ app_begin ] --END-- [ RunTime:0.002855s ]
[ 2014-12-12T21:42:40+08:00 ] /gisproject/ | SQL: SHOW COLUMNS FROM `tb_point` [ RunTime:0.014177s ]
[ 2014-12-12T21:42:40+08:00 ] /gisproject/ | SQL: SELECT timestamp,AsText(point),type,name,introduce,attention,score,uri FROM tb_point order by AsText(point),timestamp DESC  [ RunTime:0.067386s ]
[ 2014-12-12T21:42:40+08:00 ] /gisproject/ | NOTIC: [8] Undefined offset:  8 IndexAction.class.php 第 30 行.
[ 2014-12-12T21:42:40+08:00 ] /gisproject/ | INFO: Tag[ view_template ] --START--
[ 2014-12-12T21:42:40+08:00 ] /gisproject/ | INFO: Run LocationTemplate Behavior [ RunTime:0.002274s ]
[ 2014-12-12T21:42:40+08:00 ] /gisproject/ | INFO: Tag[ view_template ] --END-- [ RunTime:0.002458s ]
[ 2014-12-12T21:42:40+08:00 ] /gisproject/ | INFO: Tag[ view_parse ] --START--
[ 2014-12-12T21:42:40+08:00 ] /gisproject/ | INFO: Run ParseTemplate Behavior [ RunTime:0.032684s ]
[ 2014-12-12T21:42:40+08:00 ] /gisproject/ | INFO: Tag[ view_parse ] --END-- [ RunTime:0.032918s ]
[ 2014-12-12T21:42:40+08:00 ] /gisproject/ | INFO: Tag[ view_filter ] --START--
[ 2014-12-12T21:42:40+08:00 ] /gisproject/ | INFO: Run ContentReplace Behavior [ RunTime:0.001482s ]
[ 2014-12-12T21:42:40+08:00 ] /gisproject/ | INFO: Run TokenBuild Behavior [ RunTime:0.001693s ]
[ 2014-12-12T21:42:40+08:00 ] /gisproject/ | INFO: Run WriteHtmlCache Behavior [ RunTime:0.001273s ]
[ 2014-12-12T21:42:40+08:00 ] /gisproject/ | INFO: Run ShowRuntime Behavior [ RunTime:0.001873s ]
[ 2014-12-12T21:42:40+08:00 ] /gisproject/ | INFO: Tag[ view_filter ] --END-- [ RunTime:0.007200s ]
[ 2014-12-12T21:42:40+08:00 ] /gisproject/ | INFO: Tag[ view_end ] --START--
[ 2014-12-12T21:42:40+08:00 ] /gisproject/ | INFO: Run ShowPageTrace Behavior [ RunTime:0.002116s ]
[ 2014-12-12T21:42:40+08:00 ] /gisproject/ | INFO: Tag[ view_end ] --END-- [ RunTime:0.002366s ]
[ 2014-12-12T21:42:42+08:00 ] /gisproject/ | INFO: Tag[ app_begin ] --START--
[ 2014-12-12T21:42:42+08:00 ] /gisproject/ | INFO: Run ReadHtmlCache Behavior [ RunTime:0.005294s ]
[ 2014-12-12T21:42:42+08:00 ] /gisproject/ | INFO: Tag[ app_begin ] --END-- [ RunTime:0.005639s ]
[ 2014-12-12T21:42:43+08:00 ] /gisproject/ | SQL: SHOW COLUMNS FROM `tb_point` [ RunTime:0.013608s ]
[ 2014-12-12T21:42:43+08:00 ] /gisproject/ | SQL: SELECT timestamp,AsText(point),type,name,introduce,attention,score,uri FROM tb_point order by AsText(point),timestamp DESC  [ RunTime:0.007417s ]
[ 2014-12-12T21:42:43+08:00 ] /gisproject/ | NOTIC: [8] Undefined offset:  8 IndexAction.class.php 第 30 行.
[ 2014-12-12T21:42:43+08:00 ] /gisproject/ | INFO: Tag[ view_template ] --START--
[ 2014-12-12T21:42:43+08:00 ] /gisproject/ | INFO: Run LocationTemplate Behavior [ RunTime:0.007765s ]
[ 2014-12-12T21:42:43+08:00 ] /gisproject/ | INFO: Tag[ view_template ] --END-- [ RunTime:0.007972s ]
[ 2014-12-12T21:42:43+08:00 ] /gisproject/ | INFO: Tag[ view_parse ] --START--
[ 2014-12-12T21:42:43+08:00 ] /gisproject/ | INFO: Run ParseTemplate Behavior [ RunTime:0.234787s ]
[ 2014-12-12T21:42:43+08:00 ] /gisproject/ | INFO: Tag[ view_parse ] --END-- [ RunTime:0.235097s ]
[ 2014-12-12T21:42:43+08:00 ] /gisproject/ | INFO: Tag[ view_filter ] --START--
[ 2014-12-12T21:42:43+08:00 ] /gisproject/ | INFO: Run ContentReplace Behavior [ RunTime:0.006823s ]
[ 2014-12-12T21:42:43+08:00 ] /gisproject/ | INFO: Run TokenBuild Behavior [ RunTime:0.004965s ]
[ 2014-12-12T21:42:43+08:00 ] /gisproject/ | INFO: Run WriteHtmlCache Behavior [ RunTime:0.006635s ]
[ 2014-12-12T21:42:43+08:00 ] /gisproject/ | INFO: Run ShowRuntime Behavior [ RunTime:0.007339s ]
[ 2014-12-12T21:42:43+08:00 ] /gisproject/ | INFO: Tag[ view_filter ] --END-- [ RunTime:0.026653s ]
[ 2014-12-12T21:42:43+08:00 ] /gisproject/ | INFO: Tag[ view_end ] --START--
[ 2014-12-12T21:42:43+08:00 ] /gisproject/ | INFO: Run ShowPageTrace Behavior [ RunTime:0.007710s ]
[ 2014-12-12T21:42:43+08:00 ] /gisproject/ | INFO: Tag[ view_end ] --END-- [ RunTime:0.007963s ]
[ 2014-12-12T22:08:32+08:00 ] /gisproject/ | INFO: Tag[ app_begin ] --START--
[ 2014-12-12T22:08:32+08:00 ] /gisproject/ | INFO: Run ReadHtmlCache Behavior [ RunTime:0.007050s ]
[ 2014-12-12T22:08:32+08:00 ] /gisproject/ | INFO: Tag[ app_begin ] --END-- [ RunTime:0.007417s ]
[ 2014-12-12T22:08:32+08:00 ] /gisproject/ | SQL: SHOW COLUMNS FROM `tb_point` [ RunTime:0.039518s ]
[ 2014-12-12T22:08:32+08:00 ] /gisproject/ | SQL: SELECT timestamp,AsText(point),type,name,introduce,attention,score,uri FROM tb_point order by AsText(point),timestamp DESC  [ RunTime:0.007365s ]
[ 2014-12-12T22:08:32+08:00 ] /gisproject/ | NOTIC: [8] Undefined offset:  8 IndexAction.class.php 第 30 行.
[ 2014-12-12T22:08:32+08:00 ] /gisproject/ | INFO: Tag[ view_template ] --START--
[ 2014-12-12T22:08:32+08:00 ] /gisproject/ | INFO: Run LocationTemplate Behavior [ RunTime:0.024867s ]
[ 2014-12-12T22:08:32+08:00 ] /gisproject/ | INFO: Tag[ view_template ] --END-- [ RunTime:0.025130s ]
[ 2014-12-12T22:08:32+08:00 ] /gisproject/ | INFO: Tag[ view_parse ] --START--
[ 2014-12-12T22:08:32+08:00 ] /gisproject/ | INFO: Run ParseTemplate Behavior [ RunTime:0.102435s ]
[ 2014-12-12T22:08:32+08:00 ] /gisproject/ | INFO: Tag[ view_parse ] --END-- [ RunTime:0.102706s ]
[ 2014-12-12T22:08:32+08:00 ] /gisproject/ | INFO: Tag[ view_filter ] --START--
[ 2014-12-12T22:08:32+08:00 ] /gisproject/ | INFO: Run ContentReplace Behavior [ RunTime:0.004989s ]
[ 2014-12-12T22:08:32+08:00 ] /gisproject/ | INFO: Run TokenBuild Behavior [ RunTime:0.005419s ]
[ 2014-12-12T22:08:32+08:00 ] /gisproject/ | INFO: Run WriteHtmlCache Behavior [ RunTime:0.004574s ]
[ 2014-12-12T22:08:32+08:00 ] /gisproject/ | INFO: Run ShowRuntime Behavior [ RunTime:0.010484s ]
[ 2014-12-12T22:08:32+08:00 ] /gisproject/ | INFO: Tag[ view_filter ] --END-- [ RunTime:0.026092s ]
[ 2014-12-12T22:08:32+08:00 ] /gisproject/ | INFO: Tag[ view_end ] --START--
[ 2014-12-12T22:08:32+08:00 ] /gisproject/ | INFO: Run ShowPageTrace Behavior [ RunTime:0.013992s ]
[ 2014-12-12T22:08:32+08:00 ] /gisproject/ | INFO: Tag[ view_end ] --END-- [ RunTime:0.014236s ]
[ 2014-12-12T22:09:34+08:00 ] /gisproject/ | INFO: Tag[ app_begin ] --START--
[ 2014-12-12T22:09:34+08:00 ] /gisproject/ | INFO: Run ReadHtmlCache Behavior [ RunTime:0.003220s ]
[ 2014-12-12T22:09:34+08:00 ] /gisproject/ | INFO: Tag[ app_begin ] --END-- [ RunTime:0.003653s ]
[ 2014-12-12T22:09:34+08:00 ] /gisproject/ | SQL: SHOW COLUMNS FROM `tb_point` [ RunTime:0.015804s ]
[ 2014-12-12T22:09:34+08:00 ] /gisproject/ | SQL: SELECT timestamp,AsText(point),type,name,introduce,attention,score,uri FROM tb_point order by AsText(point),timestamp DESC  [ RunTime:0.009703s ]
[ 2014-12-12T22:09:34+08:00 ] /gisproject/ | NOTIC: [8] Undefined offset:  8 IndexAction.class.php 第 30 行.
[ 2014-12-12T22:09:34+08:00 ] /gisproject/ | INFO: Tag[ view_template ] --START--
[ 2014-12-12T22:09:34+08:00 ] /gisproject/ | INFO: Run LocationTemplate Behavior [ RunTime:0.003173s ]
[ 2014-12-12T22:09:34+08:00 ] /gisproject/ | INFO: Tag[ view_template ] --END-- [ RunTime:0.003423s ]
[ 2014-12-12T22:09:34+08:00 ] /gisproject/ | INFO: Tag[ view_parse ] --START--
[ 2014-12-12T22:09:35+08:00 ] /gisproject/ | INFO: Run ParseTemplate Behavior [ RunTime:0.085986s ]
[ 2014-12-12T22:09:35+08:00 ] /gisproject/ | INFO: Tag[ view_parse ] --END-- [ RunTime:0.086253s ]
[ 2014-12-12T22:09:35+08:00 ] /gisproject/ | INFO: Tag[ view_filter ] --START--
[ 2014-12-12T22:09:35+08:00 ] /gisproject/ | INFO: Run ContentReplace Behavior [ RunTime:0.001665s ]
[ 2014-12-12T22:09:35+08:00 ] /gisproject/ | INFO: Run TokenBuild Behavior [ RunTime:0.001539s ]
[ 2014-12-12T22:09:35+08:00 ] /gisproject/ | INFO: Run WriteHtmlCache Behavior [ RunTime:0.000984s ]
[ 2014-12-12T22:09:35+08:00 ] /gisproject/ | INFO: Run ShowRuntime Behavior [ RunTime:0.001892s ]
[ 2014-12-12T22:09:35+08:00 ] /gisproject/ | INFO: Tag[ view_filter ] --END-- [ RunTime:0.006601s ]
[ 2014-12-12T22:09:35+08:00 ] /gisproject/ | INFO: Tag[ view_end ] --START--
[ 2014-12-12T22:09:35+08:00 ] /gisproject/ | INFO: Run ShowPageTrace Behavior [ RunTime:0.002661s ]
[ 2014-12-12T22:09:35+08:00 ] /gisproject/ | INFO: Tag[ view_end ] --END-- [ RunTime:0.002958s ]
[ 2014-12-12T22:09:37+08:00 ] /gisproject/ | INFO: Tag[ app_begin ] --START--
[ 2014-12-12T22:09:37+08:00 ] /gisproject/ | INFO: Run ReadHtmlCache Behavior [ RunTime:0.006611s ]
[ 2014-12-12T22:09:37+08:00 ] /gisproject/ | INFO: Tag[ app_begin ] --END-- [ RunTime:0.006969s ]
[ 2014-12-12T22:09:37+08:00 ] /gisproject/ | SQL: SHOW COLUMNS FROM `tb_point` [ RunTime:0.013524s ]
[ 2014-12-12T22:09:37+08:00 ] /gisproject/ | SQL: SELECT timestamp,AsText(point),type,name,introduce,attention,score,uri FROM tb_point order by AsText(point),timestamp DESC  [ RunTime:0.006965s ]
[ 2014-12-12T22:09:37+08:00 ] /gisproject/ | NOTIC: [8] Undefined offset:  8 IndexAction.class.php 第 30 行.
[ 2014-12-12T22:09:37+08:00 ] /gisproject/ | INFO: Tag[ view_template ] --START--
[ 2014-12-12T22:09:37+08:00 ] /gisproject/ | INFO: Run LocationTemplate Behavior [ RunTime:0.007590s ]
[ 2014-12-12T22:09:37+08:00 ] /gisproject/ | INFO: Tag[ view_template ] --END-- [ RunTime:0.007814s ]
[ 2014-12-12T22:09:37+08:00 ] /gisproject/ | INFO: Tag[ view_parse ] --START--
[ 2014-12-12T22:09:37+08:00 ] /gisproject/ | INFO: Run ParseTemplate Behavior [ RunTime:0.056003s ]
[ 2014-12-12T22:09:37+08:00 ] /gisproject/ | INFO: Tag[ view_parse ] --END-- [ RunTime:0.056278s ]
[ 2014-12-12T22:09:37+08:00 ] /gisproject/ | INFO: Tag[ view_filter ] --START--
[ 2014-12-12T22:09:37+08:00 ] /gisproject/ | INFO: Run ContentReplace Behavior [ RunTime:0.004377s ]
[ 2014-12-12T22:09:37+08:00 ] /gisproject/ | INFO: Run TokenBuild Behavior [ RunTime:0.004590s ]
[ 2014-12-12T22:09:37+08:00 ] /gisproject/ | INFO: Run WriteHtmlCache Behavior [ RunTime:0.003727s ]
[ 2014-12-12T22:09:37+08:00 ] /gisproject/ | INFO: Run ShowRuntime Behavior [ RunTime:0.004322s ]
[ 2014-12-12T22:09:37+08:00 ] /gisproject/ | INFO: Tag[ view_filter ] --END-- [ RunTime:0.017658s ]
[ 2014-12-12T22:09:37+08:00 ] /gisproject/ | INFO: Tag[ view_end ] --START--
[ 2014-12-12T22:09:37+08:00 ] /gisproject/ | INFO: Run ShowPageTrace Behavior [ RunTime:0.005306s ]
[ 2014-12-12T22:09:37+08:00 ] /gisproject/ | INFO: Tag[ view_end ] --END-- [ RunTime:0.005603s ]
[ 2014-12-12T22:09:56+08:00 ] /gisproject/ | INFO: Tag[ app_begin ] --START--
[ 2014-12-12T22:09:56+08:00 ] /gisproject/ | INFO: Run ReadHtmlCache Behavior [ RunTime:0.002521s ]
[ 2014-12-12T22:09:56+08:00 ] /gisproject/ | INFO: Tag[ app_begin ] --END-- [ RunTime:0.002883s ]
[ 2014-12-12T22:09:56+08:00 ] /gisproject/ | SQL: SHOW COLUMNS FROM `tb_point` [ RunTime:0.018262s ]
[ 2014-12-12T22:09:56+08:00 ] /gisproject/ | SQL: SELECT timestamp,AsText(point),type,name,introduce,attention,score,uri FROM tb_point order by AsText(point),timestamp DESC  [ RunTime:0.013207s ]
[ 2014-12-12T22:09:56+08:00 ] /gisproject/ | NOTIC: [8] Undefined offset:  8 IndexAction.class.php 第 30 行.
[ 2014-12-12T22:09:56+08:00 ] /gisproject/ | INFO: Tag[ view_template ] --START--
[ 2014-12-12T22:09:56+08:00 ] /gisproject/ | INFO: Run LocationTemplate Behavior [ RunTime:0.003420s ]
[ 2014-12-12T22:09:56+08:00 ] /gisproject/ | INFO: Tag[ view_template ] --END-- [ RunTime:0.003728s ]
[ 2014-12-12T22:09:56+08:00 ] /gisproject/ | INFO: Tag[ view_parse ] --START--
[ 2014-12-12T22:09:56+08:00 ] /gisproject/ | INFO: Run ParseTemplate Behavior [ RunTime:0.052208s ]
[ 2014-12-12T22:09:56+08:00 ] /gisproject/ | INFO: Tag[ view_parse ] --END-- [ RunTime:0.052690s ]
[ 2014-12-12T22:09:56+08:00 ] /gisproject/ | INFO: Tag[ view_filter ] --START--
[ 2014-12-12T22:09:56+08:00 ] /gisproject/ | INFO: Run ContentReplace Behavior [ RunTime:0.001898s ]
[ 2014-12-12T22:09:56+08:00 ] /gisproject/ | INFO: Run TokenBuild Behavior [ RunTime:0.001687s ]
[ 2014-12-12T22:09:56+08:00 ] /gisproject/ | INFO: Run WriteHtmlCache Behavior [ RunTime:0.001074s ]
[ 2014-12-12T22:09:56+08:00 ] /gisproject/ | INFO: Run ShowRuntime Behavior [ RunTime:0.001914s ]
[ 2014-12-12T22:09:56+08:00 ] /gisproject/ | INFO: Tag[ view_filter ] --END-- [ RunTime:0.007269s ]
[ 2014-12-12T22:09:56+08:00 ] /gisproject/ | INFO: Tag[ view_end ] --START--
[ 2014-12-12T22:09:56+08:00 ] /gisproject/ | INFO: Run ShowPageTrace Behavior [ RunTime:0.002839s ]
[ 2014-12-12T22:09:56+08:00 ] /gisproject/ | INFO: Tag[ view_end ] --END-- [ RunTime:0.003074s ]
[ 2014-12-12T22:09:59+08:00 ] /gisproject/ | INFO: Tag[ app_begin ] --START--
[ 2014-12-12T22:09:59+08:00 ] /gisproject/ | INFO: Run ReadHtmlCache Behavior [ RunTime:0.005442s ]
[ 2014-12-12T22:09:59+08:00 ] /gisproject/ | INFO: Tag[ app_begin ] --END-- [ RunTime:0.005801s ]
[ 2014-12-12T22:09:59+08:00 ] /gisproject/ | SQL: SHOW COLUMNS FROM `tb_point` [ RunTime:0.013468s ]
[ 2014-12-12T22:09:59+08:00 ] /gisproject/ | SQL: SELECT timestamp,AsText(point),type,name,introduce,attention,score,uri FROM tb_point order by AsText(point),timestamp DESC  [ RunTime:0.006732s ]
[ 2014-12-12T22:09:59+08:00 ] /gisproject/ | NOTIC: [8] Undefined offset:  8 IndexAction.class.php 第 30 行.
[ 2014-12-12T22:09:59+08:00 ] /gisproject/ | INFO: Tag[ view_template ] --START--
[ 2014-12-12T22:09:59+08:00 ] /gisproject/ | INFO: Run LocationTemplate Behavior [ RunTime:0.008370s ]
[ 2014-12-12T22:09:59+08:00 ] /gisproject/ | INFO: Tag[ view_template ] --END-- [ RunTime:0.008609s ]
[ 2014-12-12T22:09:59+08:00 ] /gisproject/ | INFO: Tag[ view_parse ] --START--
[ 2014-12-12T22:09:59+08:00 ] /gisproject/ | INFO: Run ParseTemplate Behavior [ RunTime:0.053428s ]
[ 2014-12-12T22:09:59+08:00 ] /gisproject/ | INFO: Tag[ view_parse ] --END-- [ RunTime:0.053701s ]
[ 2014-12-12T22:09:59+08:00 ] /gisproject/ | INFO: Tag[ view_filter ] --START--
[ 2014-12-12T22:09:59+08:00 ] /gisproject/ | INFO: Run ContentReplace Behavior [ RunTime:0.006295s ]
[ 2014-12-12T22:09:59+08:00 ] /gisproject/ | INFO: Run TokenBuild Behavior [ RunTime:0.006313s ]
[ 2014-12-12T22:09:59+08:00 ] /gisproject/ | INFO: Run WriteHtmlCache Behavior [ RunTime:0.005556s ]
[ 2014-12-12T22:09:59+08:00 ] /gisproject/ | INFO: Run ShowRuntime Behavior [ RunTime:0.006873s ]
[ 2014-12-12T22:09:59+08:00 ] /gisproject/ | INFO: Tag[ view_filter ] --END-- [ RunTime:0.025743s ]
[ 2014-12-12T22:09:59+08:00 ] /gisproject/ | INFO: Tag[ view_end ] --START--
[ 2014-12-12T22:09:59+08:00 ] /gisproject/ | INFO: Run ShowPageTrace Behavior [ RunTime:0.006587s ]
[ 2014-12-12T22:09:59+08:00 ] /gisproject/ | INFO: Tag[ view_end ] --END-- [ RunTime:0.006824s ]
[ 2014-12-12T22:10:09+08:00 ] /gisproject/ | INFO: Tag[ app_begin ] --START--
[ 2014-12-12T22:10:09+08:00 ] /gisproject/ | INFO: Run ReadHtmlCache Behavior [ RunTime:0.002618s ]
[ 2014-12-12T22:10:09+08:00 ] /gisproject/ | INFO: Tag[ app_begin ] --END-- [ RunTime:0.002986s ]
[ 2014-12-12T22:10:09+08:00 ] /gisproject/ | SQL: SHOW COLUMNS FROM `tb_point` [ RunTime:0.013421s ]
[ 2014-12-12T22:10:09+08:00 ] /gisproject/ | SQL: SELECT timestamp,AsText(point),type,name,introduce,attention,score,uri FROM tb_point order by AsText(point),timestamp DESC  [ RunTime:0.006840s ]
[ 2014-12-12T22:10:09+08:00 ] /gisproject/ | NOTIC: [8] Undefined offset:  8 IndexAction.class.php 第 30 行.
[ 2014-12-12T22:10:09+08:00 ] /gisproject/ | INFO: Tag[ view_template ] --START--
[ 2014-12-12T22:10:09+08:00 ] /gisproject/ | INFO: Run LocationTemplate Behavior [ RunTime:0.002632s ]
[ 2014-12-12T22:10:09+08:00 ] /gisproject/ | INFO: Tag[ view_template ] --END-- [ RunTime:0.002859s ]
[ 2014-12-12T22:10:09+08:00 ] /gisproject/ | INFO: Tag[ view_parse ] --START--
[ 2014-12-12T22:10:09+08:00 ] /gisproject/ | INFO: Run ParseTemplate Behavior [ RunTime:0.035291s ]
[ 2014-12-12T22:10:09+08:00 ] /gisproject/ | INFO: Tag[ view_parse ] --END-- [ RunTime:0.035529s ]
[ 2014-12-12T22:10:09+08:00 ] /gisproject/ | INFO: Tag[ view_filter ] --START--
[ 2014-12-12T22:10:09+08:00 ] /gisproject/ | INFO: Run ContentReplace Behavior [ RunTime:0.001319s ]
[ 2014-12-12T22:10:09+08:00 ] /gisproject/ | INFO: Run TokenBuild Behavior [ RunTime:0.001240s ]
[ 2014-12-12T22:10:09+08:00 ] /gisproject/ | INFO: Run WriteHtmlCache Behavior [ RunTime:0.000869s ]
[ 2014-12-12T22:10:09+08:00 ] /gisproject/ | INFO: Run ShowRuntime Behavior [ RunTime:0.001484s ]
[ 2014-12-12T22:10:09+08:00 ] /gisproject/ | INFO: Tag[ view_filter ] --END-- [ RunTime:0.005364s ]
[ 2014-12-12T22:10:09+08:00 ] /gisproject/ | INFO: Tag[ view_end ] --START--
[ 2014-12-12T22:10:09+08:00 ] /gisproject/ | INFO: Run ShowPageTrace Behavior [ RunTime:0.001444s ]
[ 2014-12-12T22:10:09+08:00 ] /gisproject/ | INFO: Tag[ view_end ] --END-- [ RunTime:0.001607s ]
[ 2014-12-12T22:14:35+08:00 ] /gisproject/ | INFO: Tag[ app_begin ] --START--
[ 2014-12-12T22:14:35+08:00 ] /gisproject/ | INFO: Run ReadHtmlCache Behavior [ RunTime:0.005078s ]
[ 2014-12-12T22:14:35+08:00 ] /gisproject/ | INFO: Tag[ app_begin ] --END-- [ RunTime:0.005454s ]
[ 2014-12-12T22:14:35+08:00 ] /gisproject/ | SQL: SHOW COLUMNS FROM `tb_point` [ RunTime:0.012388s ]
[ 2014-12-12T22:14:35+08:00 ] /gisproject/ | SQL: SELECT timestamp,AsText(point),type,name,introduce,attention,score,uri FROM tb_point order by AsText(point),timestamp DESC  [ RunTime:0.006101s ]
[ 2014-12-12T22:14:35+08:00 ] /gisproject/ | NOTIC: [8] Undefined offset:  8 IndexAction.class.php 第 30 行.
[ 2014-12-12T22:14:35+08:00 ] /gisproject/ | INFO: Tag[ view_template ] --START--
[ 2014-12-12T22:14:35+08:00 ] /gisproject/ | INFO: Run LocationTemplate Behavior [ RunTime:0.007613s ]
[ 2014-12-12T22:14:35+08:00 ] /gisproject/ | INFO: Tag[ view_template ] --END-- [ RunTime:0.007839s ]
[ 2014-12-12T22:14:35+08:00 ] /gisproject/ | INFO: Tag[ view_parse ] --START--
[ 2014-12-12T22:14:35+08:00 ] /gisproject/ | INFO: Run ParseTemplate Behavior [ RunTime:0.044199s ]
[ 2014-12-12T22:14:35+08:00 ] /gisproject/ | INFO: Tag[ view_parse ] --END-- [ RunTime:0.044474s ]
[ 2014-12-12T22:14:35+08:00 ] /gisproject/ | INFO: Tag[ view_filter ] --START--
[ 2014-12-12T22:14:35+08:00 ] /gisproject/ | INFO: Run ContentReplace Behavior [ RunTime:0.004328s ]
[ 2014-12-12T22:14:35+08:00 ] /gisproject/ | INFO: Run TokenBuild Behavior [ RunTime:0.004055s ]
[ 2014-12-12T22:14:35+08:00 ] /gisproject/ | INFO: Run WriteHtmlCache Behavior [ RunTime:0.003898s ]
[ 2014-12-12T22:14:35+08:00 ] /gisproject/ | INFO: Run ShowRuntime Behavior [ RunTime:0.004914s ]
[ 2014-12-12T22:14:35+08:00 ] /gisproject/ | INFO: Tag[ view_filter ] --END-- [ RunTime:0.017835s ]
[ 2014-12-12T22:14:35+08:00 ] /gisproject/ | INFO: Tag[ view_end ] --START--
[ 2014-12-12T22:14:35+08:00 ] /gisproject/ | INFO: Run ShowPageTrace Behavior [ RunTime:0.005170s ]
[ 2014-12-12T22:14:35+08:00 ] /gisproject/ | INFO: Tag[ view_end ] --END-- [ RunTime:0.005406s ]
[ 2014-12-12T22:15:04+08:00 ] /gisproject/ | INFO: Tag[ app_begin ] --START--
[ 2014-12-12T22:15:04+08:00 ] /gisproject/ | INFO: Run ReadHtmlCache Behavior [ RunTime:0.019644s ]
[ 2014-12-12T22:15:04+08:00 ] /gisproject/ | INFO: Tag[ app_begin ] --END-- [ RunTime:0.020016s ]
[ 2014-12-12T22:15:04+08:00 ] /gisproject/ | SQL: SHOW COLUMNS FROM `tb_point` [ RunTime:0.015201s ]
[ 2014-12-12T22:15:04+08:00 ] /gisproject/ | SQL: SELECT timestamp,AsText(point),type,name,introduce,attention,score,uri FROM tb_point order by AsText(point),timestamp DESC  [ RunTime:0.003303s ]
[ 2014-12-12T22:15:04+08:00 ] /gisproject/ | NOTIC: [8] Undefined offset:  8 IndexAction.class.php 第 30 行.
[ 2014-12-12T22:15:04+08:00 ] /gisproject/ | INFO: Tag[ view_template ] --START--
[ 2014-12-12T22:15:04+08:00 ] /gisproject/ | INFO: Run LocationTemplate Behavior [ RunTime:0.008229s ]
[ 2014-12-12T22:15:04+08:00 ] /gisproject/ | INFO: Tag[ view_template ] --END-- [ RunTime:0.008490s ]
[ 2014-12-12T22:15:04+08:00 ] /gisproject/ | INFO: Tag[ view_parse ] --START--
[ 2014-12-12T22:15:05+08:00 ] /gisproject/ | INFO: Run ParseTemplate Behavior [ RunTime:0.042995s ]
[ 2014-12-12T22:15:05+08:00 ] /gisproject/ | INFO: Tag[ view_parse ] --END-- [ RunTime:0.043232s ]
[ 2014-12-12T22:15:05+08:00 ] /gisproject/ | INFO: Tag[ view_filter ] --START--
[ 2014-12-12T22:15:05+08:00 ] /gisproject/ | INFO: Run ContentReplace Behavior [ RunTime:0.004203s ]
[ 2014-12-12T22:15:05+08:00 ] /gisproject/ | INFO: Run TokenBuild Behavior [ RunTime:0.003701s ]
[ 2014-12-12T22:15:05+08:00 ] /gisproject/ | INFO: Run WriteHtmlCache Behavior [ RunTime:0.003154s ]
[ 2014-12-12T22:15:05+08:00 ] /gisproject/ | INFO: Run ShowRuntime Behavior [ RunTime:0.004056s ]
[ 2014-12-12T22:15:05+08:00 ] /gisproject/ | INFO: Tag[ view_filter ] --END-- [ RunTime:0.015633s ]
[ 2014-12-12T22:15:05+08:00 ] /gisproject/ | INFO: Tag[ view_end ] --START--
[ 2014-12-12T22:15:05+08:00 ] /gisproject/ | INFO: Run ShowPageTrace Behavior [ RunTime:0.004632s ]
[ 2014-12-12T22:15:05+08:00 ] /gisproject/ | INFO: Tag[ view_end ] --END-- [ RunTime:0.004812s ]
[ 2014-12-12T22:15:50+08:00 ] /gisproject/ | INFO: Tag[ app_begin ] --START--
[ 2014-12-12T22:15:50+08:00 ] /gisproject/ | INFO: Run ReadHtmlCache Behavior [ RunTime:0.002219s ]
[ 2014-12-12T22:15:50+08:00 ] /gisproject/ | INFO: Tag[ app_begin ] --END-- [ RunTime:0.002540s ]
[ 2014-12-12T22:15:50+08:00 ] /gisproject/ | SQL: SHOW COLUMNS FROM `tb_point` [ RunTime:0.012448s ]
[ 2014-12-12T22:15:50+08:00 ] /gisproject/ | SQL: SELECT timestamp,AsText(point),type,name,introduce,attention,score,uri FROM tb_point order by AsText(point),timestamp DESC  [ RunTime:0.008742s ]
[ 2014-12-12T22:15:50+08:00 ] /gisproject/ | NOTIC: [8] Undefined offset:  8 IndexAction.class.php 第 30 行.
[ 2014-12-12T22:15:50+08:00 ] /gisproject/ | INFO: Tag[ view_template ] --START--
[ 2014-12-12T22:15:50+08:00 ] /gisproject/ | INFO: Run LocationTemplate Behavior [ RunTime:0.002380s ]
[ 2014-12-12T22:15:50+08:00 ] /gisproject/ | INFO: Tag[ view_template ] --END-- [ RunTime:0.002585s ]
[ 2014-12-12T22:15:50+08:00 ] /gisproject/ | INFO: Tag[ view_parse ] --START--
[ 2014-12-12T22:15:50+08:00 ] /gisproject/ | INFO: Run ParseTemplate Behavior [ RunTime:0.024136s ]
[ 2014-12-12T22:15:50+08:00 ] /gisproject/ | INFO: Tag[ view_parse ] --END-- [ RunTime:0.024531s ]
[ 2014-12-12T22:15:50+08:00 ] /gisproject/ | INFO: Tag[ view_filter ] --START--
[ 2014-12-12T22:15:50+08:00 ] /gisproject/ | INFO: Run ContentReplace Behavior [ RunTime:0.001360s ]
[ 2014-12-12T22:15:50+08:00 ] /gisproject/ | INFO: Run TokenBuild Behavior [ RunTime:0.001226s ]
[ 2014-12-12T22:15:50+08:00 ] /gisproject/ | INFO: Run WriteHtmlCache Behavior [ RunTime:0.000799s ]
[ 2014-12-12T22:15:50+08:00 ] /gisproject/ | INFO: Run ShowRuntime Behavior [ RunTime:0.001503s ]
[ 2014-12-12T22:15:50+08:00 ] /gisproject/ | INFO: Tag[ view_filter ] --END-- [ RunTime:0.005331s ]
[ 2014-12-12T22:15:50+08:00 ] /gisproject/ | INFO: Tag[ view_end ] --START--
[ 2014-12-12T22:15:50+08:00 ] /gisproject/ | INFO: Run ShowPageTrace Behavior [ RunTime:0.001207s ]
[ 2014-12-12T22:15:50+08:00 ] /gisproject/ | INFO: Tag[ view_end ] --END-- [ RunTime:0.001338s ]
[ 2014-12-12T22:20:14+08:00 ] /gisproject/ | INFO: Tag[ app_begin ] --START--
[ 2014-12-12T22:20:14+08:00 ] /gisproject/ | INFO: Run ReadHtmlCache Behavior [ RunTime:0.007219s ]
[ 2014-12-12T22:20:14+08:00 ] /gisproject/ | INFO: Tag[ app_begin ] --END-- [ RunTime:0.007620s ]
[ 2014-12-12T22:20:14+08:00 ] /gisproject/ | SQL: SHOW COLUMNS FROM `tb_point` [ RunTime:0.016368s ]
[ 2014-12-12T22:20:14+08:00 ] /gisproject/ | SQL: SELECT timestamp,AsText(point),type,name,introduce,attention,score,uri FROM tb_point order by AsText(point),timestamp DESC  [ RunTime:0.009599s ]
[ 2014-12-12T22:20:14+08:00 ] /gisproject/ | NOTIC: [8] Undefined offset:  8 IndexAction.class.php 第 30 行.
[ 2014-12-12T22:20:14+08:00 ] /gisproject/ | INFO: Tag[ view_template ] --START--
[ 2014-12-12T22:20:14+08:00 ] /gisproject/ | INFO: Run LocationTemplate Behavior [ RunTime:0.010099s ]
[ 2014-12-12T22:20:14+08:00 ] /gisproject/ | INFO: Tag[ view_template ] --END-- [ RunTime:0.010379s ]
[ 2014-12-12T22:20:14+08:00 ] /gisproject/ | INFO: Tag[ view_parse ] --START--
[ 2014-12-12T22:20:14+08:00 ] /gisproject/ | INFO: Run ParseTemplate Behavior [ RunTime:0.065067s ]
[ 2014-12-12T22:20:14+08:00 ] /gisproject/ | INFO: Tag[ view_parse ] --END-- [ RunTime:0.065351s ]
[ 2014-12-12T22:20:14+08:00 ] /gisproject/ | INFO: Tag[ view_filter ] --START--
[ 2014-12-12T22:20:14+08:00 ] /gisproject/ | INFO: Run ContentReplace Behavior [ RunTime:0.005509s ]
[ 2014-12-12T22:20:14+08:00 ] /gisproject/ | INFO: Run TokenBuild Behavior [ RunTime:0.005159s ]
[ 2014-12-12T22:20:14+08:00 ] /gisproject/ | INFO: Run WriteHtmlCache Behavior [ RunTime:0.005228s ]
[ 2014-12-12T22:20:14+08:00 ] /gisproject/ | INFO: Run ShowRuntime Behavior [ RunTime:0.006148s ]
[ 2014-12-12T22:20:14+08:00 ] /gisproject/ | INFO: Tag[ view_filter ] --END-- [ RunTime:0.022783s ]
[ 2014-12-12T22:20:14+08:00 ] /gisproject/ | INFO: Tag[ view_end ] --START--
[ 2014-12-12T22:20:14+08:00 ] /gisproject/ | INFO: Run ShowPageTrace Behavior [ RunTime:0.006897s ]
[ 2014-12-12T22:20:14+08:00 ] /gisproject/ | INFO: Tag[ view_end ] --END-- [ RunTime:0.007179s ]
[ 2014-12-12T22:20:18+08:00 ] /gisproject/ | INFO: Tag[ app_begin ] --START--
[ 2014-12-12T22:20:18+08:00 ] /gisproject/ | INFO: Run ReadHtmlCache Behavior [ RunTime:0.005463s ]
[ 2014-12-12T22:20:18+08:00 ] /gisproject/ | INFO: Tag[ app_begin ] --END-- [ RunTime:0.006133s ]
[ 2014-12-12T22:20:18+08:00 ] /gisproject/ | SQL: SHOW COLUMNS FROM `tb_point` [ RunTime:0.012194s ]
[ 2014-12-12T22:20:18+08:00 ] /gisproject/ | SQL: SELECT timestamp,AsText(point),type,name,introduce,attention,score,uri FROM tb_point order by AsText(point),timestamp DESC  [ RunTime:0.006259s ]
[ 2014-12-12T22:20:18+08:00 ] /gisproject/ | NOTIC: [8] Undefined offset:  8 IndexAction.class.php 第 30 行.
[ 2014-12-12T22:20:18+08:00 ] /gisproject/ | INFO: Tag[ view_template ] --START--
[ 2014-12-12T22:20:18+08:00 ] /gisproject/ | INFO: Run LocationTemplate Behavior [ RunTime:0.006995s ]
[ 2014-12-12T22:20:18+08:00 ] /gisproject/ | INFO: Tag[ view_template ] --END-- [ RunTime:0.007179s ]
[ 2014-12-12T22:20:18+08:00 ] /gisproject/ | INFO: Tag[ view_parse ] --START--
[ 2014-12-12T22:20:18+08:00 ] /gisproject/ | INFO: Run ParseTemplate Behavior [ RunTime:0.041614s ]
[ 2014-12-12T22:20:18+08:00 ] /gisproject/ | INFO: Tag[ view_parse ] --END-- [ RunTime:0.041827s ]
[ 2014-12-12T22:20:18+08:00 ] /gisproject/ | INFO: Tag[ view_filter ] --START--
[ 2014-12-12T22:20:18+08:00 ] /gisproject/ | INFO: Run ContentReplace Behavior [ RunTime:0.003723s ]
[ 2014-12-12T22:20:18+08:00 ] /gisproject/ | INFO: Run TokenBuild Behavior [ RunTime:0.003646s ]
[ 2014-12-12T22:20:18+08:00 ] /gisproject/ | INFO: Run WriteHtmlCache Behavior [ RunTime:0.003378s ]
[ 2014-12-12T22:20:18+08:00 ] /gisproject/ | INFO: Run ShowRuntime Behavior [ RunTime:0.005683s ]
[ 2014-12-12T22:20:18+08:00 ] /gisproject/ | INFO: Tag[ view_filter ] --END-- [ RunTime:0.016966s ]
[ 2014-12-12T22:20:18+08:00 ] /gisproject/ | INFO: Tag[ view_end ] --START--
[ 2014-12-12T22:20:18+08:00 ] /gisproject/ | INFO: Run ShowPageTrace Behavior [ RunTime:0.004271s ]
[ 2014-12-12T22:20:18+08:00 ] /gisproject/ | INFO: Tag[ view_end ] --END-- [ RunTime:0.004449s ]
[ 2014-12-12T22:20:27+08:00 ] /gisproject/ | INFO: Tag[ app_begin ] --START--
[ 2014-12-12T22:20:27+08:00 ] /gisproject/ | INFO: Run ReadHtmlCache Behavior [ RunTime:0.018704s ]
[ 2014-12-12T22:20:27+08:00 ] /gisproject/ | INFO: Tag[ app_begin ] --END-- [ RunTime:0.019176s ]
[ 2014-12-12T22:20:27+08:00 ] /gisproject/ | SQL: SHOW COLUMNS FROM `tb_point` [ RunTime:0.016903s ]
[ 2014-12-12T22:20:27+08:00 ] /gisproject/ | SQL: SELECT timestamp,AsText(point),type,name,introduce,attention,score,uri FROM tb_point order by AsText(point),timestamp DESC  [ RunTime:0.006416s ]
[ 2014-12-12T22:20:27+08:00 ] /gisproject/ | NOTIC: [8] Undefined offset:  8 IndexAction.class.php 第 30 行.
[ 2014-12-12T22:20:27+08:00 ] /gisproject/ | INFO: Tag[ view_template ] --START--
[ 2014-12-12T22:20:27+08:00 ] /gisproject/ | INFO: Run LocationTemplate Behavior [ RunTime:0.007289s ]
[ 2014-12-12T22:20:27+08:00 ] /gisproject/ | INFO: Tag[ view_template ] --END-- [ RunTime:0.007517s ]
[ 2014-12-12T22:20:27+08:00 ] /gisproject/ | INFO: Tag[ view_parse ] --START--
[ 2014-12-12T22:20:27+08:00 ] /gisproject/ | INFO: Run ParseTemplate Behavior [ RunTime:0.043347s ]
[ 2014-12-12T22:20:27+08:00 ] /gisproject/ | INFO: Tag[ view_parse ] --END-- [ RunTime:0.043589s ]
[ 2014-12-12T22:20:27+08:00 ] /gisproject/ | INFO: Tag[ view_filter ] --START--
[ 2014-12-12T22:20:27+08:00 ] /gisproject/ | INFO: Run ContentReplace Behavior [ RunTime:0.003757s ]
[ 2014-12-12T22:20:27+08:00 ] /gisproject/ | INFO: Run TokenBuild Behavior [ RunTime:0.003806s ]
[ 2014-12-12T22:20:27+08:00 ] /gisproject/ | INFO: Run WriteHtmlCache Behavior [ RunTime:0.003108s ]
[ 2014-12-12T22:20:27+08:00 ] /gisproject/ | INFO: Run ShowRuntime Behavior [ RunTime:0.004151s ]
[ 2014-12-12T22:20:27+08:00 ] /gisproject/ | INFO: Tag[ view_filter ] --END-- [ RunTime:0.015307s ]
[ 2014-12-12T22:20:27+08:00 ] /gisproject/ | INFO: Tag[ view_end ] --START--
[ 2014-12-12T22:20:27+08:00 ] /gisproject/ | INFO: Run ShowPageTrace Behavior [ RunTime:0.004000s ]
[ 2014-12-12T22:20:27+08:00 ] /gisproject/ | INFO: Tag[ view_end ] --END-- [ RunTime:0.004173s ]
[ 2014-12-12T22:22:05+08:00 ] /gisproject/ | INFO: Tag[ app_begin ] --START--
[ 2014-12-12T22:22:05+08:00 ] /gisproject/ | INFO: Run ReadHtmlCache Behavior [ RunTime:0.002351s ]
[ 2014-12-12T22:22:05+08:00 ] /gisproject/ | INFO: Tag[ app_begin ] --END-- [ RunTime:0.002675s ]
[ 2014-12-12T22:22:05+08:00 ] /gisproject/ | SQL: SHOW COLUMNS FROM `tb_point` [ RunTime:0.027324s ]
[ 2014-12-12T22:22:05+08:00 ] /gisproject/ | SQL: SELECT timestamp,AsText(point),type,name,introduce,attention,score,uri FROM tb_point order by AsText(point),timestamp DESC  [ RunTime:0.009231s ]
[ 2014-12-12T22:22:05+08:00 ] /gisproject/ | NOTIC: [8] Undefined offset:  8 IndexAction.class.php 第 30 行.
[ 2014-12-12T22:22:05+08:00 ] /gisproject/ | INFO: Tag[ view_template ] --START--
[ 2014-12-12T22:22:05+08:00 ] /gisproject/ | INFO: Run LocationTemplate Behavior [ RunTime:0.003253s ]
[ 2014-12-12T22:22:05+08:00 ] /gisproject/ | INFO: Tag[ view_template ] --END-- [ RunTime:0.003536s ]
[ 2014-12-12T22:22:05+08:00 ] /gisproject/ | INFO: Tag[ view_parse ] --START--
[ 2014-12-12T22:22:05+08:00 ] /gisproject/ | INFO: Run ParseTemplate Behavior [ RunTime:0.056463s ]
[ 2014-12-12T22:22:05+08:00 ] /gisproject/ | INFO: Tag[ view_parse ] --END-- [ RunTime:0.056768s ]
[ 2014-12-12T22:22:05+08:00 ] /gisproject/ | INFO: Tag[ view_filter ] --START--
[ 2014-12-12T22:22:05+08:00 ] /gisproject/ | INFO: Run ContentReplace Behavior [ RunTime:0.002007s ]
[ 2014-12-12T22:22:05+08:00 ] /gisproject/ | INFO: Run TokenBuild Behavior [ RunTime:0.002758s ]
[ 2014-12-12T22:22:05+08:00 ] /gisproject/ | INFO: Run WriteHtmlCache Behavior [ RunTime:0.001282s ]
[ 2014-12-12T22:22:05+08:00 ] /gisproject/ | INFO: Run ShowRuntime Behavior [ RunTime:0.002405s ]
[ 2014-12-12T22:22:05+08:00 ] /gisproject/ | INFO: Tag[ view_filter ] --END-- [ RunTime:0.009258s ]
[ 2014-12-12T22:22:05+08:00 ] /gisproject/ | INFO: Tag[ view_end ] --START--
[ 2014-12-12T22:22:05+08:00 ] /gisproject/ | INFO: Run ShowPageTrace Behavior [ RunTime:0.003219s ]
[ 2014-12-12T22:22:05+08:00 ] /gisproject/ | INFO: Tag[ view_end ] --END-- [ RunTime:0.003461s ]
[ 2014-12-12T22:22:34+08:00 ] /gisproject/ | INFO: Tag[ app_begin ] --START--
[ 2014-12-12T22:22:34+08:00 ] /gisproject/ | INFO: Run ReadHtmlCache Behavior [ RunTime:0.006464s ]
[ 2014-12-12T22:22:34+08:00 ] /gisproject/ | INFO: Tag[ app_begin ] --END-- [ RunTime:0.006855s ]
[ 2014-12-12T22:22:35+08:00 ] /gisproject/ | SQL: SHOW COLUMNS FROM `tb_point` [ RunTime:0.016946s ]
[ 2014-12-12T22:22:35+08:00 ] /gisproject/ | SQL: SELECT timestamp,AsText(point),type,name,introduce,attention,score,uri FROM tb_point order by AsText(point),timestamp DESC  [ RunTime:0.007067s ]
[ 2014-12-12T22:22:35+08:00 ] /gisproject/ | NOTIC: [8] Undefined offset:  8 IndexAction.class.php 第 30 行.
[ 2014-12-12T22:22:35+08:00 ] /gisproject/ | INFO: Tag[ view_template ] --START--
[ 2014-12-12T22:22:35+08:00 ] /gisproject/ | INFO: Run LocationTemplate Behavior [ RunTime:0.009062s ]
[ 2014-12-12T22:22:35+08:00 ] /gisproject/ | INFO: Tag[ view_template ] --END-- [ RunTime:0.009303s ]
[ 2014-12-12T22:22:35+08:00 ] /gisproject/ | INFO: Tag[ view_parse ] --START--
[ 2014-12-12T22:22:35+08:00 ] /gisproject/ | INFO: Run ParseTemplate Behavior [ RunTime:0.047965s ]
[ 2014-12-12T22:22:35+08:00 ] /gisproject/ | INFO: Tag[ view_parse ] --END-- [ RunTime:0.048236s ]
[ 2014-12-12T22:22:35+08:00 ] /gisproject/ | INFO: Tag[ view_filter ] --START--
[ 2014-12-12T22:22:35+08:00 ] /gisproject/ | INFO: Run ContentReplace Behavior [ RunTime:0.003892s ]
[ 2014-12-12T22:22:35+08:00 ] /gisproject/ | INFO: Run TokenBuild Behavior [ RunTime:0.004627s ]
[ 2014-12-12T22:22:35+08:00 ] /gisproject/ | INFO: Run WriteHtmlCache Behavior [ RunTime:0.003876s ]
[ 2014-12-12T22:22:35+08:00 ] /gisproject/ | INFO: Run ShowRuntime Behavior [ RunTime:0.004951s ]
[ 2014-12-12T22:22:35+08:00 ] /gisproject/ | INFO: Tag[ view_filter ] --END-- [ RunTime:0.018086s ]
[ 2014-12-12T22:22:35+08:00 ] /gisproject/ | INFO: Tag[ view_end ] --START--
[ 2014-12-12T22:22:35+08:00 ] /gisproject/ | INFO: Run ShowPageTrace Behavior [ RunTime:0.005612s ]
[ 2014-12-12T22:22:35+08:00 ] /gisproject/ | INFO: Tag[ view_end ] --END-- [ RunTime:0.005858s ]
