[ 2014-12-14T06:21:05+08:00 ] /gisproject/ | INFO: Tag[ app_begin ] --START--
[ 2014-12-14T06:21:05+08:00 ] /gisproject/ | INFO: Run ReadHtmlCache Behavior [ RunTime:0.137132s ]
[ 2014-12-14T06:21:05+08:00 ] /gisproject/ | INFO: Tag[ app_begin ] --END-- [ RunTime:0.163442s ]
[ 2014-12-14T06:21:06+08:00 ] /gisproject/ | SQL: SHOW COLUMNS FROM `tb_point` [ RunTime:0.170360s ]
[ 2014-12-14T06:21:06+08:00 ] /gisproject/ | SQL: SELECT timestamp,AsText(point),type,name,introduce,attention,score,uri FROM tb_point order by AsText(point),timestamp DESC  [ RunTime:0.157510s ]
[ 2014-12-14T06:21:06+08:00 ] /gisproject/ | NOTIC: [8] Undefined offset:  8 IndexAction.class.php 第 30 行.
[ 2014-12-14T06:21:06+08:00 ] /gisproject/ | INFO: Tag[ view_template ] --START--
[ 2014-12-14T06:21:06+08:00 ] /gisproject/ | INFO: Run LocationTemplate Behavior [ RunTime:0.262962s ]
[ 2014-12-14T06:21:06+08:00 ] /gisproject/ | INFO: Tag[ view_template ] --END-- [ RunTime:0.263239s ]
[ 2014-12-14T06:21:06+08:00 ] /gisproject/ | INFO: Tag[ view_parse ] --START--
[ 2014-12-14T06:21:07+08:00 ] /gisproject/ | INFO: Run ParseTemplate Behavior [ RunTime:0.352985s ]
[ 2014-12-14T06:21:07+08:00 ] /gisproject/ | INFO: Tag[ view_parse ] --END-- [ RunTime:0.353268s ]
[ 2014-12-14T06:21:07+08:00 ] /gisproject/ | INFO: Tag[ view_filter ] --START--
[ 2014-12-14T06:21:07+08:00 ] /gisproject/ | INFO: Run ContentReplace Behavior [ RunTime:0.013316s ]
[ 2014-12-14T06:21:07+08:00 ] /gisproject/ | INFO: Run TokenBuild Behavior [ RunTime:0.006929s ]
[ 2014-12-14T06:21:07+08:00 ] /gisproject/ | INFO: Run WriteHtmlCache Behavior [ RunTime:0.023419s ]
[ 2014-12-14T06:21:07+08:00 ] /gisproject/ | INFO: Run ShowRuntime Behavior [ RunTime:0.015592s ]
[ 2014-12-14T06:21:07+08:00 ] /gisproject/ | INFO: Tag[ view_filter ] --END-- [ RunTime:0.059971s ]
[ 2014-12-14T06:21:07+08:00 ] /gisproject/ | INFO: Tag[ view_end ] --START--
[ 2014-12-14T06:21:07+08:00 ] /gisproject/ | INFO: Run ShowPageTrace Behavior [ RunTime:0.025734s ]
[ 2014-12-14T06:21:07+08:00 ] /gisproject/ | INFO: Tag[ view_end ] --END-- [ RunTime:0.025988s ]
[ 2014-12-14T06:23:04+08:00 ] /gisproject/ | INFO: Tag[ app_begin ] --START--
[ 2014-12-14T06:23:04+08:00 ] /gisproject/ | INFO: Run ReadHtmlCache Behavior [ RunTime:0.004639s ]
[ 2014-12-14T06:23:04+08:00 ] /gisproject/ | INFO: Tag[ app_begin ] --END-- [ RunTime:0.004965s ]
[ 2014-12-14T06:23:04+08:00 ] /gisproject/ | SQL: SHOW COLUMNS FROM `tb_point` [ RunTime:0.011985s ]
[ 2014-12-14T06:23:04+08:00 ] /gisproject/ | SQL: SELECT timestamp,AsText(point),type,name,introduce,attention,score,uri FROM tb_point order by AsText(point),timestamp DESC  [ RunTime:0.005909s ]
[ 2014-12-14T06:23:04+08:00 ] /gisproject/ | NOTIC: [8] Undefined offset:  8 IndexAction.class.php 第 30 行.
[ 2014-12-14T06:23:04+08:00 ] /gisproject/ | INFO: Tag[ view_template ] --START--
[ 2014-12-14T06:23:04+08:00 ] /gisproject/ | INFO: Run LocationTemplate Behavior [ RunTime:0.008303s ]
[ 2014-12-14T06:23:04+08:00 ] /gisproject/ | INFO: Tag[ view_template ] --END-- [ RunTime:0.008547s ]
[ 2014-12-14T06:23:04+08:00 ] /gisproject/ | INFO: Tag[ view_parse ] --START--
[ 2014-12-14T06:23:04+08:00 ] /gisproject/ | INFO: Run ParseTemplate Behavior [ RunTime:0.079009s ]
[ 2014-12-14T06:23:04+08:00 ] /gisproject/ | INFO: Tag[ view_parse ] --END-- [ RunTime:0.079253s ]
[ 2014-12-14T06:23:04+08:00 ] /gisproject/ | INFO: Tag[ view_filter ] --START--
[ 2014-12-14T06:23:04+08:00 ] /gisproject/ | INFO: Run ContentReplace Behavior [ RunTime:0.004154s ]
[ 2014-12-14T06:23:04+08:00 ] /gisproject/ | INFO: Run TokenBuild Behavior [ RunTime:0.004595s ]
[ 2014-12-14T06:23:04+08:00 ] /gisproject/ | INFO: Run WriteHtmlCache Behavior [ RunTime:0.003206s ]
[ 2014-12-14T06:23:04+08:00 ] /gisproject/ | INFO: Run ShowRuntime Behavior [ RunTime:0.004213s ]
[ 2014-12-14T06:23:04+08:00 ] /gisproject/ | INFO: Tag[ view_filter ] --END-- [ RunTime:0.016681s ]
[ 2014-12-14T06:23:04+08:00 ] /gisproject/ | INFO: Tag[ view_end ] --START--
[ 2014-12-14T06:23:04+08:00 ] /gisproject/ | INFO: Run ShowPageTrace Behavior [ RunTime:0.003910s ]
[ 2014-12-14T06:23:04+08:00 ] /gisproject/ | INFO: Tag[ view_end ] --END-- [ RunTime:0.004080s ]
[ 2014-12-14T06:27:00+08:00 ] /gisproject/ | INFO: Tag[ app_begin ] --START--
[ 2014-12-14T06:27:00+08:00 ] /gisproject/ | INFO: Run ReadHtmlCache Behavior [ RunTime:0.025757s ]
[ 2014-12-14T06:27:00+08:00 ] /gisproject/ | INFO: Tag[ app_begin ] --END-- [ RunTime:0.026157s ]
[ 2014-12-14T06:27:00+08:00 ] /gisproject/ | SQL: SHOW COLUMNS FROM `tb_point` [ RunTime:0.017672s ]
[ 2014-12-14T06:27:00+08:00 ] /gisproject/ | SQL: SELECT timestamp,AsText(point),type,name,introduce,attention,score,uri FROM tb_point order by AsText(point),timestamp DESC  [ RunTime:0.006005s ]
[ 2014-12-14T06:27:00+08:00 ] /gisproject/ | NOTIC: [8] Undefined offset:  8 IndexAction.class.php 第 30 行.
[ 2014-12-14T06:27:00+08:00 ] /gisproject/ | INFO: Tag[ view_template ] --START--
[ 2014-12-14T06:27:00+08:00 ] /gisproject/ | INFO: Run LocationTemplate Behavior [ RunTime:0.009866s ]
[ 2014-12-14T06:27:00+08:00 ] /gisproject/ | INFO: Tag[ view_template ] --END-- [ RunTime:0.010091s ]
[ 2014-12-14T06:27:00+08:00 ] /gisproject/ | INFO: Tag[ view_parse ] --START--
[ 2014-12-14T06:27:00+08:00 ] /gisproject/ | INFO: Run ParseTemplate Behavior [ RunTime:0.069330s ]
[ 2014-12-14T06:27:00+08:00 ] /gisproject/ | INFO: Tag[ view_parse ] --END-- [ RunTime:0.069599s ]
[ 2014-12-14T06:27:00+08:00 ] /gisproject/ | INFO: Tag[ view_filter ] --START--
[ 2014-12-14T06:27:00+08:00 ] /gisproject/ | INFO: Run ContentReplace Behavior [ RunTime:0.005170s ]
[ 2014-12-14T06:27:00+08:00 ] /gisproject/ | INFO: Run TokenBuild Behavior [ RunTime:0.005669s ]
[ 2014-12-14T06:27:00+08:00 ] /gisproject/ | INFO: Run WriteHtmlCache Behavior [ RunTime:0.004467s ]
[ 2014-12-14T06:27:00+08:00 ] /gisproject/ | INFO: Run ShowRuntime Behavior [ RunTime:0.005126s ]
[ 2014-12-14T06:27:00+08:00 ] /gisproject/ | INFO: Tag[ view_filter ] --END-- [ RunTime:0.021207s ]
[ 2014-12-14T06:27:00+08:00 ] /gisproject/ | INFO: Tag[ view_end ] --START--
[ 2014-12-14T06:27:00+08:00 ] /gisproject/ | INFO: Run ShowPageTrace Behavior [ RunTime:0.004309s ]
[ 2014-12-14T06:27:00+08:00 ] /gisproject/ | INFO: Tag[ view_end ] --END-- [ RunTime:0.004526s ]
[ 2014-12-14T06:27:27+08:00 ] /gisproject/ | INFO: Tag[ app_begin ] --START--
[ 2014-12-14T06:27:27+08:00 ] /gisproject/ | INFO: Run ReadHtmlCache Behavior [ RunTime:0.020685s ]
[ 2014-12-14T06:27:27+08:00 ] /gisproject/ | INFO: Tag[ app_begin ] --END-- [ RunTime:0.021040s ]
[ 2014-12-14T06:27:27+08:00 ] /gisproject/ | SQL: SHOW COLUMNS FROM `tb_point` [ RunTime:0.010220s ]
[ 2014-12-14T06:27:27+08:00 ] /gisproject/ | SQL: SELECT timestamp,AsText(point),type,name,introduce,attention,score,uri FROM tb_point order by AsText(point),timestamp DESC  [ RunTime:0.004690s ]
[ 2014-12-14T06:27:27+08:00 ] /gisproject/ | NOTIC: [8] Undefined offset:  8 IndexAction.class.php 第 30 行.
[ 2014-12-14T06:27:27+08:00 ] /gisproject/ | INFO: Tag[ view_template ] --START--
[ 2014-12-14T06:27:27+08:00 ] /gisproject/ | INFO: Run LocationTemplate Behavior [ RunTime:0.006725s ]
[ 2014-12-14T06:27:27+08:00 ] /gisproject/ | INFO: Tag[ view_template ] --END-- [ RunTime:0.006922s ]
[ 2014-12-14T06:27:27+08:00 ] /gisproject/ | INFO: Tag[ view_parse ] --START--
[ 2014-12-14T06:27:27+08:00 ] /gisproject/ | INFO: Run ParseTemplate Behavior [ RunTime:0.040821s ]
[ 2014-12-14T06:27:27+08:00 ] /gisproject/ | INFO: Tag[ view_parse ] --END-- [ RunTime:0.041036s ]
[ 2014-12-14T06:27:27+08:00 ] /gisproject/ | INFO: Tag[ view_filter ] --START--
[ 2014-12-14T06:27:27+08:00 ] /gisproject/ | INFO: Run ContentReplace Behavior [ RunTime:0.003674s ]
[ 2014-12-14T06:27:27+08:00 ] /gisproject/ | INFO: Run TokenBuild Behavior [ RunTime:0.003776s ]
[ 2014-12-14T06:27:27+08:00 ] /gisproject/ | INFO: Run WriteHtmlCache Behavior [ RunTime:0.003156s ]
[ 2014-12-14T06:27:27+08:00 ] /gisproject/ | INFO: Run ShowRuntime Behavior [ RunTime:0.003861s ]
[ 2014-12-14T06:27:27+08:00 ] /gisproject/ | INFO: Tag[ view_filter ] --END-- [ RunTime:0.014957s ]
[ 2014-12-14T06:27:27+08:00 ] /gisproject/ | INFO: Tag[ view_end ] --START--
[ 2014-12-14T06:27:27+08:00 ] /gisproject/ | INFO: Run ShowPageTrace Behavior [ RunTime:0.003846s ]
[ 2014-12-14T06:27:27+08:00 ] /gisproject/ | INFO: Tag[ view_end ] --END-- [ RunTime:0.004012s ]
[ 2014-12-14T06:29:05+08:00 ] /gisproject/ | INFO: Tag[ app_begin ] --START--
[ 2014-12-14T06:29:06+08:00 ] /gisproject/ | INFO: Run ReadHtmlCache Behavior [ RunTime:0.005146s ]
[ 2014-12-14T06:29:06+08:00 ] /gisproject/ | INFO: Tag[ app_begin ] --END-- [ RunTime:0.005490s ]
[ 2014-12-14T06:29:06+08:00 ] /gisproject/ | SQL: SHOW COLUMNS FROM `tb_point` [ RunTime:0.066762s ]
[ 2014-12-14T06:29:06+08:00 ] /gisproject/ | SQL: SELECT timestamp,AsText(point),type,name,introduce,attention,score,uri FROM tb_point order by AsText(point),timestamp DESC  [ RunTime:0.006322s ]
[ 2014-12-14T06:29:06+08:00 ] /gisproject/ | NOTIC: [8] Undefined offset:  8 IndexAction.class.php 第 30 行.
[ 2014-12-14T06:29:06+08:00 ] /gisproject/ | INFO: Tag[ view_template ] --START--
[ 2014-12-14T06:29:06+08:00 ] /gisproject/ | INFO: Run LocationTemplate Behavior [ RunTime:0.007463s ]
[ 2014-12-14T06:29:06+08:00 ] /gisproject/ | INFO: Tag[ view_template ] --END-- [ RunTime:0.007682s ]
[ 2014-12-14T06:29:06+08:00 ] /gisproject/ | INFO: Tag[ view_parse ] --START--
[ 2014-12-14T06:29:06+08:00 ] /gisproject/ | INFO: Run ParseTemplate Behavior [ RunTime:0.039676s ]
[ 2014-12-14T06:29:06+08:00 ] /gisproject/ | INFO: Tag[ view_parse ] --END-- [ RunTime:0.039892s ]
[ 2014-12-14T06:29:06+08:00 ] /gisproject/ | INFO: Tag[ view_filter ] --START--
[ 2014-12-14T06:29:06+08:00 ] /gisproject/ | INFO: Run ContentReplace Behavior [ RunTime:0.003656s ]
[ 2014-12-14T06:29:06+08:00 ] /gisproject/ | INFO: Run TokenBuild Behavior [ RunTime:0.003547s ]
[ 2014-12-14T06:29:06+08:00 ] /gisproject/ | INFO: Run WriteHtmlCache Behavior [ RunTime:0.003394s ]
[ 2014-12-14T06:29:06+08:00 ] /gisproject/ | INFO: Run ShowRuntime Behavior [ RunTime:0.003899s ]
[ 2014-12-14T06:29:06+08:00 ] /gisproject/ | INFO: Tag[ view_filter ] --END-- [ RunTime:0.014961s ]
[ 2014-12-14T06:29:06+08:00 ] /gisproject/ | INFO: Tag[ view_end ] --START--
[ 2014-12-14T06:29:06+08:00 ] /gisproject/ | INFO: Run ShowPageTrace Behavior [ RunTime:0.003885s ]
[ 2014-12-14T06:29:06+08:00 ] /gisproject/ | INFO: Tag[ view_end ] --END-- [ RunTime:0.004049s ]
[ 2014-12-14T06:29:35+08:00 ] /gisproject/ | INFO: Tag[ app_begin ] --START--
[ 2014-12-14T06:29:35+08:00 ] /gisproject/ | INFO: Run ReadHtmlCache Behavior [ RunTime:0.005776s ]
[ 2014-12-14T06:29:35+08:00 ] /gisproject/ | INFO: Tag[ app_begin ] --END-- [ RunTime:0.006151s ]
[ 2014-12-14T06:29:35+08:00 ] /gisproject/ | SQL: SHOW COLUMNS FROM `tb_point` [ RunTime:0.011632s ]
[ 2014-12-14T06:29:35+08:00 ] /gisproject/ | SQL: SELECT timestamp,AsText(point),type,name,introduce,attention,score,uri FROM tb_point order by AsText(point),timestamp DESC  [ RunTime:0.004424s ]
[ 2014-12-14T06:29:35+08:00 ] /gisproject/ | NOTIC: [8] Undefined offset:  8 IndexAction.class.php 第 30 行.
[ 2014-12-14T06:29:35+08:00 ] /gisproject/ | INFO: Tag[ view_template ] --START--
[ 2014-12-14T06:29:35+08:00 ] /gisproject/ | INFO: Run LocationTemplate Behavior [ RunTime:0.007285s ]
[ 2014-12-14T06:29:35+08:00 ] /gisproject/ | INFO: Tag[ view_template ] --END-- [ RunTime:0.007528s ]
[ 2014-12-14T06:29:35+08:00 ] /gisproject/ | INFO: Tag[ view_parse ] --START--
[ 2014-12-14T06:29:35+08:00 ] /gisproject/ | INFO: Run ParseTemplate Behavior [ RunTime:0.040893s ]
[ 2014-12-14T06:29:35+08:00 ] /gisproject/ | INFO: Tag[ view_parse ] --END-- [ RunTime:0.041227s ]
[ 2014-12-14T06:29:35+08:00 ] /gisproject/ | INFO: Tag[ view_filter ] --START--
[ 2014-12-14T06:29:35+08:00 ] /gisproject/ | INFO: Run ContentReplace Behavior [ RunTime:0.003682s ]
[ 2014-12-14T06:29:35+08:00 ] /gisproject/ | INFO: Run TokenBuild Behavior [ RunTime:0.003825s ]
[ 2014-12-14T06:29:35+08:00 ] /gisproject/ | INFO: Run WriteHtmlCache Behavior [ RunTime:0.003115s ]
[ 2014-12-14T06:29:35+08:00 ] /gisproject/ | INFO: Run ShowRuntime Behavior [ RunTime:0.003939s ]
[ 2014-12-14T06:29:35+08:00 ] /gisproject/ | INFO: Tag[ view_filter ] --END-- [ RunTime:0.015052s ]
[ 2014-12-14T06:29:35+08:00 ] /gisproject/ | INFO: Tag[ view_end ] --START--
[ 2014-12-14T06:29:35+08:00 ] /gisproject/ | INFO: Run ShowPageTrace Behavior [ RunTime:0.003827s ]
[ 2014-12-14T06:29:35+08:00 ] /gisproject/ | INFO: Tag[ view_end ] --END-- [ RunTime:0.003990s ]
[ 2014-12-14T06:29:47+08:00 ] /gisproject/ | INFO: Tag[ app_begin ] --START--
[ 2014-12-14T06:29:47+08:00 ] /gisproject/ | INFO: Run ReadHtmlCache Behavior [ RunTime:0.001979s ]
[ 2014-12-14T06:29:47+08:00 ] /gisproject/ | INFO: Tag[ app_begin ] --END-- [ RunTime:0.002271s ]
[ 2014-12-14T06:29:47+08:00 ] /gisproject/ | SQL: SHOW COLUMNS FROM `tb_point` [ RunTime:0.015676s ]
[ 2014-12-14T06:29:47+08:00 ] /gisproject/ | SQL: SELECT timestamp,AsText(point),type,name,introduce,attention,score,uri FROM tb_point order by AsText(point),timestamp DESC  [ RunTime:0.001992s ]
[ 2014-12-14T06:29:47+08:00 ] /gisproject/ | NOTIC: [8] Undefined offset:  8 IndexAction.class.php 第 30 行.
[ 2014-12-14T06:29:47+08:00 ] /gisproject/ | INFO: Tag[ view_template ] --START--
[ 2014-12-14T06:29:47+08:00 ] /gisproject/ | INFO: Run LocationTemplate Behavior [ RunTime:0.002619s ]
[ 2014-12-14T06:29:47+08:00 ] /gisproject/ | INFO: Tag[ view_template ] --END-- [ RunTime:0.002840s ]
[ 2014-12-14T06:29:47+08:00 ] /gisproject/ | INFO: Tag[ view_parse ] --START--
[ 2014-12-14T06:29:47+08:00 ] /gisproject/ | INFO: Run ParseTemplate Behavior [ RunTime:0.029697s ]
[ 2014-12-14T06:29:47+08:00 ] /gisproject/ | INFO: Tag[ view_parse ] --END-- [ RunTime:0.029929s ]
[ 2014-12-14T06:29:47+08:00 ] /gisproject/ | INFO: Tag[ view_filter ] --START--
[ 2014-12-14T06:29:47+08:00 ] /gisproject/ | INFO: Run ContentReplace Behavior [ RunTime:0.001465s ]
[ 2014-12-14T06:29:47+08:00 ] /gisproject/ | INFO: Run TokenBuild Behavior [ RunTime:0.001357s ]
[ 2014-12-14T06:29:47+08:00 ] /gisproject/ | INFO: Run WriteHtmlCache Behavior [ RunTime:0.000934s ]
[ 2014-12-14T06:29:47+08:00 ] /gisproject/ | INFO: Run ShowRuntime Behavior [ RunTime:0.001696s ]
[ 2014-12-14T06:29:47+08:00 ] /gisproject/ | INFO: Tag[ view_filter ] --END-- [ RunTime:0.005951s ]
[ 2014-12-14T06:29:47+08:00 ] /gisproject/ | INFO: Tag[ view_end ] --START--
[ 2014-12-14T06:29:47+08:00 ] /gisproject/ | INFO: Run ShowPageTrace Behavior [ RunTime:0.001679s ]
[ 2014-12-14T06:29:47+08:00 ] /gisproject/ | INFO: Tag[ view_end ] --END-- [ RunTime:0.001856s ]
[ 2014-12-14T06:30:05+08:00 ] /gisproject/ | INFO: Tag[ app_begin ] --START--
[ 2014-12-14T06:30:05+08:00 ] /gisproject/ | INFO: Run ReadHtmlCache Behavior [ RunTime:0.002336s ]
[ 2014-12-14T06:30:05+08:00 ] /gisproject/ | INFO: Tag[ app_begin ] --END-- [ RunTime:0.002664s ]
[ 2014-12-14T06:30:06+08:00 ] /gisproject/ | SQL: SHOW COLUMNS FROM `tb_point` [ RunTime:0.010034s ]
[ 2014-12-14T06:30:06+08:00 ] /gisproject/ | SQL: SELECT timestamp,AsText(point),type,name,introduce,attention,score,uri FROM tb_point order by AsText(point),timestamp DESC  [ RunTime:0.004679s ]
[ 2014-12-14T06:30:06+08:00 ] /gisproject/ | NOTIC: [8] Undefined offset:  8 IndexAction.class.php 第 30 行.
[ 2014-12-14T06:30:06+08:00 ] /gisproject/ | INFO: Tag[ view_template ] --START--
[ 2014-12-14T06:30:06+08:00 ] /gisproject/ | INFO: Run LocationTemplate Behavior [ RunTime:0.002298s ]
[ 2014-12-14T06:30:06+08:00 ] /gisproject/ | INFO: Tag[ view_template ] --END-- [ RunTime:0.002485s ]
[ 2014-12-14T06:30:06+08:00 ] /gisproject/ | INFO: Tag[ view_parse ] --START--
[ 2014-12-14T06:30:06+08:00 ] /gisproject/ | INFO: Run ParseTemplate Behavior [ RunTime:0.027977s ]
[ 2014-12-14T06:30:06+08:00 ] /gisproject/ | INFO: Tag[ view_parse ] --END-- [ RunTime:0.028188s ]
[ 2014-12-14T06:30:06+08:00 ] /gisproject/ | INFO: Tag[ view_filter ] --START--
[ 2014-12-14T06:30:06+08:00 ] /gisproject/ | INFO: Run ContentReplace Behavior [ RunTime:0.001359s ]
[ 2014-12-14T06:30:06+08:00 ] /gisproject/ | INFO: Run TokenBuild Behavior [ RunTime:0.001309s ]
[ 2014-12-14T06:30:06+08:00 ] /gisproject/ | INFO: Run WriteHtmlCache Behavior [ RunTime:0.000851s ]
[ 2014-12-14T06:30:06+08:00 ] /gisproject/ | INFO: Run ShowRuntime Behavior [ RunTime:0.001549s ]
[ 2014-12-14T06:30:06+08:00 ] /gisproject/ | INFO: Tag[ view_filter ] --END-- [ RunTime:0.005527s ]
[ 2014-12-14T06:30:06+08:00 ] /gisproject/ | INFO: Tag[ view_end ] --START--
[ 2014-12-14T06:30:06+08:00 ] /gisproject/ | INFO: Run ShowPageTrace Behavior [ RunTime:0.001557s ]
[ 2014-12-14T06:30:06+08:00 ] /gisproject/ | INFO: Tag[ view_end ] --END-- [ RunTime:0.001722s ]
[ 2014-12-14T06:30:24+08:00 ] /gisproject/ | INFO: Tag[ app_begin ] --START--
[ 2014-12-14T06:30:24+08:00 ] /gisproject/ | INFO: Run ReadHtmlCache Behavior [ RunTime:0.005676s ]
[ 2014-12-14T06:30:24+08:00 ] /gisproject/ | INFO: Tag[ app_begin ] --END-- [ RunTime:0.006032s ]
[ 2014-12-14T06:30:24+08:00 ] /gisproject/ | SQL: SHOW COLUMNS FROM `tb_point` [ RunTime:0.019515s ]
[ 2014-12-14T06:30:24+08:00 ] /gisproject/ | SQL: SELECT timestamp,AsText(point),type,name,introduce,attention,score,uri FROM tb_point order by AsText(point),timestamp DESC  [ RunTime:0.002780s ]
[ 2014-12-14T06:30:24+08:00 ] /gisproject/ | NOTIC: [8] Undefined offset:  8 IndexAction.class.php 第 30 行.
[ 2014-12-14T06:30:24+08:00 ] /gisproject/ | INFO: Tag[ view_template ] --START--
[ 2014-12-14T06:30:24+08:00 ] /gisproject/ | INFO: Run LocationTemplate Behavior [ RunTime:0.009920s ]
[ 2014-12-14T06:30:24+08:00 ] /gisproject/ | INFO: Tag[ view_template ] --END-- [ RunTime:0.010181s ]
[ 2014-12-14T06:30:24+08:00 ] /gisproject/ | INFO: Tag[ view_parse ] --START--
[ 2014-12-14T06:30:24+08:00 ] /gisproject/ | INFO: Run ParseTemplate Behavior [ RunTime:0.062080s ]
[ 2014-12-14T06:30:24+08:00 ] /gisproject/ | INFO: Tag[ view_parse ] --END-- [ RunTime:0.062312s ]
[ 2014-12-14T06:30:24+08:00 ] /gisproject/ | INFO: Tag[ view_filter ] --START--
[ 2014-12-14T06:30:24+08:00 ] /gisproject/ | INFO: Run ContentReplace Behavior [ RunTime:0.003622s ]
[ 2014-12-14T06:30:24+08:00 ] /gisproject/ | INFO: Run TokenBuild Behavior [ RunTime:0.003953s ]
[ 2014-12-14T06:30:24+08:00 ] /gisproject/ | INFO: Run WriteHtmlCache Behavior [ RunTime:0.003125s ]
[ 2014-12-14T06:30:24+08:00 ] /gisproject/ | INFO: Run ShowRuntime Behavior [ RunTime:0.003899s ]
[ 2014-12-14T06:30:24+08:00 ] /gisproject/ | INFO: Tag[ view_filter ] --END-- [ RunTime:0.015077s ]
[ 2014-12-14T06:30:24+08:00 ] /gisproject/ | INFO: Tag[ view_end ] --START--
[ 2014-12-14T06:30:24+08:00 ] /gisproject/ | INFO: Run ShowPageTrace Behavior [ RunTime:0.004983s ]
[ 2014-12-14T06:30:24+08:00 ] /gisproject/ | INFO: Tag[ view_end ] --END-- [ RunTime:0.005212s ]
[ 2014-12-14T06:30:49+08:00 ] /gisproject/ | INFO: Tag[ app_begin ] --START--
[ 2014-12-14T06:30:49+08:00 ] /gisproject/ | INFO: Run ReadHtmlCache Behavior [ RunTime:0.002345s ]
[ 2014-12-14T06:30:49+08:00 ] /gisproject/ | INFO: Tag[ app_begin ] --END-- [ RunTime:0.002679s ]
[ 2014-12-14T06:30:49+08:00 ] /gisproject/ | SQL: SHOW COLUMNS FROM `tb_point` [ RunTime:0.017352s ]
[ 2014-12-14T06:30:49+08:00 ] /gisproject/ | SQL: SELECT timestamp,AsText(point),type,name,introduce,attention,score,uri FROM tb_point order by AsText(point),timestamp DESC  [ RunTime:0.001940s ]
[ 2014-12-14T06:30:49+08:00 ] /gisproject/ | NOTIC: [8] Undefined offset:  8 IndexAction.class.php 第 30 行.
[ 2014-12-14T06:30:49+08:00 ] /gisproject/ | INFO: Tag[ view_template ] --START--
[ 2014-12-14T06:30:49+08:00 ] /gisproject/ | INFO: Run LocationTemplate Behavior [ RunTime:0.002655s ]
[ 2014-12-14T06:30:49+08:00 ] /gisproject/ | INFO: Tag[ view_template ] --END-- [ RunTime:0.002874s ]
[ 2014-12-14T06:30:49+08:00 ] /gisproject/ | INFO: Tag[ view_parse ] --START--
[ 2014-12-14T06:30:49+08:00 ] /gisproject/ | INFO: Run ParseTemplate Behavior [ RunTime:0.034767s ]
[ 2014-12-14T06:30:49+08:00 ] /gisproject/ | INFO: Tag[ view_parse ] --END-- [ RunTime:0.035034s ]
[ 2014-12-14T06:30:49+08:00 ] /gisproject/ | INFO: Tag[ view_filter ] --START--
[ 2014-12-14T06:30:49+08:00 ] /gisproject/ | INFO: Run ContentReplace Behavior [ RunTime:0.002178s ]
[ 2014-12-14T06:30:49+08:00 ] /gisproject/ | INFO: Run TokenBuild Behavior [ RunTime:0.001702s ]
[ 2014-12-14T06:30:49+08:00 ] /gisproject/ | INFO: Run WriteHtmlCache Behavior [ RunTime:0.001208s ]
[ 2014-12-14T06:30:49+08:00 ] /gisproject/ | INFO: Run ShowRuntime Behavior [ RunTime:0.004795s ]
[ 2014-12-14T06:30:49+08:00 ] /gisproject/ | INFO: Tag[ view_filter ] --END-- [ RunTime:0.010497s ]
[ 2014-12-14T06:30:49+08:00 ] /gisproject/ | INFO: Tag[ view_end ] --START--
[ 2014-12-14T06:30:49+08:00 ] /gisproject/ | INFO: Run ShowPageTrace Behavior [ RunTime:0.002376s ]
[ 2014-12-14T06:30:49+08:00 ] /gisproject/ | INFO: Tag[ view_end ] --END-- [ RunTime:0.002604s ]
[ 2014-12-14T06:33:03+08:00 ] /gisproject/ | INFO: Tag[ app_begin ] --START--
[ 2014-12-14T06:33:03+08:00 ] /gisproject/ | INFO: Run ReadHtmlCache Behavior [ RunTime:0.005132s ]
[ 2014-12-14T06:33:03+08:00 ] /gisproject/ | INFO: Tag[ app_begin ] --END-- [ RunTime:0.005469s ]
[ 2014-12-14T06:33:03+08:00 ] /gisproject/ | SQL: SHOW COLUMNS FROM `tb_point` [ RunTime:0.011337s ]
[ 2014-12-14T06:33:03+08:00 ] /gisproject/ | SQL: SELECT timestamp,AsText(point),type,name,introduce,attention,score,uri FROM tb_point order by AsText(point),timestamp DESC  [ RunTime:0.005186s ]
[ 2014-12-14T06:33:03+08:00 ] /gisproject/ | NOTIC: [8] Undefined offset:  8 IndexAction.class.php 第 30 行.
[ 2014-12-14T06:33:03+08:00 ] /gisproject/ | INFO: Tag[ view_template ] --START--
[ 2014-12-14T06:33:03+08:00 ] /gisproject/ | INFO: Run LocationTemplate Behavior [ RunTime:0.007922s ]
[ 2014-12-14T06:33:03+08:00 ] /gisproject/ | INFO: Tag[ view_template ] --END-- [ RunTime:0.008159s ]
[ 2014-12-14T06:33:03+08:00 ] /gisproject/ | INFO: Tag[ view_parse ] --START--
[ 2014-12-14T06:33:03+08:00 ] /gisproject/ | INFO: Run ParseTemplate Behavior [ RunTime:0.044100s ]
[ 2014-12-14T06:33:03+08:00 ] /gisproject/ | INFO: Tag[ view_parse ] --END-- [ RunTime:0.044342s ]
[ 2014-12-14T06:33:03+08:00 ] /gisproject/ | INFO: Tag[ view_filter ] --START--
[ 2014-12-14T06:33:03+08:00 ] /gisproject/ | INFO: Run ContentReplace Behavior [ RunTime:0.004538s ]
[ 2014-12-14T06:33:03+08:00 ] /gisproject/ | INFO: Run TokenBuild Behavior [ RunTime:0.004040s ]
[ 2014-12-14T06:33:03+08:00 ] /gisproject/ | INFO: Run WriteHtmlCache Behavior [ RunTime:0.003555s ]
[ 2014-12-14T06:33:03+08:00 ] /gisproject/ | INFO: Run ShowRuntime Behavior [ RunTime:0.004413s ]
[ 2014-12-14T06:33:03+08:00 ] /gisproject/ | INFO: Tag[ view_filter ] --END-- [ RunTime:0.017072s ]
[ 2014-12-14T06:33:03+08:00 ] /gisproject/ | INFO: Tag[ view_end ] --START--
[ 2014-12-14T06:33:04+08:00 ] /gisproject/ | INFO: Run ShowPageTrace Behavior [ RunTime:0.004415s ]
[ 2014-12-14T06:33:04+08:00 ] /gisproject/ | INFO: Tag[ view_end ] --END-- [ RunTime:0.004608s ]
[ 2014-12-14T06:34:40+08:00 ] /gisproject/ | INFO: Tag[ app_begin ] --START--
[ 2014-12-14T06:34:40+08:00 ] /gisproject/ | INFO: Run ReadHtmlCache Behavior [ RunTime:0.002353s ]
[ 2014-12-14T06:34:40+08:00 ] /gisproject/ | INFO: Tag[ app_begin ] --END-- [ RunTime:0.002686s ]
[ 2014-12-14T06:34:40+08:00 ] /gisproject/ | SQL: SHOW COLUMNS FROM `tb_point` [ RunTime:0.013434s ]
[ 2014-12-14T06:34:40+08:00 ] /gisproject/ | SQL: SELECT timestamp,AsText(point),type,name,introduce,attention,score,uri FROM tb_point order by AsText(point),timestamp DESC  [ RunTime:0.016902s ]
[ 2014-12-14T06:34:40+08:00 ] /gisproject/ | NOTIC: [8] Undefined offset:  8 IndexAction.class.php 第 30 行.
[ 2014-12-14T06:34:40+08:00 ] /gisproject/ | INFO: Tag[ view_template ] --START--
[ 2014-12-14T06:34:40+08:00 ] /gisproject/ | INFO: Run LocationTemplate Behavior [ RunTime:0.002486s ]
[ 2014-12-14T06:34:40+08:00 ] /gisproject/ | INFO: Tag[ view_template ] --END-- [ RunTime:0.002688s ]
[ 2014-12-14T06:34:40+08:00 ] /gisproject/ | INFO: Tag[ view_parse ] --START--
[ 2014-12-14T06:34:40+08:00 ] /gisproject/ | INFO: Run ParseTemplate Behavior [ RunTime:0.031126s ]
[ 2014-12-14T06:34:40+08:00 ] /gisproject/ | INFO: Tag[ view_parse ] --END-- [ RunTime:0.031357s ]
[ 2014-12-14T06:34:40+08:00 ] /gisproject/ | INFO: Tag[ view_filter ] --START--
[ 2014-12-14T06:34:40+08:00 ] /gisproject/ | INFO: Run ContentReplace Behavior [ RunTime:0.001517s ]
[ 2014-12-14T06:34:40+08:00 ] /gisproject/ | INFO: Run TokenBuild Behavior [ RunTime:0.001470s ]
[ 2014-12-14T06:34:40+08:00 ] /gisproject/ | INFO: Run WriteHtmlCache Behavior [ RunTime:0.000975s ]
[ 2014-12-14T06:34:40+08:00 ] /gisproject/ | INFO: Run ShowRuntime Behavior [ RunTime:0.001796s ]
[ 2014-12-14T06:34:40+08:00 ] /gisproject/ | INFO: Tag[ view_filter ] --END-- [ RunTime:0.006286s ]
[ 2014-12-14T06:34:40+08:00 ] /gisproject/ | INFO: Tag[ view_end ] --START--
[ 2014-12-14T06:34:40+08:00 ] /gisproject/ | INFO: Run ShowPageTrace Behavior [ RunTime:0.001760s ]
[ 2014-12-14T06:34:40+08:00 ] /gisproject/ | INFO: Tag[ view_end ] --END-- [ RunTime:0.001948s ]
[ 2014-12-14T06:35:29+08:00 ] /gisproject/ | INFO: Tag[ app_begin ] --START--
[ 2014-12-14T06:35:29+08:00 ] /gisproject/ | INFO: Run ReadHtmlCache Behavior [ RunTime:0.007708s ]
[ 2014-12-14T06:35:29+08:00 ] /gisproject/ | INFO: Tag[ app_begin ] --END-- [ RunTime:0.008065s ]
[ 2014-12-14T06:35:29+08:00 ] /gisproject/ | SQL: SHOW COLUMNS FROM `tb_point` [ RunTime:0.014463s ]
[ 2014-12-14T06:35:29+08:00 ] /gisproject/ | SQL: SELECT timestamp,AsText(point),type,name,introduce,attention,score,uri FROM tb_point order by AsText(point),timestamp DESC  [ RunTime:0.003600s ]
[ 2014-12-14T06:35:29+08:00 ] /gisproject/ | NOTIC: [8] Undefined offset:  8 IndexAction.class.php 第 30 行.
[ 2014-12-14T06:35:29+08:00 ] /gisproject/ | INFO: Tag[ view_template ] --START--
[ 2014-12-14T06:35:29+08:00 ] /gisproject/ | INFO: Run LocationTemplate Behavior [ RunTime:0.006983s ]
[ 2014-12-14T06:35:29+08:00 ] /gisproject/ | INFO: Tag[ view_template ] --END-- [ RunTime:0.007183s ]
[ 2014-12-14T06:35:29+08:00 ] /gisproject/ | INFO: Tag[ view_parse ] --START--
[ 2014-12-14T06:35:29+08:00 ] /gisproject/ | INFO: Run ParseTemplate Behavior [ RunTime:0.039815s ]
[ 2014-12-14T06:35:29+08:00 ] /gisproject/ | INFO: Tag[ view_parse ] --END-- [ RunTime:0.040023s ]
[ 2014-12-14T06:35:29+08:00 ] /gisproject/ | INFO: Tag[ view_filter ] --START--
[ 2014-12-14T06:35:29+08:00 ] /gisproject/ | INFO: Run ContentReplace Behavior [ RunTime:0.003666s ]
[ 2014-12-14T06:35:29+08:00 ] /gisproject/ | INFO: Run TokenBuild Behavior [ RunTime:0.003623s ]
[ 2014-12-14T06:35:29+08:00 ] /gisproject/ | INFO: Run WriteHtmlCache Behavior [ RunTime:0.003127s ]
[ 2014-12-14T06:35:29+08:00 ] /gisproject/ | INFO: Run ShowRuntime Behavior [ RunTime:0.003857s ]
[ 2014-12-14T06:35:29+08:00 ] /gisproject/ | INFO: Tag[ view_filter ] --END-- [ RunTime:0.014734s ]
[ 2014-12-14T06:35:29+08:00 ] /gisproject/ | INFO: Tag[ view_end ] --START--
[ 2014-12-14T06:35:29+08:00 ] /gisproject/ | INFO: Run ShowPageTrace Behavior [ RunTime:0.003825s ]
[ 2014-12-14T06:35:29+08:00 ] /gisproject/ | INFO: Tag[ view_end ] --END-- [ RunTime:0.003994s ]
[ 2014-12-14T06:36:08+08:00 ] /gisproject/ | INFO: Tag[ app_begin ] --START--
[ 2014-12-14T06:36:08+08:00 ] /gisproject/ | INFO: Run ReadHtmlCache Behavior [ RunTime:0.005231s ]
[ 2014-12-14T06:36:08+08:00 ] /gisproject/ | INFO: Tag[ app_begin ] --END-- [ RunTime:0.005568s ]
[ 2014-12-14T06:36:08+08:00 ] /gisproject/ | SQL: SHOW COLUMNS FROM `tb_point` [ RunTime:0.014437s ]
[ 2014-12-14T06:36:08+08:00 ] /gisproject/ | SQL: SELECT timestamp,AsText(point),type,name,introduce,attention,score,uri FROM tb_point order by AsText(point),timestamp DESC  [ RunTime:0.004106s ]
[ 2014-12-14T06:36:08+08:00 ] /gisproject/ | NOTIC: [8] Undefined offset:  8 IndexAction.class.php 第 30 行.
[ 2014-12-14T06:36:08+08:00 ] /gisproject/ | INFO: Tag[ view_template ] --START--
[ 2014-12-14T06:36:08+08:00 ] /gisproject/ | INFO: Run LocationTemplate Behavior [ RunTime:0.008986s ]
[ 2014-12-14T06:36:08+08:00 ] /gisproject/ | INFO: Tag[ view_template ] --END-- [ RunTime:0.009270s ]
[ 2014-12-14T06:36:08+08:00 ] /gisproject/ | INFO: Tag[ view_parse ] --START--
[ 2014-12-14T06:36:08+08:00 ] /gisproject/ | INFO: Run ParseTemplate Behavior [ RunTime:0.062680s ]
[ 2014-12-14T06:36:08+08:00 ] /gisproject/ | INFO: Tag[ view_parse ] --END-- [ RunTime:0.062923s ]
[ 2014-12-14T06:36:08+08:00 ] /gisproject/ | INFO: Tag[ view_filter ] --START--
[ 2014-12-14T06:36:08+08:00 ] /gisproject/ | INFO: Run ContentReplace Behavior [ RunTime:0.003624s ]
[ 2014-12-14T06:36:08+08:00 ] /gisproject/ | INFO: Run TokenBuild Behavior [ RunTime:0.003927s ]
[ 2014-12-14T06:36:08+08:00 ] /gisproject/ | INFO: Run WriteHtmlCache Behavior [ RunTime:0.003221s ]
[ 2014-12-14T06:36:08+08:00 ] /gisproject/ | INFO: Run ShowRuntime Behavior [ RunTime:0.004245s ]
[ 2014-12-14T06:36:08+08:00 ] /gisproject/ | INFO: Tag[ view_filter ] --END-- [ RunTime:0.015501s ]
[ 2014-12-14T06:36:08+08:00 ] /gisproject/ | INFO: Tag[ view_end ] --START--
[ 2014-12-14T06:36:08+08:00 ] /gisproject/ | INFO: Run ShowPageTrace Behavior [ RunTime:0.003803s ]
[ 2014-12-14T06:36:08+08:00 ] /gisproject/ | INFO: Tag[ view_end ] --END-- [ RunTime:0.003970s ]
[ 2014-12-14T06:36:27+08:00 ] /gisproject/ | INFO: Tag[ app_begin ] --START--
[ 2014-12-14T06:36:27+08:00 ] /gisproject/ | INFO: Run ReadHtmlCache Behavior [ RunTime:0.005020s ]
[ 2014-12-14T06:36:27+08:00 ] /gisproject/ | INFO: Tag[ app_begin ] --END-- [ RunTime:0.005350s ]
[ 2014-12-14T06:36:27+08:00 ] /gisproject/ | SQL: SHOW COLUMNS FROM `tb_point` [ RunTime:0.012017s ]
[ 2014-12-14T06:36:27+08:00 ] /gisproject/ | SQL: SELECT timestamp,AsText(point),type,name,introduce,attention,score,uri FROM tb_point order by AsText(point),timestamp DESC  [ RunTime:0.006319s ]
[ 2014-12-14T06:36:27+08:00 ] /gisproject/ | NOTIC: [8] Undefined offset:  8 IndexAction.class.php 第 30 行.
[ 2014-12-14T06:36:27+08:00 ] /gisproject/ | INFO: Tag[ view_template ] --START--
[ 2014-12-14T06:36:27+08:00 ] /gisproject/ | INFO: Run LocationTemplate Behavior [ RunTime:0.007682s ]
[ 2014-12-14T06:36:27+08:00 ] /gisproject/ | INFO: Tag[ view_template ] --END-- [ RunTime:0.007887s ]
[ 2014-12-14T06:36:27+08:00 ] /gisproject/ | INFO: Tag[ view_parse ] --START--
[ 2014-12-14T06:36:27+08:00 ] /gisproject/ | INFO: Run ParseTemplate Behavior [ RunTime:0.043385s ]
[ 2014-12-14T06:36:27+08:00 ] /gisproject/ | INFO: Tag[ view_parse ] --END-- [ RunTime:0.043621s ]
[ 2014-12-14T06:36:27+08:00 ] /gisproject/ | INFO: Tag[ view_filter ] --START--
[ 2014-12-14T06:36:27+08:00 ] /gisproject/ | INFO: Run ContentReplace Behavior [ RunTime:0.004200s ]
[ 2014-12-14T06:36:27+08:00 ] /gisproject/ | INFO: Run TokenBuild Behavior [ RunTime:0.004376s ]
[ 2014-12-14T06:36:27+08:00 ] /gisproject/ | INFO: Run WriteHtmlCache Behavior [ RunTime:0.003949s ]
[ 2014-12-14T06:36:27+08:00 ] /gisproject/ | INFO: Run ShowRuntime Behavior [ RunTime:0.004786s ]
[ 2014-12-14T06:36:27+08:00 ] /gisproject/ | INFO: Tag[ view_filter ] --END-- [ RunTime:0.017896s ]
[ 2014-12-14T06:36:27+08:00 ] /gisproject/ | INFO: Tag[ view_end ] --START--
[ 2014-12-14T06:36:27+08:00 ] /gisproject/ | INFO: Run ShowPageTrace Behavior [ RunTime:0.004700s ]
[ 2014-12-14T06:36:27+08:00 ] /gisproject/ | INFO: Tag[ view_end ] --END-- [ RunTime:0.004904s ]
[ 2014-12-14T06:36:40+08:00 ] /gisproject/ | INFO: Tag[ app_begin ] --START--
[ 2014-12-14T06:36:40+08:00 ] /gisproject/ | INFO: Run ReadHtmlCache Behavior [ RunTime:0.010640s ]
[ 2014-12-14T06:36:40+08:00 ] /gisproject/ | INFO: Tag[ app_begin ] --END-- [ RunTime:0.010998s ]
[ 2014-12-14T06:36:40+08:00 ] /gisproject/ | SQL: SHOW COLUMNS FROM `tb_point` [ RunTime:0.015178s ]
[ 2014-12-14T06:36:40+08:00 ] /gisproject/ | SQL: SELECT timestamp,AsText(point),type,name,introduce,attention,score,uri FROM tb_point order by AsText(point),timestamp DESC  [ RunTime:0.006322s ]
[ 2014-12-14T06:36:40+08:00 ] /gisproject/ | NOTIC: [8] Undefined offset:  8 IndexAction.class.php 第 30 行.
[ 2014-12-14T06:36:40+08:00 ] /gisproject/ | INFO: Tag[ view_template ] --START--
[ 2014-12-14T06:36:40+08:00 ] /gisproject/ | INFO: Run LocationTemplate Behavior [ RunTime:0.008124s ]
[ 2014-12-14T06:36:40+08:00 ] /gisproject/ | INFO: Tag[ view_template ] --END-- [ RunTime:0.008347s ]
[ 2014-12-14T06:36:40+08:00 ] /gisproject/ | INFO: Tag[ view_parse ] --START--
[ 2014-12-14T06:36:40+08:00 ] /gisproject/ | INFO: Run ParseTemplate Behavior [ RunTime:0.044523s ]
[ 2014-12-14T06:36:40+08:00 ] /gisproject/ | INFO: Tag[ view_parse ] --END-- [ RunTime:0.044767s ]
[ 2014-12-14T06:36:40+08:00 ] /gisproject/ | INFO: Tag[ view_filter ] --START--
[ 2014-12-14T06:36:40+08:00 ] /gisproject/ | INFO: Run ContentReplace Behavior [ RunTime:0.004432s ]
[ 2014-12-14T06:36:40+08:00 ] /gisproject/ | INFO: Run TokenBuild Behavior [ RunTime:0.004058s ]
[ 2014-12-14T06:36:40+08:00 ] /gisproject/ | INFO: Run WriteHtmlCache Behavior [ RunTime:0.003575s ]
[ 2014-12-14T06:36:40+08:00 ] /gisproject/ | INFO: Run ShowRuntime Behavior [ RunTime:0.004446s ]
[ 2014-12-14T06:36:40+08:00 ] /gisproject/ | INFO: Tag[ view_filter ] --END-- [ RunTime:0.017055s ]
[ 2014-12-14T06:36:40+08:00 ] /gisproject/ | INFO: Tag[ view_end ] --START--
[ 2014-12-14T06:36:40+08:00 ] /gisproject/ | INFO: Run ShowPageTrace Behavior [ RunTime:0.004643s ]
[ 2014-12-14T06:36:40+08:00 ] /gisproject/ | INFO: Tag[ view_end ] --END-- [ RunTime:0.004836s ]
[ 2014-12-14T06:51:31+08:00 ] /gisproject/ | INFO: Tag[ app_begin ] --START--
[ 2014-12-14T06:51:31+08:00 ] /gisproject/ | INFO: Run ReadHtmlCache Behavior [ RunTime:0.005054s ]
[ 2014-12-14T06:51:31+08:00 ] /gisproject/ | INFO: Tag[ app_begin ] --END-- [ RunTime:0.005406s ]
[ 2014-12-14T06:51:31+08:00 ] /gisproject/ | SQL: SHOW COLUMNS FROM `tb_point` [ RunTime:0.090858s ]
[ 2014-12-14T06:51:31+08:00 ] /gisproject/ | SQL: SELECT timestamp,AsText(point),type,name,introduce,attention,score,uri FROM tb_point order by AsText(point),timestamp DESC  [ RunTime:0.005527s ]
[ 2014-12-14T06:51:31+08:00 ] /gisproject/ | NOTIC: [8] Undefined offset:  8 IndexAction.class.php 第 30 行.
[ 2014-12-14T06:51:31+08:00 ] /gisproject/ | INFO: Tag[ view_template ] --START--
[ 2014-12-14T06:51:31+08:00 ] /gisproject/ | INFO: Run LocationTemplate Behavior [ RunTime:0.007120s ]
[ 2014-12-14T06:51:31+08:00 ] /gisproject/ | INFO: Tag[ view_template ] --END-- [ RunTime:0.007329s ]
[ 2014-12-14T06:51:31+08:00 ] /gisproject/ | INFO: Tag[ view_parse ] --START--
[ 2014-12-14T06:51:31+08:00 ] /gisproject/ | INFO: Run ParseTemplate Behavior [ RunTime:0.040878s ]
[ 2014-12-14T06:51:31+08:00 ] /gisproject/ | INFO: Tag[ view_parse ] --END-- [ RunTime:0.041106s ]
[ 2014-12-14T06:51:31+08:00 ] /gisproject/ | INFO: Tag[ view_filter ] --START--
[ 2014-12-14T06:51:31+08:00 ] /gisproject/ | INFO: Run ContentReplace Behavior [ RunTime:0.004023s ]
[ 2014-12-14T06:51:31+08:00 ] /gisproject/ | INFO: Run TokenBuild Behavior [ RunTime:0.003964s ]
[ 2014-12-14T06:51:31+08:00 ] /gisproject/ | INFO: Run WriteHtmlCache Behavior [ RunTime:0.003382s ]
[ 2014-12-14T06:51:31+08:00 ] /gisproject/ | INFO: Run ShowRuntime Behavior [ RunTime:0.004098s ]
[ 2014-12-14T06:51:31+08:00 ] /gisproject/ | INFO: Tag[ view_filter ] --END-- [ RunTime:0.015978s ]
[ 2014-12-14T06:51:31+08:00 ] /gisproject/ | INFO: Tag[ view_end ] --START--
[ 2014-12-14T06:51:31+08:00 ] /gisproject/ | INFO: Run ShowPageTrace Behavior [ RunTime:0.004106s ]
[ 2014-12-14T06:51:31+08:00 ] /gisproject/ | INFO: Tag[ view_end ] --END-- [ RunTime:0.004275s ]
[ 2014-12-14T06:53:14+08:00 ] /gisproject/ | INFO: Tag[ app_begin ] --START--
[ 2014-12-14T06:53:14+08:00 ] /gisproject/ | INFO: Run ReadHtmlCache Behavior [ RunTime:0.002576s ]
[ 2014-12-14T06:53:14+08:00 ] /gisproject/ | INFO: Tag[ app_begin ] --END-- [ RunTime:0.002919s ]
[ 2014-12-14T06:53:14+08:00 ] /gisproject/ | SQL: SHOW COLUMNS FROM `tb_point` [ RunTime:0.022760s ]
[ 2014-12-14T06:53:14+08:00 ] /gisproject/ | SQL: SELECT timestamp,AsText(point),type,name,introduce,attention,score,uri FROM tb_point order by AsText(point),timestamp DESC  [ RunTime:0.002069s ]
[ 2014-12-14T06:53:14+08:00 ] /gisproject/ | NOTIC: [8] Undefined offset:  8 IndexAction.class.php 第 30 行.
[ 2014-12-14T06:53:14+08:00 ] /gisproject/ | INFO: Tag[ view_template ] --START--
[ 2014-12-14T06:53:14+08:00 ] /gisproject/ | INFO: Run LocationTemplate Behavior [ RunTime:0.006349s ]
[ 2014-12-14T06:53:14+08:00 ] /gisproject/ | INFO: Tag[ view_template ] --END-- [ RunTime:0.006613s ]
[ 2014-12-14T06:53:14+08:00 ] /gisproject/ | INFO: Tag[ view_parse ] --START--
[ 2014-12-14T06:53:14+08:00 ] /gisproject/ | INFO: Run ParseTemplate Behavior [ RunTime:0.114235s ]
[ 2014-12-14T06:53:14+08:00 ] /gisproject/ | INFO: Tag[ view_parse ] --END-- [ RunTime:0.114480s ]
[ 2014-12-14T06:53:14+08:00 ] /gisproject/ | INFO: Tag[ view_filter ] --START--
[ 2014-12-14T06:53:14+08:00 ] /gisproject/ | INFO: Run ContentReplace Behavior [ RunTime:0.001357s ]
[ 2014-12-14T06:53:14+08:00 ] /gisproject/ | INFO: Run TokenBuild Behavior [ RunTime:0.001300s ]
[ 2014-12-14T06:53:14+08:00 ] /gisproject/ | INFO: Run WriteHtmlCache Behavior [ RunTime:0.000858s ]
[ 2014-12-14T06:53:14+08:00 ] /gisproject/ | INFO: Run ShowRuntime Behavior [ RunTime:0.001577s ]
[ 2014-12-14T06:53:14+08:00 ] /gisproject/ | INFO: Tag[ view_filter ] --END-- [ RunTime:0.005552s ]
[ 2014-12-14T06:53:14+08:00 ] /gisproject/ | INFO: Tag[ view_end ] --START--
[ 2014-12-14T06:53:14+08:00 ] /gisproject/ | INFO: Run ShowPageTrace Behavior [ RunTime:0.001546s ]
[ 2014-12-14T06:53:14+08:00 ] /gisproject/ | INFO: Tag[ view_end ] --END-- [ RunTime:0.001707s ]
[ 2014-12-14T06:54:07+08:00 ] /gisproject/ | INFO: Tag[ app_begin ] --START--
[ 2014-12-14T06:54:07+08:00 ] /gisproject/ | INFO: Run ReadHtmlCache Behavior [ RunTime:0.005590s ]
[ 2014-12-14T06:54:07+08:00 ] /gisproject/ | INFO: Tag[ app_begin ] --END-- [ RunTime:0.005952s ]
[ 2014-12-14T06:54:07+08:00 ] /gisproject/ | SQL: SHOW COLUMNS FROM `tb_point` [ RunTime:0.009560s ]
[ 2014-12-14T06:54:07+08:00 ] /gisproject/ | SQL: SELECT timestamp,AsText(point),type,name,introduce,attention,score,uri FROM tb_point order by AsText(point),timestamp DESC  [ RunTime:0.005036s ]
[ 2014-12-14T06:54:07+08:00 ] /gisproject/ | NOTIC: [8] Undefined offset:  8 IndexAction.class.php 第 30 行.
[ 2014-12-14T06:54:07+08:00 ] /gisproject/ | INFO: Tag[ view_template ] --START--
[ 2014-12-14T06:54:07+08:00 ] /gisproject/ | INFO: Run LocationTemplate Behavior [ RunTime:0.006994s ]
[ 2014-12-14T06:54:07+08:00 ] /gisproject/ | INFO: Tag[ view_template ] --END-- [ RunTime:0.007195s ]
[ 2014-12-14T06:54:07+08:00 ] /gisproject/ | INFO: Tag[ view_parse ] --START--
[ 2014-12-14T06:54:07+08:00 ] /gisproject/ | INFO: Run ParseTemplate Behavior [ RunTime:0.057289s ]
[ 2014-12-14T06:54:07+08:00 ] /gisproject/ | INFO: Tag[ view_parse ] --END-- [ RunTime:0.057515s ]
[ 2014-12-14T06:54:07+08:00 ] /gisproject/ | INFO: Tag[ view_filter ] --START--
[ 2014-12-14T06:54:07+08:00 ] /gisproject/ | INFO: Run ContentReplace Behavior [ RunTime:0.004818s ]
[ 2014-12-14T06:54:07+08:00 ] /gisproject/ | INFO: Run TokenBuild Behavior [ RunTime:0.005342s ]
[ 2014-12-14T06:54:07+08:00 ] /gisproject/ | INFO: Run WriteHtmlCache Behavior [ RunTime:0.003819s ]
[ 2014-12-14T06:54:07+08:00 ] /gisproject/ | INFO: Run ShowRuntime Behavior [ RunTime:0.003852s ]
[ 2014-12-14T06:54:07+08:00 ] /gisproject/ | INFO: Tag[ view_filter ] --END-- [ RunTime:0.018405s ]
[ 2014-12-14T06:54:07+08:00 ] /gisproject/ | INFO: Tag[ view_end ] --START--
[ 2014-12-14T06:54:07+08:00 ] /gisproject/ | INFO: Run ShowPageTrace Behavior [ RunTime:0.003806s ]
[ 2014-12-14T06:54:07+08:00 ] /gisproject/ | INFO: Tag[ view_end ] --END-- [ RunTime:0.003975s ]
[ 2014-12-14T06:54:46+08:00 ] /gisproject/ | INFO: Tag[ app_begin ] --START--
[ 2014-12-14T06:54:46+08:00 ] /gisproject/ | INFO: Run ReadHtmlCache Behavior [ RunTime:0.005305s ]
[ 2014-12-14T06:54:46+08:00 ] /gisproject/ | INFO: Tag[ app_begin ] --END-- [ RunTime:0.005666s ]
[ 2014-12-14T06:54:46+08:00 ] /gisproject/ | SQL: SHOW COLUMNS FROM `tb_point` [ RunTime:0.011411s ]
[ 2014-12-14T06:54:46+08:00 ] /gisproject/ | SQL: SELECT timestamp,AsText(point),type,name,introduce,attention,score,uri FROM tb_point order by AsText(point),timestamp DESC  [ RunTime:0.002615s ]
[ 2014-12-14T06:54:46+08:00 ] /gisproject/ | NOTIC: [8] Undefined offset:  8 IndexAction.class.php 第 30 行.
[ 2014-12-14T06:54:46+08:00 ] /gisproject/ | INFO: Tag[ view_template ] --START--
[ 2014-12-14T06:54:46+08:00 ] /gisproject/ | INFO: Run LocationTemplate Behavior [ RunTime:0.006947s ]
[ 2014-12-14T06:54:46+08:00 ] /gisproject/ | INFO: Tag[ view_template ] --END-- [ RunTime:0.007135s ]
[ 2014-12-14T06:54:46+08:00 ] /gisproject/ | INFO: Tag[ view_parse ] --START--
[ 2014-12-14T06:54:46+08:00 ] /gisproject/ | INFO: Run ParseTemplate Behavior [ RunTime:0.038598s ]
[ 2014-12-14T06:54:46+08:00 ] /gisproject/ | INFO: Tag[ view_parse ] --END-- [ RunTime:0.038806s ]
[ 2014-12-14T06:54:46+08:00 ] /gisproject/ | INFO: Tag[ view_filter ] --START--
[ 2014-12-14T06:54:46+08:00 ] /gisproject/ | INFO: Run ContentReplace Behavior [ RunTime:0.003551s ]
[ 2014-12-14T06:54:46+08:00 ] /gisproject/ | INFO: Run TokenBuild Behavior [ RunTime:0.003755s ]
[ 2014-12-14T06:54:46+08:00 ] /gisproject/ | INFO: Run WriteHtmlCache Behavior [ RunTime:0.003125s ]
[ 2014-12-14T06:54:46+08:00 ] /gisproject/ | INFO: Run ShowRuntime Behavior [ RunTime:0.003837s ]
[ 2014-12-14T06:54:46+08:00 ] /gisproject/ | INFO: Tag[ view_filter ] --END-- [ RunTime:0.014730s ]
[ 2014-12-14T06:54:46+08:00 ] /gisproject/ | INFO: Tag[ view_end ] --START--
[ 2014-12-14T06:54:46+08:00 ] /gisproject/ | INFO: Run ShowPageTrace Behavior [ RunTime:0.003822s ]
[ 2014-12-14T06:54:46+08:00 ] /gisproject/ | INFO: Tag[ view_end ] --END-- [ RunTime:0.003983s ]
[ 2014-12-14T06:55:21+08:00 ] /gisproject/ | INFO: Tag[ app_begin ] --START--
[ 2014-12-14T06:55:21+08:00 ] /gisproject/ | INFO: Run ReadHtmlCache Behavior [ RunTime:0.005096s ]
[ 2014-12-14T06:55:21+08:00 ] /gisproject/ | INFO: Tag[ app_begin ] --END-- [ RunTime:0.005435s ]
[ 2014-12-14T06:55:21+08:00 ] /gisproject/ | SQL: SHOW COLUMNS FROM `tb_point` [ RunTime:0.010633s ]
[ 2014-12-14T06:55:21+08:00 ] /gisproject/ | SQL: SELECT timestamp,AsText(point),type,name,introduce,attention,score,uri FROM tb_point order by AsText(point),timestamp DESC  [ RunTime:0.004685s ]
[ 2014-12-14T06:55:21+08:00 ] /gisproject/ | NOTIC: [8] Undefined offset:  8 IndexAction.class.php 第 30 行.
[ 2014-12-14T06:55:21+08:00 ] /gisproject/ | INFO: Tag[ view_template ] --START--
[ 2014-12-14T06:55:21+08:00 ] /gisproject/ | INFO: Run LocationTemplate Behavior [ RunTime:0.007010s ]
[ 2014-12-14T06:55:21+08:00 ] /gisproject/ | INFO: Tag[ view_template ] --END-- [ RunTime:0.007198s ]
[ 2014-12-14T06:55:21+08:00 ] /gisproject/ | INFO: Tag[ view_parse ] --START--
[ 2014-12-14T06:55:21+08:00 ] /gisproject/ | INFO: Run ParseTemplate Behavior [ RunTime:0.039290s ]
[ 2014-12-14T06:55:21+08:00 ] /gisproject/ | INFO: Tag[ view_parse ] --END-- [ RunTime:0.039505s ]
[ 2014-12-14T06:55:21+08:00 ] /gisproject/ | INFO: Tag[ view_filter ] --START--
[ 2014-12-14T06:55:21+08:00 ] /gisproject/ | INFO: Run ContentReplace Behavior [ RunTime:0.003736s ]
[ 2014-12-14T06:55:21+08:00 ] /gisproject/ | INFO: Run TokenBuild Behavior [ RunTime:0.003567s ]
[ 2014-12-14T06:55:21+08:00 ] /gisproject/ | INFO: Run WriteHtmlCache Behavior [ RunTime:0.003125s ]
[ 2014-12-14T06:55:21+08:00 ] /gisproject/ | INFO: Run ShowRuntime Behavior [ RunTime:0.003814s ]
[ 2014-12-14T06:55:21+08:00 ] /gisproject/ | INFO: Tag[ view_filter ] --END-- [ RunTime:0.014707s ]
[ 2014-12-14T06:55:21+08:00 ] /gisproject/ | INFO: Tag[ view_end ] --START--
[ 2014-12-14T06:55:21+08:00 ] /gisproject/ | INFO: Run ShowPageTrace Behavior [ RunTime:0.003948s ]
[ 2014-12-14T06:55:21+08:00 ] /gisproject/ | INFO: Tag[ view_end ] --END-- [ RunTime:0.004160s ]
[ 2014-12-14T06:56:07+08:00 ] /gisproject/ | INFO: Tag[ app_begin ] --START--
[ 2014-12-14T06:56:07+08:00 ] /gisproject/ | INFO: Run ReadHtmlCache Behavior [ RunTime:0.005136s ]
[ 2014-12-14T06:56:07+08:00 ] /gisproject/ | INFO: Tag[ app_begin ] --END-- [ RunTime:0.005486s ]
[ 2014-12-14T06:56:07+08:00 ] /gisproject/ | SQL: SHOW COLUMNS FROM `tb_point` [ RunTime:0.019860s ]
[ 2014-12-14T06:56:07+08:00 ] /gisproject/ | SQL: SELECT timestamp,AsText(point),type,name,introduce,attention,score,uri FROM tb_point order by AsText(point),timestamp DESC  [ RunTime:0.002285s ]
[ 2014-12-14T06:56:07+08:00 ] /gisproject/ | NOTIC: [8] Undefined offset:  8 IndexAction.class.php 第 30 行.
[ 2014-12-14T06:56:07+08:00 ] /gisproject/ | INFO: Tag[ view_template ] --START--
[ 2014-12-14T06:56:07+08:00 ] /gisproject/ | INFO: Run LocationTemplate Behavior [ RunTime:0.009561s ]
[ 2014-12-14T06:56:07+08:00 ] /gisproject/ | INFO: Tag[ view_template ] --END-- [ RunTime:0.009819s ]
[ 2014-12-14T06:56:07+08:00 ] /gisproject/ | INFO: Tag[ view_parse ] --START--
[ 2014-12-14T06:56:07+08:00 ] /gisproject/ | INFO: Run ParseTemplate Behavior [ RunTime:0.054741s ]
[ 2014-12-14T06:56:07+08:00 ] /gisproject/ | INFO: Tag[ view_parse ] --END-- [ RunTime:0.055006s ]
[ 2014-12-14T06:56:07+08:00 ] /gisproject/ | INFO: Tag[ view_filter ] --START--
[ 2014-12-14T06:56:07+08:00 ] /gisproject/ | INFO: Run ContentReplace Behavior [ RunTime:0.004382s ]
[ 2014-12-14T06:56:07+08:00 ] /gisproject/ | INFO: Run TokenBuild Behavior [ RunTime:0.004200s ]
[ 2014-12-14T06:56:07+08:00 ] /gisproject/ | INFO: Run WriteHtmlCache Behavior [ RunTime:0.003948s ]
[ 2014-12-14T06:56:07+08:00 ] /gisproject/ | INFO: Run ShowRuntime Behavior [ RunTime:0.004295s ]
[ 2014-12-14T06:56:07+08:00 ] /gisproject/ | INFO: Tag[ view_filter ] --END-- [ RunTime:0.017434s ]
[ 2014-12-14T06:56:07+08:00 ] /gisproject/ | INFO: Tag[ view_end ] --START--
[ 2014-12-14T06:56:07+08:00 ] /gisproject/ | INFO: Run ShowPageTrace Behavior [ RunTime:0.003975s ]
[ 2014-12-14T06:56:07+08:00 ] /gisproject/ | INFO: Tag[ view_end ] --END-- [ RunTime:0.004144s ]
[ 2014-12-14T06:58:16+08:00 ] /gisproject/ | INFO: Tag[ app_begin ] --START--
[ 2014-12-14T06:58:16+08:00 ] /gisproject/ | INFO: Run ReadHtmlCache Behavior [ RunTime:0.005300s ]
[ 2014-12-14T06:58:16+08:00 ] /gisproject/ | INFO: Tag[ app_begin ] --END-- [ RunTime:0.005650s ]
[ 2014-12-14T06:58:16+08:00 ] /gisproject/ | SQL: SHOW COLUMNS FROM `tb_point` [ RunTime:0.019425s ]
[ 2014-12-14T06:58:16+08:00 ] /gisproject/ | SQL: SELECT timestamp,AsText(point),type,name,introduce,attention,score,uri FROM tb_point order by AsText(point),timestamp DESC  [ RunTime:0.002301s ]
[ 2014-12-14T06:58:16+08:00 ] /gisproject/ | NOTIC: [8] Undefined offset:  8 IndexAction.class.php 第 30 行.
[ 2014-12-14T06:58:16+08:00 ] /gisproject/ | INFO: Tag[ view_template ] --START--
[ 2014-12-14T06:58:16+08:00 ] /gisproject/ | INFO: Run LocationTemplate Behavior [ RunTime:0.007611s ]
[ 2014-12-14T06:58:16+08:00 ] /gisproject/ | INFO: Tag[ view_template ] --END-- [ RunTime:0.007865s ]
[ 2014-12-14T06:58:16+08:00 ] /gisproject/ | INFO: Tag[ view_parse ] --START--
[ 2014-12-14T06:58:16+08:00 ] /gisproject/ | INFO: Run ParseTemplate Behavior [ RunTime:0.041112s ]
[ 2014-12-14T06:58:16+08:00 ] /gisproject/ | INFO: Tag[ view_parse ] --END-- [ RunTime:0.041346s ]
[ 2014-12-14T06:58:16+08:00 ] /gisproject/ | INFO: Tag[ view_filter ] --START--
[ 2014-12-14T06:58:16+08:00 ] /gisproject/ | INFO: Run ContentReplace Behavior [ RunTime:0.003898s ]
[ 2014-12-14T06:58:16+08:00 ] /gisproject/ | INFO: Run TokenBuild Behavior [ RunTime:0.003688s ]
[ 2014-12-14T06:58:16+08:00 ] /gisproject/ | INFO: Run WriteHtmlCache Behavior [ RunTime:0.003512s ]
[ 2014-12-14T06:58:16+08:00 ] /gisproject/ | INFO: Run ShowRuntime Behavior [ RunTime:0.004059s ]
[ 2014-12-14T06:58:16+08:00 ] /gisproject/ | INFO: Tag[ view_filter ] --END-- [ RunTime:0.015662s ]
[ 2014-12-14T06:58:16+08:00 ] /gisproject/ | INFO: Tag[ view_end ] --START--
[ 2014-12-14T06:58:16+08:00 ] /gisproject/ | INFO: Run ShowPageTrace Behavior [ RunTime:0.004113s ]
[ 2014-12-14T06:58:16+08:00 ] /gisproject/ | INFO: Tag[ view_end ] --END-- [ RunTime:0.004297s ]
[ 2014-12-14T07:00:28+08:00 ] /gisproject/ | INFO: Tag[ app_begin ] --START--
[ 2014-12-14T07:00:28+08:00 ] /gisproject/ | INFO: Run ReadHtmlCache Behavior [ RunTime:0.038549s ]
[ 2014-12-14T07:00:28+08:00 ] /gisproject/ | INFO: Tag[ app_begin ] --END-- [ RunTime:0.038915s ]
[ 2014-12-14T07:00:28+08:00 ] /gisproject/ | SQL: SHOW COLUMNS FROM `tb_point` [ RunTime:0.010655s ]
[ 2014-12-14T07:00:28+08:00 ] /gisproject/ | SQL: SELECT timestamp,AsText(point),type,name,introduce,attention,score,uri FROM tb_point order by AsText(point),timestamp DESC  [ RunTime:0.004849s ]
[ 2014-12-14T07:00:28+08:00 ] /gisproject/ | NOTIC: [8] Undefined offset:  8 IndexAction.class.php 第 30 行.
[ 2014-12-14T07:00:28+08:00 ] /gisproject/ | INFO: Tag[ view_template ] --START--
[ 2014-12-14T07:00:28+08:00 ] /gisproject/ | INFO: Run LocationTemplate Behavior [ RunTime:0.006978s ]
[ 2014-12-14T07:00:28+08:00 ] /gisproject/ | INFO: Tag[ view_template ] --END-- [ RunTime:0.007174s ]
[ 2014-12-14T07:00:28+08:00 ] /gisproject/ | INFO: Tag[ view_parse ] --START--
[ 2014-12-14T07:00:28+08:00 ] /gisproject/ | INFO: Run ParseTemplate Behavior [ RunTime:0.038931s ]
[ 2014-12-14T07:00:28+08:00 ] /gisproject/ | INFO: Tag[ view_parse ] --END-- [ RunTime:0.039135s ]
[ 2014-12-14T07:00:28+08:00 ] /gisproject/ | INFO: Tag[ view_filter ] --START--
[ 2014-12-14T07:00:28+08:00 ] /gisproject/ | INFO: Run ContentReplace Behavior [ RunTime:0.003634s ]
[ 2014-12-14T07:00:28+08:00 ] /gisproject/ | INFO: Run TokenBuild Behavior [ RunTime:0.003524s ]
[ 2014-12-14T07:00:28+08:00 ] /gisproject/ | INFO: Run WriteHtmlCache Behavior [ RunTime:0.003159s ]
[ 2014-12-14T07:00:28+08:00 ] /gisproject/ | INFO: Run ShowRuntime Behavior [ RunTime:0.003911s ]
[ 2014-12-14T07:00:28+08:00 ] /gisproject/ | INFO: Tag[ view_filter ] --END-- [ RunTime:0.014695s ]
[ 2014-12-14T07:00:28+08:00 ] /gisproject/ | INFO: Tag[ view_end ] --START--
[ 2014-12-14T07:00:28+08:00 ] /gisproject/ | INFO: Run ShowPageTrace Behavior [ RunTime:0.003810s ]
[ 2014-12-14T07:00:28+08:00 ] /gisproject/ | INFO: Tag[ view_end ] --END-- [ RunTime:0.003976s ]
[ 2014-12-14T07:01:21+08:00 ] /gisproject/ | INFO: Tag[ app_begin ] --START--
[ 2014-12-14T07:01:21+08:00 ] /gisproject/ | INFO: Run ReadHtmlCache Behavior [ RunTime:0.004644s ]
[ 2014-12-14T07:01:21+08:00 ] /gisproject/ | INFO: Tag[ app_begin ] --END-- [ RunTime:0.004996s ]
[ 2014-12-14T07:01:21+08:00 ] /gisproject/ | SQL: SHOW COLUMNS FROM `tb_point` [ RunTime:0.010304s ]
[ 2014-12-14T07:01:21+08:00 ] /gisproject/ | SQL: SELECT timestamp,AsText(point),type,name,introduce,attention,score,uri FROM tb_point order by AsText(point),timestamp DESC  [ RunTime:0.004246s ]
[ 2014-12-14T07:01:21+08:00 ] /gisproject/ | NOTIC: [8] Undefined offset:  8 IndexAction.class.php 第 30 行.
[ 2014-12-14T07:01:21+08:00 ] /gisproject/ | INFO: Tag[ view_template ] --START--
[ 2014-12-14T07:01:21+08:00 ] /gisproject/ | INFO: Run LocationTemplate Behavior [ RunTime:0.006690s ]
[ 2014-12-14T07:01:21+08:00 ] /gisproject/ | INFO: Tag[ view_template ] --END-- [ RunTime:0.006878s ]
[ 2014-12-14T07:01:21+08:00 ] /gisproject/ | INFO: Tag[ view_parse ] --START--
[ 2014-12-14T07:01:21+08:00 ] /gisproject/ | INFO: Run ParseTemplate Behavior [ RunTime:0.037347s ]
[ 2014-12-14T07:01:21+08:00 ] /gisproject/ | INFO: Tag[ view_parse ] --END-- [ RunTime:0.037550s ]
[ 2014-12-14T07:01:21+08:00 ] /gisproject/ | INFO: Tag[ view_filter ] --START--
[ 2014-12-14T07:01:21+08:00 ] /gisproject/ | INFO: Run ContentReplace Behavior [ RunTime:0.003554s ]
[ 2014-12-14T07:01:21+08:00 ] /gisproject/ | INFO: Run TokenBuild Behavior [ RunTime:0.003655s ]
[ 2014-12-14T07:01:21+08:00 ] /gisproject/ | INFO: Run WriteHtmlCache Behavior [ RunTime:0.003119s ]
[ 2014-12-14T07:01:21+08:00 ] /gisproject/ | INFO: Run ShowRuntime Behavior [ RunTime:0.003841s ]
[ 2014-12-14T07:01:21+08:00 ] /gisproject/ | INFO: Tag[ view_filter ] --END-- [ RunTime:0.014625s ]
[ 2014-12-14T07:01:21+08:00 ] /gisproject/ | INFO: Tag[ view_end ] --START--
[ 2014-12-14T07:01:21+08:00 ] /gisproject/ | INFO: Run ShowPageTrace Behavior [ RunTime:0.003797s ]
[ 2014-12-14T07:01:21+08:00 ] /gisproject/ | INFO: Tag[ view_end ] --END-- [ RunTime:0.003963s ]
[ 2014-12-14T07:01:36+08:00 ] /gisproject/ | INFO: Tag[ app_begin ] --START--
[ 2014-12-14T07:01:36+08:00 ] /gisproject/ | INFO: Run ReadHtmlCache Behavior [ RunTime:0.005946s ]
[ 2014-12-14T07:01:36+08:00 ] /gisproject/ | INFO: Tag[ app_begin ] --END-- [ RunTime:0.006434s ]
[ 2014-12-14T07:01:36+08:00 ] /gisproject/ | SQL: SHOW COLUMNS FROM `tb_point` [ RunTime:0.012111s ]
[ 2014-12-14T07:01:36+08:00 ] /gisproject/ | SQL: SELECT timestamp,AsText(point),type,name,introduce,attention,score,uri FROM tb_point order by AsText(point),timestamp DESC  [ RunTime:0.005788s ]
[ 2014-12-14T07:01:36+08:00 ] /gisproject/ | NOTIC: [8] Undefined offset:  8 IndexAction.class.php 第 30 行.
[ 2014-12-14T07:01:36+08:00 ] /gisproject/ | INFO: Tag[ view_template ] --START--
[ 2014-12-14T07:01:36+08:00 ] /gisproject/ | INFO: Run LocationTemplate Behavior [ RunTime:0.009744s ]
[ 2014-12-14T07:01:36+08:00 ] /gisproject/ | INFO: Tag[ view_template ] --END-- [ RunTime:0.010011s ]
[ 2014-12-14T07:01:36+08:00 ] /gisproject/ | INFO: Tag[ view_parse ] --START--
[ 2014-12-14T07:01:37+08:00 ] /gisproject/ | INFO: Run ParseTemplate Behavior [ RunTime:0.045988s ]
[ 2014-12-14T07:01:37+08:00 ] /gisproject/ | INFO: Tag[ view_parse ] --END-- [ RunTime:0.046252s ]
[ 2014-12-14T07:01:37+08:00 ] /gisproject/ | INFO: Tag[ view_filter ] --START--
[ 2014-12-14T07:01:37+08:00 ] /gisproject/ | INFO: Run ContentReplace Behavior [ RunTime:0.004325s ]
[ 2014-12-14T07:01:37+08:00 ] /gisproject/ | INFO: Run TokenBuild Behavior [ RunTime:0.004075s ]
[ 2014-12-14T07:01:37+08:00 ] /gisproject/ | INFO: Run WriteHtmlCache Behavior [ RunTime:0.003581s ]
[ 2014-12-14T07:01:37+08:00 ] /gisproject/ | INFO: Run ShowRuntime Behavior [ RunTime:0.004481s ]
[ 2014-12-14T07:01:37+08:00 ] /gisproject/ | INFO: Tag[ view_filter ] --END-- [ RunTime:0.017011s ]
[ 2014-12-14T07:01:37+08:00 ] /gisproject/ | INFO: Tag[ view_end ] --START--
[ 2014-12-14T07:01:37+08:00 ] /gisproject/ | INFO: Run ShowPageTrace Behavior [ RunTime:0.004314s ]
[ 2014-12-14T07:01:37+08:00 ] /gisproject/ | INFO: Tag[ view_end ] --END-- [ RunTime:0.004511s ]
[ 2014-12-14T18:05:40+08:00 ] /gisproject/ | INFO: Tag[ app_begin ] --START--
[ 2014-12-14T18:05:40+08:00 ] /gisproject/ | INFO: Run ReadHtmlCache Behavior [ RunTime:0.040129s ]
[ 2014-12-14T18:05:40+08:00 ] /gisproject/ | INFO: Tag[ app_begin ] --END-- [ RunTime:0.041384s ]
[ 2014-12-14T18:05:41+08:00 ] /gisproject/ | SQL: SHOW COLUMNS FROM `tb_point` [ RunTime:0.089960s ]
[ 2014-12-14T18:05:41+08:00 ] /gisproject/ | SQL: SELECT timestamp,AsText(point),type,name,introduce,attention,score,uri FROM tb_point order by AsText(point),timestamp DESC  [ RunTime:0.057508s ]
[ 2014-12-14T18:05:41+08:00 ] /gisproject/ | NOTIC: [8] Undefined offset:  8 IndexAction.class.php 第 30 行.
[ 2014-12-14T18:05:41+08:00 ] /gisproject/ | INFO: Tag[ view_template ] --START--
[ 2014-12-14T18:05:41+08:00 ] /gisproject/ | INFO: Run LocationTemplate Behavior [ RunTime:0.037761s ]
[ 2014-12-14T18:05:41+08:00 ] /gisproject/ | INFO: Tag[ view_template ] --END-- [ RunTime:0.038020s ]
[ 2014-12-14T18:05:41+08:00 ] /gisproject/ | INFO: Tag[ view_parse ] --START--
[ 2014-12-14T18:05:41+08:00 ] /gisproject/ | INFO: Run ParseTemplate Behavior [ RunTime:0.288737s ]
[ 2014-12-14T18:05:41+08:00 ] /gisproject/ | INFO: Tag[ view_parse ] --END-- [ RunTime:0.289006s ]
[ 2014-12-14T18:05:41+08:00 ] /gisproject/ | INFO: Tag[ view_filter ] --START--
[ 2014-12-14T18:05:41+08:00 ] /gisproject/ | INFO: Run ContentReplace Behavior [ RunTime:0.036391s ]
[ 2014-12-14T18:05:41+08:00 ] /gisproject/ | INFO: Run TokenBuild Behavior [ RunTime:0.045213s ]
[ 2014-12-14T18:05:41+08:00 ] /gisproject/ | INFO: Run WriteHtmlCache Behavior [ RunTime:0.019518s ]
[ 2014-12-14T18:05:41+08:00 ] /gisproject/ | INFO: Run ShowRuntime Behavior [ RunTime:0.008082s ]
[ 2014-12-14T18:05:41+08:00 ] /gisproject/ | INFO: Tag[ view_filter ] --END-- [ RunTime:0.109918s ]
[ 2014-12-14T18:05:41+08:00 ] /gisproject/ | INFO: Tag[ view_end ] --START--
[ 2014-12-14T18:05:41+08:00 ] /gisproject/ | INFO: Run ShowPageTrace Behavior [ RunTime:0.012230s ]
[ 2014-12-14T18:05:41+08:00 ] /gisproject/ | INFO: Tag[ view_end ] --END-- [ RunTime:0.012447s ]
[ 2014-12-14T18:07:40+08:00 ] /gisproject/ | INFO: Tag[ app_begin ] --START--
[ 2014-12-14T18:07:40+08:00 ] /gisproject/ | INFO: Run ReadHtmlCache Behavior [ RunTime:0.006324s ]
[ 2014-12-14T18:07:40+08:00 ] /gisproject/ | INFO: Tag[ app_begin ] --END-- [ RunTime:0.006795s ]
[ 2014-12-14T18:07:40+08:00 ] /gisproject/ | SQL: SHOW COLUMNS FROM `tb_point` [ RunTime:0.013592s ]
[ 2014-12-14T18:07:40+08:00 ] /gisproject/ | SQL: SELECT timestamp,AsText(point),type,name,introduce,attention,score,uri FROM tb_point order by AsText(point),timestamp DESC  [ RunTime:0.005419s ]
[ 2014-12-14T18:07:40+08:00 ] /gisproject/ | NOTIC: [8] Undefined offset:  8 IndexAction.class.php 第 30 行.
[ 2014-12-14T18:07:40+08:00 ] /gisproject/ | INFO: Tag[ view_template ] --START--
[ 2014-12-14T18:07:40+08:00 ] /gisproject/ | INFO: Run LocationTemplate Behavior [ RunTime:0.025522s ]
[ 2014-12-14T18:07:40+08:00 ] /gisproject/ | INFO: Tag[ view_template ] --END-- [ RunTime:0.025778s ]
[ 2014-12-14T18:07:40+08:00 ] /gisproject/ | INFO: Tag[ view_parse ] --START--
[ 2014-12-14T18:07:40+08:00 ] /gisproject/ | INFO: Run ParseTemplate Behavior [ RunTime:0.082136s ]
[ 2014-12-14T18:07:40+08:00 ] /gisproject/ | INFO: Tag[ view_parse ] --END-- [ RunTime:0.082362s ]
[ 2014-12-14T18:07:40+08:00 ] /gisproject/ | INFO: Tag[ view_filter ] --START--
[ 2014-12-14T18:07:40+08:00 ] /gisproject/ | INFO: Run ContentReplace Behavior [ RunTime:0.003739s ]
[ 2014-12-14T18:07:40+08:00 ] /gisproject/ | INFO: Run TokenBuild Behavior [ RunTime:0.004133s ]
[ 2014-12-14T18:07:40+08:00 ] /gisproject/ | INFO: Run WriteHtmlCache Behavior [ RunTime:0.003228s ]
[ 2014-12-14T18:07:40+08:00 ] /gisproject/ | INFO: Run ShowRuntime Behavior [ RunTime:0.004451s ]
[ 2014-12-14T18:07:40+08:00 ] /gisproject/ | INFO: Tag[ view_filter ] --END-- [ RunTime:0.016027s ]
[ 2014-12-14T18:07:40+08:00 ] /gisproject/ | INFO: Tag[ view_end ] --START--
[ 2014-12-14T18:07:40+08:00 ] /gisproject/ | INFO: Run ShowPageTrace Behavior [ RunTime:0.003874s ]
[ 2014-12-14T18:07:40+08:00 ] /gisproject/ | INFO: Tag[ view_end ] --END-- [ RunTime:0.004040s ]
[ 2014-12-14T19:23:49+08:00 ] /gisproject/ | INFO: Tag[ app_begin ] --START--
[ 2014-12-14T19:23:50+08:00 ] /gisproject/ | INFO: Run ReadHtmlCache Behavior [ RunTime:0.078335s ]
[ 2014-12-14T19:23:50+08:00 ] /gisproject/ | INFO: Tag[ app_begin ] --END-- [ RunTime:0.192453s ]
[ 2014-12-14T19:23:56+08:00 ] /gisproject/ | SQL: SHOW COLUMNS FROM `tb_point` [ RunTime:0.986962s ]
[ 2014-12-14T19:23:56+08:00 ] /gisproject/ | SQL: SELECT timestamp,AsText(point),type,name,introduce,attention,score,uri FROM tb_point order by AsText(point),timestamp DESC  [ RunTime:0.069578s ]
[ 2014-12-14T19:23:56+08:00 ] /gisproject/ | NOTIC: [8] Undefined offset:  8 IndexAction.class.php 第 30 行.
[ 2014-12-14T19:23:56+08:00 ] /gisproject/ | INFO: Tag[ view_template ] --START--
[ 2014-12-14T19:23:56+08:00 ] /gisproject/ | INFO: Run LocationTemplate Behavior [ RunTime:0.063812s ]
[ 2014-12-14T19:23:56+08:00 ] /gisproject/ | INFO: Tag[ view_template ] --END-- [ RunTime:0.064065s ]
[ 2014-12-14T19:23:56+08:00 ] /gisproject/ | INFO: Tag[ view_parse ] --START--
[ 2014-12-14T19:23:56+08:00 ] /gisproject/ | INFO: Run ParseTemplate Behavior [ RunTime:0.280698s ]
[ 2014-12-14T19:23:56+08:00 ] /gisproject/ | INFO: Tag[ view_parse ] --END-- [ RunTime:0.280963s ]
[ 2014-12-14T19:23:56+08:00 ] /gisproject/ | INFO: Tag[ view_filter ] --START--
[ 2014-12-14T19:23:56+08:00 ] /gisproject/ | INFO: Run ContentReplace Behavior [ RunTime:0.035345s ]
[ 2014-12-14T19:23:56+08:00 ] /gisproject/ | INFO: Run TokenBuild Behavior [ RunTime:0.007824s ]
[ 2014-12-14T19:23:56+08:00 ] /gisproject/ | INFO: Run WriteHtmlCache Behavior [ RunTime:0.023388s ]
[ 2014-12-14T19:23:56+08:00 ] /gisproject/ | INFO: Run ShowRuntime Behavior [ RunTime:0.011566s ]
[ 2014-12-14T19:23:56+08:00 ] /gisproject/ | INFO: Tag[ view_filter ] --END-- [ RunTime:0.078891s ]
[ 2014-12-14T19:23:56+08:00 ] /gisproject/ | INFO: Tag[ view_end ] --START--
[ 2014-12-14T19:23:56+08:00 ] /gisproject/ | INFO: Run ShowPageTrace Behavior [ RunTime:0.035855s ]
[ 2014-12-14T19:23:56+08:00 ] /gisproject/ | INFO: Tag[ view_end ] --END-- [ RunTime:0.036140s ]
