[ 2015-03-12T05:36:28+08:00 ] /gisproject/ | INFO: Tag[ app_begin ] --START--
[ 2015-03-12T05:36:28+08:00 ] /gisproject/ | INFO: Run ReadHtmlCache Behavior [ RunTime:0.410414s ]
[ 2015-03-12T05:36:28+08:00 ] /gisproject/ | INFO: Tag[ app_begin ] --END-- [ RunTime:0.435530s ]
[ 2015-03-12T05:36:28+08:00 ] /gisproject/ | INFO: Tag[ view_template ] --START--
[ 2015-03-12T05:36:29+08:00 ] /gisproject/ | INFO: Run LocationTemplate Behavior [ RunTime:0.356350s ]
[ 2015-03-12T05:36:29+08:00 ] /gisproject/ | INFO: Tag[ view_template ] --END-- [ RunTime:0.356511s ]
[ 2015-03-12T05:36:29+08:00 ] /gisproject/ | INFO: Tag[ view_parse ] --START--
[ 2015-03-12T05:36:29+08:00 ] /gisproject/ | NOTIC: [8] Undefined index:  username d046431aa157c89f3a1c30c426be003b.php 第 21 行.
[ 2015-03-12T05:36:29+08:00 ] /gisproject/ | INFO: Run ParseTemplate Behavior [ RunTime:0.601888s ]
[ 2015-03-12T05:36:29+08:00 ] /gisproject/ | INFO: Tag[ view_parse ] --END-- [ RunTime:0.601996s ]
[ 2015-03-12T05:36:29+08:00 ] /gisproject/ | INFO: Tag[ view_filter ] --START--
[ 2015-03-12T05:36:29+08:00 ] /gisproject/ | INFO: Run ContentReplace Behavior [ RunTime:0.031965s ]
[ 2015-03-12T05:36:29+08:00 ] /gisproject/ | INFO: Run TokenBuild Behavior [ RunTime:0.035959s ]
[ 2015-03-12T05:36:29+08:00 ] /gisproject/ | INFO: Run WriteHtmlCache Behavior [ RunTime:0.004135s ]
[ 2015-03-12T05:36:29+08:00 ] /gisproject/ | INFO: Run ShowRuntime Behavior [ RunTime:0.005349s ]
[ 2015-03-12T05:36:29+08:00 ] /gisproject/ | INFO: Tag[ view_filter ] --END-- [ RunTime:0.077899s ]
[ 2015-03-12T05:36:29+08:00 ] /gisproject/ | INFO: Tag[ view_end ] --START--
[ 2015-03-12T05:36:30+08:00 ] /gisproject/ | INFO: Run ShowPageTrace Behavior [ RunTime:0.059274s ]
[ 2015-03-12T05:36:30+08:00 ] /gisproject/ | INFO: Tag[ view_end ] --END-- [ RunTime:0.059419s ]
[ 2015-03-12T05:37:06+08:00 ] /gisproject/index.php/Login/index | INFO: Tag[ route_check ] --START--
[ 2015-03-12T05:37:06+08:00 ] /gisproject/index.php/Login/index | INFO: Run CheckRoute Behavior [ RunTime:0.002721s ]
[ 2015-03-12T05:37:06+08:00 ] /gisproject/index.php/Login/index | INFO: Tag[ route_check ] --END-- [ RunTime:0.002973s ]
[ 2015-03-12T05:37:06+08:00 ] /gisproject/index.php/Login/index | INFO: Tag[ app_begin ] --START--
[ 2015-03-12T05:37:06+08:00 ] /gisproject/index.php/Login/index | INFO: Run ReadHtmlCache Behavior [ RunTime:0.001610s ]
[ 2015-03-12T05:37:06+08:00 ] /gisproject/index.php/Login/index | INFO: Tag[ app_begin ] --END-- [ RunTime:0.001753s ]
[ 2015-03-12T05:37:06+08:00 ] /gisproject/index.php/Login/index | INFO: Tag[ view_template ] --START--
[ 2015-03-12T05:37:07+08:00 ] /gisproject/index.php/Login/index | INFO: Run LocationTemplate Behavior [ RunTime:0.023639s ]
[ 2015-03-12T05:37:07+08:00 ] /gisproject/index.php/Login/index | INFO: Tag[ view_template ] --END-- [ RunTime:0.023817s ]
[ 2015-03-12T05:37:07+08:00 ] /gisproject/index.php/Login/index | INFO: Tag[ view_parse ] --START--
[ 2015-03-12T05:37:07+08:00 ] /gisproject/index.php/Login/index | INFO: Run ParseTemplate Behavior [ RunTime:0.040499s ]
[ 2015-03-12T05:37:07+08:00 ] /gisproject/index.php/Login/index | INFO: Tag[ view_parse ] --END-- [ RunTime:0.040638s ]
[ 2015-03-12T05:37:07+08:00 ] /gisproject/index.php/Login/index | INFO: Tag[ view_filter ] --START--
[ 2015-03-12T05:37:07+08:00 ] /gisproject/index.php/Login/index | INFO: Run ContentReplace Behavior [ RunTime:0.000965s ]
[ 2015-03-12T05:37:07+08:00 ] /gisproject/index.php/Login/index | INFO: Run TokenBuild Behavior [ RunTime:0.001964s ]
[ 2015-03-12T05:37:07+08:00 ] /gisproject/index.php/Login/index | INFO: Run WriteHtmlCache Behavior [ RunTime:0.000758s ]
[ 2015-03-12T05:37:07+08:00 ] /gisproject/index.php/Login/index | INFO: Run ShowRuntime Behavior [ RunTime:0.001312s ]
[ 2015-03-12T05:37:07+08:00 ] /gisproject/index.php/Login/index | INFO: Tag[ view_filter ] --END-- [ RunTime:0.005401s ]
[ 2015-03-12T05:37:07+08:00 ] /gisproject/index.php/Login/index | INFO: Tag[ view_end ] --START--
[ 2015-03-12T05:37:07+08:00 ] /gisproject/index.php/Login/index | INFO: Run ShowPageTrace Behavior [ RunTime:0.001269s ]
[ 2015-03-12T05:37:07+08:00 ] /gisproject/index.php/Login/index | INFO: Tag[ view_end ] --END-- [ RunTime:0.001391s ]
[ 2015-03-12T05:37:07+08:00 ] /gisproject/index.php/Common/verify/ | INFO: Tag[ route_check ] --START--
[ 2015-03-12T05:37:07+08:00 ] /gisproject/index.php/Common/verify/ | INFO: Run CheckRoute Behavior [ RunTime:0.002231s ]
[ 2015-03-12T05:37:07+08:00 ] /gisproject/index.php/Common/verify/ | INFO: Tag[ route_check ] --END-- [ RunTime:0.002442s ]
[ 2015-03-12T05:37:07+08:00 ] /gisproject/index.php/Common/verify/ | INFO: Tag[ app_begin ] --START--
[ 2015-03-12T05:37:07+08:00 ] /gisproject/index.php/Common/verify/ | INFO: Run ReadHtmlCache Behavior [ RunTime:0.001605s ]
[ 2015-03-12T05:37:07+08:00 ] /gisproject/index.php/Common/verify/ | INFO: Tag[ app_begin ] --END-- [ RunTime:0.001738s ]
[ 2015-03-12T05:37:13+08:00 ] /gisproject/index.php/Index/index/username/ | INFO: Tag[ route_check ] --START--
[ 2015-03-12T05:37:13+08:00 ] /gisproject/index.php/Index/index/username/ | INFO: Run CheckRoute Behavior [ RunTime:0.002276s ]
[ 2015-03-12T05:37:13+08:00 ] /gisproject/index.php/Index/index/username/ | INFO: Tag[ route_check ] --END-- [ RunTime:0.002495s ]
[ 2015-03-12T05:37:13+08:00 ] /gisproject/index.php/Index/index/username/ | INFO: Tag[ app_begin ] --START--
[ 2015-03-12T05:37:13+08:00 ] /gisproject/index.php/Index/index/username/ | INFO: Run ReadHtmlCache Behavior [ RunTime:0.001412s ]
[ 2015-03-12T05:37:13+08:00 ] /gisproject/index.php/Index/index/username/ | INFO: Tag[ app_begin ] --END-- [ RunTime:0.001534s ]
[ 2015-03-12T05:37:13+08:00 ] /gisproject/index.php/Index/index/username/ | INFO: Tag[ view_template ] --START--
[ 2015-03-12T05:37:13+08:00 ] /gisproject/index.php/Index/index/username/ | INFO: Run LocationTemplate Behavior [ RunTime:0.001040s ]
[ 2015-03-12T05:37:13+08:00 ] /gisproject/index.php/Index/index/username/ | INFO: Tag[ view_template ] --END-- [ RunTime:0.001281s ]
[ 2015-03-12T05:37:13+08:00 ] /gisproject/index.php/Index/index/username/ | INFO: Tag[ view_parse ] --START--
[ 2015-03-12T05:37:13+08:00 ] /gisproject/index.php/Index/index/username/ | INFO: Run ParseTemplate Behavior [ RunTime:0.046916s ]
[ 2015-03-12T05:37:13+08:00 ] /gisproject/index.php/Index/index/username/ | INFO: Tag[ view_parse ] --END-- [ RunTime:0.047087s ]
[ 2015-03-12T05:37:13+08:00 ] /gisproject/index.php/Index/index/username/ | INFO: Tag[ view_filter ] --START--
[ 2015-03-12T05:37:13+08:00 ] /gisproject/index.php/Index/index/username/ | INFO: Run ContentReplace Behavior [ RunTime:0.001126s ]
[ 2015-03-12T05:37:13+08:00 ] /gisproject/index.php/Index/index/username/ | INFO: Run TokenBuild Behavior [ RunTime:0.001085s ]
[ 2015-03-12T05:37:13+08:00 ] /gisproject/index.php/Index/index/username/ | INFO: Run WriteHtmlCache Behavior [ RunTime:0.000704s ]
[ 2015-03-12T05:37:13+08:00 ] /gisproject/index.php/Index/index/username/ | INFO: Run ShowRuntime Behavior [ RunTime:0.001236s ]
[ 2015-03-12T05:37:13+08:00 ] /gisproject/index.php/Index/index/username/ | INFO: Tag[ view_filter ] --END-- [ RunTime:0.004520s ]
[ 2015-03-12T05:37:13+08:00 ] /gisproject/index.php/Index/index/username/ | INFO: Tag[ view_end ] --START--
[ 2015-03-12T05:37:13+08:00 ] /gisproject/index.php/Index/index/username/ | INFO: Run ShowPageTrace Behavior [ RunTime:0.001271s ]
[ 2015-03-12T05:37:13+08:00 ] /gisproject/index.php/Index/index/username/ | INFO: Tag[ view_end ] --END-- [ RunTime:0.001394s ]
[ 2015-03-12T05:37:40+08:00 ] /gisproject/ | INFO: Tag[ app_begin ] --START--
[ 2015-03-12T05:37:40+08:00 ] /gisproject/ | INFO: Run ReadHtmlCache Behavior [ RunTime:0.001836s ]
[ 2015-03-12T05:37:40+08:00 ] /gisproject/ | INFO: Tag[ app_begin ] --END-- [ RunTime:0.002318s ]
[ 2015-03-12T05:37:40+08:00 ] /gisproject/ | INFO: Tag[ view_template ] --START--
[ 2015-03-12T05:37:40+08:00 ] /gisproject/ | INFO: Run LocationTemplate Behavior [ RunTime:0.004218s ]
[ 2015-03-12T05:37:40+08:00 ] /gisproject/ | INFO: Tag[ view_template ] --END-- [ RunTime:0.004404s ]
[ 2015-03-12T05:37:40+08:00 ] /gisproject/ | INFO: Tag[ view_parse ] --START--
[ 2015-03-12T05:37:40+08:00 ] /gisproject/ | INFO: Run ParseTemplate Behavior [ RunTime:0.034483s ]
[ 2015-03-12T05:37:40+08:00 ] /gisproject/ | INFO: Tag[ view_parse ] --END-- [ RunTime:0.034675s ]
[ 2015-03-12T05:37:40+08:00 ] /gisproject/ | INFO: Tag[ view_filter ] --START--
[ 2015-03-12T05:37:40+08:00 ] /gisproject/ | INFO: Run ContentReplace Behavior [ RunTime:0.001129s ]
[ 2015-03-12T05:37:40+08:00 ] /gisproject/ | INFO: Run TokenBuild Behavior [ RunTime:0.001168s ]
[ 2015-03-12T05:37:40+08:00 ] /gisproject/ | INFO: Run WriteHtmlCache Behavior [ RunTime:0.000760s ]
[ 2015-03-12T05:37:40+08:00 ] /gisproject/ | INFO: Run ShowRuntime Behavior [ RunTime:0.001550s ]
[ 2015-03-12T05:37:40+08:00 ] /gisproject/ | INFO: Tag[ view_filter ] --END-- [ RunTime:0.004999s ]
[ 2015-03-12T05:37:40+08:00 ] /gisproject/ | INFO: Tag[ view_end ] --START--
[ 2015-03-12T05:37:40+08:00 ] /gisproject/ | INFO: Run ShowPageTrace Behavior [ RunTime:0.001427s ]
[ 2015-03-12T05:37:40+08:00 ] /gisproject/ | INFO: Tag[ view_end ] --END-- [ RunTime:0.001568s ]
[ 2015-03-12T09:49:42+08:00 ] /gisproject/ | INFO: Tag[ app_begin ] --START--
[ 2015-03-12T09:49:42+08:00 ] /gisproject/ | INFO: Run ReadHtmlCache Behavior [ RunTime:0.016661s ]
[ 2015-03-12T09:49:42+08:00 ] /gisproject/ | INFO: Tag[ app_begin ] --END-- [ RunTime:0.017654s ]
[ 2015-03-12T09:49:42+08:00 ] /gisproject/ | INFO: Tag[ view_template ] --START--
[ 2015-03-12T09:49:42+08:00 ] /gisproject/ | INFO: Run LocationTemplate Behavior [ RunTime:0.026814s ]
[ 2015-03-12T09:49:42+08:00 ] /gisproject/ | INFO: Tag[ view_template ] --END-- [ RunTime:0.027010s ]
[ 2015-03-12T09:49:42+08:00 ] /gisproject/ | INFO: Tag[ view_parse ] --START--
[ 2015-03-12T09:49:42+08:00 ] /gisproject/ | NOTIC: [8] Undefined index:  username d046431aa157c89f3a1c30c426be003b.php 第 21 行.
[ 2015-03-12T09:49:42+08:00 ] /gisproject/ | INFO: Run ParseTemplate Behavior [ RunTime:0.108179s ]
[ 2015-03-12T09:49:42+08:00 ] /gisproject/ | INFO: Tag[ view_parse ] --END-- [ RunTime:0.108309s ]
[ 2015-03-12T09:49:42+08:00 ] /gisproject/ | INFO: Tag[ view_filter ] --START--
[ 2015-03-12T09:49:42+08:00 ] /gisproject/ | INFO: Run ContentReplace Behavior [ RunTime:0.003593s ]
[ 2015-03-12T09:49:42+08:00 ] /gisproject/ | INFO: Run TokenBuild Behavior [ RunTime:0.003517s ]
[ 2015-03-12T09:49:42+08:00 ] /gisproject/ | INFO: Run WriteHtmlCache Behavior [ RunTime:0.003321s ]
[ 2015-03-12T09:49:42+08:00 ] /gisproject/ | INFO: Run ShowRuntime Behavior [ RunTime:0.003489s ]
[ 2015-03-12T09:49:42+08:00 ] /gisproject/ | INFO: Tag[ view_filter ] --END-- [ RunTime:0.014231s ]
[ 2015-03-12T09:49:42+08:00 ] /gisproject/ | INFO: Tag[ view_end ] --START--
[ 2015-03-12T09:49:42+08:00 ] /gisproject/ | INFO: Run ShowPageTrace Behavior [ RunTime:0.003670s ]
[ 2015-03-12T09:49:42+08:00 ] /gisproject/ | INFO: Tag[ view_end ] --END-- [ RunTime:0.003770s ]
[ 2015-03-12T09:49:45+08:00 ] /gisproject/index.php/Login/index | INFO: Tag[ route_check ] --START--
[ 2015-03-12T09:49:45+08:00 ] /gisproject/index.php/Login/index | INFO: Run CheckRoute Behavior [ RunTime:0.002640s ]
[ 2015-03-12T09:49:45+08:00 ] /gisproject/index.php/Login/index | INFO: Tag[ route_check ] --END-- [ RunTime:0.002889s ]
[ 2015-03-12T09:49:45+08:00 ] /gisproject/index.php/Login/index | INFO: Tag[ app_begin ] --START--
[ 2015-03-12T09:49:45+08:00 ] /gisproject/index.php/Login/index | INFO: Run ReadHtmlCache Behavior [ RunTime:0.001819s ]
[ 2015-03-12T09:49:45+08:00 ] /gisproject/index.php/Login/index | INFO: Tag[ app_begin ] --END-- [ RunTime:0.001967s ]
[ 2015-03-12T09:49:45+08:00 ] /gisproject/index.php/Login/index | INFO: Tag[ view_template ] --START--
[ 2015-03-12T09:49:45+08:00 ] /gisproject/index.php/Login/index | INFO: Run LocationTemplate Behavior [ RunTime:0.012745s ]
[ 2015-03-12T09:49:45+08:00 ] /gisproject/index.php/Login/index | INFO: Tag[ view_template ] --END-- [ RunTime:0.012946s ]
[ 2015-03-12T09:49:45+08:00 ] /gisproject/index.php/Login/index | INFO: Tag[ view_parse ] --START--
[ 2015-03-12T09:49:45+08:00 ] /gisproject/index.php/Login/index | INFO: Run ParseTemplate Behavior [ RunTime:0.040594s ]
[ 2015-03-12T09:49:45+08:00 ] /gisproject/index.php/Login/index | INFO: Tag[ view_parse ] --END-- [ RunTime:0.040772s ]
[ 2015-03-12T09:49:45+08:00 ] /gisproject/index.php/Login/index | INFO: Tag[ view_filter ] --START--
[ 2015-03-12T09:49:45+08:00 ] /gisproject/index.php/Login/index | INFO: Run ContentReplace Behavior [ RunTime:0.001000s ]
[ 2015-03-12T09:49:45+08:00 ] /gisproject/index.php/Login/index | INFO: Run TokenBuild Behavior [ RunTime:0.001084s ]
[ 2015-03-12T09:49:45+08:00 ] /gisproject/index.php/Login/index | INFO: Run WriteHtmlCache Behavior [ RunTime:0.000675s ]
[ 2015-03-12T09:49:45+08:00 ] /gisproject/index.php/Login/index | INFO: Run ShowRuntime Behavior [ RunTime:0.001203s ]
[ 2015-03-12T09:49:45+08:00 ] /gisproject/index.php/Login/index | INFO: Tag[ view_filter ] --END-- [ RunTime:0.004305s ]
[ 2015-03-12T09:49:45+08:00 ] /gisproject/index.php/Login/index | INFO: Tag[ view_end ] --START--
[ 2015-03-12T09:49:45+08:00 ] /gisproject/index.php/Login/index | INFO: Run ShowPageTrace Behavior [ RunTime:0.001523s ]
[ 2015-03-12T09:49:45+08:00 ] /gisproject/index.php/Login/index | INFO: Tag[ view_end ] --END-- [ RunTime:0.001650s ]
[ 2015-03-12T09:49:45+08:00 ] /gisproject/index.php/Common/verify/ | INFO: Tag[ route_check ] --START--
[ 2015-03-12T09:49:45+08:00 ] /gisproject/index.php/Common/verify/ | INFO: Run CheckRoute Behavior [ RunTime:0.002258s ]
[ 2015-03-12T09:49:45+08:00 ] /gisproject/index.php/Common/verify/ | INFO: Tag[ route_check ] --END-- [ RunTime:0.002476s ]
[ 2015-03-12T09:49:45+08:00 ] /gisproject/index.php/Common/verify/ | INFO: Tag[ app_begin ] --START--
[ 2015-03-12T09:49:45+08:00 ] /gisproject/index.php/Common/verify/ | INFO: Run ReadHtmlCache Behavior [ RunTime:0.001471s ]
[ 2015-03-12T09:49:45+08:00 ] /gisproject/index.php/Common/verify/ | INFO: Tag[ app_begin ] --END-- [ RunTime:0.001604s ]
[ 2015-03-12T09:49:50+08:00 ] /gisproject/index.php/Index/index/username/ | INFO: Tag[ route_check ] --START--
[ 2015-03-12T09:49:50+08:00 ] /gisproject/index.php/Index/index/username/ | INFO: Run CheckRoute Behavior [ RunTime:0.002493s ]
[ 2015-03-12T09:49:50+08:00 ] /gisproject/index.php/Index/index/username/ | INFO: Tag[ route_check ] --END-- [ RunTime:0.002732s ]
[ 2015-03-12T09:49:50+08:00 ] /gisproject/index.php/Index/index/username/ | INFO: Tag[ app_begin ] --START--
[ 2015-03-12T09:49:50+08:00 ] /gisproject/index.php/Index/index/username/ | INFO: Run ReadHtmlCache Behavior [ RunTime:0.001598s ]
[ 2015-03-12T09:49:50+08:00 ] /gisproject/index.php/Index/index/username/ | INFO: Tag[ app_begin ] --END-- [ RunTime:0.001737s ]
[ 2015-03-12T09:49:50+08:00 ] /gisproject/index.php/Index/index/username/ | INFO: Tag[ view_template ] --START--
[ 2015-03-12T09:49:50+08:00 ] /gisproject/index.php/Index/index/username/ | INFO: Run LocationTemplate Behavior [ RunTime:0.005437s ]
[ 2015-03-12T09:49:50+08:00 ] /gisproject/index.php/Index/index/username/ | INFO: Tag[ view_template ] --END-- [ RunTime:0.005614s ]
[ 2015-03-12T09:49:50+08:00 ] /gisproject/index.php/Index/index/username/ | INFO: Tag[ view_parse ] --START--
[ 2015-03-12T09:49:50+08:00 ] /gisproject/index.php/Index/index/username/ | INFO: Run ParseTemplate Behavior [ RunTime:0.053318s ]
[ 2015-03-12T09:49:50+08:00 ] /gisproject/index.php/Index/index/username/ | INFO: Tag[ view_parse ] --END-- [ RunTime:0.053502s ]
[ 2015-03-12T09:49:50+08:00 ] /gisproject/index.php/Index/index/username/ | INFO: Tag[ view_filter ] --START--
[ 2015-03-12T09:49:50+08:00 ] /gisproject/index.php/Index/index/username/ | INFO: Run ContentReplace Behavior [ RunTime:0.003271s ]
[ 2015-03-12T09:49:50+08:00 ] /gisproject/index.php/Index/index/username/ | INFO: Run TokenBuild Behavior [ RunTime:0.003452s ]
[ 2015-03-12T09:49:50+08:00 ] /gisproject/index.php/Index/index/username/ | INFO: Run WriteHtmlCache Behavior [ RunTime:0.002682s ]
[ 2015-03-12T09:49:50+08:00 ] /gisproject/index.php/Index/index/username/ | INFO: Run ShowRuntime Behavior [ RunTime:0.003520s ]
[ 2015-03-12T09:49:50+08:00 ] /gisproject/index.php/Index/index/username/ | INFO: Tag[ view_filter ] --END-- [ RunTime:0.013339s ]
[ 2015-03-12T09:49:50+08:00 ] /gisproject/index.php/Index/index/username/ | INFO: Tag[ view_end ] --START--
[ 2015-03-12T09:49:50+08:00 ] /gisproject/index.php/Index/index/username/ | INFO: Run ShowPageTrace Behavior [ RunTime:0.003309s ]
[ 2015-03-12T09:49:50+08:00 ] /gisproject/index.php/Index/index/username/ | INFO: Tag[ view_end ] --END-- [ RunTime:0.003446s ]
[ 2015-03-12T09:49:56+08:00 ] /gisproject/ | INFO: Tag[ app_begin ] --START--
[ 2015-03-12T09:49:56+08:00 ] /gisproject/ | INFO: Run ReadHtmlCache Behavior [ RunTime:0.002437s ]
[ 2015-03-12T09:49:56+08:00 ] /gisproject/ | INFO: Tag[ app_begin ] --END-- [ RunTime:0.002603s ]
[ 2015-03-12T09:49:56+08:00 ] /gisproject/ | INFO: Tag[ view_template ] --START--
[ 2015-03-12T09:49:56+08:00 ] /gisproject/ | INFO: Run LocationTemplate Behavior [ RunTime:0.003116s ]
[ 2015-03-12T09:49:56+08:00 ] /gisproject/ | INFO: Tag[ view_template ] --END-- [ RunTime:0.003241s ]
[ 2015-03-12T09:49:56+08:00 ] /gisproject/ | INFO: Tag[ view_parse ] --START--
[ 2015-03-12T09:49:56+08:00 ] /gisproject/ | INFO: Run ParseTemplate Behavior [ RunTime:0.032370s ]
[ 2015-03-12T09:49:56+08:00 ] /gisproject/ | INFO: Tag[ view_parse ] --END-- [ RunTime:0.032490s ]
[ 2015-03-12T09:49:56+08:00 ] /gisproject/ | INFO: Tag[ view_filter ] --START--
[ 2015-03-12T09:49:56+08:00 ] /gisproject/ | INFO: Run ContentReplace Behavior [ RunTime:0.001881s ]
[ 2015-03-12T09:49:56+08:00 ] /gisproject/ | INFO: Run TokenBuild Behavior [ RunTime:0.002120s ]
[ 2015-03-12T09:49:56+08:00 ] /gisproject/ | INFO: Run WriteHtmlCache Behavior [ RunTime:0.001641s ]
[ 2015-03-12T09:49:56+08:00 ] /gisproject/ | INFO: Run ShowRuntime Behavior [ RunTime:0.002031s ]
[ 2015-03-12T09:49:56+08:00 ] /gisproject/ | INFO: Tag[ view_filter ] --END-- [ RunTime:0.007903s ]
[ 2015-03-12T09:49:56+08:00 ] /gisproject/ | INFO: Tag[ view_end ] --START--
[ 2015-03-12T09:49:56+08:00 ] /gisproject/ | INFO: Run ShowPageTrace Behavior [ RunTime:0.002017s ]
[ 2015-03-12T09:49:56+08:00 ] /gisproject/ | INFO: Tag[ view_end ] --END-- [ RunTime:0.002097s ]
[ 2015-03-12T09:50:06+08:00 ] /gisproject/index.php/Index/index | INFO: Tag[ route_check ] --START--
[ 2015-03-12T09:50:06+08:00 ] /gisproject/index.php/Index/index | INFO: Run CheckRoute Behavior [ RunTime:0.002530s ]
[ 2015-03-12T09:50:06+08:00 ] /gisproject/index.php/Index/index | INFO: Tag[ route_check ] --END-- [ RunTime:0.002760s ]
[ 2015-03-12T09:50:06+08:00 ] /gisproject/index.php/Index/index | INFO: Tag[ app_begin ] --START--
[ 2015-03-12T09:50:06+08:00 ] /gisproject/index.php/Index/index | INFO: Run ReadHtmlCache Behavior [ RunTime:0.001598s ]
[ 2015-03-12T09:50:06+08:00 ] /gisproject/index.php/Index/index | INFO: Tag[ app_begin ] --END-- [ RunTime:0.001734s ]
[ 2015-03-12T09:50:06+08:00 ] /gisproject/index.php/Index/index | INFO: Tag[ view_template ] --START--
[ 2015-03-12T09:50:06+08:00 ] /gisproject/index.php/Index/index | INFO: Run LocationTemplate Behavior [ RunTime:0.001331s ]
[ 2015-03-12T09:50:06+08:00 ] /gisproject/index.php/Index/index | INFO: Tag[ view_template ] --END-- [ RunTime:0.001479s ]
[ 2015-03-12T09:50:06+08:00 ] /gisproject/index.php/Index/index | INFO: Tag[ view_parse ] --START--
[ 2015-03-12T09:50:06+08:00 ] /gisproject/index.php/Index/index | NOTIC: [8] Undefined index:  username d046431aa157c89f3a1c30c426be003b.php 第 21 行.
[ 2015-03-12T09:50:06+08:00 ] /gisproject/index.php/Index/index | INFO: Run ParseTemplate Behavior [ RunTime:0.023262s ]
[ 2015-03-12T09:50:06+08:00 ] /gisproject/index.php/Index/index | INFO: Tag[ view_parse ] --END-- [ RunTime:0.023397s ]
[ 2015-03-12T09:50:06+08:00 ] /gisproject/index.php/Index/index | INFO: Tag[ view_filter ] --START--
[ 2015-03-12T09:50:06+08:00 ] /gisproject/index.php/Index/index | INFO: Run ContentReplace Behavior [ RunTime:0.001010s ]
[ 2015-03-12T09:50:06+08:00 ] /gisproject/index.php/Index/index | INFO: Run TokenBuild Behavior [ RunTime:0.001020s ]
[ 2015-03-12T09:50:06+08:00 ] /gisproject/index.php/Index/index | INFO: Run WriteHtmlCache Behavior [ RunTime:0.000697s ]
[ 2015-03-12T09:50:06+08:00 ] /gisproject/index.php/Index/index | INFO: Run ShowRuntime Behavior [ RunTime:0.001200s ]
[ 2015-03-12T09:50:06+08:00 ] /gisproject/index.php/Index/index | INFO: Tag[ view_filter ] --END-- [ RunTime:0.004262s ]
[ 2015-03-12T09:50:06+08:00 ] /gisproject/index.php/Index/index | INFO: Tag[ view_end ] --START--
[ 2015-03-12T09:50:06+08:00 ] /gisproject/index.php/Index/index | INFO: Run ShowPageTrace Behavior [ RunTime:0.001251s ]
[ 2015-03-12T09:50:06+08:00 ] /gisproject/index.php/Index/index | INFO: Tag[ view_end ] --END-- [ RunTime:0.001375s ]
[ 2015-03-12T09:50:08+08:00 ] /gisproject/index.php/Login/index | INFO: Tag[ route_check ] --START--
[ 2015-03-12T09:50:08+08:00 ] /gisproject/index.php/Login/index | INFO: Run CheckRoute Behavior [ RunTime:0.002738s ]
[ 2015-03-12T09:50:08+08:00 ] /gisproject/index.php/Login/index | INFO: Tag[ route_check ] --END-- [ RunTime:0.002976s ]
[ 2015-03-12T09:50:08+08:00 ] /gisproject/index.php/Login/index | INFO: Tag[ app_begin ] --START--
[ 2015-03-12T09:50:08+08:00 ] /gisproject/index.php/Login/index | INFO: Run ReadHtmlCache Behavior [ RunTime:0.001641s ]
[ 2015-03-12T09:50:08+08:00 ] /gisproject/index.php/Login/index | INFO: Tag[ app_begin ] --END-- [ RunTime:0.001781s ]
[ 2015-03-12T09:50:08+08:00 ] /gisproject/index.php/Login/index | INFO: Tag[ view_template ] --START--
[ 2015-03-12T09:50:08+08:00 ] /gisproject/index.php/Login/index | INFO: Run LocationTemplate Behavior [ RunTime:0.001164s ]
[ 2015-03-12T09:50:08+08:00 ] /gisproject/index.php/Login/index | INFO: Tag[ view_template ] --END-- [ RunTime:0.001609s ]
[ 2015-03-12T09:50:08+08:00 ] /gisproject/index.php/Login/index | INFO: Tag[ view_parse ] --START--
[ 2015-03-12T09:50:08+08:00 ] /gisproject/index.php/Login/index | INFO: Run ParseTemplate Behavior [ RunTime:0.022539s ]
[ 2015-03-12T09:50:08+08:00 ] /gisproject/index.php/Login/index | INFO: Tag[ view_parse ] --END-- [ RunTime:0.022719s ]
[ 2015-03-12T09:50:08+08:00 ] /gisproject/index.php/Login/index | INFO: Tag[ view_filter ] --START--
[ 2015-03-12T09:50:08+08:00 ] /gisproject/index.php/Login/index | INFO: Run ContentReplace Behavior [ RunTime:0.001228s ]
[ 2015-03-12T09:50:08+08:00 ] /gisproject/index.php/Login/index | INFO: Run TokenBuild Behavior [ RunTime:0.001196s ]
[ 2015-03-12T09:50:08+08:00 ] /gisproject/index.php/Login/index | INFO: Run WriteHtmlCache Behavior [ RunTime:0.000703s ]
[ 2015-03-12T09:50:08+08:00 ] /gisproject/index.php/Login/index | INFO: Run ShowRuntime Behavior [ RunTime:0.001278s ]
[ 2015-03-12T09:50:08+08:00 ] /gisproject/index.php/Login/index | INFO: Tag[ view_filter ] --END-- [ RunTime:0.004768s ]
[ 2015-03-12T09:50:08+08:00 ] /gisproject/index.php/Login/index | INFO: Tag[ view_end ] --START--
[ 2015-03-12T09:50:08+08:00 ] /gisproject/index.php/Login/index | INFO: Run ShowPageTrace Behavior [ RunTime:0.001323s ]
[ 2015-03-12T09:50:08+08:00 ] /gisproject/index.php/Login/index | INFO: Tag[ view_end ] --END-- [ RunTime:0.001443s ]
[ 2015-03-12T09:50:08+08:00 ] /gisproject/index.php/Common/verify/ | INFO: Tag[ route_check ] --START--
[ 2015-03-12T09:50:08+08:00 ] /gisproject/index.php/Common/verify/ | INFO: Run CheckRoute Behavior [ RunTime:0.002234s ]
[ 2015-03-12T09:50:08+08:00 ] /gisproject/index.php/Common/verify/ | INFO: Tag[ route_check ] --END-- [ RunTime:0.002442s ]
[ 2015-03-12T09:50:08+08:00 ] /gisproject/index.php/Common/verify/ | INFO: Tag[ app_begin ] --START--
[ 2015-03-12T09:50:08+08:00 ] /gisproject/index.php/Common/verify/ | INFO: Run ReadHtmlCache Behavior [ RunTime:0.001451s ]
[ 2015-03-12T09:50:08+08:00 ] /gisproject/index.php/Common/verify/ | INFO: Tag[ app_begin ] --END-- [ RunTime:0.001575s ]
[ 2015-03-12T09:50:24+08:00 ] /gisproject/index.php/Index/index/username/ | INFO: Tag[ route_check ] --START--
[ 2015-03-12T09:50:24+08:00 ] /gisproject/index.php/Index/index/username/ | INFO: Run CheckRoute Behavior [ RunTime:0.002595s ]
[ 2015-03-12T09:50:24+08:00 ] /gisproject/index.php/Index/index/username/ | INFO: Tag[ route_check ] --END-- [ RunTime:0.002827s ]
[ 2015-03-12T09:50:24+08:00 ] /gisproject/index.php/Index/index/username/ | INFO: Tag[ app_begin ] --START--
[ 2015-03-12T09:50:24+08:00 ] /gisproject/index.php/Index/index/username/ | INFO: Run ReadHtmlCache Behavior [ RunTime:0.003440s ]
[ 2015-03-12T09:50:24+08:00 ] /gisproject/index.php/Index/index/username/ | INFO: Tag[ app_begin ] --END-- [ RunTime:0.003589s ]
[ 2015-03-12T09:50:24+08:00 ] /gisproject/index.php/Index/index/username/ | INFO: Tag[ view_template ] --START--
[ 2015-03-12T09:50:24+08:00 ] /gisproject/index.php/Index/index/username/ | INFO: Run LocationTemplate Behavior [ RunTime:0.001258s ]
[ 2015-03-12T09:50:24+08:00 ] /gisproject/index.php/Index/index/username/ | INFO: Tag[ view_template ] --END-- [ RunTime:0.001410s ]
[ 2015-03-12T09:50:24+08:00 ] /gisproject/index.php/Index/index/username/ | INFO: Tag[ view_parse ] --START--
[ 2015-03-12T09:50:24+08:00 ] /gisproject/index.php/Index/index/username/ | INFO: Run ParseTemplate Behavior [ RunTime:0.027017s ]
[ 2015-03-12T09:50:24+08:00 ] /gisproject/index.php/Index/index/username/ | INFO: Tag[ view_parse ] --END-- [ RunTime:0.027188s ]
[ 2015-03-12T09:50:24+08:00 ] /gisproject/index.php/Index/index/username/ | INFO: Tag[ view_filter ] --START--
[ 2015-03-12T09:50:24+08:00 ] /gisproject/index.php/Index/index/username/ | INFO: Run ContentReplace Behavior [ RunTime:0.001079s ]
[ 2015-03-12T09:50:24+08:00 ] /gisproject/index.php/Index/index/username/ | INFO: Run TokenBuild Behavior [ RunTime:0.001144s ]
[ 2015-03-12T09:50:24+08:00 ] /gisproject/index.php/Index/index/username/ | INFO: Run WriteHtmlCache Behavior [ RunTime:0.000697s ]
[ 2015-03-12T09:50:24+08:00 ] /gisproject/index.php/Index/index/username/ | INFO: Run ShowRuntime Behavior [ RunTime:0.001263s ]
[ 2015-03-12T09:50:24+08:00 ] /gisproject/index.php/Index/index/username/ | INFO: Tag[ view_filter ] --END-- [ RunTime:0.004557s ]
[ 2015-03-12T09:50:24+08:00 ] /gisproject/index.php/Index/index/username/ | INFO: Tag[ view_end ] --START--
[ 2015-03-12T09:50:24+08:00 ] /gisproject/index.php/Index/index/username/ | INFO: Run ShowPageTrace Behavior [ RunTime:0.001310s ]
[ 2015-03-12T09:50:24+08:00 ] /gisproject/index.php/Index/index/username/ | INFO: Tag[ view_end ] --END-- [ RunTime:0.001439s ]
[ 2015-03-12T09:50:31+08:00 ] /gisproject/index.php/Index/index/username/ | INFO: Tag[ route_check ] --START--
[ 2015-03-12T09:50:31+08:00 ] /gisproject/index.php/Index/index/username/ | INFO: Run CheckRoute Behavior [ RunTime:0.002581s ]
[ 2015-03-12T09:50:31+08:00 ] /gisproject/index.php/Index/index/username/ | INFO: Tag[ route_check ] --END-- [ RunTime:0.002808s ]
[ 2015-03-12T09:50:31+08:00 ] /gisproject/index.php/Index/index/username/ | INFO: Tag[ app_begin ] --START--
[ 2015-03-12T09:50:31+08:00 ] /gisproject/index.php/Index/index/username/ | INFO: Run ReadHtmlCache Behavior [ RunTime:0.001618s ]
[ 2015-03-12T09:50:31+08:00 ] /gisproject/index.php/Index/index/username/ | INFO: Tag[ app_begin ] --END-- [ RunTime:0.001756s ]
[ 2015-03-12T09:50:31+08:00 ] /gisproject/index.php/Index/index/username/ | INFO: Tag[ view_template ] --START--
[ 2015-03-12T09:50:31+08:00 ] /gisproject/index.php/Index/index/username/ | INFO: Run LocationTemplate Behavior [ RunTime:0.001169s ]
[ 2015-03-12T09:50:31+08:00 ] /gisproject/index.php/Index/index/username/ | INFO: Tag[ view_template ] --END-- [ RunTime:0.001325s ]
[ 2015-03-12T09:50:31+08:00 ] /gisproject/index.php/Index/index/username/ | INFO: Tag[ view_parse ] --START--
[ 2015-03-12T09:50:31+08:00 ] /gisproject/index.php/Index/index/username/ | INFO: Run ParseTemplate Behavior [ RunTime:0.025051s ]
[ 2015-03-12T09:50:31+08:00 ] /gisproject/index.php/Index/index/username/ | INFO: Tag[ view_parse ] --END-- [ RunTime:0.025232s ]
[ 2015-03-12T09:50:31+08:00 ] /gisproject/index.php/Index/index/username/ | INFO: Tag[ view_filter ] --START--
[ 2015-03-12T09:50:31+08:00 ] /gisproject/index.php/Index/index/username/ | INFO: Run ContentReplace Behavior [ RunTime:0.001209s ]
[ 2015-03-12T09:50:31+08:00 ] /gisproject/index.php/Index/index/username/ | INFO: Run TokenBuild Behavior [ RunTime:0.001426s ]
[ 2015-03-12T09:50:31+08:00 ] /gisproject/index.php/Index/index/username/ | INFO: Run WriteHtmlCache Behavior [ RunTime:0.000865s ]
[ 2015-03-12T09:50:31+08:00 ] /gisproject/index.php/Index/index/username/ | INFO: Run ShowRuntime Behavior [ RunTime:0.001435s ]
[ 2015-03-12T09:50:31+08:00 ] /gisproject/index.php/Index/index/username/ | INFO: Tag[ view_filter ] --END-- [ RunTime:0.005355s ]
[ 2015-03-12T09:50:31+08:00 ] /gisproject/index.php/Index/index/username/ | INFO: Tag[ view_end ] --START--
[ 2015-03-12T09:50:31+08:00 ] /gisproject/index.php/Index/index/username/ | INFO: Run ShowPageTrace Behavior [ RunTime:0.001421s ]
[ 2015-03-12T09:50:31+08:00 ] /gisproject/index.php/Index/index/username/ | INFO: Tag[ view_end ] --END-- [ RunTime:0.001570s ]
[ 2015-03-12T18:15:58+08:00 ] /gisproject/ | INFO: Tag[ app_begin ] --START--
[ 2015-03-12T18:15:58+08:00 ] /gisproject/ | INFO: Run ReadHtmlCache Behavior [ RunTime:0.036239s ]
[ 2015-03-12T18:15:58+08:00 ] /gisproject/ | INFO: Tag[ app_begin ] --END-- [ RunTime:0.036908s ]
[ 2015-03-12T18:15:58+08:00 ] /gisproject/ | INFO: Tag[ view_template ] --START--
[ 2015-03-12T18:15:58+08:00 ] /gisproject/ | INFO: Run LocationTemplate Behavior [ RunTime:0.002497s ]
[ 2015-03-12T18:15:58+08:00 ] /gisproject/ | INFO: Tag[ view_template ] --END-- [ RunTime:0.002591s ]
[ 2015-03-12T18:15:58+08:00 ] /gisproject/ | INFO: Tag[ view_parse ] --START--
[ 2015-03-12T18:15:58+08:00 ] /gisproject/ | NOTIC: [8] Undefined index:  username d046431aa157c89f3a1c30c426be003b.php 第 21 行.
[ 2015-03-12T18:15:58+08:00 ] /gisproject/ | INFO: Run ParseTemplate Behavior [ RunTime:0.055117s ]
[ 2015-03-12T18:15:58+08:00 ] /gisproject/ | INFO: Tag[ view_parse ] --END-- [ RunTime:0.055208s ]
[ 2015-03-12T18:15:58+08:00 ] /gisproject/ | INFO: Tag[ view_filter ] --START--
[ 2015-03-12T18:15:58+08:00 ] /gisproject/ | INFO: Run ContentReplace Behavior [ RunTime:0.002944s ]
[ 2015-03-12T18:15:58+08:00 ] /gisproject/ | INFO: Run TokenBuild Behavior [ RunTime:0.002474s ]
[ 2015-03-12T18:15:58+08:00 ] /gisproject/ | INFO: Run WriteHtmlCache Behavior [ RunTime:0.001497s ]
[ 2015-03-12T18:15:58+08:00 ] /gisproject/ | INFO: Run ShowRuntime Behavior [ RunTime:0.001830s ]
[ 2015-03-12T18:15:58+08:00 ] /gisproject/ | INFO: Tag[ view_filter ] --END-- [ RunTime:0.008971s ]
[ 2015-03-12T18:15:58+08:00 ] /gisproject/ | INFO: Tag[ view_end ] --START--
[ 2015-03-12T18:15:58+08:00 ] /gisproject/ | INFO: Run ShowPageTrace Behavior [ RunTime:0.002574s ]
[ 2015-03-12T18:15:58+08:00 ] /gisproject/ | INFO: Tag[ view_end ] --END-- [ RunTime:0.002641s ]
[ 2015-03-12T18:16:01+08:00 ] /gisproject/index.php/Login/index | INFO: Tag[ route_check ] --START--
[ 2015-03-12T18:16:01+08:00 ] /gisproject/index.php/Login/index | INFO: Run CheckRoute Behavior [ RunTime:0.000975s ]
[ 2015-03-12T18:16:01+08:00 ] /gisproject/index.php/Login/index | INFO: Tag[ route_check ] --END-- [ RunTime:0.001078s ]
[ 2015-03-12T18:16:01+08:00 ] /gisproject/index.php/Login/index | INFO: Tag[ app_begin ] --START--
[ 2015-03-12T18:16:01+08:00 ] /gisproject/index.php/Login/index | INFO: Run ReadHtmlCache Behavior [ RunTime:0.000895s ]
[ 2015-03-12T18:16:01+08:00 ] /gisproject/index.php/Login/index | INFO: Tag[ app_begin ] --END-- [ RunTime:0.000955s ]
[ 2015-03-12T18:16:01+08:00 ] /gisproject/index.php/Login/index | INFO: Tag[ view_template ] --START--
[ 2015-03-12T18:16:01+08:00 ] /gisproject/index.php/Login/index | INFO: Run LocationTemplate Behavior [ RunTime:0.001235s ]
[ 2015-03-12T18:16:01+08:00 ] /gisproject/index.php/Login/index | INFO: Tag[ view_template ] --END-- [ RunTime:0.001326s ]
[ 2015-03-12T18:16:01+08:00 ] /gisproject/index.php/Login/index | INFO: Tag[ view_parse ] --START--
[ 2015-03-12T18:16:01+08:00 ] /gisproject/index.php/Login/index | INFO: Run ParseTemplate Behavior [ RunTime:0.021927s ]
[ 2015-03-12T18:16:01+08:00 ] /gisproject/index.php/Login/index | INFO: Tag[ view_parse ] --END-- [ RunTime:0.022021s ]
[ 2015-03-12T18:16:01+08:00 ] /gisproject/index.php/Login/index | INFO: Tag[ view_filter ] --START--
[ 2015-03-12T18:16:01+08:00 ] /gisproject/index.php/Login/index | INFO: Run ContentReplace Behavior [ RunTime:0.000468s ]
[ 2015-03-12T18:16:01+08:00 ] /gisproject/index.php/Login/index | INFO: Run TokenBuild Behavior [ RunTime:0.000524s ]
[ 2015-03-12T18:16:01+08:00 ] /gisproject/index.php/Login/index | INFO: Run WriteHtmlCache Behavior [ RunTime:0.000362s ]
[ 2015-03-12T18:16:01+08:00 ] /gisproject/index.php/Login/index | INFO: Run ShowRuntime Behavior [ RunTime:0.001048s ]
[ 2015-03-12T18:16:01+08:00 ] /gisproject/index.php/Login/index | INFO: Tag[ view_filter ] --END-- [ RunTime:0.002611s ]
[ 2015-03-12T18:16:01+08:00 ] /gisproject/index.php/Login/index | INFO: Tag[ view_end ] --START--
[ 2015-03-12T18:16:01+08:00 ] /gisproject/index.php/Login/index | INFO: Run ShowPageTrace Behavior [ RunTime:0.000593s ]
[ 2015-03-12T18:16:01+08:00 ] /gisproject/index.php/Login/index | INFO: Tag[ view_end ] --END-- [ RunTime:0.000650s ]
[ 2015-03-12T18:16:01+08:00 ] /gisproject/index.php/Common/verify/ | INFO: Tag[ route_check ] --START--
[ 2015-03-12T18:16:01+08:00 ] /gisproject/index.php/Common/verify/ | INFO: Run CheckRoute Behavior [ RunTime:0.001010s ]
[ 2015-03-12T18:16:01+08:00 ] /gisproject/index.php/Common/verify/ | INFO: Tag[ route_check ] --END-- [ RunTime:0.001116s ]
[ 2015-03-12T18:16:01+08:00 ] /gisproject/index.php/Common/verify/ | INFO: Tag[ app_begin ] --START--
[ 2015-03-12T18:16:01+08:00 ] /gisproject/index.php/Common/verify/ | INFO: Run ReadHtmlCache Behavior [ RunTime:0.000632s ]
[ 2015-03-12T18:16:01+08:00 ] /gisproject/index.php/Common/verify/ | INFO: Tag[ app_begin ] --END-- [ RunTime:0.000692s ]
[ 2015-03-12T18:16:03+08:00 ] /gisproject/index.php/Getpwd/index | INFO: Tag[ route_check ] --START--
[ 2015-03-12T18:16:03+08:00 ] /gisproject/index.php/Getpwd/index | INFO: Run CheckRoute Behavior [ RunTime:0.000999s ]
[ 2015-03-12T18:16:03+08:00 ] /gisproject/index.php/Getpwd/index | INFO: Tag[ route_check ] --END-- [ RunTime:0.001104s ]
[ 2015-03-12T18:16:03+08:00 ] /gisproject/index.php/Getpwd/index | INFO: Tag[ app_begin ] --START--
[ 2015-03-12T18:16:03+08:00 ] /gisproject/index.php/Getpwd/index | INFO: Run ReadHtmlCache Behavior [ RunTime:0.000676s ]
[ 2015-03-12T18:16:03+08:00 ] /gisproject/index.php/Getpwd/index | INFO: Tag[ app_begin ] --END-- [ RunTime:0.000736s ]
[ 2015-03-12T18:16:03+08:00 ] /gisproject/index.php/Getpwd/index | INFO: Tag[ view_template ] --START--
[ 2015-03-12T18:16:03+08:00 ] /gisproject/index.php/Getpwd/index | INFO: Run LocationTemplate Behavior [ RunTime:0.007081s ]
[ 2015-03-12T18:16:03+08:00 ] /gisproject/index.php/Getpwd/index | INFO: Tag[ view_template ] --END-- [ RunTime:0.007243s ]
[ 2015-03-12T18:16:03+08:00 ] /gisproject/index.php/Getpwd/index | INFO: Tag[ view_parse ] --START--
[ 2015-03-12T18:16:03+08:00 ] /gisproject/index.php/Getpwd/index | INFO: Run ParseTemplate Behavior [ RunTime:0.091505s ]
[ 2015-03-12T18:16:03+08:00 ] /gisproject/index.php/Getpwd/index | INFO: Tag[ view_parse ] --END-- [ RunTime:0.091695s ]
[ 2015-03-12T18:16:03+08:00 ] /gisproject/index.php/Getpwd/index | INFO: Tag[ view_filter ] --START--
[ 2015-03-12T18:16:03+08:00 ] /gisproject/index.php/Getpwd/index | INFO: Run ContentReplace Behavior [ RunTime:0.001297s ]
[ 2015-03-12T18:16:03+08:00 ] /gisproject/index.php/Getpwd/index | INFO: Run TokenBuild Behavior [ RunTime:0.001380s ]
[ 2015-03-12T18:16:03+08:00 ] /gisproject/index.php/Getpwd/index | INFO: Run WriteHtmlCache Behavior [ RunTime:0.001130s ]
[ 2015-03-12T18:16:03+08:00 ] /gisproject/index.php/Getpwd/index | INFO: Run ShowRuntime Behavior [ RunTime:0.001476s ]
[ 2015-03-12T18:16:03+08:00 ] /gisproject/index.php/Getpwd/index | INFO: Tag[ view_filter ] --END-- [ RunTime:0.005460s ]
[ 2015-03-12T18:16:03+08:00 ] /gisproject/index.php/Getpwd/index | INFO: Tag[ view_end ] --START--
[ 2015-03-12T18:16:03+08:00 ] /gisproject/index.php/Getpwd/index | INFO: Run ShowPageTrace Behavior [ RunTime:0.001321s ]
[ 2015-03-12T18:16:03+08:00 ] /gisproject/index.php/Getpwd/index | INFO: Tag[ view_end ] --END-- [ RunTime:0.001378s ]
[ 2015-03-12T18:20:16+08:00 ] /gisproject/index.php/Getpwd/index | INFO: Tag[ route_check ] --START--
[ 2015-03-12T18:20:16+08:00 ] /gisproject/index.php/Getpwd/index | INFO: Run CheckRoute Behavior [ RunTime:0.002835s ]
[ 2015-03-12T18:20:16+08:00 ] /gisproject/index.php/Getpwd/index | INFO: Tag[ route_check ] --END-- [ RunTime:0.003021s ]
[ 2015-03-12T18:20:16+08:00 ] /gisproject/index.php/Getpwd/index | INFO: Tag[ app_begin ] --START--
[ 2015-03-12T18:20:16+08:00 ] /gisproject/index.php/Getpwd/index | INFO: Run ReadHtmlCache Behavior [ RunTime:0.002164s ]
[ 2015-03-12T18:20:16+08:00 ] /gisproject/index.php/Getpwd/index | INFO: Tag[ app_begin ] --END-- [ RunTime:0.002261s ]
[ 2015-03-12T18:20:16+08:00 ] /gisproject/index.php/Getpwd/index | INFO: Tag[ view_template ] --START--
[ 2015-03-12T18:20:16+08:00 ] /gisproject/index.php/Getpwd/index | INFO: Run LocationTemplate Behavior [ RunTime:0.005693s ]
[ 2015-03-12T18:20:16+08:00 ] /gisproject/index.php/Getpwd/index | INFO: Tag[ view_template ] --END-- [ RunTime:0.005834s ]
[ 2015-03-12T18:20:16+08:00 ] /gisproject/index.php/Getpwd/index | INFO: Tag[ view_parse ] --START--
[ 2015-03-12T18:20:16+08:00 ] /gisproject/index.php/Getpwd/index | INFO: Run ParseTemplate Behavior [ RunTime:0.022681s ]
[ 2015-03-12T18:20:16+08:00 ] /gisproject/index.php/Getpwd/index | INFO: Tag[ view_parse ] --END-- [ RunTime:0.022798s ]
[ 2015-03-12T18:20:16+08:00 ] /gisproject/index.php/Getpwd/index | INFO: Tag[ view_filter ] --START--
[ 2015-03-12T18:20:16+08:00 ] /gisproject/index.php/Getpwd/index | INFO: Run ContentReplace Behavior [ RunTime:0.001664s ]
[ 2015-03-12T18:20:16+08:00 ] /gisproject/index.php/Getpwd/index | INFO: Run TokenBuild Behavior [ RunTime:0.002067s ]
[ 2015-03-12T18:20:16+08:00 ] /gisproject/index.php/Getpwd/index | INFO: Run WriteHtmlCache Behavior [ RunTime:0.008930s ]
[ 2015-03-12T18:20:16+08:00 ] /gisproject/index.php/Getpwd/index | INFO: Run ShowRuntime Behavior [ RunTime:0.002200s ]
[ 2015-03-12T18:20:16+08:00 ] /gisproject/index.php/Getpwd/index | INFO: Tag[ view_filter ] --END-- [ RunTime:0.015172s ]
[ 2015-03-12T18:20:16+08:00 ] /gisproject/index.php/Getpwd/index | INFO: Tag[ view_end ] --START--
[ 2015-03-12T18:20:16+08:00 ] /gisproject/index.php/Getpwd/index | INFO: Run ShowPageTrace Behavior [ RunTime:0.004105s ]
[ 2015-03-12T18:20:16+08:00 ] /gisproject/index.php/Getpwd/index | INFO: Tag[ view_end ] --END-- [ RunTime:0.004225s ]
[ 2015-03-12T18:20:18+08:00 ] /gisproject/index.php/Getpwd/index | INFO: Tag[ route_check ] --START--
[ 2015-03-12T18:20:18+08:00 ] /gisproject/index.php/Getpwd/index | INFO: Run CheckRoute Behavior [ RunTime:0.001918s ]
[ 2015-03-12T18:20:18+08:00 ] /gisproject/index.php/Getpwd/index | INFO: Tag[ route_check ] --END-- [ RunTime:0.002051s ]
[ 2015-03-12T18:20:18+08:00 ] /gisproject/index.php/Getpwd/index | INFO: Tag[ app_begin ] --START--
[ 2015-03-12T18:20:18+08:00 ] /gisproject/index.php/Getpwd/index | INFO: Run ReadHtmlCache Behavior [ RunTime:0.001406s ]
[ 2015-03-12T18:20:18+08:00 ] /gisproject/index.php/Getpwd/index | INFO: Tag[ app_begin ] --END-- [ RunTime:0.001465s ]
[ 2015-03-12T18:20:18+08:00 ] /gisproject/index.php/Getpwd/index | INFO: Tag[ view_template ] --START--
[ 2015-03-12T18:20:18+08:00 ] /gisproject/index.php/Getpwd/index | INFO: Run LocationTemplate Behavior [ RunTime:0.002668s ]
[ 2015-03-12T18:20:18+08:00 ] /gisproject/index.php/Getpwd/index | INFO: Tag[ view_template ] --END-- [ RunTime:0.002754s ]
[ 2015-03-12T18:20:18+08:00 ] /gisproject/index.php/Getpwd/index | INFO: Tag[ view_parse ] --START--
[ 2015-03-12T18:20:18+08:00 ] /gisproject/index.php/Getpwd/index | INFO: Run ParseTemplate Behavior [ RunTime:0.019129s ]
[ 2015-03-12T18:20:18+08:00 ] /gisproject/index.php/Getpwd/index | INFO: Tag[ view_parse ] --END-- [ RunTime:0.019219s ]
[ 2015-03-12T18:20:18+08:00 ] /gisproject/index.php/Getpwd/index | INFO: Tag[ view_filter ] --START--
[ 2015-03-12T18:20:18+08:00 ] /gisproject/index.php/Getpwd/index | INFO: Run ContentReplace Behavior [ RunTime:0.001213s ]
[ 2015-03-12T18:20:18+08:00 ] /gisproject/index.php/Getpwd/index | INFO: Run TokenBuild Behavior [ RunTime:0.001473s ]
[ 2015-03-12T18:20:18+08:00 ] /gisproject/index.php/Getpwd/index | INFO: Run WriteHtmlCache Behavior [ RunTime:0.001046s ]
[ 2015-03-12T18:20:18+08:00 ] /gisproject/index.php/Getpwd/index | INFO: Run ShowRuntime Behavior [ RunTime:0.001271s ]
[ 2015-03-12T18:20:18+08:00 ] /gisproject/index.php/Getpwd/index | INFO: Tag[ view_filter ] --END-- [ RunTime:0.005163s ]
[ 2015-03-12T18:20:18+08:00 ] /gisproject/index.php/Getpwd/index | INFO: Tag[ view_end ] --START--
[ 2015-03-12T18:20:18+08:00 ] /gisproject/index.php/Getpwd/index | INFO: Run ShowPageTrace Behavior [ RunTime:0.001331s ]
[ 2015-03-12T18:20:18+08:00 ] /gisproject/index.php/Getpwd/index | INFO: Tag[ view_end ] --END-- [ RunTime:0.001395s ]
[ 2015-03-12T18:20:34+08:00 ] /gisproject/index.php/Getpwd/index | INFO: Tag[ route_check ] --START--
[ 2015-03-12T18:20:34+08:00 ] /gisproject/index.php/Getpwd/index | INFO: Run CheckRoute Behavior [ RunTime:0.001782s ]
[ 2015-03-12T18:20:34+08:00 ] /gisproject/index.php/Getpwd/index | INFO: Tag[ route_check ] --END-- [ RunTime:0.001888s ]
[ 2015-03-12T18:20:34+08:00 ] /gisproject/index.php/Getpwd/index | INFO: Tag[ app_begin ] --START--
[ 2015-03-12T18:20:34+08:00 ] /gisproject/index.php/Getpwd/index | INFO: Run ReadHtmlCache Behavior [ RunTime:0.001381s ]
[ 2015-03-12T18:20:34+08:00 ] /gisproject/index.php/Getpwd/index | INFO: Tag[ app_begin ] --END-- [ RunTime:0.001461s ]
[ 2015-03-12T18:20:34+08:00 ] /gisproject/index.php/Getpwd/index | INFO: Tag[ view_template ] --START--
[ 2015-03-12T18:20:34+08:00 ] /gisproject/index.php/Getpwd/index | INFO: Run LocationTemplate Behavior [ RunTime:0.016176s ]
[ 2015-03-12T18:20:34+08:00 ] /gisproject/index.php/Getpwd/index | INFO: Tag[ view_template ] --END-- [ RunTime:0.016273s ]
[ 2015-03-12T18:20:34+08:00 ] /gisproject/index.php/Getpwd/index | INFO: Tag[ view_parse ] --START--
[ 2015-03-12T18:20:34+08:00 ] /gisproject/index.php/Getpwd/index | INFO: Run ParseTemplate Behavior [ RunTime:0.013393s ]
[ 2015-03-12T18:20:34+08:00 ] /gisproject/index.php/Getpwd/index | INFO: Tag[ view_parse ] --END-- [ RunTime:0.013479s ]
[ 2015-03-12T18:20:34+08:00 ] /gisproject/index.php/Getpwd/index | INFO: Tag[ view_filter ] --START--
[ 2015-03-12T18:20:34+08:00 ] /gisproject/index.php/Getpwd/index | INFO: Run ContentReplace Behavior [ RunTime:0.001146s ]
[ 2015-03-12T18:20:34+08:00 ] /gisproject/index.php/Getpwd/index | INFO: Run TokenBuild Behavior [ RunTime:0.001207s ]
[ 2015-03-12T18:20:34+08:00 ] /gisproject/index.php/Getpwd/index | INFO: Run WriteHtmlCache Behavior [ RunTime:0.001036s ]
[ 2015-03-12T18:20:34+08:00 ] /gisproject/index.php/Getpwd/index | INFO: Run ShowRuntime Behavior [ RunTime:0.001977s ]
[ 2015-03-12T18:20:34+08:00 ] /gisproject/index.php/Getpwd/index | INFO: Tag[ view_filter ] --END-- [ RunTime:0.005531s ]
[ 2015-03-12T18:20:34+08:00 ] /gisproject/index.php/Getpwd/index | INFO: Tag[ view_end ] --START--
[ 2015-03-12T18:20:34+08:00 ] /gisproject/index.php/Getpwd/index | INFO: Run ShowPageTrace Behavior [ RunTime:0.002117s ]
[ 2015-03-12T18:20:34+08:00 ] /gisproject/index.php/Getpwd/index | INFO: Tag[ view_end ] --END-- [ RunTime:0.002182s ]
