[ 2015-02-06T09:50:11+08:00 ] /gisproject/ | INFO: Tag[ app_begin ] --START--
[ 2015-02-06T09:50:11+08:00 ] /gisproject/ | INFO: Run ReadHtmlCache Behavior [ RunTime:0.127409s ]
[ 2015-02-06T09:50:11+08:00 ] /gisproject/ | INFO: Tag[ app_begin ] --END-- [ RunTime:0.151234s ]
[ 2015-02-06T09:50:12+08:00 ] /gisproject/ | INFO: Tag[ view_template ] --START--
[ 2015-02-06T09:50:12+08:00 ] /gisproject/ | INFO: Run LocationTemplate Behavior [ RunTime:0.212096s ]
[ 2015-02-06T09:50:12+08:00 ] /gisproject/ | INFO: Tag[ view_template ] --END-- [ RunTime:0.212301s ]
[ 2015-02-06T09:50:12+08:00 ] /gisproject/ | INFO: Tag[ view_parse ] --START--
[ 2015-02-06T09:50:12+08:00 ] /gisproject/ | NOTIC: [8] Undefined index:  username d046431aa157c89f3a1c30c426be003b.php 第 20 行.
[ 2015-02-06T09:50:12+08:00 ] /gisproject/ | INFO: Run ParseTemplate Behavior [ RunTime:0.340329s ]
[ 2015-02-06T09:50:12+08:00 ] /gisproject/ | INFO: Tag[ view_parse ] --END-- [ RunTime:0.340563s ]
[ 2015-02-06T09:50:12+08:00 ] /gisproject/ | INFO: Tag[ view_filter ] --START--
[ 2015-02-06T09:50:12+08:00 ] /gisproject/ | INFO: Run ContentReplace Behavior [ RunTime:0.006885s ]
[ 2015-02-06T09:50:12+08:00 ] /gisproject/ | INFO: Run TokenBuild Behavior [ RunTime:0.049526s ]
[ 2015-02-06T09:50:12+08:00 ] /gisproject/ | INFO: Run WriteHtmlCache Behavior [ RunTime:0.026106s ]
[ 2015-02-06T09:50:12+08:00 ] /gisproject/ | INFO: Run ShowRuntime Behavior [ RunTime:0.004337s ]
[ 2015-02-06T09:50:12+08:00 ] /gisproject/ | INFO: Tag[ view_filter ] --END-- [ RunTime:0.087285s ]
[ 2015-02-06T09:50:12+08:00 ] /gisproject/ | INFO: Tag[ view_end ] --START--
[ 2015-02-06T09:50:12+08:00 ] /gisproject/ | INFO: Run ShowPageTrace Behavior [ RunTime:0.004342s ]
[ 2015-02-06T09:50:12+08:00 ] /gisproject/ | INFO: Tag[ view_end ] --END-- [ RunTime:0.004467s ]
[ 2015-02-06T09:53:50+08:00 ] /gisproject/ | INFO: Tag[ app_begin ] --START--
[ 2015-02-06T09:53:50+08:00 ] /gisproject/ | INFO: Run ReadHtmlCache Behavior [ RunTime:0.003398s ]
[ 2015-02-06T09:53:50+08:00 ] /gisproject/ | INFO: Tag[ app_begin ] --END-- [ RunTime:0.003642s ]
[ 2015-02-06T09:53:50+08:00 ] /gisproject/ | INFO: Tag[ view_template ] --START--
[ 2015-02-06T09:53:50+08:00 ] /gisproject/ | INFO: Run LocationTemplate Behavior [ RunTime:0.004369s ]
[ 2015-02-06T09:53:50+08:00 ] /gisproject/ | INFO: Tag[ view_template ] --END-- [ RunTime:0.004548s ]
[ 2015-02-06T09:53:50+08:00 ] /gisproject/ | INFO: Tag[ view_parse ] --START--
[ 2015-02-06T09:53:50+08:00 ] /gisproject/ | NOTIC: [8] Undefined index:  username d046431aa157c89f3a1c30c426be003b.php 第 20 行.
[ 2015-02-06T09:53:50+08:00 ] /gisproject/ | INFO: Run ParseTemplate Behavior [ RunTime:0.193285s ]
[ 2015-02-06T09:53:50+08:00 ] /gisproject/ | INFO: Tag[ view_parse ] --END-- [ RunTime:0.193410s ]
[ 2015-02-06T09:53:50+08:00 ] /gisproject/ | INFO: Tag[ view_filter ] --START--
[ 2015-02-06T09:53:50+08:00 ] /gisproject/ | INFO: Run ContentReplace Behavior [ RunTime:0.002566s ]
[ 2015-02-06T09:53:50+08:00 ] /gisproject/ | INFO: Run TokenBuild Behavior [ RunTime:0.002999s ]
[ 2015-02-06T09:53:50+08:00 ] /gisproject/ | INFO: Run WriteHtmlCache Behavior [ RunTime:0.002314s ]
[ 2015-02-06T09:53:50+08:00 ] /gisproject/ | INFO: Run ShowRuntime Behavior [ RunTime:0.002900s ]
[ 2015-02-06T09:53:50+08:00 ] /gisproject/ | INFO: Tag[ view_filter ] --END-- [ RunTime:0.011121s ]
[ 2015-02-06T09:53:50+08:00 ] /gisproject/ | INFO: Tag[ view_end ] --START--
[ 2015-02-06T09:53:50+08:00 ] /gisproject/ | INFO: Run ShowPageTrace Behavior [ RunTime:0.003008s ]
[ 2015-02-06T09:53:50+08:00 ] /gisproject/ | INFO: Tag[ view_end ] --END-- [ RunTime:0.003138s ]
[ 2015-02-06T15:01:58+08:00 ] /gisproject/ | INFO: Tag[ app_begin ] --START--
[ 2015-02-06T15:01:58+08:00 ] /gisproject/ | INFO: Run ReadHtmlCache Behavior [ RunTime:0.045753s ]
[ 2015-02-06T15:01:58+08:00 ] /gisproject/ | INFO: Tag[ app_begin ] --END-- [ RunTime:0.083101s ]
[ 2015-02-06T15:01:58+08:00 ] /gisproject/ | INFO: Tag[ view_template ] --START--
[ 2015-02-06T15:01:58+08:00 ] /gisproject/ | INFO: Run LocationTemplate Behavior [ RunTime:0.025947s ]
[ 2015-02-06T15:01:58+08:00 ] /gisproject/ | INFO: Tag[ view_template ] --END-- [ RunTime:0.026146s ]
[ 2015-02-06T15:01:58+08:00 ] /gisproject/ | INFO: Tag[ view_parse ] --START--
[ 2015-02-06T15:01:58+08:00 ] /gisproject/ | NOTIC: [8] Undefined index:  username d046431aa157c89f3a1c30c426be003b.php 第 20 行.
[ 2015-02-06T15:01:58+08:00 ] /gisproject/ | INFO: Run ParseTemplate Behavior [ RunTime:0.239742s ]
[ 2015-02-06T15:01:58+08:00 ] /gisproject/ | INFO: Tag[ view_parse ] --END-- [ RunTime:0.239885s ]
[ 2015-02-06T15:01:58+08:00 ] /gisproject/ | INFO: Tag[ view_filter ] --START--
[ 2015-02-06T15:01:58+08:00 ] /gisproject/ | INFO: Run ContentReplace Behavior [ RunTime:0.008848s ]
[ 2015-02-06T15:01:58+08:00 ] /gisproject/ | INFO: Run TokenBuild Behavior [ RunTime:0.019088s ]
[ 2015-02-06T15:01:58+08:00 ] /gisproject/ | INFO: Run WriteHtmlCache Behavior [ RunTime:0.003339s ]
[ 2015-02-06T15:01:58+08:00 ] /gisproject/ | INFO: Run ShowRuntime Behavior [ RunTime:0.003965s ]
[ 2015-02-06T15:01:58+08:00 ] /gisproject/ | INFO: Tag[ view_filter ] --END-- [ RunTime:0.035641s ]
[ 2015-02-06T15:01:58+08:00 ] /gisproject/ | INFO: Tag[ view_end ] --START--
[ 2015-02-06T15:01:58+08:00 ] /gisproject/ | INFO: Run ShowPageTrace Behavior [ RunTime:0.003694s ]
[ 2015-02-06T15:01:58+08:00 ] /gisproject/ | INFO: Tag[ view_end ] --END-- [ RunTime:0.003793s ]
[ 2015-02-06T19:41:23+08:00 ] /gisproject/ | INFO: Tag[ app_begin ] --START--
[ 2015-02-06T19:41:23+08:00 ] /gisproject/ | INFO: Run ReadHtmlCache Behavior [ RunTime:0.090581s ]
[ 2015-02-06T19:41:23+08:00 ] /gisproject/ | INFO: Tag[ app_begin ] --END-- [ RunTime:0.119529s ]
[ 2015-02-06T19:41:23+08:00 ] /gisproject/ | INFO: Tag[ view_template ] --START--
[ 2015-02-06T19:41:23+08:00 ] /gisproject/ | INFO: Run LocationTemplate Behavior [ RunTime:0.037288s ]
[ 2015-02-06T19:41:23+08:00 ] /gisproject/ | INFO: Tag[ view_template ] --END-- [ RunTime:0.037483s ]
[ 2015-02-06T19:41:23+08:00 ] /gisproject/ | INFO: Tag[ view_parse ] --START--
[ 2015-02-06T19:41:24+08:00 ] /gisproject/ | NOTIC: [8] Undefined index:  username d046431aa157c89f3a1c30c426be003b.php 第 20 行.
[ 2015-02-06T19:41:24+08:00 ] /gisproject/ | INFO: Run ParseTemplate Behavior [ RunTime:0.176144s ]
[ 2015-02-06T19:41:24+08:00 ] /gisproject/ | INFO: Tag[ view_parse ] --END-- [ RunTime:0.176504s ]
[ 2015-02-06T19:41:24+08:00 ] /gisproject/ | INFO: Tag[ view_filter ] --START--
[ 2015-02-06T19:41:24+08:00 ] /gisproject/ | INFO: Run ContentReplace Behavior [ RunTime:0.017370s ]
[ 2015-02-06T19:41:24+08:00 ] /gisproject/ | INFO: Run TokenBuild Behavior [ RunTime:0.004450s ]
[ 2015-02-06T19:41:24+08:00 ] /gisproject/ | INFO: Run WriteHtmlCache Behavior [ RunTime:0.003764s ]
[ 2015-02-06T19:41:24+08:00 ] /gisproject/ | INFO: Run ShowRuntime Behavior [ RunTime:0.005101s ]
[ 2015-02-06T19:41:24+08:00 ] /gisproject/ | INFO: Tag[ view_filter ] --END-- [ RunTime:0.031265s ]
[ 2015-02-06T19:41:24+08:00 ] /gisproject/ | INFO: Tag[ view_end ] --START--
[ 2015-02-06T19:41:24+08:00 ] /gisproject/ | INFO: Run ShowPageTrace Behavior [ RunTime:0.005678s ]
[ 2015-02-06T19:41:24+08:00 ] /gisproject/ | INFO: Tag[ view_end ] --END-- [ RunTime:0.005958s ]
[ 2015-02-06T20:44:42+08:00 ] /gisproject/ | INFO: Tag[ app_begin ] --START--
[ 2015-02-06T20:44:42+08:00 ] /gisproject/ | INFO: Run ReadHtmlCache Behavior [ RunTime:0.004609s ]
[ 2015-02-06T20:44:42+08:00 ] /gisproject/ | INFO: Tag[ app_begin ] --END-- [ RunTime:0.004907s ]
[ 2015-02-06T20:44:42+08:00 ] /gisproject/ | INFO: Tag[ view_template ] --START--
[ 2015-02-06T20:44:42+08:00 ] /gisproject/ | INFO: Run LocationTemplate Behavior [ RunTime:0.019326s ]
[ 2015-02-06T20:44:42+08:00 ] /gisproject/ | INFO: Tag[ view_template ] --END-- [ RunTime:0.019441s ]
[ 2015-02-06T20:44:42+08:00 ] /gisproject/ | INFO: Tag[ view_parse ] --START--
[ 2015-02-06T20:44:42+08:00 ] /gisproject/ | NOTIC: [8] Undefined index:  username d046431aa157c89f3a1c30c426be003b.php 第 20 行.
[ 2015-02-06T20:44:42+08:00 ] /gisproject/ | INFO: Run ParseTemplate Behavior [ RunTime:0.082276s ]
[ 2015-02-06T20:44:42+08:00 ] /gisproject/ | INFO: Tag[ view_parse ] --END-- [ RunTime:0.082406s ]
[ 2015-02-06T20:44:42+08:00 ] /gisproject/ | INFO: Tag[ view_filter ] --START--
[ 2015-02-06T20:44:42+08:00 ] /gisproject/ | INFO: Run ContentReplace Behavior [ RunTime:0.003652s ]
[ 2015-02-06T20:44:42+08:00 ] /gisproject/ | INFO: Run TokenBuild Behavior [ RunTime:0.003273s ]
[ 2015-02-06T20:44:42+08:00 ] /gisproject/ | INFO: Run WriteHtmlCache Behavior [ RunTime:0.002635s ]
[ 2015-02-06T20:44:42+08:00 ] /gisproject/ | INFO: Run ShowRuntime Behavior [ RunTime:0.003225s ]
[ 2015-02-06T20:44:42+08:00 ] /gisproject/ | INFO: Tag[ view_filter ] --END-- [ RunTime:0.013070s ]
[ 2015-02-06T20:44:42+08:00 ] /gisproject/ | INFO: Tag[ view_end ] --START--
[ 2015-02-06T20:44:42+08:00 ] /gisproject/ | INFO: Run ShowPageTrace Behavior [ RunTime:0.003761s ]
[ 2015-02-06T20:44:42+08:00 ] /gisproject/ | INFO: Tag[ view_end ] --END-- [ RunTime:0.003853s ]
[ 2015-02-06T21:32:17+08:00 ] /gisproject/ | INFO: Tag[ app_begin ] --START--
[ 2015-02-06T21:32:17+08:00 ] /gisproject/ | INFO: Run ReadHtmlCache Behavior [ RunTime:0.012172s ]
[ 2015-02-06T21:32:17+08:00 ] /gisproject/ | INFO: Tag[ app_begin ] --END-- [ RunTime:0.012366s ]
[ 2015-02-06T21:32:17+08:00 ] /gisproject/ | INFO: Tag[ view_template ] --START--
[ 2015-02-06T21:32:17+08:00 ] /gisproject/ | INFO: Run LocationTemplate Behavior [ RunTime:0.019514s ]
[ 2015-02-06T21:32:17+08:00 ] /gisproject/ | INFO: Tag[ view_template ] --END-- [ RunTime:0.019856s ]
[ 2015-02-06T21:32:17+08:00 ] /gisproject/ | INFO: Tag[ view_parse ] --START--
[ 2015-02-06T21:32:17+08:00 ] /gisproject/ | NOTIC: [8] Undefined index:  username d046431aa157c89f3a1c30c426be003b.php 第 20 行.
[ 2015-02-06T21:32:17+08:00 ] /gisproject/ | INFO: Run ParseTemplate Behavior [ RunTime:0.053039s ]
[ 2015-02-06T21:32:17+08:00 ] /gisproject/ | INFO: Tag[ view_parse ] --END-- [ RunTime:0.053144s ]
[ 2015-02-06T21:32:17+08:00 ] /gisproject/ | INFO: Tag[ view_filter ] --START--
[ 2015-02-06T21:32:17+08:00 ] /gisproject/ | INFO: Run ContentReplace Behavior [ RunTime:0.003430s ]
[ 2015-02-06T21:32:17+08:00 ] /gisproject/ | INFO: Run TokenBuild Behavior [ RunTime:0.002822s ]
[ 2015-02-06T21:32:17+08:00 ] /gisproject/ | INFO: Run WriteHtmlCache Behavior [ RunTime:0.002798s ]
[ 2015-02-06T21:32:17+08:00 ] /gisproject/ | INFO: Run ShowRuntime Behavior [ RunTime:0.002822s ]
[ 2015-02-06T21:32:17+08:00 ] /gisproject/ | INFO: Tag[ view_filter ] --END-- [ RunTime:0.012198s ]
[ 2015-02-06T21:32:17+08:00 ] /gisproject/ | INFO: Tag[ view_end ] --START--
[ 2015-02-06T21:32:17+08:00 ] /gisproject/ | INFO: Run ShowPageTrace Behavior [ RunTime:0.003569s ]
[ 2015-02-06T21:32:17+08:00 ] /gisproject/ | INFO: Tag[ view_end ] --END-- [ RunTime:0.003664s ]
