[ 2015-01-31T14:00:25+08:00 ] /gisproject/ | INFO: Tag[ app_begin ] --START--
[ 2015-01-31T14:00:25+08:00 ] /gisproject/ | INFO: Run ReadHtmlCache Behavior [ RunTime:0.034073s ]
[ 2015-01-31T14:00:25+08:00 ] /gisproject/ | INFO: Tag[ app_begin ] --END-- [ RunTime:0.057639s ]
[ 2015-01-31T14:00:25+08:00 ] /gisproject/ | INFO: Tag[ view_template ] --START--
[ 2015-01-31T14:00:25+08:00 ] /gisproject/ | INFO: Run LocationTemplate Behavior [ RunTime:0.083738s ]
[ 2015-01-31T14:00:25+08:00 ] /gisproject/ | INFO: Tag[ view_template ] --END-- [ RunTime:0.083910s ]
[ 2015-01-31T14:00:25+08:00 ] /gisproject/ | INFO: Tag[ view_parse ] --START--
[ 2015-01-31T14:00:26+08:00 ] /gisproject/ | NOTIC: [8] Undefined index:  username d046431aa157c89f3a1c30c426be003b.php 第 20 行.
[ 2015-01-31T14:00:26+08:00 ] /gisproject/ | INFO: Run ParseTemplate Behavior [ RunTime:0.786796s ]
[ 2015-01-31T14:00:26+08:00 ] /gisproject/ | INFO: Tag[ view_parse ] --END-- [ RunTime:0.786903s ]
[ 2015-01-31T14:00:26+08:00 ] /gisproject/ | INFO: Tag[ view_filter ] --START--
[ 2015-01-31T14:00:26+08:00 ] /gisproject/ | INFO: Run ContentReplace Behavior [ RunTime:0.080069s ]
[ 2015-01-31T14:00:26+08:00 ] /gisproject/ | INFO: Run TokenBuild Behavior [ RunTime:0.052428s ]
[ 2015-01-31T14:00:26+08:00 ] /gisproject/ | INFO: Run WriteHtmlCache Behavior [ RunTime:0.026096s ]
[ 2015-01-31T14:00:26+08:00 ] /gisproject/ | INFO: Run ShowRuntime Behavior [ RunTime:0.035827s ]
[ 2015-01-31T14:00:26+08:00 ] /gisproject/ | INFO: Tag[ view_filter ] --END-- [ RunTime:0.194875s ]
[ 2015-01-31T14:00:26+08:00 ] /gisproject/ | INFO: Tag[ view_end ] --START--
[ 2015-01-31T14:00:26+08:00 ] /gisproject/ | INFO: Run ShowPageTrace Behavior [ RunTime:0.012961s ]
[ 2015-01-31T14:00:26+08:00 ] /gisproject/ | INFO: Tag[ view_end ] --END-- [ RunTime:0.013108s ]
[ 2015-01-31T14:01:09+08:00 ] /gisproject/ | INFO: Tag[ app_begin ] --START--
[ 2015-01-31T14:01:09+08:00 ] /gisproject/ | INFO: Run ReadHtmlCache Behavior [ RunTime:0.001503s ]
[ 2015-01-31T14:01:09+08:00 ] /gisproject/ | INFO: Tag[ app_begin ] --END-- [ RunTime:0.001732s ]
[ 2015-01-31T14:01:09+08:00 ] /gisproject/ | INFO: Tag[ view_template ] --START--
[ 2015-01-31T14:01:09+08:00 ] /gisproject/ | INFO: Run LocationTemplate Behavior [ RunTime:0.001050s ]
[ 2015-01-31T14:01:09+08:00 ] /gisproject/ | INFO: Tag[ view_template ] --END-- [ RunTime:0.001185s ]
[ 2015-01-31T14:01:09+08:00 ] /gisproject/ | INFO: Tag[ view_parse ] --START--
[ 2015-01-31T14:01:09+08:00 ] /gisproject/ | NOTIC: [8] Undefined index:  username d046431aa157c89f3a1c30c426be003b.php 第 20 行.
[ 2015-01-31T14:01:09+08:00 ] /gisproject/ | INFO: Run ParseTemplate Behavior [ RunTime:0.022883s ]
[ 2015-01-31T14:01:09+08:00 ] /gisproject/ | INFO: Tag[ view_parse ] --END-- [ RunTime:0.023022s ]
[ 2015-01-31T14:01:09+08:00 ] /gisproject/ | INFO: Tag[ view_filter ] --START--
[ 2015-01-31T14:01:09+08:00 ] /gisproject/ | INFO: Run ContentReplace Behavior [ RunTime:0.000994s ]
[ 2015-01-31T14:01:09+08:00 ] /gisproject/ | INFO: Run TokenBuild Behavior [ RunTime:0.001092s ]
[ 2015-01-31T14:01:09+08:00 ] /gisproject/ | INFO: Run WriteHtmlCache Behavior [ RunTime:0.000675s ]
[ 2015-01-31T14:01:09+08:00 ] /gisproject/ | INFO: Run ShowRuntime Behavior [ RunTime:0.001297s ]
[ 2015-01-31T14:01:09+08:00 ] /gisproject/ | INFO: Tag[ view_filter ] --END-- [ RunTime:0.004395s ]
[ 2015-01-31T14:01:09+08:00 ] /gisproject/ | INFO: Tag[ view_end ] --START--
[ 2015-01-31T14:01:09+08:00 ] /gisproject/ | INFO: Run ShowPageTrace Behavior [ RunTime:0.001267s ]
[ 2015-01-31T14:01:09+08:00 ] /gisproject/ | INFO: Tag[ view_end ] --END-- [ RunTime:0.001390s ]
[ 2015-01-31T14:02:13+08:00 ] /gisproject/ | INFO: Tag[ app_begin ] --START--
[ 2015-01-31T14:02:13+08:00 ] /gisproject/ | INFO: Run ReadHtmlCache Behavior [ RunTime:0.229016s ]
[ 2015-01-31T14:02:13+08:00 ] /gisproject/ | INFO: Tag[ app_begin ] --END-- [ RunTime:0.229256s ]
[ 2015-01-31T14:02:14+08:00 ] /gisproject/ | INFO: Tag[ view_template ] --START--
[ 2015-01-31T14:02:14+08:00 ] /gisproject/ | INFO: Run LocationTemplate Behavior [ RunTime:0.076387s ]
[ 2015-01-31T14:02:14+08:00 ] /gisproject/ | INFO: Tag[ view_template ] --END-- [ RunTime:0.076592s ]
[ 2015-01-31T14:02:14+08:00 ] /gisproject/ | INFO: Tag[ view_parse ] --START--
[ 2015-01-31T14:02:14+08:00 ] /gisproject/ | NOTIC: [8] Undefined index:  username d046431aa157c89f3a1c30c426be003b.php 第 20 行.
[ 2015-01-31T14:02:14+08:00 ] /gisproject/ | INFO: Run ParseTemplate Behavior [ RunTime:0.283978s ]
[ 2015-01-31T14:02:14+08:00 ] /gisproject/ | INFO: Tag[ view_parse ] --END-- [ RunTime:0.284144s ]
[ 2015-01-31T14:02:14+08:00 ] /gisproject/ | INFO: Tag[ view_filter ] --START--
[ 2015-01-31T14:02:14+08:00 ] /gisproject/ | INFO: Run ContentReplace Behavior [ RunTime:0.021885s ]
[ 2015-01-31T14:02:14+08:00 ] /gisproject/ | INFO: Run TokenBuild Behavior [ RunTime:0.021157s ]
[ 2015-01-31T14:02:14+08:00 ] /gisproject/ | INFO: Run WriteHtmlCache Behavior [ RunTime:0.003527s ]
[ 2015-01-31T14:02:14+08:00 ] /gisproject/ | INFO: Run ShowRuntime Behavior [ RunTime:0.004629s ]
[ 2015-01-31T14:02:14+08:00 ] /gisproject/ | INFO: Tag[ view_filter ] --END-- [ RunTime:0.051651s ]
[ 2015-01-31T14:02:14+08:00 ] /gisproject/ | INFO: Tag[ view_end ] --START--
[ 2015-01-31T14:02:14+08:00 ] /gisproject/ | INFO: Run ShowPageTrace Behavior [ RunTime:0.030313s ]
[ 2015-01-31T14:02:14+08:00 ] /gisproject/ | INFO: Tag[ view_end ] --END-- [ RunTime:0.030454s ]
[ 2015-01-31T14:05:24+08:00 ] /gisproject/ | INFO: Tag[ app_begin ] --START--
[ 2015-01-31T14:05:24+08:00 ] /gisproject/ | INFO: Run ReadHtmlCache Behavior [ RunTime:0.003936s ]
[ 2015-01-31T14:05:24+08:00 ] /gisproject/ | INFO: Tag[ app_begin ] --END-- [ RunTime:0.004219s ]
[ 2015-01-31T14:05:24+08:00 ] /gisproject/ | INFO: Tag[ view_template ] --START--
[ 2015-01-31T14:05:24+08:00 ] /gisproject/ | INFO: Run LocationTemplate Behavior [ RunTime:0.005227s ]
[ 2015-01-31T14:05:24+08:00 ] /gisproject/ | INFO: Tag[ view_template ] --END-- [ RunTime:0.005464s ]
[ 2015-01-31T14:05:24+08:00 ] /gisproject/ | INFO: Tag[ view_parse ] --START--
[ 2015-01-31T14:05:24+08:00 ] /gisproject/ | NOTIC: [8] Undefined index:  username d046431aa157c89f3a1c30c426be003b.php 第 20 行.
[ 2015-01-31T14:05:24+08:00 ] /gisproject/ | INFO: Run ParseTemplate Behavior [ RunTime:0.063290s ]
[ 2015-01-31T14:05:24+08:00 ] /gisproject/ | INFO: Tag[ view_parse ] --END-- [ RunTime:0.064019s ]
[ 2015-01-31T14:05:24+08:00 ] /gisproject/ | INFO: Tag[ view_filter ] --START--
[ 2015-01-31T14:05:24+08:00 ] /gisproject/ | INFO: Run ContentReplace Behavior [ RunTime:0.002921s ]
[ 2015-01-31T14:05:24+08:00 ] /gisproject/ | INFO: Run TokenBuild Behavior [ RunTime:0.003321s ]
[ 2015-01-31T14:05:24+08:00 ] /gisproject/ | INFO: Run WriteHtmlCache Behavior [ RunTime:0.002602s ]
[ 2015-01-31T14:05:24+08:00 ] /gisproject/ | INFO: Run ShowRuntime Behavior [ RunTime:0.003270s ]
[ 2015-01-31T14:05:24+08:00 ] /gisproject/ | INFO: Tag[ view_filter ] --END-- [ RunTime:0.012592s ]
[ 2015-01-31T14:05:24+08:00 ] /gisproject/ | INFO: Tag[ view_end ] --START--
[ 2015-01-31T14:05:24+08:00 ] /gisproject/ | INFO: Run ShowPageTrace Behavior [ RunTime:0.003200s ]
[ 2015-01-31T14:05:24+08:00 ] /gisproject/ | INFO: Tag[ view_end ] --END-- [ RunTime:0.003367s ]
[ 2015-01-31T14:05:50+08:00 ] /gisproject/ | INFO: Tag[ app_begin ] --START--
[ 2015-01-31T14:05:50+08:00 ] /gisproject/ | INFO: Run ReadHtmlCache Behavior [ RunTime:0.004279s ]
[ 2015-01-31T14:05:50+08:00 ] /gisproject/ | INFO: Tag[ app_begin ] --END-- [ RunTime:0.004541s ]
[ 2015-01-31T14:05:50+08:00 ] /gisproject/ | INFO: Tag[ view_template ] --START--
[ 2015-01-31T14:05:50+08:00 ] /gisproject/ | INFO: Run LocationTemplate Behavior [ RunTime:0.004928s ]
[ 2015-01-31T14:05:50+08:00 ] /gisproject/ | INFO: Tag[ view_template ] --END-- [ RunTime:0.005116s ]
[ 2015-01-31T14:05:50+08:00 ] /gisproject/ | INFO: Tag[ view_parse ] --START--
[ 2015-01-31T14:05:50+08:00 ] /gisproject/ | NOTIC: [8] Undefined index:  username d046431aa157c89f3a1c30c426be003b.php 第 20 行.
[ 2015-01-31T14:05:50+08:00 ] /gisproject/ | INFO: Run ParseTemplate Behavior [ RunTime:0.046528s ]
[ 2015-01-31T14:05:50+08:00 ] /gisproject/ | INFO: Tag[ view_parse ] --END-- [ RunTime:0.046674s ]
[ 2015-01-31T14:05:50+08:00 ] /gisproject/ | INFO: Tag[ view_filter ] --START--
[ 2015-01-31T14:05:50+08:00 ] /gisproject/ | INFO: Run ContentReplace Behavior [ RunTime:0.002719s ]
[ 2015-01-31T14:05:50+08:00 ] /gisproject/ | INFO: Run TokenBuild Behavior [ RunTime:0.003235s ]
[ 2015-01-31T14:05:50+08:00 ] /gisproject/ | INFO: Run WriteHtmlCache Behavior [ RunTime:0.003811s ]
[ 2015-01-31T14:05:50+08:00 ] /gisproject/ | INFO: Run ShowRuntime Behavior [ RunTime:0.002949s ]
[ 2015-01-31T14:05:50+08:00 ] /gisproject/ | INFO: Tag[ view_filter ] --END-- [ RunTime:0.013168s ]
[ 2015-01-31T14:05:50+08:00 ] /gisproject/ | INFO: Tag[ view_end ] --START--
[ 2015-01-31T14:05:50+08:00 ] /gisproject/ | INFO: Run ShowPageTrace Behavior [ RunTime:0.002949s ]
[ 2015-01-31T14:05:50+08:00 ] /gisproject/ | INFO: Tag[ view_end ] --END-- [ RunTime:0.003077s ]
[ 2015-01-31T14:06:37+08:00 ] /gisproject/ | INFO: Tag[ app_begin ] --START--
[ 2015-01-31T14:06:37+08:00 ] /gisproject/ | INFO: Run ReadHtmlCache Behavior [ RunTime:0.001940s ]
[ 2015-01-31T14:06:37+08:00 ] /gisproject/ | INFO: Tag[ app_begin ] --END-- [ RunTime:0.002199s ]
[ 2015-01-31T14:06:37+08:00 ] /gisproject/ | INFO: Tag[ view_template ] --START--
[ 2015-01-31T14:06:37+08:00 ] /gisproject/ | INFO: Run LocationTemplate Behavior [ RunTime:0.001284s ]
[ 2015-01-31T14:06:37+08:00 ] /gisproject/ | INFO: Tag[ view_template ] --END-- [ RunTime:0.001469s ]
[ 2015-01-31T14:06:37+08:00 ] /gisproject/ | INFO: Tag[ view_parse ] --START--
[ 2015-01-31T14:06:37+08:00 ] /gisproject/ | NOTIC: [8] Undefined index:  username d046431aa157c89f3a1c30c426be003b.php 第 20 行.
[ 2015-01-31T14:06:37+08:00 ] /gisproject/ | INFO: Run ParseTemplate Behavior [ RunTime:0.026211s ]
[ 2015-01-31T14:06:37+08:00 ] /gisproject/ | INFO: Tag[ view_parse ] --END-- [ RunTime:0.026366s ]
[ 2015-01-31T14:06:37+08:00 ] /gisproject/ | INFO: Tag[ view_filter ] --START--
[ 2015-01-31T14:06:37+08:00 ] /gisproject/ | INFO: Run ContentReplace Behavior [ RunTime:0.001105s ]
[ 2015-01-31T14:06:37+08:00 ] /gisproject/ | INFO: Run TokenBuild Behavior [ RunTime:0.001222s ]
[ 2015-01-31T14:06:37+08:00 ] /gisproject/ | INFO: Run WriteHtmlCache Behavior [ RunTime:0.000788s ]
[ 2015-01-31T14:06:37+08:00 ] /gisproject/ | INFO: Run ShowRuntime Behavior [ RunTime:0.001395s ]
[ 2015-01-31T14:06:37+08:00 ] /gisproject/ | INFO: Tag[ view_filter ] --END-- [ RunTime:0.004934s ]
[ 2015-01-31T14:06:37+08:00 ] /gisproject/ | INFO: Tag[ view_end ] --START--
[ 2015-01-31T14:06:37+08:00 ] /gisproject/ | INFO: Run ShowPageTrace Behavior [ RunTime:0.001385s ]
[ 2015-01-31T14:06:37+08:00 ] /gisproject/ | INFO: Tag[ view_end ] --END-- [ RunTime:0.001532s ]
[ 2015-01-31T14:10:26+08:00 ] /gisproject/ | INFO: Tag[ app_begin ] --START--
[ 2015-01-31T14:10:26+08:00 ] /gisproject/ | INFO: Run ReadHtmlCache Behavior [ RunTime:0.003317s ]
[ 2015-01-31T14:10:26+08:00 ] /gisproject/ | INFO: Tag[ app_begin ] --END-- [ RunTime:0.003541s ]
[ 2015-01-31T14:10:26+08:00 ] /gisproject/ | INFO: Tag[ view_template ] --START--
[ 2015-01-31T14:10:26+08:00 ] /gisproject/ | INFO: Run LocationTemplate Behavior [ RunTime:0.004685s ]
[ 2015-01-31T14:10:26+08:00 ] /gisproject/ | INFO: Tag[ view_template ] --END-- [ RunTime:0.004833s ]
[ 2015-01-31T14:10:26+08:00 ] /gisproject/ | INFO: Tag[ view_parse ] --START--
[ 2015-01-31T14:10:26+08:00 ] /gisproject/ | NOTIC: [8] Undefined index:  username d046431aa157c89f3a1c30c426be003b.php 第 20 行.
[ 2015-01-31T14:10:26+08:00 ] /gisproject/ | INFO: Run ParseTemplate Behavior [ RunTime:0.052912s ]
[ 2015-01-31T14:10:26+08:00 ] /gisproject/ | INFO: Tag[ view_parse ] --END-- [ RunTime:0.053046s ]
[ 2015-01-31T14:10:26+08:00 ] /gisproject/ | INFO: Tag[ view_filter ] --START--
[ 2015-01-31T14:10:26+08:00 ] /gisproject/ | INFO: Run ContentReplace Behavior [ RunTime:0.002723s ]
[ 2015-01-31T14:10:26+08:00 ] /gisproject/ | INFO: Run TokenBuild Behavior [ RunTime:0.003409s ]
[ 2015-01-31T14:10:26+08:00 ] /gisproject/ | INFO: Run WriteHtmlCache Behavior [ RunTime:0.002692s ]
[ 2015-01-31T14:10:26+08:00 ] /gisproject/ | INFO: Run ShowRuntime Behavior [ RunTime:0.003116s ]
[ 2015-01-31T14:10:26+08:00 ] /gisproject/ | INFO: Tag[ view_filter ] --END-- [ RunTime:0.012336s ]
[ 2015-01-31T14:10:26+08:00 ] /gisproject/ | INFO: Tag[ view_end ] --START--
[ 2015-01-31T14:10:26+08:00 ] /gisproject/ | INFO: Run ShowPageTrace Behavior [ RunTime:0.003140s ]
[ 2015-01-31T14:10:26+08:00 ] /gisproject/ | INFO: Tag[ view_end ] --END-- [ RunTime:0.003290s ]
[ 2015-01-31T14:11:04+08:00 ] /gisproject/ | INFO: Tag[ app_begin ] --START--
[ 2015-01-31T14:11:04+08:00 ] /gisproject/ | INFO: Run ReadHtmlCache Behavior [ RunTime:0.003662s ]
[ 2015-01-31T14:11:04+08:00 ] /gisproject/ | INFO: Tag[ app_begin ] --END-- [ RunTime:0.003915s ]
[ 2015-01-31T14:11:04+08:00 ] /gisproject/ | INFO: Tag[ view_template ] --START--
[ 2015-01-31T14:11:04+08:00 ] /gisproject/ | INFO: Run LocationTemplate Behavior [ RunTime:0.004991s ]
[ 2015-01-31T14:11:04+08:00 ] /gisproject/ | INFO: Tag[ view_template ] --END-- [ RunTime:0.005170s ]
[ 2015-01-31T14:11:04+08:00 ] /gisproject/ | INFO: Tag[ view_parse ] --START--
[ 2015-01-31T14:11:04+08:00 ] /gisproject/ | NOTIC: [8] Undefined index:  username d046431aa157c89f3a1c30c426be003b.php 第 20 行.
[ 2015-01-31T14:11:04+08:00 ] /gisproject/ | INFO: Run ParseTemplate Behavior [ RunTime:0.034007s ]
[ 2015-01-31T14:11:04+08:00 ] /gisproject/ | INFO: Tag[ view_parse ] --END-- [ RunTime:0.034156s ]
[ 2015-01-31T14:11:04+08:00 ] /gisproject/ | INFO: Tag[ view_filter ] --START--
[ 2015-01-31T14:11:04+08:00 ] /gisproject/ | INFO: Run ContentReplace Behavior [ RunTime:0.003164s ]
[ 2015-01-31T14:11:04+08:00 ] /gisproject/ | INFO: Run TokenBuild Behavior [ RunTime:0.003119s ]
[ 2015-01-31T14:11:04+08:00 ] /gisproject/ | INFO: Run WriteHtmlCache Behavior [ RunTime:0.002627s ]
[ 2015-01-31T14:11:04+08:00 ] /gisproject/ | INFO: Run ShowRuntime Behavior [ RunTime:0.003218s ]
[ 2015-01-31T14:11:04+08:00 ] /gisproject/ | INFO: Tag[ view_filter ] --END-- [ RunTime:0.012520s ]
[ 2015-01-31T14:11:04+08:00 ] /gisproject/ | INFO: Tag[ view_end ] --START--
[ 2015-01-31T14:11:04+08:00 ] /gisproject/ | INFO: Run ShowPageTrace Behavior [ RunTime:0.003307s ]
[ 2015-01-31T14:11:04+08:00 ] /gisproject/ | INFO: Tag[ view_end ] --END-- [ RunTime:0.003455s ]
[ 2015-01-31T14:11:35+08:00 ] /gisproject/ | INFO: Tag[ app_begin ] --START--
[ 2015-01-31T14:11:35+08:00 ] /gisproject/ | INFO: Run ReadHtmlCache Behavior [ RunTime:0.003909s ]
[ 2015-01-31T14:11:35+08:00 ] /gisproject/ | INFO: Tag[ app_begin ] --END-- [ RunTime:0.004172s ]
[ 2015-01-31T14:11:35+08:00 ] /gisproject/ | INFO: Tag[ view_template ] --START--
[ 2015-01-31T14:11:35+08:00 ] /gisproject/ | INFO: Run LocationTemplate Behavior [ RunTime:0.007838s ]
[ 2015-01-31T14:11:35+08:00 ] /gisproject/ | INFO: Tag[ view_template ] --END-- [ RunTime:0.008101s ]
[ 2015-01-31T14:11:35+08:00 ] /gisproject/ | INFO: Tag[ view_parse ] --START--
[ 2015-01-31T14:11:35+08:00 ] /gisproject/ | NOTIC: [8] Undefined index:  username d046431aa157c89f3a1c30c426be003b.php 第 20 行.
[ 2015-01-31T14:11:35+08:00 ] /gisproject/ | INFO: Run ParseTemplate Behavior [ RunTime:0.116174s ]
[ 2015-01-31T14:11:35+08:00 ] /gisproject/ | INFO: Tag[ view_parse ] --END-- [ RunTime:0.116401s ]
[ 2015-01-31T14:11:35+08:00 ] /gisproject/ | INFO: Tag[ view_filter ] --START--
[ 2015-01-31T14:11:35+08:00 ] /gisproject/ | INFO: Run ContentReplace Behavior [ RunTime:0.007162s ]
[ 2015-01-31T14:11:35+08:00 ] /gisproject/ | INFO: Run TokenBuild Behavior [ RunTime:0.005006s ]
[ 2015-01-31T14:11:35+08:00 ] /gisproject/ | INFO: Run WriteHtmlCache Behavior [ RunTime:0.003589s ]
[ 2015-01-31T14:11:35+08:00 ] /gisproject/ | INFO: Run ShowRuntime Behavior [ RunTime:0.003133s ]
[ 2015-01-31T14:11:35+08:00 ] /gisproject/ | INFO: Tag[ view_filter ] --END-- [ RunTime:0.019423s ]
[ 2015-01-31T14:11:35+08:00 ] /gisproject/ | INFO: Tag[ view_end ] --START--
[ 2015-01-31T14:11:35+08:00 ] /gisproject/ | INFO: Run ShowPageTrace Behavior [ RunTime:0.003246s ]
[ 2015-01-31T14:11:35+08:00 ] /gisproject/ | INFO: Tag[ view_end ] --END-- [ RunTime:0.003373s ]
[ 2015-01-31T14:12:23+08:00 ] /gisproject/ | INFO: Tag[ app_begin ] --START--
[ 2015-01-31T14:12:23+08:00 ] /gisproject/ | INFO: Run ReadHtmlCache Behavior [ RunTime:0.003485s ]
[ 2015-01-31T14:12:23+08:00 ] /gisproject/ | INFO: Tag[ app_begin ] --END-- [ RunTime:0.003720s ]
[ 2015-01-31T14:12:23+08:00 ] /gisproject/ | INFO: Tag[ view_template ] --START--
[ 2015-01-31T14:12:23+08:00 ] /gisproject/ | INFO: Run LocationTemplate Behavior [ RunTime:0.004825s ]
[ 2015-01-31T14:12:23+08:00 ] /gisproject/ | INFO: Tag[ view_template ] --END-- [ RunTime:0.004979s ]
[ 2015-01-31T14:12:23+08:00 ] /gisproject/ | INFO: Tag[ view_parse ] --START--
[ 2015-01-31T14:12:23+08:00 ] /gisproject/ | NOTIC: [8] Undefined index:  username d046431aa157c89f3a1c30c426be003b.php 第 20 行.
[ 2015-01-31T14:12:23+08:00 ] /gisproject/ | INFO: Run ParseTemplate Behavior [ RunTime:0.040962s ]
[ 2015-01-31T14:12:23+08:00 ] /gisproject/ | INFO: Tag[ view_parse ] --END-- [ RunTime:0.041109s ]
[ 2015-01-31T14:12:23+08:00 ] /gisproject/ | INFO: Tag[ view_filter ] --START--
[ 2015-01-31T14:12:23+08:00 ] /gisproject/ | INFO: Run ContentReplace Behavior [ RunTime:0.003016s ]
[ 2015-01-31T14:12:23+08:00 ] /gisproject/ | INFO: Run TokenBuild Behavior [ RunTime:0.003170s ]
[ 2015-01-31T14:12:23+08:00 ] /gisproject/ | INFO: Run WriteHtmlCache Behavior [ RunTime:0.002631s ]
[ 2015-01-31T14:12:24+08:00 ] /gisproject/ | INFO: Run ShowRuntime Behavior [ RunTime:0.003224s ]
[ 2015-01-31T14:12:24+08:00 ] /gisproject/ | INFO: Tag[ view_filter ] --END-- [ RunTime:0.012437s ]
[ 2015-01-31T14:12:24+08:00 ] /gisproject/ | INFO: Tag[ view_end ] --START--
[ 2015-01-31T14:12:24+08:00 ] /gisproject/ | INFO: Run ShowPageTrace Behavior [ RunTime:0.003232s ]
[ 2015-01-31T14:12:24+08:00 ] /gisproject/ | INFO: Tag[ view_end ] --END-- [ RunTime:0.003370s ]
[ 2015-01-31T14:12:55+08:00 ] /gisproject/ | INFO: Tag[ app_begin ] --START--
[ 2015-01-31T14:12:55+08:00 ] /gisproject/ | INFO: Run ReadHtmlCache Behavior [ RunTime:0.005218s ]
[ 2015-01-31T14:12:55+08:00 ] /gisproject/ | INFO: Tag[ app_begin ] --END-- [ RunTime:0.005472s ]
[ 2015-01-31T14:12:55+08:00 ] /gisproject/ | INFO: Tag[ view_template ] --START--
[ 2015-01-31T14:12:55+08:00 ] /gisproject/ | INFO: Run LocationTemplate Behavior [ RunTime:0.004436s ]
[ 2015-01-31T14:12:55+08:00 ] /gisproject/ | INFO: Tag[ view_template ] --END-- [ RunTime:0.004635s ]
[ 2015-01-31T14:12:55+08:00 ] /gisproject/ | INFO: Tag[ view_parse ] --START--
[ 2015-01-31T14:12:55+08:00 ] /gisproject/ | NOTIC: [8] Undefined index:  username d046431aa157c89f3a1c30c426be003b.php 第 20 行.
[ 2015-01-31T14:12:55+08:00 ] /gisproject/ | INFO: Run ParseTemplate Behavior [ RunTime:0.047129s ]
[ 2015-01-31T14:12:55+08:00 ] /gisproject/ | INFO: Tag[ view_parse ] --END-- [ RunTime:0.047266s ]
[ 2015-01-31T14:12:55+08:00 ] /gisproject/ | INFO: Tag[ view_filter ] --START--
[ 2015-01-31T14:12:55+08:00 ] /gisproject/ | INFO: Run ContentReplace Behavior [ RunTime:0.002896s ]
[ 2015-01-31T14:12:55+08:00 ] /gisproject/ | INFO: Run TokenBuild Behavior [ RunTime:0.005328s ]
[ 2015-01-31T14:12:55+08:00 ] /gisproject/ | INFO: Run WriteHtmlCache Behavior [ RunTime:0.002360s ]
[ 2015-01-31T14:12:55+08:00 ] /gisproject/ | INFO: Run ShowRuntime Behavior [ RunTime:0.005672s ]
[ 2015-01-31T14:12:55+08:00 ] /gisproject/ | INFO: Tag[ view_filter ] --END-- [ RunTime:0.016677s ]
[ 2015-01-31T14:12:55+08:00 ] /gisproject/ | INFO: Tag[ view_end ] --START--
[ 2015-01-31T14:12:55+08:00 ] /gisproject/ | INFO: Run ShowPageTrace Behavior [ RunTime:0.003028s ]
[ 2015-01-31T14:12:55+08:00 ] /gisproject/ | INFO: Tag[ view_end ] --END-- [ RunTime:0.003161s ]
[ 2015-01-31T14:16:15+08:00 ] /gisproject/ | INFO: Tag[ app_begin ] --START--
[ 2015-01-31T14:16:15+08:00 ] /gisproject/ | INFO: Run ReadHtmlCache Behavior [ RunTime:0.003773s ]
[ 2015-01-31T14:16:15+08:00 ] /gisproject/ | INFO: Tag[ app_begin ] --END-- [ RunTime:0.004019s ]
[ 2015-01-31T14:16:15+08:00 ] /gisproject/ | INFO: Tag[ view_template ] --START--
[ 2015-01-31T14:16:15+08:00 ] /gisproject/ | INFO: Run LocationTemplate Behavior [ RunTime:0.004904s ]
[ 2015-01-31T14:16:15+08:00 ] /gisproject/ | INFO: Tag[ view_template ] --END-- [ RunTime:0.005075s ]
[ 2015-01-31T14:16:15+08:00 ] /gisproject/ | INFO: Tag[ view_parse ] --START--
[ 2015-01-31T14:16:15+08:00 ] /gisproject/ | NOTIC: [8] Undefined index:  username d046431aa157c89f3a1c30c426be003b.php 第 20 行.
[ 2015-01-31T14:16:15+08:00 ] /gisproject/ | INFO: Run ParseTemplate Behavior [ RunTime:0.062641s ]
[ 2015-01-31T14:16:15+08:00 ] /gisproject/ | INFO: Tag[ view_parse ] --END-- [ RunTime:0.062788s ]
[ 2015-01-31T14:16:15+08:00 ] /gisproject/ | INFO: Tag[ view_filter ] --START--
[ 2015-01-31T14:16:15+08:00 ] /gisproject/ | INFO: Run ContentReplace Behavior [ RunTime:0.003045s ]
[ 2015-01-31T14:16:15+08:00 ] /gisproject/ | INFO: Run TokenBuild Behavior [ RunTime:0.003527s ]
[ 2015-01-31T14:16:15+08:00 ] /gisproject/ | INFO: Run WriteHtmlCache Behavior [ RunTime:0.002810s ]
[ 2015-01-31T14:16:15+08:00 ] /gisproject/ | INFO: Run ShowRuntime Behavior [ RunTime:0.003326s ]
[ 2015-01-31T14:16:15+08:00 ] /gisproject/ | INFO: Tag[ view_filter ] --END-- [ RunTime:0.013126s ]
[ 2015-01-31T14:16:15+08:00 ] /gisproject/ | INFO: Tag[ view_end ] --START--
[ 2015-01-31T14:16:15+08:00 ] /gisproject/ | INFO: Run ShowPageTrace Behavior [ RunTime:0.003426s ]
[ 2015-01-31T14:16:15+08:00 ] /gisproject/ | INFO: Tag[ view_end ] --END-- [ RunTime:0.003591s ]
[ 2015-01-31T14:16:50+08:00 ] /gisproject/ | INFO: Tag[ app_begin ] --START--
[ 2015-01-31T14:16:50+08:00 ] /gisproject/ | INFO: Run ReadHtmlCache Behavior [ RunTime:0.003760s ]
[ 2015-01-31T14:16:50+08:00 ] /gisproject/ | INFO: Tag[ app_begin ] --END-- [ RunTime:0.004004s ]
[ 2015-01-31T14:16:50+08:00 ] /gisproject/ | INFO: Tag[ view_template ] --START--
[ 2015-01-31T14:16:50+08:00 ] /gisproject/ | INFO: Run LocationTemplate Behavior [ RunTime:0.005225s ]
[ 2015-01-31T14:16:50+08:00 ] /gisproject/ | INFO: Tag[ view_template ] --END-- [ RunTime:0.005389s ]
[ 2015-01-31T14:16:50+08:00 ] /gisproject/ | INFO: Tag[ view_parse ] --START--
[ 2015-01-31T14:16:50+08:00 ] /gisproject/ | NOTIC: [8] Undefined index:  username d046431aa157c89f3a1c30c426be003b.php 第 20 行.
[ 2015-01-31T14:16:50+08:00 ] /gisproject/ | INFO: Run ParseTemplate Behavior [ RunTime:0.037645s ]
[ 2015-01-31T14:16:50+08:00 ] /gisproject/ | INFO: Tag[ view_parse ] --END-- [ RunTime:0.037792s ]
[ 2015-01-31T14:16:50+08:00 ] /gisproject/ | INFO: Tag[ view_filter ] --START--
[ 2015-01-31T14:16:50+08:00 ] /gisproject/ | INFO: Run ContentReplace Behavior [ RunTime:0.002976s ]
[ 2015-01-31T14:16:50+08:00 ] /gisproject/ | INFO: Run TokenBuild Behavior [ RunTime:0.003165s ]
[ 2015-01-31T14:16:50+08:00 ] /gisproject/ | INFO: Run WriteHtmlCache Behavior [ RunTime:0.002638s ]
[ 2015-01-31T14:16:50+08:00 ] /gisproject/ | INFO: Run ShowRuntime Behavior [ RunTime:0.003208s ]
[ 2015-01-31T14:16:50+08:00 ] /gisproject/ | INFO: Tag[ view_filter ] --END-- [ RunTime:0.012377s ]
[ 2015-01-31T14:16:50+08:00 ] /gisproject/ | INFO: Tag[ view_end ] --START--
[ 2015-01-31T14:16:50+08:00 ] /gisproject/ | INFO: Run ShowPageTrace Behavior [ RunTime:0.003279s ]
[ 2015-01-31T14:16:50+08:00 ] /gisproject/ | INFO: Tag[ view_end ] --END-- [ RunTime:0.003419s ]
[ 2015-01-31T14:18:01+08:00 ] /gisproject/ | INFO: Tag[ app_begin ] --START--
[ 2015-01-31T14:18:01+08:00 ] /gisproject/ | INFO: Run ReadHtmlCache Behavior [ RunTime:0.003381s ]
[ 2015-01-31T14:18:01+08:00 ] /gisproject/ | INFO: Tag[ app_begin ] --END-- [ RunTime:0.003653s ]
[ 2015-01-31T14:18:01+08:00 ] /gisproject/ | INFO: Tag[ view_template ] --START--
[ 2015-01-31T14:18:01+08:00 ] /gisproject/ | INFO: Run LocationTemplate Behavior [ RunTime:0.004776s ]
[ 2015-01-31T14:18:01+08:00 ] /gisproject/ | INFO: Tag[ view_template ] --END-- [ RunTime:0.004967s ]
[ 2015-01-31T14:18:01+08:00 ] /gisproject/ | INFO: Tag[ view_parse ] --START--
[ 2015-01-31T14:18:01+08:00 ] /gisproject/ | NOTIC: [8] Undefined index:  username d046431aa157c89f3a1c30c426be003b.php 第 20 行.
[ 2015-01-31T14:18:01+08:00 ] /gisproject/ | INFO: Run ParseTemplate Behavior [ RunTime:0.032723s ]
[ 2015-01-31T14:18:01+08:00 ] /gisproject/ | INFO: Tag[ view_parse ] --END-- [ RunTime:0.032856s ]
[ 2015-01-31T14:18:01+08:00 ] /gisproject/ | INFO: Tag[ view_filter ] --START--
[ 2015-01-31T14:18:01+08:00 ] /gisproject/ | INFO: Run ContentReplace Behavior [ RunTime:0.002713s ]
[ 2015-01-31T14:18:01+08:00 ] /gisproject/ | INFO: Run TokenBuild Behavior [ RunTime:0.003139s ]
[ 2015-01-31T14:18:01+08:00 ] /gisproject/ | INFO: Run WriteHtmlCache Behavior [ RunTime:0.003795s ]
[ 2015-01-31T14:18:01+08:00 ] /gisproject/ | INFO: Run ShowRuntime Behavior [ RunTime:0.007018s ]
[ 2015-01-31T14:18:01+08:00 ] /gisproject/ | INFO: Tag[ view_filter ] --END-- [ RunTime:0.017132s ]
[ 2015-01-31T14:18:01+08:00 ] /gisproject/ | INFO: Tag[ view_end ] --START--
[ 2015-01-31T14:18:01+08:00 ] /gisproject/ | INFO: Run ShowPageTrace Behavior [ RunTime:0.005072s ]
[ 2015-01-31T14:18:01+08:00 ] /gisproject/ | INFO: Tag[ view_end ] --END-- [ RunTime:0.005276s ]
[ 2015-01-31T14:18:33+08:00 ] /gisproject/ | INFO: Tag[ app_begin ] --START--
[ 2015-01-31T14:18:33+08:00 ] /gisproject/ | INFO: Run ReadHtmlCache Behavior [ RunTime:0.006517s ]
[ 2015-01-31T14:18:33+08:00 ] /gisproject/ | INFO: Tag[ app_begin ] --END-- [ RunTime:0.006786s ]
[ 2015-01-31T14:18:33+08:00 ] /gisproject/ | INFO: Tag[ view_template ] --START--
[ 2015-01-31T14:18:33+08:00 ] /gisproject/ | INFO: Run LocationTemplate Behavior [ RunTime:0.005074s ]
[ 2015-01-31T14:18:33+08:00 ] /gisproject/ | INFO: Tag[ view_template ] --END-- [ RunTime:0.005263s ]
[ 2015-01-31T14:18:33+08:00 ] /gisproject/ | INFO: Tag[ view_parse ] --START--
[ 2015-01-31T14:18:33+08:00 ] /gisproject/ | NOTIC: [8] Undefined index:  username d046431aa157c89f3a1c30c426be003b.php 第 20 行.
[ 2015-01-31T14:18:33+08:00 ] /gisproject/ | INFO: Run ParseTemplate Behavior [ RunTime:0.033508s ]
[ 2015-01-31T14:18:33+08:00 ] /gisproject/ | INFO: Tag[ view_parse ] --END-- [ RunTime:0.034016s ]
[ 2015-01-31T14:18:33+08:00 ] /gisproject/ | INFO: Tag[ view_filter ] --START--
[ 2015-01-31T14:18:33+08:00 ] /gisproject/ | INFO: Run ContentReplace Behavior [ RunTime:0.003360s ]
[ 2015-01-31T14:18:33+08:00 ] /gisproject/ | INFO: Run TokenBuild Behavior [ RunTime:0.003114s ]
[ 2015-01-31T14:18:33+08:00 ] /gisproject/ | INFO: Run WriteHtmlCache Behavior [ RunTime:0.002363s ]
[ 2015-01-31T14:18:33+08:00 ] /gisproject/ | INFO: Run ShowRuntime Behavior [ RunTime:0.002848s ]
[ 2015-01-31T14:18:33+08:00 ] /gisproject/ | INFO: Tag[ view_filter ] --END-- [ RunTime:0.012110s ]
[ 2015-01-31T14:18:33+08:00 ] /gisproject/ | INFO: Tag[ view_end ] --START--
[ 2015-01-31T14:18:33+08:00 ] /gisproject/ | INFO: Run ShowPageTrace Behavior [ RunTime:0.004103s ]
[ 2015-01-31T14:18:33+08:00 ] /gisproject/ | INFO: Tag[ view_end ] --END-- [ RunTime:0.004284s ]
[ 2015-01-31T14:19:06+08:00 ] /gisproject/ | INFO: Tag[ app_begin ] --START--
[ 2015-01-31T14:19:06+08:00 ] /gisproject/ | INFO: Run ReadHtmlCache Behavior [ RunTime:0.017630s ]
[ 2015-01-31T14:19:06+08:00 ] /gisproject/ | INFO: Tag[ app_begin ] --END-- [ RunTime:0.017909s ]
[ 2015-01-31T14:19:06+08:00 ] /gisproject/ | INFO: Tag[ view_template ] --START--
[ 2015-01-31T14:19:06+08:00 ] /gisproject/ | INFO: Run LocationTemplate Behavior [ RunTime:0.005370s ]
[ 2015-01-31T14:19:06+08:00 ] /gisproject/ | INFO: Tag[ view_template ] --END-- [ RunTime:0.005566s ]
[ 2015-01-31T14:19:06+08:00 ] /gisproject/ | INFO: Tag[ view_parse ] --START--
[ 2015-01-31T14:19:06+08:00 ] /gisproject/ | NOTIC: [8] Undefined index:  username d046431aa157c89f3a1c30c426be003b.php 第 20 行.
[ 2015-01-31T14:19:06+08:00 ] /gisproject/ | INFO: Run ParseTemplate Behavior [ RunTime:0.087222s ]
[ 2015-01-31T14:19:06+08:00 ] /gisproject/ | INFO: Tag[ view_parse ] --END-- [ RunTime:0.087373s ]
[ 2015-01-31T14:19:06+08:00 ] /gisproject/ | INFO: Tag[ view_filter ] --START--
[ 2015-01-31T14:19:06+08:00 ] /gisproject/ | INFO: Run ContentReplace Behavior [ RunTime:0.003067s ]
[ 2015-01-31T14:19:06+08:00 ] /gisproject/ | INFO: Run TokenBuild Behavior [ RunTime:0.003129s ]
[ 2015-01-31T14:19:06+08:00 ] /gisproject/ | INFO: Run WriteHtmlCache Behavior [ RunTime:0.002731s ]
[ 2015-01-31T14:19:06+08:00 ] /gisproject/ | INFO: Run ShowRuntime Behavior [ RunTime:0.003202s ]
[ 2015-01-31T14:19:06+08:00 ] /gisproject/ | INFO: Tag[ view_filter ] --END-- [ RunTime:0.012565s ]
[ 2015-01-31T14:19:06+08:00 ] /gisproject/ | INFO: Tag[ view_end ] --START--
[ 2015-01-31T14:19:06+08:00 ] /gisproject/ | INFO: Run ShowPageTrace Behavior [ RunTime:0.003681s ]
[ 2015-01-31T14:19:06+08:00 ] /gisproject/ | INFO: Tag[ view_end ] --END-- [ RunTime:0.003821s ]
[ 2015-01-31T14:24:59+08:00 ] /gisproject/ | INFO: Tag[ app_begin ] --START--
[ 2015-01-31T14:24:59+08:00 ] /gisproject/ | INFO: Run ReadHtmlCache Behavior [ RunTime:0.004065s ]
[ 2015-01-31T14:24:59+08:00 ] /gisproject/ | INFO: Tag[ app_begin ] --END-- [ RunTime:0.004317s ]
[ 2015-01-31T14:24:59+08:00 ] /gisproject/ | INFO: Tag[ view_template ] --START--
[ 2015-01-31T14:24:59+08:00 ] /gisproject/ | INFO: Run LocationTemplate Behavior [ RunTime:0.005925s ]
[ 2015-01-31T14:24:59+08:00 ] /gisproject/ | INFO: Tag[ view_template ] --END-- [ RunTime:0.006247s ]
[ 2015-01-31T14:24:59+08:00 ] /gisproject/ | INFO: Tag[ view_parse ] --START--
[ 2015-01-31T14:24:59+08:00 ] /gisproject/ | NOTIC: [8] Undefined index:  username d046431aa157c89f3a1c30c426be003b.php 第 20 行.
[ 2015-01-31T14:24:59+08:00 ] /gisproject/ | INFO: Run ParseTemplate Behavior [ RunTime:0.041921s ]
[ 2015-01-31T14:24:59+08:00 ] /gisproject/ | INFO: Tag[ view_parse ] --END-- [ RunTime:0.042096s ]
[ 2015-01-31T14:24:59+08:00 ] /gisproject/ | INFO: Tag[ view_filter ] --START--
[ 2015-01-31T14:24:59+08:00 ] /gisproject/ | INFO: Run ContentReplace Behavior [ RunTime:0.004500s ]
[ 2015-01-31T14:24:59+08:00 ] /gisproject/ | INFO: Run TokenBuild Behavior [ RunTime:0.004581s ]
[ 2015-01-31T14:24:59+08:00 ] /gisproject/ | INFO: Run WriteHtmlCache Behavior [ RunTime:0.004243s ]
[ 2015-01-31T14:24:59+08:00 ] /gisproject/ | INFO: Run ShowRuntime Behavior [ RunTime:0.003106s ]
[ 2015-01-31T14:24:59+08:00 ] /gisproject/ | INFO: Tag[ view_filter ] --END-- [ RunTime:0.016956s ]
[ 2015-01-31T14:24:59+08:00 ] /gisproject/ | INFO: Tag[ view_end ] --START--
[ 2015-01-31T14:24:59+08:00 ] /gisproject/ | INFO: Run ShowPageTrace Behavior [ RunTime:0.003096s ]
[ 2015-01-31T14:24:59+08:00 ] /gisproject/ | INFO: Tag[ view_end ] --END-- [ RunTime:0.003240s ]
[ 2015-01-31T14:30:37+08:00 ] /gisproject/ | INFO: Tag[ app_begin ] --START--
[ 2015-01-31T14:30:37+08:00 ] /gisproject/ | INFO: Run ReadHtmlCache Behavior [ RunTime:0.004007s ]
[ 2015-01-31T14:30:37+08:00 ] /gisproject/ | INFO: Tag[ app_begin ] --END-- [ RunTime:0.004254s ]
[ 2015-01-31T14:30:37+08:00 ] /gisproject/ | INFO: Tag[ view_template ] --START--
[ 2015-01-31T14:30:37+08:00 ] /gisproject/ | INFO: Run LocationTemplate Behavior [ RunTime:0.004287s ]
[ 2015-01-31T14:30:37+08:00 ] /gisproject/ | INFO: Tag[ view_template ] --END-- [ RunTime:0.004429s ]
[ 2015-01-31T14:30:37+08:00 ] /gisproject/ | INFO: Tag[ view_parse ] --START--
[ 2015-01-31T14:30:37+08:00 ] /gisproject/ | NOTIC: [8] Undefined index:  username d046431aa157c89f3a1c30c426be003b.php 第 20 行.
[ 2015-01-31T14:30:37+08:00 ] /gisproject/ | INFO: Run ParseTemplate Behavior [ RunTime:0.052286s ]
[ 2015-01-31T14:30:37+08:00 ] /gisproject/ | INFO: Tag[ view_parse ] --END-- [ RunTime:0.052418s ]
[ 2015-01-31T14:30:37+08:00 ] /gisproject/ | INFO: Tag[ view_filter ] --START--
[ 2015-01-31T14:30:37+08:00 ] /gisproject/ | INFO: Run ContentReplace Behavior [ RunTime:0.002678s ]
[ 2015-01-31T14:30:37+08:00 ] /gisproject/ | INFO: Run TokenBuild Behavior [ RunTime:0.003147s ]
[ 2015-01-31T14:30:37+08:00 ] /gisproject/ | INFO: Run WriteHtmlCache Behavior [ RunTime:0.002405s ]
[ 2015-01-31T14:30:37+08:00 ] /gisproject/ | INFO: Run ShowRuntime Behavior [ RunTime:0.003149s ]
[ 2015-01-31T14:30:37+08:00 ] /gisproject/ | INFO: Tag[ view_filter ] --END-- [ RunTime:0.011735s ]
[ 2015-01-31T14:30:37+08:00 ] /gisproject/ | INFO: Tag[ view_end ] --START--
[ 2015-01-31T14:30:37+08:00 ] /gisproject/ | INFO: Run ShowPageTrace Behavior [ RunTime:0.003030s ]
[ 2015-01-31T14:30:37+08:00 ] /gisproject/ | INFO: Tag[ view_end ] --END-- [ RunTime:0.003156s ]
[ 2015-01-31T14:30:56+08:00 ] /gisproject/ | INFO: Tag[ app_begin ] --START--
[ 2015-01-31T14:30:56+08:00 ] /gisproject/ | INFO: Run ReadHtmlCache Behavior [ RunTime:0.003673s ]
[ 2015-01-31T14:30:56+08:00 ] /gisproject/ | INFO: Tag[ app_begin ] --END-- [ RunTime:0.003904s ]
[ 2015-01-31T14:30:56+08:00 ] /gisproject/ | INFO: Tag[ view_template ] --START--
[ 2015-01-31T14:30:56+08:00 ] /gisproject/ | INFO: Run LocationTemplate Behavior [ RunTime:0.005410s ]
[ 2015-01-31T14:30:56+08:00 ] /gisproject/ | INFO: Tag[ view_template ] --END-- [ RunTime:0.005583s ]
[ 2015-01-31T14:30:56+08:00 ] /gisproject/ | INFO: Tag[ view_parse ] --START--
[ 2015-01-31T14:30:56+08:00 ] /gisproject/ | NOTIC: [8] Undefined index:  username d046431aa157c89f3a1c30c426be003b.php 第 20 行.
[ 2015-01-31T14:30:56+08:00 ] /gisproject/ | INFO: Run ParseTemplate Behavior [ RunTime:0.039522s ]
[ 2015-01-31T14:30:56+08:00 ] /gisproject/ | INFO: Tag[ view_parse ] --END-- [ RunTime:0.039659s ]
[ 2015-01-31T14:30:56+08:00 ] /gisproject/ | INFO: Tag[ view_filter ] --START--
[ 2015-01-31T14:30:56+08:00 ] /gisproject/ | INFO: Run ContentReplace Behavior [ RunTime:0.002700s ]
[ 2015-01-31T14:30:56+08:00 ] /gisproject/ | INFO: Run TokenBuild Behavior [ RunTime:0.003104s ]
[ 2015-01-31T14:30:56+08:00 ] /gisproject/ | INFO: Run WriteHtmlCache Behavior [ RunTime:0.002331s ]
[ 2015-01-31T14:30:56+08:00 ] /gisproject/ | INFO: Run ShowRuntime Behavior [ RunTime:0.002843s ]
[ 2015-01-31T14:30:56+08:00 ] /gisproject/ | INFO: Tag[ view_filter ] --END-- [ RunTime:0.011330s ]
[ 2015-01-31T14:30:56+08:00 ] /gisproject/ | INFO: Tag[ view_end ] --START--
[ 2015-01-31T14:30:56+08:00 ] /gisproject/ | INFO: Run ShowPageTrace Behavior [ RunTime:0.002883s ]
[ 2015-01-31T14:30:56+08:00 ] /gisproject/ | INFO: Tag[ view_end ] --END-- [ RunTime:0.003003s ]
[ 2015-01-31T14:31:12+08:00 ] /gisproject/ | INFO: Tag[ app_begin ] --START--
[ 2015-01-31T14:31:12+08:00 ] /gisproject/ | INFO: Run ReadHtmlCache Behavior [ RunTime:0.003714s ]
[ 2015-01-31T14:31:12+08:00 ] /gisproject/ | INFO: Tag[ app_begin ] --END-- [ RunTime:0.003959s ]
[ 2015-01-31T14:31:12+08:00 ] /gisproject/ | INFO: Tag[ view_template ] --START--
[ 2015-01-31T14:31:12+08:00 ] /gisproject/ | INFO: Run LocationTemplate Behavior [ RunTime:0.005014s ]
[ 2015-01-31T14:31:12+08:00 ] /gisproject/ | INFO: Tag[ view_template ] --END-- [ RunTime:0.005392s ]
[ 2015-01-31T14:31:12+08:00 ] /gisproject/ | INFO: Tag[ view_parse ] --START--
[ 2015-01-31T14:31:12+08:00 ] /gisproject/ | NOTIC: [8] Undefined index:  username d046431aa157c89f3a1c30c426be003b.php 第 20 行.
[ 2015-01-31T14:31:12+08:00 ] /gisproject/ | INFO: Run ParseTemplate Behavior [ RunTime:0.038248s ]
[ 2015-01-31T14:31:12+08:00 ] /gisproject/ | INFO: Tag[ view_parse ] --END-- [ RunTime:0.038386s ]
[ 2015-01-31T14:31:12+08:00 ] /gisproject/ | INFO: Tag[ view_filter ] --START--
[ 2015-01-31T14:31:12+08:00 ] /gisproject/ | INFO: Run ContentReplace Behavior [ RunTime:0.003010s ]
[ 2015-01-31T14:31:12+08:00 ] /gisproject/ | INFO: Run TokenBuild Behavior [ RunTime:0.002824s ]
[ 2015-01-31T14:31:12+08:00 ] /gisproject/ | INFO: Run WriteHtmlCache Behavior [ RunTime:0.002846s ]
[ 2015-01-31T14:31:12+08:00 ] /gisproject/ | INFO: Run ShowRuntime Behavior [ RunTime:0.002856s ]
[ 2015-01-31T14:31:12+08:00 ] /gisproject/ | INFO: Tag[ view_filter ] --END-- [ RunTime:0.011926s ]
[ 2015-01-31T14:31:12+08:00 ] /gisproject/ | INFO: Tag[ view_end ] --START--
[ 2015-01-31T14:31:12+08:00 ] /gisproject/ | INFO: Run ShowPageTrace Behavior [ RunTime:0.002878s ]
[ 2015-01-31T14:31:12+08:00 ] /gisproject/ | INFO: Tag[ view_end ] --END-- [ RunTime:0.003009s ]
[ 2015-01-31T14:32:40+08:00 ] /gisproject/ | INFO: Tag[ app_begin ] --START--
[ 2015-01-31T14:32:40+08:00 ] /gisproject/ | INFO: Run ReadHtmlCache Behavior [ RunTime:0.006710s ]
[ 2015-01-31T14:32:40+08:00 ] /gisproject/ | INFO: Tag[ app_begin ] --END-- [ RunTime:0.007021s ]
[ 2015-01-31T14:32:40+08:00 ] /gisproject/ | INFO: Tag[ view_template ] --START--
[ 2015-01-31T14:32:40+08:00 ] /gisproject/ | INFO: Run LocationTemplate Behavior [ RunTime:0.004892s ]
[ 2015-01-31T14:32:40+08:00 ] /gisproject/ | INFO: Tag[ view_template ] --END-- [ RunTime:0.005062s ]
[ 2015-01-31T14:32:40+08:00 ] /gisproject/ | INFO: Tag[ view_parse ] --START--
[ 2015-01-31T14:32:40+08:00 ] /gisproject/ | NOTIC: [8] Undefined index:  username d046431aa157c89f3a1c30c426be003b.php 第 20 行.
[ 2015-01-31T14:32:40+08:00 ] /gisproject/ | INFO: Run ParseTemplate Behavior [ RunTime:0.040589s ]
[ 2015-01-31T14:32:40+08:00 ] /gisproject/ | INFO: Tag[ view_parse ] --END-- [ RunTime:0.040776s ]
[ 2015-01-31T14:32:40+08:00 ] /gisproject/ | INFO: Tag[ view_filter ] --START--
[ 2015-01-31T14:32:40+08:00 ] /gisproject/ | INFO: Run ContentReplace Behavior [ RunTime:0.003840s ]
[ 2015-01-31T14:32:40+08:00 ] /gisproject/ | INFO: Run TokenBuild Behavior [ RunTime:0.003561s ]
[ 2015-01-31T14:32:40+08:00 ] /gisproject/ | INFO: Run WriteHtmlCache Behavior [ RunTime:0.002698s ]
[ 2015-01-31T14:32:40+08:00 ] /gisproject/ | INFO: Run ShowRuntime Behavior [ RunTime:0.004575s ]
[ 2015-01-31T14:32:40+08:00 ] /gisproject/ | INFO: Tag[ view_filter ] --END-- [ RunTime:0.015697s ]
[ 2015-01-31T14:32:40+08:00 ] /gisproject/ | INFO: Tag[ view_end ] --START--
[ 2015-01-31T14:32:40+08:00 ] /gisproject/ | INFO: Run ShowPageTrace Behavior [ RunTime:0.003739s ]
[ 2015-01-31T14:32:40+08:00 ] /gisproject/ | INFO: Tag[ view_end ] --END-- [ RunTime:0.003981s ]
[ 2015-01-31T14:32:51+08:00 ] /gisproject/ | INFO: Tag[ app_begin ] --START--
[ 2015-01-31T14:32:51+08:00 ] /gisproject/ | INFO: Run ReadHtmlCache Behavior [ RunTime:0.001792s ]
[ 2015-01-31T14:32:51+08:00 ] /gisproject/ | INFO: Tag[ app_begin ] --END-- [ RunTime:0.002060s ]
[ 2015-01-31T14:32:51+08:00 ] /gisproject/ | INFO: Tag[ view_template ] --START--
[ 2015-01-31T14:32:51+08:00 ] /gisproject/ | INFO: Run LocationTemplate Behavior [ RunTime:0.001246s ]
[ 2015-01-31T14:32:51+08:00 ] /gisproject/ | INFO: Tag[ view_template ] --END-- [ RunTime:0.001418s ]
[ 2015-01-31T14:32:51+08:00 ] /gisproject/ | INFO: Tag[ view_parse ] --START--
[ 2015-01-31T14:32:51+08:00 ] /gisproject/ | NOTIC: [8] Undefined index:  username d046431aa157c89f3a1c30c426be003b.php 第 20 行.
[ 2015-01-31T14:32:51+08:00 ] /gisproject/ | INFO: Run ParseTemplate Behavior [ RunTime:0.027151s ]
[ 2015-01-31T14:32:51+08:00 ] /gisproject/ | INFO: Tag[ view_parse ] --END-- [ RunTime:0.027302s ]
[ 2015-01-31T14:32:51+08:00 ] /gisproject/ | INFO: Tag[ view_filter ] --START--
[ 2015-01-31T14:32:51+08:00 ] /gisproject/ | INFO: Run ContentReplace Behavior [ RunTime:0.001575s ]
[ 2015-01-31T14:32:51+08:00 ] /gisproject/ | INFO: Run TokenBuild Behavior [ RunTime:0.001225s ]
[ 2015-01-31T14:32:51+08:00 ] /gisproject/ | INFO: Run WriteHtmlCache Behavior [ RunTime:0.000760s ]
[ 2015-01-31T14:32:51+08:00 ] /gisproject/ | INFO: Run ShowRuntime Behavior [ RunTime:0.001357s ]
[ 2015-01-31T14:32:51+08:00 ] /gisproject/ | INFO: Tag[ view_filter ] --END-- [ RunTime:0.005297s ]
[ 2015-01-31T14:32:51+08:00 ] /gisproject/ | INFO: Tag[ view_end ] --START--
[ 2015-01-31T14:32:51+08:00 ] /gisproject/ | INFO: Run ShowPageTrace Behavior [ RunTime:0.001408s ]
[ 2015-01-31T14:32:51+08:00 ] /gisproject/ | INFO: Tag[ view_end ] --END-- [ RunTime:0.001566s ]
[ 2015-01-31T14:33:25+08:00 ] /gisproject/ | INFO: Tag[ app_begin ] --START--
[ 2015-01-31T14:33:25+08:00 ] /gisproject/ | INFO: Run ReadHtmlCache Behavior [ RunTime:0.003501s ]
[ 2015-01-31T14:33:25+08:00 ] /gisproject/ | INFO: Tag[ app_begin ] --END-- [ RunTime:0.003728s ]
[ 2015-01-31T14:33:25+08:00 ] /gisproject/ | INFO: Tag[ view_template ] --START--
[ 2015-01-31T14:33:25+08:00 ] /gisproject/ | INFO: Run LocationTemplate Behavior [ RunTime:0.004858s ]
[ 2015-01-31T14:33:25+08:00 ] /gisproject/ | INFO: Tag[ view_template ] --END-- [ RunTime:0.005033s ]
[ 2015-01-31T14:33:25+08:00 ] /gisproject/ | INFO: Tag[ view_parse ] --START--
[ 2015-01-31T14:33:25+08:00 ] /gisproject/ | NOTIC: [8] Undefined index:  username d046431aa157c89f3a1c30c426be003b.php 第 20 行.
[ 2015-01-31T14:33:25+08:00 ] /gisproject/ | INFO: Run ParseTemplate Behavior [ RunTime:0.038905s ]
[ 2015-01-31T14:33:25+08:00 ] /gisproject/ | INFO: Tag[ view_parse ] --END-- [ RunTime:0.039059s ]
[ 2015-01-31T14:33:25+08:00 ] /gisproject/ | INFO: Tag[ view_filter ] --START--
[ 2015-01-31T14:33:25+08:00 ] /gisproject/ | INFO: Run ContentReplace Behavior [ RunTime:0.003087s ]
[ 2015-01-31T14:33:25+08:00 ] /gisproject/ | INFO: Run TokenBuild Behavior [ RunTime:0.003224s ]
[ 2015-01-31T14:33:25+08:00 ] /gisproject/ | INFO: Run WriteHtmlCache Behavior [ RunTime:0.002745s ]
[ 2015-01-31T14:33:25+08:00 ] /gisproject/ | INFO: Run ShowRuntime Behavior [ RunTime:0.003273s ]
[ 2015-01-31T14:33:25+08:00 ] /gisproject/ | INFO: Tag[ view_filter ] --END-- [ RunTime:0.012736s ]
[ 2015-01-31T14:33:25+08:00 ] /gisproject/ | INFO: Tag[ view_end ] --START--
[ 2015-01-31T14:33:25+08:00 ] /gisproject/ | INFO: Run ShowPageTrace Behavior [ RunTime:0.003339s ]
[ 2015-01-31T14:33:25+08:00 ] /gisproject/ | INFO: Tag[ view_end ] --END-- [ RunTime:0.003487s ]
[ 2015-01-31T14:33:41+08:00 ] /gisproject/ | INFO: Tag[ app_begin ] --START--
[ 2015-01-31T14:33:41+08:00 ] /gisproject/ | INFO: Run ReadHtmlCache Behavior [ RunTime:0.007796s ]
[ 2015-01-31T14:33:41+08:00 ] /gisproject/ | INFO: Tag[ app_begin ] --END-- [ RunTime:0.008049s ]
[ 2015-01-31T14:33:41+08:00 ] /gisproject/ | INFO: Tag[ view_template ] --START--
[ 2015-01-31T14:33:41+08:00 ] /gisproject/ | INFO: Run LocationTemplate Behavior [ RunTime:0.005472s ]
[ 2015-01-31T14:33:41+08:00 ] /gisproject/ | INFO: Tag[ view_template ] --END-- [ RunTime:0.005670s ]
[ 2015-01-31T14:33:41+08:00 ] /gisproject/ | INFO: Tag[ view_parse ] --START--
[ 2015-01-31T14:33:42+08:00 ] /gisproject/ | NOTIC: [8] Undefined index:  username d046431aa157c89f3a1c30c426be003b.php 第 20 行.
[ 2015-01-31T14:33:42+08:00 ] /gisproject/ | INFO: Run ParseTemplate Behavior [ RunTime:0.039091s ]
[ 2015-01-31T14:33:42+08:00 ] /gisproject/ | INFO: Tag[ view_parse ] --END-- [ RunTime:0.039497s ]
[ 2015-01-31T14:33:42+08:00 ] /gisproject/ | INFO: Tag[ view_filter ] --START--
[ 2015-01-31T14:33:42+08:00 ] /gisproject/ | INFO: Run ContentReplace Behavior [ RunTime:0.002975s ]
[ 2015-01-31T14:33:42+08:00 ] /gisproject/ | INFO: Run TokenBuild Behavior [ RunTime:0.002742s ]
[ 2015-01-31T14:33:42+08:00 ] /gisproject/ | INFO: Run WriteHtmlCache Behavior [ RunTime:0.002299s ]
[ 2015-01-31T14:33:42+08:00 ] /gisproject/ | INFO: Run ShowRuntime Behavior [ RunTime:0.002832s ]
[ 2015-01-31T14:33:42+08:00 ] /gisproject/ | INFO: Tag[ view_filter ] --END-- [ RunTime:0.011214s ]
[ 2015-01-31T14:33:42+08:00 ] /gisproject/ | INFO: Tag[ view_end ] --START--
[ 2015-01-31T14:33:42+08:00 ] /gisproject/ | INFO: Run ShowPageTrace Behavior [ RunTime:0.003094s ]
[ 2015-01-31T14:33:42+08:00 ] /gisproject/ | INFO: Tag[ view_end ] --END-- [ RunTime:0.003218s ]
[ 2015-01-31T14:34:04+08:00 ] /gisproject/ | INFO: Tag[ app_begin ] --START--
[ 2015-01-31T14:34:04+08:00 ] /gisproject/ | INFO: Run ReadHtmlCache Behavior [ RunTime:0.003513s ]
[ 2015-01-31T14:34:04+08:00 ] /gisproject/ | INFO: Tag[ app_begin ] --END-- [ RunTime:0.003737s ]
[ 2015-01-31T14:34:04+08:00 ] /gisproject/ | INFO: Tag[ view_template ] --START--
[ 2015-01-31T14:34:04+08:00 ] /gisproject/ | INFO: Run LocationTemplate Behavior [ RunTime:0.004490s ]
[ 2015-01-31T14:34:04+08:00 ] /gisproject/ | INFO: Tag[ view_template ] --END-- [ RunTime:0.004694s ]
[ 2015-01-31T14:34:04+08:00 ] /gisproject/ | INFO: Tag[ view_parse ] --START--
[ 2015-01-31T14:34:04+08:00 ] /gisproject/ | NOTIC: [8] Undefined index:  username d046431aa157c89f3a1c30c426be003b.php 第 20 行.
[ 2015-01-31T14:34:04+08:00 ] /gisproject/ | INFO: Run ParseTemplate Behavior [ RunTime:0.086864s ]
[ 2015-01-31T14:34:04+08:00 ] /gisproject/ | INFO: Tag[ view_parse ] --END-- [ RunTime:0.087001s ]
[ 2015-01-31T14:34:04+08:00 ] /gisproject/ | INFO: Tag[ view_filter ] --START--
[ 2015-01-31T14:34:04+08:00 ] /gisproject/ | INFO: Run ContentReplace Behavior [ RunTime:0.005767s ]
[ 2015-01-31T14:34:04+08:00 ] /gisproject/ | INFO: Run TokenBuild Behavior [ RunTime:0.006061s ]
[ 2015-01-31T14:34:04+08:00 ] /gisproject/ | INFO: Run WriteHtmlCache Behavior [ RunTime:0.004039s ]
[ 2015-01-31T14:34:04+08:00 ] /gisproject/ | INFO: Run ShowRuntime Behavior [ RunTime:0.004883s ]
[ 2015-01-31T14:34:04+08:00 ] /gisproject/ | INFO: Tag[ view_filter ] --END-- [ RunTime:0.021333s ]
[ 2015-01-31T14:34:04+08:00 ] /gisproject/ | INFO: Tag[ view_end ] --START--
[ 2015-01-31T14:34:04+08:00 ] /gisproject/ | INFO: Run ShowPageTrace Behavior [ RunTime:0.005231s ]
[ 2015-01-31T14:34:04+08:00 ] /gisproject/ | INFO: Tag[ view_end ] --END-- [ RunTime:0.005440s ]
[ 2015-01-31T14:34:24+08:00 ] /gisproject/ | INFO: Tag[ app_begin ] --START--
[ 2015-01-31T14:34:24+08:00 ] /gisproject/ | INFO: Run ReadHtmlCache Behavior [ RunTime:0.001769s ]
[ 2015-01-31T14:34:24+08:00 ] /gisproject/ | INFO: Tag[ app_begin ] --END-- [ RunTime:0.002007s ]
[ 2015-01-31T14:34:24+08:00 ] /gisproject/ | INFO: Tag[ view_template ] --START--
[ 2015-01-31T14:34:24+08:00 ] /gisproject/ | INFO: Run LocationTemplate Behavior [ RunTime:0.001202s ]
[ 2015-01-31T14:34:24+08:00 ] /gisproject/ | INFO: Tag[ view_template ] --END-- [ RunTime:0.001355s ]
[ 2015-01-31T14:34:24+08:00 ] /gisproject/ | INFO: Tag[ view_parse ] --START--
[ 2015-01-31T14:34:24+08:00 ] /gisproject/ | NOTIC: [8] Undefined index:  username d046431aa157c89f3a1c30c426be003b.php 第 20 行.
[ 2015-01-31T14:34:24+08:00 ] /gisproject/ | INFO: Run ParseTemplate Behavior [ RunTime:0.024891s ]
[ 2015-01-31T14:34:24+08:00 ] /gisproject/ | INFO: Tag[ view_parse ] --END-- [ RunTime:0.025036s ]
[ 2015-01-31T14:34:24+08:00 ] /gisproject/ | INFO: Tag[ view_filter ] --START--
[ 2015-01-31T14:34:24+08:00 ] /gisproject/ | INFO: Run ContentReplace Behavior [ RunTime:0.001098s ]
[ 2015-01-31T14:34:24+08:00 ] /gisproject/ | INFO: Run TokenBuild Behavior [ RunTime:0.001195s ]
[ 2015-01-31T14:34:24+08:00 ] /gisproject/ | INFO: Run WriteHtmlCache Behavior [ RunTime:0.000754s ]
[ 2015-01-31T14:34:24+08:00 ] /gisproject/ | INFO: Run ShowRuntime Behavior [ RunTime:0.001348s ]
[ 2015-01-31T14:34:24+08:00 ] /gisproject/ | INFO: Tag[ view_filter ] --END-- [ RunTime:0.004767s ]
[ 2015-01-31T14:34:24+08:00 ] /gisproject/ | INFO: Tag[ view_end ] --START--
[ 2015-01-31T14:34:24+08:00 ] /gisproject/ | INFO: Run ShowPageTrace Behavior [ RunTime:0.001823s ]
[ 2015-01-31T14:34:24+08:00 ] /gisproject/ | INFO: Tag[ view_end ] --END-- [ RunTime:0.001959s ]
[ 2015-01-31T14:34:27+08:00 ] /gisproject/ | INFO: Tag[ app_begin ] --START--
[ 2015-01-31T14:34:27+08:00 ] /gisproject/ | INFO: Run ReadHtmlCache Behavior [ RunTime:0.001581s ]
[ 2015-01-31T14:34:27+08:00 ] /gisproject/ | INFO: Tag[ app_begin ] --END-- [ RunTime:0.001805s ]
[ 2015-01-31T14:34:27+08:00 ] /gisproject/ | INFO: Tag[ view_template ] --START--
[ 2015-01-31T14:34:27+08:00 ] /gisproject/ | INFO: Run LocationTemplate Behavior [ RunTime:0.001043s ]
[ 2015-01-31T14:34:27+08:00 ] /gisproject/ | INFO: Tag[ view_template ] --END-- [ RunTime:0.001192s ]
[ 2015-01-31T14:34:27+08:00 ] /gisproject/ | INFO: Tag[ view_parse ] --START--
[ 2015-01-31T14:34:27+08:00 ] /gisproject/ | NOTIC: [8] Undefined index:  username d046431aa157c89f3a1c30c426be003b.php 第 20 行.
[ 2015-01-31T14:34:27+08:00 ] /gisproject/ | INFO: Run ParseTemplate Behavior [ RunTime:0.024611s ]
[ 2015-01-31T14:34:27+08:00 ] /gisproject/ | INFO: Tag[ view_parse ] --END-- [ RunTime:0.024742s ]
[ 2015-01-31T14:34:27+08:00 ] /gisproject/ | INFO: Tag[ view_filter ] --START--
[ 2015-01-31T14:34:27+08:00 ] /gisproject/ | INFO: Run ContentReplace Behavior [ RunTime:0.000998s ]
[ 2015-01-31T14:34:27+08:00 ] /gisproject/ | INFO: Run TokenBuild Behavior [ RunTime:0.001075s ]
[ 2015-01-31T14:34:27+08:00 ] /gisproject/ | INFO: Run WriteHtmlCache Behavior [ RunTime:0.000668s ]
[ 2015-01-31T14:34:27+08:00 ] /gisproject/ | INFO: Run ShowRuntime Behavior [ RunTime:0.001221s ]
[ 2015-01-31T14:34:27+08:00 ] /gisproject/ | INFO: Tag[ view_filter ] --END-- [ RunTime:0.004326s ]
[ 2015-01-31T14:34:27+08:00 ] /gisproject/ | INFO: Tag[ view_end ] --START--
[ 2015-01-31T14:34:27+08:00 ] /gisproject/ | INFO: Run ShowPageTrace Behavior [ RunTime:0.001420s ]
[ 2015-01-31T14:34:27+08:00 ] /gisproject/ | INFO: Tag[ view_end ] --END-- [ RunTime:0.001566s ]
[ 2015-01-31T14:36:04+08:00 ] /gisproject/ | INFO: Tag[ app_begin ] --START--
[ 2015-01-31T14:36:04+08:00 ] /gisproject/ | INFO: Run ReadHtmlCache Behavior [ RunTime:0.005458s ]
[ 2015-01-31T14:36:04+08:00 ] /gisproject/ | INFO: Tag[ app_begin ] --END-- [ RunTime:0.005725s ]
[ 2015-01-31T14:36:04+08:00 ] /gisproject/ | INFO: Tag[ view_template ] --START--
[ 2015-01-31T14:36:04+08:00 ] /gisproject/ | INFO: Run LocationTemplate Behavior [ RunTime:0.006504s ]
[ 2015-01-31T14:36:04+08:00 ] /gisproject/ | INFO: Tag[ view_template ] --END-- [ RunTime:0.006698s ]
[ 2015-01-31T14:36:04+08:00 ] /gisproject/ | INFO: Tag[ view_parse ] --START--
[ 2015-01-31T14:36:04+08:00 ] /gisproject/ | NOTIC: [8] Undefined index:  username d046431aa157c89f3a1c30c426be003b.php 第 20 行.
[ 2015-01-31T14:36:04+08:00 ] /gisproject/ | INFO: Run ParseTemplate Behavior [ RunTime:0.037402s ]
[ 2015-01-31T14:36:04+08:00 ] /gisproject/ | INFO: Tag[ view_parse ] --END-- [ RunTime:0.037563s ]
[ 2015-01-31T14:36:04+08:00 ] /gisproject/ | INFO: Tag[ view_filter ] --START--
[ 2015-01-31T14:36:04+08:00 ] /gisproject/ | INFO: Run ContentReplace Behavior [ RunTime:0.003223s ]
[ 2015-01-31T14:36:04+08:00 ] /gisproject/ | INFO: Run TokenBuild Behavior [ RunTime:0.003291s ]
[ 2015-01-31T14:36:04+08:00 ] /gisproject/ | INFO: Run WriteHtmlCache Behavior [ RunTime:0.002767s ]
[ 2015-01-31T14:36:04+08:00 ] /gisproject/ | INFO: Run ShowRuntime Behavior [ RunTime:0.003418s ]
[ 2015-01-31T14:36:04+08:00 ] /gisproject/ | INFO: Tag[ view_filter ] --END-- [ RunTime:0.013151s ]
[ 2015-01-31T14:36:04+08:00 ] /gisproject/ | INFO: Tag[ view_end ] --START--
[ 2015-01-31T14:36:04+08:00 ] /gisproject/ | INFO: Run ShowPageTrace Behavior [ RunTime:0.003432s ]
[ 2015-01-31T14:36:04+08:00 ] /gisproject/ | INFO: Tag[ view_end ] --END-- [ RunTime:0.003577s ]
