[ 2015-02-22T08:01:32+08:00 ] /gisproject/ | INFO: Tag[ app_begin ] --START--
[ 2015-02-22T08:01:32+08:00 ] /gisproject/ | INFO: Run ReadHtmlCache Behavior [ RunTime:0.033862s ]
[ 2015-02-22T08:01:32+08:00 ] /gisproject/ | INFO: Tag[ app_begin ] --END-- [ RunTime:0.057065s ]
[ 2015-02-22T08:01:32+08:00 ] /gisproject/ | INFO: Tag[ view_template ] --START--
[ 2015-02-22T08:01:33+08:00 ] /gisproject/ | INFO: Run LocationTemplate Behavior [ RunTime:0.026392s ]
[ 2015-02-22T08:01:33+08:00 ] /gisproject/ | INFO: Tag[ view_template ] --END-- [ RunTime:0.026547s ]
[ 2015-02-22T08:01:33+08:00 ] /gisproject/ | INFO: Tag[ view_parse ] --START--
[ 2015-02-22T08:01:33+08:00 ] /gisproject/ | NOTIC: [8] Undefined index:  username d046431aa157c89f3a1c30c426be003b.php 第 21 行.
[ 2015-02-22T08:01:33+08:00 ] /gisproject/ | INFO: Run ParseTemplate Behavior [ RunTime:0.118591s ]
[ 2015-02-22T08:01:33+08:00 ] /gisproject/ | INFO: Tag[ view_parse ] --END-- [ RunTime:0.118726s ]
[ 2015-02-22T08:01:33+08:00 ] /gisproject/ | INFO: Tag[ view_filter ] --START--
[ 2015-02-22T08:01:33+08:00 ] /gisproject/ | INFO: Run ContentReplace Behavior [ RunTime:0.008848s ]
[ 2015-02-22T08:01:33+08:00 ] /gisproject/ | INFO: Run TokenBuild Behavior [ RunTime:0.005249s ]
[ 2015-02-22T08:01:33+08:00 ] /gisproject/ | INFO: Run WriteHtmlCache Behavior [ RunTime:0.003883s ]
[ 2015-02-22T08:01:33+08:00 ] /gisproject/ | INFO: Run ShowRuntime Behavior [ RunTime:0.005106s ]
[ 2015-02-22T08:01:33+08:00 ] /gisproject/ | INFO: Tag[ view_filter ] --END-- [ RunTime:0.023546s ]
[ 2015-02-22T08:01:33+08:00 ] /gisproject/ | INFO: Tag[ view_end ] --START--
[ 2015-02-22T08:01:33+08:00 ] /gisproject/ | INFO: Run ShowPageTrace Behavior [ RunTime:0.004134s ]
[ 2015-02-22T08:01:33+08:00 ] /gisproject/ | INFO: Tag[ view_end ] --END-- [ RunTime:0.004254s ]
[ 2015-02-22T08:05:53+08:00 ] /gisproject/index.php/Login/index | INFO: Tag[ route_check ] --START--
[ 2015-02-22T08:05:53+08:00 ] /gisproject/index.php/Login/index | INFO: Run CheckRoute Behavior [ RunTime:0.001951s ]
[ 2015-02-22T08:05:53+08:00 ] /gisproject/index.php/Login/index | INFO: Tag[ route_check ] --END-- [ RunTime:0.002168s ]
[ 2015-02-22T08:05:53+08:00 ] /gisproject/index.php/Login/index | INFO: Tag[ app_begin ] --START--
[ 2015-02-22T08:05:53+08:00 ] /gisproject/index.php/Login/index | INFO: Run ReadHtmlCache Behavior [ RunTime:0.001293s ]
[ 2015-02-22T08:05:53+08:00 ] /gisproject/index.php/Login/index | INFO: Tag[ app_begin ] --END-- [ RunTime:0.001406s ]
[ 2015-02-22T08:05:53+08:00 ] /gisproject/index.php/Login/index | INFO: Tag[ view_template ] --START--
[ 2015-02-22T08:05:53+08:00 ] /gisproject/index.php/Login/index | INFO: Run LocationTemplate Behavior [ RunTime:0.020008s ]
[ 2015-02-22T08:05:53+08:00 ] /gisproject/index.php/Login/index | INFO: Tag[ view_template ] --END-- [ RunTime:0.020163s ]
[ 2015-02-22T08:05:53+08:00 ] /gisproject/index.php/Login/index | INFO: Tag[ view_parse ] --START--
[ 2015-02-22T08:05:53+08:00 ] /gisproject/index.php/Login/index | INFO: Run ParseTemplate Behavior [ RunTime:0.063301s ]
[ 2015-02-22T08:05:53+08:00 ] /gisproject/index.php/Login/index | INFO: Tag[ view_parse ] --END-- [ RunTime:0.063458s ]
[ 2015-02-22T08:05:53+08:00 ] /gisproject/index.php/Login/index | INFO: Tag[ view_filter ] --START--
[ 2015-02-22T08:05:53+08:00 ] /gisproject/index.php/Login/index | INFO: Run ContentReplace Behavior [ RunTime:0.002526s ]
[ 2015-02-22T08:05:53+08:00 ] /gisproject/index.php/Login/index | INFO: Run TokenBuild Behavior [ RunTime:0.003049s ]
[ 2015-02-22T08:05:53+08:00 ] /gisproject/index.php/Login/index | INFO: Run WriteHtmlCache Behavior [ RunTime:0.002588s ]
[ 2015-02-22T08:05:53+08:00 ] /gisproject/index.php/Login/index | INFO: Run ShowRuntime Behavior [ RunTime:0.002718s ]
[ 2015-02-22T08:05:53+08:00 ] /gisproject/index.php/Login/index | INFO: Tag[ view_filter ] --END-- [ RunTime:0.011244s ]
[ 2015-02-22T08:05:53+08:00 ] /gisproject/index.php/Login/index | INFO: Tag[ view_end ] --START--
[ 2015-02-22T08:05:53+08:00 ] /gisproject/index.php/Login/index | INFO: Run ShowPageTrace Behavior [ RunTime:0.002738s ]
[ 2015-02-22T08:05:53+08:00 ] /gisproject/index.php/Login/index | INFO: Tag[ view_end ] --END-- [ RunTime:0.002849s ]
[ 2015-02-22T08:05:53+08:00 ] /gisproject/index.php/Common/verify/ | INFO: Tag[ route_check ] --START--
[ 2015-02-22T08:05:53+08:00 ] /gisproject/index.php/Common/verify/ | INFO: Run CheckRoute Behavior [ RunTime:0.003805s ]
[ 2015-02-22T08:05:53+08:00 ] /gisproject/index.php/Common/verify/ | INFO: Tag[ route_check ] --END-- [ RunTime:0.004104s ]
[ 2015-02-22T08:05:53+08:00 ] /gisproject/index.php/Common/verify/ | INFO: Tag[ app_begin ] --START--
[ 2015-02-22T08:05:53+08:00 ] /gisproject/index.php/Common/verify/ | INFO: Run ReadHtmlCache Behavior [ RunTime:0.001533s ]
[ 2015-02-22T08:05:53+08:00 ] /gisproject/index.php/Common/verify/ | INFO: Tag[ app_begin ] --END-- [ RunTime:0.001683s ]
[ 2015-02-22T08:06:10+08:00 ] /gisproject/index.php/Index/index/username/ | INFO: Tag[ route_check ] --START--
[ 2015-02-22T08:06:10+08:00 ] /gisproject/index.php/Index/index/username/ | INFO: Run CheckRoute Behavior [ RunTime:0.002342s ]
[ 2015-02-22T08:06:10+08:00 ] /gisproject/index.php/Index/index/username/ | INFO: Tag[ route_check ] --END-- [ RunTime:0.002573s ]
[ 2015-02-22T08:06:10+08:00 ] /gisproject/index.php/Index/index/username/ | INFO: Tag[ app_begin ] --START--
[ 2015-02-22T08:06:10+08:00 ] /gisproject/index.php/Index/index/username/ | INFO: Run ReadHtmlCache Behavior [ RunTime:0.001498s ]
[ 2015-02-22T08:06:10+08:00 ] /gisproject/index.php/Index/index/username/ | INFO: Tag[ app_begin ] --END-- [ RunTime:0.001618s ]
[ 2015-02-22T08:06:10+08:00 ] /gisproject/index.php/Index/index/username/ | INFO: Tag[ view_template ] --START--
[ 2015-02-22T08:06:10+08:00 ] /gisproject/index.php/Index/index/username/ | INFO: Run LocationTemplate Behavior [ RunTime:0.002686s ]
[ 2015-02-22T08:06:10+08:00 ] /gisproject/index.php/Index/index/username/ | INFO: Tag[ view_template ] --END-- [ RunTime:0.002823s ]
[ 2015-02-22T08:06:10+08:00 ] /gisproject/index.php/Index/index/username/ | INFO: Tag[ view_parse ] --START--
[ 2015-02-22T08:06:10+08:00 ] /gisproject/index.php/Index/index/username/ | INFO: Run ParseTemplate Behavior [ RunTime:0.024794s ]
[ 2015-02-22T08:06:10+08:00 ] /gisproject/index.php/Index/index/username/ | INFO: Tag[ view_parse ] --END-- [ RunTime:0.024948s ]
[ 2015-02-22T08:06:10+08:00 ] /gisproject/index.php/Index/index/username/ | INFO: Tag[ view_filter ] --START--
[ 2015-02-22T08:06:10+08:00 ] /gisproject/index.php/Index/index/username/ | INFO: Run ContentReplace Behavior [ RunTime:0.001152s ]
[ 2015-02-22T08:06:10+08:00 ] /gisproject/index.php/Index/index/username/ | INFO: Run TokenBuild Behavior [ RunTime:0.000990s ]
[ 2015-02-22T08:06:10+08:00 ] /gisproject/index.php/Index/index/username/ | INFO: Run WriteHtmlCache Behavior [ RunTime:0.000683s ]
[ 2015-02-22T08:06:10+08:00 ] /gisproject/index.php/Index/index/username/ | INFO: Run ShowRuntime Behavior [ RunTime:0.001182s ]
[ 2015-02-22T08:06:10+08:00 ] /gisproject/index.php/Index/index/username/ | INFO: Tag[ view_filter ] --END-- [ RunTime:0.004342s ]
[ 2015-02-22T08:06:10+08:00 ] /gisproject/index.php/Index/index/username/ | INFO: Tag[ view_end ] --START--
[ 2015-02-22T08:06:10+08:00 ] /gisproject/index.php/Index/index/username/ | INFO: Run ShowPageTrace Behavior [ RunTime:0.001285s ]
[ 2015-02-22T08:06:10+08:00 ] /gisproject/index.php/Index/index/username/ | INFO: Tag[ view_end ] --END-- [ RunTime:0.001403s ]
[ 2015-02-22T16:44:00+08:00 ] /gisproject/ | INFO: Tag[ app_begin ] --START--
[ 2015-02-22T16:44:00+08:00 ] /gisproject/ | INFO: Run ReadHtmlCache Behavior [ RunTime:0.025411s ]
[ 2015-02-22T16:44:00+08:00 ] /gisproject/ | INFO: Tag[ app_begin ] --END-- [ RunTime:0.042120s ]
[ 2015-02-22T16:44:00+08:00 ] /gisproject/ | INFO: Tag[ view_template ] --START--
[ 2015-02-22T16:44:00+08:00 ] /gisproject/ | INFO: Run LocationTemplate Behavior [ RunTime:0.026029s ]
[ 2015-02-22T16:44:00+08:00 ] /gisproject/ | INFO: Tag[ view_template ] --END-- [ RunTime:0.026231s ]
[ 2015-02-22T16:44:00+08:00 ] /gisproject/ | INFO: Tag[ view_parse ] --START--
[ 2015-02-22T16:44:00+08:00 ] /gisproject/ | NOTIC: [8] Undefined index:  username d046431aa157c89f3a1c30c426be003b.php 第 21 行.
[ 2015-02-22T16:44:00+08:00 ] /gisproject/ | INFO: Run ParseTemplate Behavior [ RunTime:0.146021s ]
[ 2015-02-22T16:44:00+08:00 ] /gisproject/ | INFO: Tag[ view_parse ] --END-- [ RunTime:0.146148s ]
[ 2015-02-22T16:44:00+08:00 ] /gisproject/ | INFO: Tag[ view_filter ] --START--
[ 2015-02-22T16:44:00+08:00 ] /gisproject/ | INFO: Run ContentReplace Behavior [ RunTime:0.014195s ]
[ 2015-02-22T16:44:00+08:00 ] /gisproject/ | INFO: Run TokenBuild Behavior [ RunTime:0.003448s ]
[ 2015-02-22T16:44:00+08:00 ] /gisproject/ | INFO: Run WriteHtmlCache Behavior [ RunTime:0.002860s ]
[ 2015-02-22T16:44:00+08:00 ] /gisproject/ | INFO: Run ShowRuntime Behavior [ RunTime:0.003436s ]
[ 2015-02-22T16:44:00+08:00 ] /gisproject/ | INFO: Tag[ view_filter ] --END-- [ RunTime:0.024208s ]
[ 2015-02-22T16:44:00+08:00 ] /gisproject/ | INFO: Tag[ view_end ] --START--
[ 2015-02-22T16:44:00+08:00 ] /gisproject/ | INFO: Run ShowPageTrace Behavior [ RunTime:0.003635s ]
[ 2015-02-22T16:44:00+08:00 ] /gisproject/ | INFO: Tag[ view_end ] --END-- [ RunTime:0.003731s ]
[ 2015-02-22T16:44:13+08:00 ] /gisproject/index.php/Login/index | INFO: Tag[ route_check ] --START--
[ 2015-02-22T16:44:13+08:00 ] /gisproject/index.php/Login/index | INFO: Run CheckRoute Behavior [ RunTime:0.002495s ]
[ 2015-02-22T16:44:13+08:00 ] /gisproject/index.php/Login/index | INFO: Tag[ route_check ] --END-- [ RunTime:0.002731s ]
[ 2015-02-22T16:44:13+08:00 ] /gisproject/index.php/Login/index | INFO: Tag[ app_begin ] --START--
[ 2015-02-22T16:44:13+08:00 ] /gisproject/index.php/Login/index | INFO: Run ReadHtmlCache Behavior [ RunTime:0.001621s ]
[ 2015-02-22T16:44:13+08:00 ] /gisproject/index.php/Login/index | INFO: Tag[ app_begin ] --END-- [ RunTime:0.001776s ]
[ 2015-02-22T16:44:13+08:00 ] /gisproject/index.php/Login/index | INFO: Tag[ view_template ] --START--
[ 2015-02-22T16:44:13+08:00 ] /gisproject/index.php/Login/index | INFO: Run LocationTemplate Behavior [ RunTime:0.019853s ]
[ 2015-02-22T16:44:13+08:00 ] /gisproject/index.php/Login/index | INFO: Tag[ view_template ] --END-- [ RunTime:0.020073s ]
[ 2015-02-22T16:44:13+08:00 ] /gisproject/index.php/Login/index | INFO: Tag[ view_parse ] --START--
[ 2015-02-22T16:44:13+08:00 ] /gisproject/index.php/Login/index | INFO: Run ParseTemplate Behavior [ RunTime:0.066038s ]
[ 2015-02-22T16:44:13+08:00 ] /gisproject/index.php/Login/index | INFO: Tag[ view_parse ] --END-- [ RunTime:0.066202s ]
[ 2015-02-22T16:44:13+08:00 ] /gisproject/index.php/Login/index | INFO: Tag[ view_filter ] --START--
[ 2015-02-22T16:44:13+08:00 ] /gisproject/index.php/Login/index | INFO: Run ContentReplace Behavior [ RunTime:0.002914s ]
[ 2015-02-22T16:44:13+08:00 ] /gisproject/index.php/Login/index | INFO: Run TokenBuild Behavior [ RunTime:0.003561s ]
[ 2015-02-22T16:44:13+08:00 ] /gisproject/index.php/Login/index | INFO: Run WriteHtmlCache Behavior [ RunTime:0.002724s ]
[ 2015-02-22T16:44:13+08:00 ] /gisproject/index.php/Login/index | INFO: Run ShowRuntime Behavior [ RunTime:0.003291s ]
[ 2015-02-22T16:44:13+08:00 ] /gisproject/index.php/Login/index | INFO: Tag[ view_filter ] --END-- [ RunTime:0.012877s ]
[ 2015-02-22T16:44:13+08:00 ] /gisproject/index.php/Login/index | INFO: Tag[ view_end ] --START--
[ 2015-02-22T16:44:13+08:00 ] /gisproject/index.php/Login/index | INFO: Run ShowPageTrace Behavior [ RunTime:0.003243s ]
[ 2015-02-22T16:44:13+08:00 ] /gisproject/index.php/Login/index | INFO: Tag[ view_end ] --END-- [ RunTime:0.003378s ]
[ 2015-02-22T16:44:13+08:00 ] /gisproject/index.php/Common/verify/ | INFO: Tag[ route_check ] --START--
[ 2015-02-22T16:44:13+08:00 ] /gisproject/index.php/Common/verify/ | INFO: Run CheckRoute Behavior [ RunTime:0.002332s ]
[ 2015-02-22T16:44:13+08:00 ] /gisproject/index.php/Common/verify/ | INFO: Tag[ route_check ] --END-- [ RunTime:0.002544s ]
[ 2015-02-22T16:44:13+08:00 ] /gisproject/index.php/Common/verify/ | INFO: Tag[ app_begin ] --START--
[ 2015-02-22T16:44:13+08:00 ] /gisproject/index.php/Common/verify/ | INFO: Run ReadHtmlCache Behavior [ RunTime:0.001516s ]
[ 2015-02-22T16:44:13+08:00 ] /gisproject/index.php/Common/verify/ | INFO: Tag[ app_begin ] --END-- [ RunTime:0.001637s ]
[ 2015-02-22T16:44:29+08:00 ] /gisproject/index.php/Index/index/username/ | INFO: Tag[ route_check ] --START--
[ 2015-02-22T16:44:29+08:00 ] /gisproject/index.php/Index/index/username/ | INFO: Run CheckRoute Behavior [ RunTime:0.002227s ]
[ 2015-02-22T16:44:29+08:00 ] /gisproject/index.php/Index/index/username/ | INFO: Tag[ route_check ] --END-- [ RunTime:0.002436s ]
[ 2015-02-22T16:44:29+08:00 ] /gisproject/index.php/Index/index/username/ | INFO: Tag[ app_begin ] --START--
[ 2015-02-22T16:44:29+08:00 ] /gisproject/index.php/Index/index/username/ | INFO: Run ReadHtmlCache Behavior [ RunTime:0.001406s ]
[ 2015-02-22T16:44:29+08:00 ] /gisproject/index.php/Index/index/username/ | INFO: Tag[ app_begin ] --END-- [ RunTime:0.001524s ]
[ 2015-02-22T16:44:29+08:00 ] /gisproject/index.php/Index/index/username/ | INFO: Tag[ view_template ] --START--
[ 2015-02-22T16:44:29+08:00 ] /gisproject/index.php/Index/index/username/ | INFO: Run LocationTemplate Behavior [ RunTime:0.001017s ]
[ 2015-02-22T16:44:29+08:00 ] /gisproject/index.php/Index/index/username/ | INFO: Tag[ view_template ] --END-- [ RunTime:0.001147s ]
[ 2015-02-22T16:44:29+08:00 ] /gisproject/index.php/Index/index/username/ | INFO: Tag[ view_parse ] --START--
[ 2015-02-22T16:44:29+08:00 ] /gisproject/index.php/Index/index/username/ | INFO: Run ParseTemplate Behavior [ RunTime:0.020666s ]
[ 2015-02-22T16:44:29+08:00 ] /gisproject/index.php/Index/index/username/ | INFO: Tag[ view_parse ] --END-- [ RunTime:0.020818s ]
[ 2015-02-22T16:44:29+08:00 ] /gisproject/index.php/Index/index/username/ | INFO: Tag[ view_filter ] --START--
[ 2015-02-22T16:44:29+08:00 ] /gisproject/index.php/Index/index/username/ | INFO: Run ContentReplace Behavior [ RunTime:0.000996s ]
[ 2015-02-22T16:44:29+08:00 ] /gisproject/index.php/Index/index/username/ | INFO: Run TokenBuild Behavior [ RunTime:0.001022s ]
[ 2015-02-22T16:44:29+08:00 ] /gisproject/index.php/Index/index/username/ | INFO: Run WriteHtmlCache Behavior [ RunTime:0.000735s ]
[ 2015-02-22T16:44:29+08:00 ] /gisproject/index.php/Index/index/username/ | INFO: Run ShowRuntime Behavior [ RunTime:0.001215s ]
[ 2015-02-22T16:44:29+08:00 ] /gisproject/index.php/Index/index/username/ | INFO: Tag[ view_filter ] --END-- [ RunTime:0.004298s ]
[ 2015-02-22T16:44:29+08:00 ] /gisproject/index.php/Index/index/username/ | INFO: Tag[ view_end ] --START--
[ 2015-02-22T16:44:29+08:00 ] /gisproject/index.php/Index/index/username/ | INFO: Run ShowPageTrace Behavior [ RunTime:0.001316s ]
[ 2015-02-22T16:44:29+08:00 ] /gisproject/index.php/Index/index/username/ | INFO: Tag[ view_end ] --END-- [ RunTime:0.001436s ]
[ 2015-02-22T16:55:18+08:00 ] /gisproject/index.php/Index/index/username/ | INFO: Tag[ route_check ] --START--
[ 2015-02-22T16:55:18+08:00 ] /gisproject/index.php/Index/index/username/ | INFO: Run CheckRoute Behavior [ RunTime:0.005146s ]
[ 2015-02-22T16:55:18+08:00 ] /gisproject/index.php/Index/index/username/ | INFO: Tag[ route_check ] --END-- [ RunTime:0.005400s ]
[ 2015-02-22T16:55:18+08:00 ] /gisproject/index.php/Index/index/username/ | INFO: Tag[ app_begin ] --START--
[ 2015-02-22T16:55:18+08:00 ] /gisproject/index.php/Index/index/username/ | INFO: Run ReadHtmlCache Behavior [ RunTime:0.003976s ]
[ 2015-02-22T16:55:18+08:00 ] /gisproject/index.php/Index/index/username/ | INFO: Tag[ app_begin ] --END-- [ RunTime:0.004117s ]
[ 2015-02-22T16:55:18+08:00 ] /gisproject/index.php/Index/index/username/ | INFO: Tag[ view_template ] --START--
[ 2015-02-22T16:55:18+08:00 ] /gisproject/index.php/Index/index/username/ | INFO: Run LocationTemplate Behavior [ RunTime:0.005038s ]
[ 2015-02-22T16:55:18+08:00 ] /gisproject/index.php/Index/index/username/ | INFO: Tag[ view_template ] --END-- [ RunTime:0.005442s ]
[ 2015-02-22T16:55:18+08:00 ] /gisproject/index.php/Index/index/username/ | INFO: Tag[ view_parse ] --START--
[ 2015-02-22T16:55:18+08:00 ] /gisproject/index.php/Index/index/username/ | INFO: Run ParseTemplate Behavior [ RunTime:0.062586s ]
[ 2015-02-22T16:55:18+08:00 ] /gisproject/index.php/Index/index/username/ | INFO: Tag[ view_parse ] --END-- [ RunTime:0.062751s ]
[ 2015-02-22T16:55:18+08:00 ] /gisproject/index.php/Index/index/username/ | INFO: Tag[ view_filter ] --START--
[ 2015-02-22T16:55:18+08:00 ] /gisproject/index.php/Index/index/username/ | INFO: Run ContentReplace Behavior [ RunTime:0.003434s ]
[ 2015-02-22T16:55:18+08:00 ] /gisproject/index.php/Index/index/username/ | INFO: Run TokenBuild Behavior [ RunTime:0.003037s ]
[ 2015-02-22T16:55:18+08:00 ] /gisproject/index.php/Index/index/username/ | INFO: Run WriteHtmlCache Behavior [ RunTime:0.003087s ]
[ 2015-02-22T16:55:18+08:00 ] /gisproject/index.php/Index/index/username/ | INFO: Run ShowRuntime Behavior [ RunTime:0.003001s ]
[ 2015-02-22T16:55:18+08:00 ] /gisproject/index.php/Index/index/username/ | INFO: Tag[ view_filter ] --END-- [ RunTime:0.012859s ]
[ 2015-02-22T16:55:18+08:00 ] /gisproject/index.php/Index/index/username/ | INFO: Tag[ view_end ] --START--
[ 2015-02-22T16:55:18+08:00 ] /gisproject/index.php/Index/index/username/ | INFO: Run ShowPageTrace Behavior [ RunTime:0.004237s ]
[ 2015-02-22T16:55:18+08:00 ] /gisproject/index.php/Index/index/username/ | INFO: Tag[ view_end ] --END-- [ RunTime:0.004339s ]
[ 2015-02-22T16:55:43+08:00 ] /gisproject/index.php/Index/index/username/ | INFO: Tag[ route_check ] --START--
[ 2015-02-22T16:55:43+08:00 ] /gisproject/index.php/Index/index/username/ | INFO: Run CheckRoute Behavior [ RunTime:0.004527s ]
[ 2015-02-22T16:55:43+08:00 ] /gisproject/index.php/Index/index/username/ | INFO: Tag[ route_check ] --END-- [ RunTime:0.004776s ]
[ 2015-02-22T16:55:43+08:00 ] /gisproject/index.php/Index/index/username/ | INFO: Tag[ app_begin ] --START--
[ 2015-02-22T16:55:43+08:00 ] /gisproject/index.php/Index/index/username/ | INFO: Run ReadHtmlCache Behavior [ RunTime:0.003690s ]
[ 2015-02-22T16:55:43+08:00 ] /gisproject/index.php/Index/index/username/ | INFO: Tag[ app_begin ] --END-- [ RunTime:0.003858s ]
[ 2015-02-22T16:55:43+08:00 ] /gisproject/index.php/Index/index/username/ | INFO: Tag[ view_template ] --START--
[ 2015-02-22T16:55:43+08:00 ] /gisproject/index.php/Index/index/username/ | INFO: Run LocationTemplate Behavior [ RunTime:0.004982s ]
[ 2015-02-22T16:55:43+08:00 ] /gisproject/index.php/Index/index/username/ | INFO: Tag[ view_template ] --END-- [ RunTime:0.005162s ]
[ 2015-02-22T16:55:43+08:00 ] /gisproject/index.php/Index/index/username/ | INFO: Tag[ view_parse ] --START--
[ 2015-02-22T16:55:43+08:00 ] /gisproject/index.php/Index/index/username/ | INFO: Run ParseTemplate Behavior [ RunTime:0.054113s ]
[ 2015-02-22T16:55:43+08:00 ] /gisproject/index.php/Index/index/username/ | INFO: Tag[ view_parse ] --END-- [ RunTime:0.054291s ]
[ 2015-02-22T16:55:43+08:00 ] /gisproject/index.php/Index/index/username/ | INFO: Tag[ view_filter ] --START--
[ 2015-02-22T16:55:43+08:00 ] /gisproject/index.php/Index/index/username/ | INFO: Run ContentReplace Behavior [ RunTime:0.003004s ]
[ 2015-02-22T16:55:43+08:00 ] /gisproject/index.php/Index/index/username/ | INFO: Run TokenBuild Behavior [ RunTime:0.004048s ]
[ 2015-02-22T16:55:43+08:00 ] /gisproject/index.php/Index/index/username/ | INFO: Run WriteHtmlCache Behavior [ RunTime:0.002855s ]
[ 2015-02-22T16:55:43+08:00 ] /gisproject/index.php/Index/index/username/ | INFO: Run ShowRuntime Behavior [ RunTime:0.003217s ]
[ 2015-02-22T16:55:43+08:00 ] /gisproject/index.php/Index/index/username/ | INFO: Tag[ view_filter ] --END-- [ RunTime:0.013532s ]
[ 2015-02-22T16:55:43+08:00 ] /gisproject/index.php/Index/index/username/ | INFO: Tag[ view_end ] --START--
[ 2015-02-22T16:55:43+08:00 ] /gisproject/index.php/Index/index/username/ | INFO: Run ShowPageTrace Behavior [ RunTime:0.003341s ]
[ 2015-02-22T16:55:43+08:00 ] /gisproject/index.php/Index/index/username/ | INFO: Tag[ view_end ] --END-- [ RunTime:0.003482s ]
[ 2015-02-22T17:27:26+08:00 ] /gisproject/index.php/Index/index/username/ | INFO: Tag[ route_check ] --START--
[ 2015-02-22T17:27:26+08:00 ] /gisproject/index.php/Index/index/username/ | INFO: Run CheckRoute Behavior [ RunTime:0.005228s ]
[ 2015-02-22T17:27:26+08:00 ] /gisproject/index.php/Index/index/username/ | INFO: Tag[ route_check ] --END-- [ RunTime:0.005419s ]
[ 2015-02-22T17:27:26+08:00 ] /gisproject/index.php/Index/index/username/ | INFO: Tag[ app_begin ] --START--
[ 2015-02-22T17:27:26+08:00 ] /gisproject/index.php/Index/index/username/ | INFO: Run ReadHtmlCache Behavior [ RunTime:0.018148s ]
[ 2015-02-22T17:27:26+08:00 ] /gisproject/index.php/Index/index/username/ | INFO: Tag[ app_begin ] --END-- [ RunTime:0.018235s ]
[ 2015-02-22T17:27:26+08:00 ] /gisproject/index.php/Index/index/username/ | INFO: Tag[ view_template ] --START--
[ 2015-02-22T17:27:26+08:00 ] /gisproject/index.php/Index/index/username/ | INFO: Run LocationTemplate Behavior [ RunTime:0.037952s ]
[ 2015-02-22T17:27:26+08:00 ] /gisproject/index.php/Index/index/username/ | INFO: Tag[ view_template ] --END-- [ RunTime:0.038071s ]
[ 2015-02-22T17:27:26+08:00 ] /gisproject/index.php/Index/index/username/ | INFO: Tag[ view_parse ] --START--
[ 2015-02-22T17:27:26+08:00 ] /gisproject/index.php/Index/index/username/ | INFO: Run ParseTemplate Behavior [ RunTime:0.125587s ]
[ 2015-02-22T17:27:26+08:00 ] /gisproject/index.php/Index/index/username/ | INFO: Tag[ view_parse ] --END-- [ RunTime:0.125694s ]
[ 2015-02-22T17:27:26+08:00 ] /gisproject/index.php/Index/index/username/ | INFO: Tag[ view_filter ] --START--
[ 2015-02-22T17:27:26+08:00 ] /gisproject/index.php/Index/index/username/ | INFO: Run ContentReplace Behavior [ RunTime:0.008866s ]
[ 2015-02-22T17:27:26+08:00 ] /gisproject/index.php/Index/index/username/ | INFO: Run TokenBuild Behavior [ RunTime:0.012675s ]
[ 2015-02-22T17:27:26+08:00 ] /gisproject/index.php/Index/index/username/ | INFO: Run WriteHtmlCache Behavior [ RunTime:0.018986s ]
[ 2015-02-22T17:27:26+08:00 ] /gisproject/index.php/Index/index/username/ | INFO: Run ShowRuntime Behavior [ RunTime:0.015789s ]
[ 2015-02-22T17:27:26+08:00 ] /gisproject/index.php/Index/index/username/ | INFO: Tag[ view_filter ] --END-- [ RunTime:0.056565s ]
[ 2015-02-22T17:27:26+08:00 ] /gisproject/index.php/Index/index/username/ | INFO: Tag[ view_end ] --START--
[ 2015-02-22T17:27:26+08:00 ] /gisproject/index.php/Index/index/username/ | INFO: Run ShowPageTrace Behavior [ RunTime:0.009563s ]
[ 2015-02-22T17:27:26+08:00 ] /gisproject/index.php/Index/index/username/ | INFO: Tag[ view_end ] --END-- [ RunTime:0.009631s ]
[ 2015-02-22T17:31:04+08:00 ] /gisproject/index.php/Index/index/username/ | INFO: Tag[ route_check ] --START--
[ 2015-02-22T17:31:04+08:00 ] /gisproject/index.php/Index/index/username/ | INFO: Run CheckRoute Behavior [ RunTime:0.004715s ]
[ 2015-02-22T17:31:04+08:00 ] /gisproject/index.php/Index/index/username/ | INFO: Tag[ route_check ] --END-- [ RunTime:0.004955s ]
[ 2015-02-22T17:31:04+08:00 ] /gisproject/index.php/Index/index/username/ | INFO: Tag[ app_begin ] --START--
[ 2015-02-22T17:31:04+08:00 ] /gisproject/index.php/Index/index/username/ | INFO: Run ReadHtmlCache Behavior [ RunTime:0.003717s ]
[ 2015-02-22T17:31:04+08:00 ] /gisproject/index.php/Index/index/username/ | INFO: Tag[ app_begin ] --END-- [ RunTime:0.003881s ]
[ 2015-02-22T17:31:04+08:00 ] /gisproject/index.php/Index/index/username/ | INFO: Tag[ view_template ] --START--
[ 2015-02-22T17:31:04+08:00 ] /gisproject/index.php/Index/index/username/ | INFO: Run LocationTemplate Behavior [ RunTime:0.005262s ]
[ 2015-02-22T17:31:04+08:00 ] /gisproject/index.php/Index/index/username/ | INFO: Tag[ view_template ] --END-- [ RunTime:0.005451s ]
[ 2015-02-22T17:31:04+08:00 ] /gisproject/index.php/Index/index/username/ | INFO: Tag[ view_parse ] --START--
[ 2015-02-22T17:31:04+08:00 ] /gisproject/index.php/Index/index/username/ | INFO: Run ParseTemplate Behavior [ RunTime:0.035329s ]
[ 2015-02-22T17:31:04+08:00 ] /gisproject/index.php/Index/index/username/ | INFO: Tag[ view_parse ] --END-- [ RunTime:0.035539s ]
[ 2015-02-22T17:31:04+08:00 ] /gisproject/index.php/Index/index/username/ | INFO: Tag[ view_filter ] --START--
[ 2015-02-22T17:31:04+08:00 ] /gisproject/index.php/Index/index/username/ | INFO: Run ContentReplace Behavior [ RunTime:0.003225s ]
[ 2015-02-22T17:31:04+08:00 ] /gisproject/index.php/Index/index/username/ | INFO: Run TokenBuild Behavior [ RunTime:0.003227s ]
[ 2015-02-22T17:31:04+08:00 ] /gisproject/index.php/Index/index/username/ | INFO: Run WriteHtmlCache Behavior [ RunTime:0.003056s ]
[ 2015-02-22T17:31:04+08:00 ] /gisproject/index.php/Index/index/username/ | INFO: Run ShowRuntime Behavior [ RunTime:0.003608s ]
[ 2015-02-22T17:31:04+08:00 ] /gisproject/index.php/Index/index/username/ | INFO: Tag[ view_filter ] --END-- [ RunTime:0.013606s ]
[ 2015-02-22T17:31:04+08:00 ] /gisproject/index.php/Index/index/username/ | INFO: Tag[ view_end ] --START--
[ 2015-02-22T17:31:04+08:00 ] /gisproject/index.php/Index/index/username/ | INFO: Run ShowPageTrace Behavior [ RunTime:0.003422s ]
[ 2015-02-22T17:31:04+08:00 ] /gisproject/index.php/Index/index/username/ | INFO: Tag[ view_end ] --END-- [ RunTime:0.003563s ]
[ 2015-02-22T17:31:52+08:00 ] /gisproject/index.php/Index/index/username/ | INFO: Tag[ route_check ] --START--
[ 2015-02-22T17:31:52+08:00 ] /gisproject/index.php/Index/index/username/ | INFO: Run CheckRoute Behavior [ RunTime:0.004552s ]
[ 2015-02-22T17:31:52+08:00 ] /gisproject/index.php/Index/index/username/ | INFO: Tag[ route_check ] --END-- [ RunTime:0.004789s ]
[ 2015-02-22T17:31:52+08:00 ] /gisproject/index.php/Index/index/username/ | INFO: Tag[ app_begin ] --START--
[ 2015-02-22T17:31:52+08:00 ] /gisproject/index.php/Index/index/username/ | INFO: Run ReadHtmlCache Behavior [ RunTime:0.003475s ]
[ 2015-02-22T17:31:52+08:00 ] /gisproject/index.php/Index/index/username/ | INFO: Tag[ app_begin ] --END-- [ RunTime:0.003611s ]
[ 2015-02-22T17:31:52+08:00 ] /gisproject/index.php/Index/index/username/ | INFO: Tag[ view_template ] --START--
[ 2015-02-22T17:31:52+08:00 ] /gisproject/index.php/Index/index/username/ | INFO: Run LocationTemplate Behavior [ RunTime:0.005166s ]
[ 2015-02-22T17:31:52+08:00 ] /gisproject/index.php/Index/index/username/ | INFO: Tag[ view_template ] --END-- [ RunTime:0.005352s ]
[ 2015-02-22T17:31:52+08:00 ] /gisproject/index.php/Index/index/username/ | INFO: Tag[ view_parse ] --START--
[ 2015-02-22T17:31:53+08:00 ] /gisproject/index.php/Index/index/username/ | INFO: Run ParseTemplate Behavior [ RunTime:0.042861s ]
[ 2015-02-22T17:31:53+08:00 ] /gisproject/index.php/Index/index/username/ | INFO: Tag[ view_parse ] --END-- [ RunTime:0.043075s ]
[ 2015-02-22T17:31:53+08:00 ] /gisproject/index.php/Index/index/username/ | INFO: Tag[ view_filter ] --START--
[ 2015-02-22T17:31:53+08:00 ] /gisproject/index.php/Index/index/username/ | INFO: Run ContentReplace Behavior [ RunTime:0.003943s ]
[ 2015-02-22T17:31:53+08:00 ] /gisproject/index.php/Index/index/username/ | INFO: Run TokenBuild Behavior [ RunTime:0.002654s ]
[ 2015-02-22T17:31:53+08:00 ] /gisproject/index.php/Index/index/username/ | INFO: Run WriteHtmlCache Behavior [ RunTime:0.002320s ]
[ 2015-02-22T17:31:53+08:00 ] /gisproject/index.php/Index/index/username/ | INFO: Run ShowRuntime Behavior [ RunTime:0.003066s ]
[ 2015-02-22T17:31:53+08:00 ] /gisproject/index.php/Index/index/username/ | INFO: Tag[ view_filter ] --END-- [ RunTime:0.012403s ]
[ 2015-02-22T17:31:53+08:00 ] /gisproject/index.php/Index/index/username/ | INFO: Tag[ view_end ] --START--
[ 2015-02-22T17:31:53+08:00 ] /gisproject/index.php/Index/index/username/ | INFO: Run ShowPageTrace Behavior [ RunTime:0.003283s ]
[ 2015-02-22T17:31:53+08:00 ] /gisproject/index.php/Index/index/username/ | INFO: Tag[ view_end ] --END-- [ RunTime:0.003431s ]
