[ 2015-01-24T16:39:10+08:00 ] /gisproject/ | INFO: Tag[ app_begin ] --START--
[ 2015-01-24T16:39:10+08:00 ] /gisproject/ | INFO: Run ReadHtmlCache Behavior [ RunTime:0.030973s ]
[ 2015-01-24T16:39:10+08:00 ] /gisproject/ | INFO: Tag[ app_begin ] --END-- [ RunTime:0.031834s ]
[ 2015-01-24T16:39:10+08:00 ] /gisproject/ | INFO: Tag[ view_template ] --START--
[ 2015-01-24T16:39:10+08:00 ] /gisproject/ | INFO: Run LocationTemplate Behavior [ RunTime:0.005166s ]
[ 2015-01-24T16:39:10+08:00 ] /gisproject/ | INFO: Tag[ view_template ] --END-- [ RunTime:0.005404s ]
[ 2015-01-24T16:39:10+08:00 ] /gisproject/ | INFO: Tag[ view_parse ] --START--
[ 2015-01-24T16:39:10+08:00 ] /gisproject/ | NOTIC: [8] Undefined index:  username d046431aa157c89f3a1c30c426be003b.php 第 20 行.
[ 2015-01-24T16:39:10+08:00 ] /gisproject/ | INFO: Run ParseTemplate Behavior [ RunTime:0.079851s ]
[ 2015-01-24T16:39:10+08:00 ] /gisproject/ | INFO: Tag[ view_parse ] --END-- [ RunTime:0.080164s ]
[ 2015-01-24T16:39:10+08:00 ] /gisproject/ | INFO: Tag[ view_filter ] --START--
[ 2015-01-24T16:39:10+08:00 ] /gisproject/ | INFO: Run ContentReplace Behavior [ RunTime:0.004170s ]
[ 2015-01-24T16:39:10+08:00 ] /gisproject/ | INFO: Run TokenBuild Behavior [ RunTime:0.003530s ]
[ 2015-01-24T16:39:10+08:00 ] /gisproject/ | INFO: Run WriteHtmlCache Behavior [ RunTime:0.003262s ]
[ 2015-01-24T16:39:10+08:00 ] /gisproject/ | INFO: Run ShowRuntime Behavior [ RunTime:0.003524s ]
[ 2015-01-24T16:39:10+08:00 ] /gisproject/ | INFO: Tag[ view_filter ] --END-- [ RunTime:0.015040s ]
[ 2015-01-24T16:39:10+08:00 ] /gisproject/ | INFO: Tag[ view_end ] --START--
[ 2015-01-24T16:39:10+08:00 ] /gisproject/ | INFO: Run ShowPageTrace Behavior [ RunTime:0.004158s ]
[ 2015-01-24T16:39:10+08:00 ] /gisproject/ | INFO: Tag[ view_end ] --END-- [ RunTime:0.004334s ]
[ 2015-01-24T16:39:24+08:00 ] /gisproject/ | INFO: Tag[ app_begin ] --START--
[ 2015-01-24T16:39:24+08:00 ] /gisproject/ | INFO: Run ReadHtmlCache Behavior [ RunTime:0.004012s ]
[ 2015-01-24T16:39:24+08:00 ] /gisproject/ | INFO: Tag[ app_begin ] --END-- [ RunTime:0.004359s ]
[ 2015-01-24T16:39:24+08:00 ] /gisproject/ | INFO: Tag[ view_template ] --START--
[ 2015-01-24T16:39:24+08:00 ] /gisproject/ | INFO: Run LocationTemplate Behavior [ RunTime:0.005977s ]
[ 2015-01-24T16:39:24+08:00 ] /gisproject/ | INFO: Tag[ view_template ] --END-- [ RunTime:0.006261s ]
[ 2015-01-24T16:39:24+08:00 ] /gisproject/ | INFO: Tag[ view_parse ] --START--
[ 2015-01-24T16:39:24+08:00 ] /gisproject/ | NOTIC: [8] Undefined index:  username d046431aa157c89f3a1c30c426be003b.php 第 20 行.
[ 2015-01-24T16:39:24+08:00 ] /gisproject/ | INFO: Run ParseTemplate Behavior [ RunTime:0.062002s ]
[ 2015-01-24T16:39:24+08:00 ] /gisproject/ | INFO: Tag[ view_parse ] --END-- [ RunTime:0.062275s ]
[ 2015-01-24T16:39:24+08:00 ] /gisproject/ | INFO: Tag[ view_filter ] --START--
[ 2015-01-24T16:39:24+08:00 ] /gisproject/ | INFO: Run ContentReplace Behavior [ RunTime:0.004128s ]
[ 2015-01-24T16:39:24+08:00 ] /gisproject/ | INFO: Run TokenBuild Behavior [ RunTime:0.003998s ]
[ 2015-01-24T16:39:24+08:00 ] /gisproject/ | INFO: Run WriteHtmlCache Behavior [ RunTime:0.008110s ]
[ 2015-01-24T16:39:24+08:00 ] /gisproject/ | INFO: Run ShowRuntime Behavior [ RunTime:0.003741s ]
[ 2015-01-24T16:39:24+08:00 ] /gisproject/ | INFO: Tag[ view_filter ] --END-- [ RunTime:0.020963s ]
[ 2015-01-24T16:39:24+08:00 ] /gisproject/ | INFO: Tag[ view_end ] --START--
[ 2015-01-24T16:39:24+08:00 ] /gisproject/ | INFO: Run ShowPageTrace Behavior [ RunTime:0.003190s ]
[ 2015-01-24T16:39:24+08:00 ] /gisproject/ | INFO: Tag[ view_end ] --END-- [ RunTime:0.003417s ]
[ 2015-01-24T16:39:40+08:00 ] /gisproject/ | INFO: Tag[ app_begin ] --START--
[ 2015-01-24T16:39:40+08:00 ] /gisproject/ | INFO: Run ReadHtmlCache Behavior [ RunTime:0.003798s ]
[ 2015-01-24T16:39:40+08:00 ] /gisproject/ | INFO: Tag[ app_begin ] --END-- [ RunTime:0.004140s ]
[ 2015-01-24T16:39:40+08:00 ] /gisproject/ | INFO: Tag[ view_template ] --START--
[ 2015-01-24T16:39:40+08:00 ] /gisproject/ | INFO: Run LocationTemplate Behavior [ RunTime:0.005874s ]
[ 2015-01-24T16:39:40+08:00 ] /gisproject/ | INFO: Tag[ view_template ] --END-- [ RunTime:0.006164s ]
[ 2015-01-24T16:39:40+08:00 ] /gisproject/ | INFO: Tag[ view_parse ] --START--
[ 2015-01-24T16:39:41+08:00 ] /gisproject/ | NOTIC: [8] Undefined index:  username d046431aa157c89f3a1c30c426be003b.php 第 20 行.
[ 2015-01-24T16:39:41+08:00 ] /gisproject/ | INFO: Run ParseTemplate Behavior [ RunTime:0.063209s ]
[ 2015-01-24T16:39:41+08:00 ] /gisproject/ | INFO: Tag[ view_parse ] --END-- [ RunTime:0.063448s ]
[ 2015-01-24T16:39:41+08:00 ] /gisproject/ | INFO: Tag[ view_filter ] --START--
[ 2015-01-24T16:39:41+08:00 ] /gisproject/ | INFO: Run ContentReplace Behavior [ RunTime:0.002860s ]
[ 2015-01-24T16:39:41+08:00 ] /gisproject/ | INFO: Run TokenBuild Behavior [ RunTime:0.003582s ]
[ 2015-01-24T16:39:41+08:00 ] /gisproject/ | INFO: Run WriteHtmlCache Behavior [ RunTime:0.002796s ]
[ 2015-01-24T16:39:41+08:00 ] /gisproject/ | INFO: Run ShowRuntime Behavior [ RunTime:0.003331s ]
[ 2015-01-24T16:39:41+08:00 ] /gisproject/ | INFO: Tag[ view_filter ] --END-- [ RunTime:0.013212s ]
[ 2015-01-24T16:39:41+08:00 ] /gisproject/ | INFO: Tag[ view_end ] --START--
[ 2015-01-24T16:39:41+08:00 ] /gisproject/ | INFO: Run ShowPageTrace Behavior [ RunTime:0.003236s ]
[ 2015-01-24T16:39:41+08:00 ] /gisproject/ | INFO: Tag[ view_end ] --END-- [ RunTime:0.003515s ]
[ 2015-01-24T16:39:51+08:00 ] /gisproject/ | INFO: Tag[ app_begin ] --START--
[ 2015-01-24T16:39:51+08:00 ] /gisproject/ | INFO: Run ReadHtmlCache Behavior [ RunTime:0.002452s ]
[ 2015-01-24T16:39:51+08:00 ] /gisproject/ | INFO: Tag[ app_begin ] --END-- [ RunTime:0.002877s ]
[ 2015-01-24T16:39:51+08:00 ] /gisproject/ | INFO: Tag[ view_template ] --START--
[ 2015-01-24T16:39:51+08:00 ] /gisproject/ | INFO: Run LocationTemplate Behavior [ RunTime:0.001403s ]
[ 2015-01-24T16:39:51+08:00 ] /gisproject/ | INFO: Tag[ view_template ] --END-- [ RunTime:0.001692s ]
[ 2015-01-24T16:39:51+08:00 ] /gisproject/ | INFO: Tag[ view_parse ] --START--
[ 2015-01-24T16:39:51+08:00 ] /gisproject/ | NOTIC: [8] Undefined index:  username d046431aa157c89f3a1c30c426be003b.php 第 20 行.
[ 2015-01-24T16:39:51+08:00 ] /gisproject/ | INFO: Run ParseTemplate Behavior [ RunTime:0.034331s ]
[ 2015-01-24T16:39:51+08:00 ] /gisproject/ | INFO: Tag[ view_parse ] --END-- [ RunTime:0.034602s ]
[ 2015-01-24T16:39:51+08:00 ] /gisproject/ | INFO: Tag[ view_filter ] --START--
[ 2015-01-24T16:39:51+08:00 ] /gisproject/ | INFO: Run ContentReplace Behavior [ RunTime:0.001704s ]
[ 2015-01-24T16:39:51+08:00 ] /gisproject/ | INFO: Run TokenBuild Behavior [ RunTime:0.001526s ]
[ 2015-01-24T16:39:51+08:00 ] /gisproject/ | INFO: Run WriteHtmlCache Behavior [ RunTime:0.000930s ]
[ 2015-01-24T16:39:51+08:00 ] /gisproject/ | INFO: Run ShowRuntime Behavior [ RunTime:0.002593s ]
[ 2015-01-24T16:39:51+08:00 ] /gisproject/ | INFO: Tag[ view_filter ] --END-- [ RunTime:0.007501s ]
[ 2015-01-24T16:39:51+08:00 ] /gisproject/ | INFO: Tag[ view_end ] --START--
[ 2015-01-24T16:39:51+08:00 ] /gisproject/ | INFO: Run ShowPageTrace Behavior [ RunTime:0.001678s ]
[ 2015-01-24T16:39:51+08:00 ] /gisproject/ | INFO: Tag[ view_end ] --END-- [ RunTime:0.001940s ]
[ 2015-01-24T16:40:42+08:00 ] /gisproject/ | INFO: Tag[ app_begin ] --START--
[ 2015-01-24T16:40:42+08:00 ] /gisproject/ | INFO: Run ReadHtmlCache Behavior [ RunTime:0.002773s ]
[ 2015-01-24T16:40:42+08:00 ] /gisproject/ | INFO: Tag[ app_begin ] --END-- [ RunTime:0.003136s ]
[ 2015-01-24T16:40:42+08:00 ] /gisproject/ | INFO: Tag[ view_template ] --START--
[ 2015-01-24T16:40:42+08:00 ] /gisproject/ | INFO: Run LocationTemplate Behavior [ RunTime:0.001449s ]
[ 2015-01-24T16:40:42+08:00 ] /gisproject/ | INFO: Tag[ view_template ] --END-- [ RunTime:0.001909s ]
[ 2015-01-24T16:40:42+08:00 ] /gisproject/ | INFO: Tag[ view_parse ] --START--
[ 2015-01-24T16:40:42+08:00 ] /gisproject/ | NOTIC: [8] Undefined index:  username d046431aa157c89f3a1c30c426be003b.php 第 20 行.
[ 2015-01-24T16:40:42+08:00 ] /gisproject/ | INFO: Run ParseTemplate Behavior [ RunTime:0.030254s ]
[ 2015-01-24T16:40:42+08:00 ] /gisproject/ | INFO: Tag[ view_parse ] --END-- [ RunTime:0.030510s ]
[ 2015-01-24T16:40:42+08:00 ] /gisproject/ | INFO: Tag[ view_filter ] --START--
[ 2015-01-24T16:40:42+08:00 ] /gisproject/ | INFO: Run ContentReplace Behavior [ RunTime:0.001979s ]
[ 2015-01-24T16:40:42+08:00 ] /gisproject/ | INFO: Run TokenBuild Behavior [ RunTime:0.001596s ]
[ 2015-01-24T16:40:42+08:00 ] /gisproject/ | INFO: Run WriteHtmlCache Behavior [ RunTime:0.000982s ]
[ 2015-01-24T16:40:42+08:00 ] /gisproject/ | INFO: Run ShowRuntime Behavior [ RunTime:0.001663s ]
[ 2015-01-24T16:40:42+08:00 ] /gisproject/ | INFO: Tag[ view_filter ] --END-- [ RunTime:0.006901s ]
[ 2015-01-24T16:40:42+08:00 ] /gisproject/ | INFO: Tag[ view_end ] --START--
[ 2015-01-24T16:40:42+08:00 ] /gisproject/ | INFO: Run ShowPageTrace Behavior [ RunTime:0.001583s ]
[ 2015-01-24T16:40:42+08:00 ] /gisproject/ | INFO: Tag[ view_end ] --END-- [ RunTime:0.001824s ]
[ 2015-01-24T16:41:31+08:00 ] /gisproject/ | INFO: Tag[ app_begin ] --START--
[ 2015-01-24T16:41:31+08:00 ] /gisproject/ | INFO: Run ReadHtmlCache Behavior [ RunTime:0.004343s ]
[ 2015-01-24T16:41:31+08:00 ] /gisproject/ | INFO: Tag[ app_begin ] --END-- [ RunTime:0.004719s ]
[ 2015-01-24T16:41:31+08:00 ] /gisproject/ | INFO: Tag[ view_template ] --START--
[ 2015-01-24T16:41:31+08:00 ] /gisproject/ | INFO: Run LocationTemplate Behavior [ RunTime:0.005861s ]
[ 2015-01-24T16:41:31+08:00 ] /gisproject/ | INFO: Tag[ view_template ] --END-- [ RunTime:0.006176s ]
[ 2015-01-24T16:41:31+08:00 ] /gisproject/ | INFO: Tag[ view_parse ] --START--
[ 2015-01-24T16:41:32+08:00 ] /gisproject/ | NOTIC: [8] Undefined index:  username d046431aa157c89f3a1c30c426be003b.php 第 20 行.
[ 2015-01-24T16:41:32+08:00 ] /gisproject/ | INFO: Run ParseTemplate Behavior [ RunTime:0.062680s ]
[ 2015-01-24T16:41:32+08:00 ] /gisproject/ | INFO: Tag[ view_parse ] --END-- [ RunTime:0.062935s ]
[ 2015-01-24T16:41:32+08:00 ] /gisproject/ | INFO: Tag[ view_filter ] --START--
[ 2015-01-24T16:41:32+08:00 ] /gisproject/ | INFO: Run ContentReplace Behavior [ RunTime:0.003309s ]
[ 2015-01-24T16:41:32+08:00 ] /gisproject/ | INFO: Run TokenBuild Behavior [ RunTime:0.003849s ]
[ 2015-01-24T16:41:32+08:00 ] /gisproject/ | INFO: Run WriteHtmlCache Behavior [ RunTime:0.002997s ]
[ 2015-01-24T16:41:32+08:00 ] /gisproject/ | INFO: Run ShowRuntime Behavior [ RunTime:0.003350s ]
[ 2015-01-24T16:41:32+08:00 ] /gisproject/ | INFO: Tag[ view_filter ] --END-- [ RunTime:0.014535s ]
[ 2015-01-24T16:41:32+08:00 ] /gisproject/ | INFO: Tag[ view_end ] --START--
[ 2015-01-24T16:41:32+08:00 ] /gisproject/ | INFO: Run ShowPageTrace Behavior [ RunTime:0.003385s ]
[ 2015-01-24T16:41:32+08:00 ] /gisproject/ | INFO: Tag[ view_end ] --END-- [ RunTime:0.003643s ]
[ 2015-01-24T16:41:42+08:00 ] /gisproject/ | INFO: Tag[ app_begin ] --START--
[ 2015-01-24T16:41:42+08:00 ] /gisproject/ | INFO: Run ReadHtmlCache Behavior [ RunTime:0.002009s ]
[ 2015-01-24T16:41:42+08:00 ] /gisproject/ | INFO: Tag[ app_begin ] --END-- [ RunTime:0.002850s ]
[ 2015-01-24T16:41:42+08:00 ] /gisproject/ | INFO: Tag[ view_template ] --START--
[ 2015-01-24T16:41:42+08:00 ] /gisproject/ | INFO: Run LocationTemplate Behavior [ RunTime:0.001339s ]
[ 2015-01-24T16:41:42+08:00 ] /gisproject/ | INFO: Tag[ view_template ] --END-- [ RunTime:0.001593s ]
[ 2015-01-24T16:41:42+08:00 ] /gisproject/ | INFO: Tag[ view_parse ] --START--
[ 2015-01-24T16:41:43+08:00 ] /gisproject/ | NOTIC: [8] Undefined index:  username d046431aa157c89f3a1c30c426be003b.php 第 20 行.
[ 2015-01-24T16:41:43+08:00 ] /gisproject/ | INFO: Run ParseTemplate Behavior [ RunTime:0.031443s ]
[ 2015-01-24T16:41:43+08:00 ] /gisproject/ | INFO: Tag[ view_parse ] --END-- [ RunTime:0.031695s ]
[ 2015-01-24T16:41:43+08:00 ] /gisproject/ | INFO: Tag[ view_filter ] --START--
[ 2015-01-24T16:41:43+08:00 ] /gisproject/ | INFO: Run ContentReplace Behavior [ RunTime:0.001655s ]
[ 2015-01-24T16:41:43+08:00 ] /gisproject/ | INFO: Run TokenBuild Behavior [ RunTime:0.001420s ]
[ 2015-01-24T16:41:43+08:00 ] /gisproject/ | INFO: Run WriteHtmlCache Behavior [ RunTime:0.000920s ]
[ 2015-01-24T16:41:43+08:00 ] /gisproject/ | INFO: Run ShowRuntime Behavior [ RunTime:0.001378s ]
[ 2015-01-24T16:41:43+08:00 ] /gisproject/ | INFO: Tag[ view_filter ] --END-- [ RunTime:0.006001s ]
[ 2015-01-24T16:41:43+08:00 ] /gisproject/ | INFO: Tag[ view_end ] --START--
[ 2015-01-24T16:41:43+08:00 ] /gisproject/ | INFO: Run ShowPageTrace Behavior [ RunTime:0.001452s ]
[ 2015-01-24T16:41:43+08:00 ] /gisproject/ | INFO: Tag[ view_end ] --END-- [ RunTime:0.001667s ]
[ 2015-01-24T16:43:42+08:00 ] /gisproject/ | INFO: Tag[ app_begin ] --START--
[ 2015-01-24T16:43:42+08:00 ] /gisproject/ | INFO: Run ReadHtmlCache Behavior [ RunTime:0.003926s ]
[ 2015-01-24T16:43:42+08:00 ] /gisproject/ | INFO: Tag[ app_begin ] --END-- [ RunTime:0.004286s ]
[ 2015-01-24T16:43:42+08:00 ] /gisproject/ | INFO: Tag[ view_template ] --START--
[ 2015-01-24T16:43:42+08:00 ] /gisproject/ | INFO: Run LocationTemplate Behavior [ RunTime:0.006409s ]
[ 2015-01-24T16:43:42+08:00 ] /gisproject/ | INFO: Tag[ view_template ] --END-- [ RunTime:0.006712s ]
[ 2015-01-24T16:43:42+08:00 ] /gisproject/ | INFO: Tag[ view_parse ] --START--
[ 2015-01-24T16:43:42+08:00 ] /gisproject/ | NOTIC: [8] Undefined index:  username d046431aa157c89f3a1c30c426be003b.php 第 20 行.
[ 2015-01-24T16:43:42+08:00 ] /gisproject/ | INFO: Run ParseTemplate Behavior [ RunTime:0.039855s ]
[ 2015-01-24T16:43:42+08:00 ] /gisproject/ | INFO: Tag[ view_parse ] --END-- [ RunTime:0.040118s ]
[ 2015-01-24T16:43:42+08:00 ] /gisproject/ | INFO: Tag[ view_filter ] --START--
[ 2015-01-24T16:43:42+08:00 ] /gisproject/ | INFO: Run ContentReplace Behavior [ RunTime:0.003273s ]
[ 2015-01-24T16:43:42+08:00 ] /gisproject/ | INFO: Run TokenBuild Behavior [ RunTime:0.003488s ]
[ 2015-01-24T16:43:42+08:00 ] /gisproject/ | INFO: Run WriteHtmlCache Behavior [ RunTime:0.003157s ]
[ 2015-01-24T16:43:42+08:00 ] /gisproject/ | INFO: Run ShowRuntime Behavior [ RunTime:0.003804s ]
[ 2015-01-24T16:43:42+08:00 ] /gisproject/ | INFO: Tag[ view_filter ] --END-- [ RunTime:0.014480s ]
[ 2015-01-24T16:43:42+08:00 ] /gisproject/ | INFO: Tag[ view_end ] --START--
[ 2015-01-24T16:43:42+08:00 ] /gisproject/ | INFO: Run ShowPageTrace Behavior [ RunTime:0.004113s ]
[ 2015-01-24T16:43:42+08:00 ] /gisproject/ | INFO: Tag[ view_end ] --END-- [ RunTime:0.004402s ]
[ 2015-01-24T16:44:40+08:00 ] /gisproject/ | INFO: Tag[ app_begin ] --START--
[ 2015-01-24T16:44:40+08:00 ] /gisproject/ | INFO: Run ReadHtmlCache Behavior [ RunTime:0.003767s ]
[ 2015-01-24T16:44:40+08:00 ] /gisproject/ | INFO: Tag[ app_begin ] --END-- [ RunTime:0.004081s ]
[ 2015-01-24T16:44:40+08:00 ] /gisproject/ | INFO: Tag[ view_template ] --START--
[ 2015-01-24T16:44:40+08:00 ] /gisproject/ | INFO: Run LocationTemplate Behavior [ RunTime:0.005082s ]
[ 2015-01-24T16:44:40+08:00 ] /gisproject/ | INFO: Tag[ view_template ] --END-- [ RunTime:0.005348s ]
[ 2015-01-24T16:44:40+08:00 ] /gisproject/ | INFO: Tag[ view_parse ] --START--
[ 2015-01-24T16:44:40+08:00 ] /gisproject/ | NOTIC: [8] Undefined index:  username d046431aa157c89f3a1c30c426be003b.php 第 20 行.
[ 2015-01-24T16:44:40+08:00 ] /gisproject/ | INFO: Run ParseTemplate Behavior [ RunTime:0.035927s ]
[ 2015-01-24T16:44:40+08:00 ] /gisproject/ | INFO: Tag[ view_parse ] --END-- [ RunTime:0.036156s ]
[ 2015-01-24T16:44:40+08:00 ] /gisproject/ | INFO: Tag[ view_filter ] --START--
[ 2015-01-24T16:44:40+08:00 ] /gisproject/ | INFO: Run ContentReplace Behavior [ RunTime:0.002873s ]
[ 2015-01-24T16:44:40+08:00 ] /gisproject/ | INFO: Run TokenBuild Behavior [ RunTime:0.002978s ]
[ 2015-01-24T16:44:40+08:00 ] /gisproject/ | INFO: Run WriteHtmlCache Behavior [ RunTime:0.002611s ]
[ 2015-01-24T16:44:40+08:00 ] /gisproject/ | INFO: Run ShowRuntime Behavior [ RunTime:0.003393s ]
[ 2015-01-24T16:44:40+08:00 ] /gisproject/ | INFO: Tag[ view_filter ] --END-- [ RunTime:0.012512s ]
[ 2015-01-24T16:44:40+08:00 ] /gisproject/ | INFO: Tag[ view_end ] --START--
[ 2015-01-24T16:44:40+08:00 ] /gisproject/ | INFO: Run ShowPageTrace Behavior [ RunTime:0.003320s ]
[ 2015-01-24T16:44:40+08:00 ] /gisproject/ | INFO: Tag[ view_end ] --END-- [ RunTime:0.003552s ]
[ 2015-01-24T16:44:46+08:00 ] /gisproject/ | INFO: Tag[ app_begin ] --START--
[ 2015-01-24T16:44:46+08:00 ] /gisproject/ | INFO: Run ReadHtmlCache Behavior [ RunTime:0.001991s ]
[ 2015-01-24T16:44:46+08:00 ] /gisproject/ | INFO: Tag[ app_begin ] --END-- [ RunTime:0.002350s ]
[ 2015-01-24T16:44:46+08:00 ] /gisproject/ | INFO: Tag[ view_template ] --START--
[ 2015-01-24T16:44:46+08:00 ] /gisproject/ | INFO: Run LocationTemplate Behavior [ RunTime:0.001821s ]
[ 2015-01-24T16:44:46+08:00 ] /gisproject/ | INFO: Tag[ view_template ] --END-- [ RunTime:0.002105s ]
[ 2015-01-24T16:44:46+08:00 ] /gisproject/ | INFO: Tag[ view_parse ] --START--
[ 2015-01-24T16:44:46+08:00 ] /gisproject/ | NOTIC: [8] Undefined index:  username d046431aa157c89f3a1c30c426be003b.php 第 20 行.
[ 2015-01-24T16:44:46+08:00 ] /gisproject/ | INFO: Run ParseTemplate Behavior [ RunTime:0.028977s ]
[ 2015-01-24T16:44:46+08:00 ] /gisproject/ | INFO: Tag[ view_parse ] --END-- [ RunTime:0.029231s ]
[ 2015-01-24T16:44:46+08:00 ] /gisproject/ | INFO: Tag[ view_filter ] --START--
[ 2015-01-24T16:44:46+08:00 ] /gisproject/ | INFO: Run ContentReplace Behavior [ RunTime:0.001312s ]
[ 2015-01-24T16:44:46+08:00 ] /gisproject/ | INFO: Run TokenBuild Behavior [ RunTime:0.001455s ]
[ 2015-01-24T16:44:46+08:00 ] /gisproject/ | INFO: Run WriteHtmlCache Behavior [ RunTime:0.000878s ]
[ 2015-01-24T16:44:46+08:00 ] /gisproject/ | INFO: Run ShowRuntime Behavior [ RunTime:0.001732s ]
[ 2015-01-24T16:44:46+08:00 ] /gisproject/ | INFO: Tag[ view_filter ] --END-- [ RunTime:0.006089s ]
[ 2015-01-24T16:44:46+08:00 ] /gisproject/ | INFO: Tag[ view_end ] --START--
[ 2015-01-24T16:44:46+08:00 ] /gisproject/ | INFO: Run ShowPageTrace Behavior [ RunTime:0.002103s ]
[ 2015-01-24T16:44:46+08:00 ] /gisproject/ | INFO: Tag[ view_end ] --END-- [ RunTime:0.002366s ]
[ 2015-01-24T16:44:59+08:00 ] /gisproject/ | INFO: Tag[ app_begin ] --START--
[ 2015-01-24T16:44:59+08:00 ] /gisproject/ | INFO: Run ReadHtmlCache Behavior [ RunTime:0.002151s ]
[ 2015-01-24T16:44:59+08:00 ] /gisproject/ | INFO: Tag[ app_begin ] --END-- [ RunTime:0.002517s ]
[ 2015-01-24T16:44:59+08:00 ] /gisproject/ | INFO: Tag[ view_template ] --START--
[ 2015-01-24T16:44:59+08:00 ] /gisproject/ | INFO: Run LocationTemplate Behavior [ RunTime:0.001711s ]
[ 2015-01-24T16:44:59+08:00 ] /gisproject/ | INFO: Tag[ view_template ] --END-- [ RunTime:0.001974s ]
[ 2015-01-24T16:44:59+08:00 ] /gisproject/ | INFO: Tag[ view_parse ] --START--
[ 2015-01-24T16:44:59+08:00 ] /gisproject/ | NOTIC: [8] Undefined index:  username d046431aa157c89f3a1c30c426be003b.php 第 20 行.
[ 2015-01-24T16:44:59+08:00 ] /gisproject/ | INFO: Run ParseTemplate Behavior [ RunTime:0.033854s ]
[ 2015-01-24T16:44:59+08:00 ] /gisproject/ | INFO: Tag[ view_parse ] --END-- [ RunTime:0.034131s ]
[ 2015-01-24T16:44:59+08:00 ] /gisproject/ | INFO: Tag[ view_filter ] --START--
[ 2015-01-24T16:44:59+08:00 ] /gisproject/ | INFO: Run ContentReplace Behavior [ RunTime:0.001310s ]
[ 2015-01-24T16:44:59+08:00 ] /gisproject/ | INFO: Run TokenBuild Behavior [ RunTime:0.001449s ]
[ 2015-01-24T16:44:59+08:00 ] /gisproject/ | INFO: Run WriteHtmlCache Behavior [ RunTime:0.000957s ]
[ 2015-01-24T16:44:59+08:00 ] /gisproject/ | INFO: Run ShowRuntime Behavior [ RunTime:0.002627s ]
[ 2015-01-24T16:44:59+08:00 ] /gisproject/ | INFO: Tag[ view_filter ] --END-- [ RunTime:0.007072s ]
[ 2015-01-24T16:44:59+08:00 ] /gisproject/ | INFO: Tag[ view_end ] --START--
[ 2015-01-24T16:44:59+08:00 ] /gisproject/ | INFO: Run ShowPageTrace Behavior [ RunTime:0.001713s ]
[ 2015-01-24T16:44:59+08:00 ] /gisproject/ | INFO: Tag[ view_end ] --END-- [ RunTime:0.001972s ]
[ 2015-01-24T16:45:05+08:00 ] /gisproject/ | INFO: Tag[ app_begin ] --START--
[ 2015-01-24T16:45:05+08:00 ] /gisproject/ | INFO: Run ReadHtmlCache Behavior [ RunTime:0.004421s ]
[ 2015-01-24T16:45:05+08:00 ] /gisproject/ | INFO: Tag[ app_begin ] --END-- [ RunTime:0.004903s ]
[ 2015-01-24T16:45:05+08:00 ] /gisproject/ | INFO: Tag[ view_template ] --START--
[ 2015-01-24T16:45:05+08:00 ] /gisproject/ | INFO: Run LocationTemplate Behavior [ RunTime:0.005584s ]
[ 2015-01-24T16:45:05+08:00 ] /gisproject/ | INFO: Tag[ view_template ] --END-- [ RunTime:0.005857s ]
[ 2015-01-24T16:45:05+08:00 ] /gisproject/ | INFO: Tag[ view_parse ] --START--
[ 2015-01-24T16:45:05+08:00 ] /gisproject/ | NOTIC: [8] Undefined index:  username d046431aa157c89f3a1c30c426be003b.php 第 20 行.
[ 2015-01-24T16:45:05+08:00 ] /gisproject/ | INFO: Run ParseTemplate Behavior [ RunTime:0.052165s ]
[ 2015-01-24T16:45:05+08:00 ] /gisproject/ | INFO: Tag[ view_parse ] --END-- [ RunTime:0.052398s ]
[ 2015-01-24T16:45:05+08:00 ] /gisproject/ | INFO: Tag[ view_filter ] --START--
[ 2015-01-24T16:45:05+08:00 ] /gisproject/ | INFO: Run ContentReplace Behavior [ RunTime:0.004882s ]
[ 2015-01-24T16:45:05+08:00 ] /gisproject/ | INFO: Run TokenBuild Behavior [ RunTime:0.003312s ]
[ 2015-01-24T16:45:05+08:00 ] /gisproject/ | INFO: Run WriteHtmlCache Behavior [ RunTime:0.002517s ]
[ 2015-01-24T16:45:05+08:00 ] /gisproject/ | INFO: Run ShowRuntime Behavior [ RunTime:0.003810s ]
[ 2015-01-24T16:45:05+08:00 ] /gisproject/ | INFO: Tag[ view_filter ] --END-- [ RunTime:0.015161s ]
[ 2015-01-24T16:45:05+08:00 ] /gisproject/ | INFO: Tag[ view_end ] --START--
[ 2015-01-24T16:45:05+08:00 ] /gisproject/ | INFO: Run ShowPageTrace Behavior [ RunTime:0.003536s ]
[ 2015-01-24T16:45:05+08:00 ] /gisproject/ | INFO: Tag[ view_end ] --END-- [ RunTime:0.003766s ]
[ 2015-01-24T17:49:30+08:00 ] /gisproject/ | INFO: Tag[ app_begin ] --START--
[ 2015-01-24T17:49:30+08:00 ] /gisproject/ | INFO: Run ReadHtmlCache Behavior [ RunTime:0.004508s ]
[ 2015-01-24T17:49:30+08:00 ] /gisproject/ | INFO: Tag[ app_begin ] --END-- [ RunTime:0.004785s ]
[ 2015-01-24T17:49:30+08:00 ] /gisproject/ | INFO: Tag[ view_template ] --START--
[ 2015-01-24T17:49:30+08:00 ] /gisproject/ | INFO: Run LocationTemplate Behavior [ RunTime:0.020402s ]
[ 2015-01-24T17:49:30+08:00 ] /gisproject/ | INFO: Tag[ view_template ] --END-- [ RunTime:0.020619s ]
[ 2015-01-24T17:49:30+08:00 ] /gisproject/ | INFO: Tag[ view_parse ] --START--
[ 2015-01-24T17:49:30+08:00 ] /gisproject/ | NOTIC: [8] Undefined index:  username d046431aa157c89f3a1c30c426be003b.php 第 20 行.
[ 2015-01-24T17:49:30+08:00 ] /gisproject/ | INFO: Run ParseTemplate Behavior [ RunTime:0.126243s ]
[ 2015-01-24T17:49:30+08:00 ] /gisproject/ | INFO: Tag[ view_parse ] --END-- [ RunTime:0.126464s ]
[ 2015-01-24T17:49:30+08:00 ] /gisproject/ | INFO: Tag[ view_filter ] --START--
[ 2015-01-24T17:49:30+08:00 ] /gisproject/ | INFO: Run ContentReplace Behavior [ RunTime:0.014053s ]
[ 2015-01-24T17:49:30+08:00 ] /gisproject/ | INFO: Run TokenBuild Behavior [ RunTime:0.004005s ]
[ 2015-01-24T17:49:30+08:00 ] /gisproject/ | INFO: Run WriteHtmlCache Behavior [ RunTime:0.004254s ]
[ 2015-01-24T17:49:30+08:00 ] /gisproject/ | INFO: Run ShowRuntime Behavior [ RunTime:0.005186s ]
[ 2015-01-24T17:49:30+08:00 ] /gisproject/ | INFO: Tag[ view_filter ] --END-- [ RunTime:0.028264s ]
[ 2015-01-24T17:49:30+08:00 ] /gisproject/ | INFO: Tag[ view_end ] --START--
[ 2015-01-24T17:49:30+08:00 ] /gisproject/ | INFO: Run ShowPageTrace Behavior [ RunTime:0.004481s ]
[ 2015-01-24T17:49:30+08:00 ] /gisproject/ | INFO: Tag[ view_end ] --END-- [ RunTime:0.004705s ]
[ 2015-01-24T17:49:54+08:00 ] /gisproject/ | INFO: Tag[ app_begin ] --START--
[ 2015-01-24T17:49:54+08:00 ] /gisproject/ | INFO: Run ReadHtmlCache Behavior [ RunTime:0.003419s ]
[ 2015-01-24T17:49:54+08:00 ] /gisproject/ | INFO: Tag[ app_begin ] --END-- [ RunTime:0.003725s ]
[ 2015-01-24T17:49:54+08:00 ] /gisproject/ | INFO: Tag[ view_template ] --START--
[ 2015-01-24T17:49:54+08:00 ] /gisproject/ | INFO: Run LocationTemplate Behavior [ RunTime:0.005106s ]
[ 2015-01-24T17:49:54+08:00 ] /gisproject/ | INFO: Tag[ view_template ] --END-- [ RunTime:0.005385s ]
[ 2015-01-24T17:49:54+08:00 ] /gisproject/ | INFO: Tag[ view_parse ] --START--
[ 2015-01-24T17:49:54+08:00 ] /gisproject/ | NOTIC: [8] Undefined index:  username d046431aa157c89f3a1c30c426be003b.php 第 20 行.
[ 2015-01-24T17:49:54+08:00 ] /gisproject/ | INFO: Run ParseTemplate Behavior [ RunTime:0.034758s ]
[ 2015-01-24T17:49:54+08:00 ] /gisproject/ | INFO: Tag[ view_parse ] --END-- [ RunTime:0.034993s ]
[ 2015-01-24T17:49:54+08:00 ] /gisproject/ | INFO: Tag[ view_filter ] --START--
[ 2015-01-24T17:49:54+08:00 ] /gisproject/ | INFO: Run ContentReplace Behavior [ RunTime:0.002905s ]
[ 2015-01-24T17:49:54+08:00 ] /gisproject/ | INFO: Run TokenBuild Behavior [ RunTime:0.003082s ]
[ 2015-01-24T17:49:54+08:00 ] /gisproject/ | INFO: Run WriteHtmlCache Behavior [ RunTime:0.002539s ]
[ 2015-01-24T17:49:54+08:00 ] /gisproject/ | INFO: Run ShowRuntime Behavior [ RunTime:0.003296s ]
[ 2015-01-24T17:49:54+08:00 ] /gisproject/ | INFO: Tag[ view_filter ] --END-- [ RunTime:0.012498s ]
[ 2015-01-24T17:49:54+08:00 ] /gisproject/ | INFO: Tag[ view_end ] --START--
[ 2015-01-24T17:49:54+08:00 ] /gisproject/ | INFO: Run ShowPageTrace Behavior [ RunTime:0.003578s ]
[ 2015-01-24T17:49:54+08:00 ] /gisproject/ | INFO: Tag[ view_end ] --END-- [ RunTime:0.003830s ]
[ 2015-01-24T17:50:51+08:00 ] /gisproject/ | INFO: Tag[ app_begin ] --START--
[ 2015-01-24T17:50:51+08:00 ] /gisproject/ | INFO: Run ReadHtmlCache Behavior [ RunTime:0.003854s ]
[ 2015-01-24T17:50:51+08:00 ] /gisproject/ | INFO: Tag[ app_begin ] --END-- [ RunTime:0.004305s ]
[ 2015-01-24T17:50:51+08:00 ] /gisproject/ | INFO: Tag[ view_template ] --START--
[ 2015-01-24T17:50:51+08:00 ] /gisproject/ | INFO: Run LocationTemplate Behavior [ RunTime:0.005108s ]
[ 2015-01-24T17:50:51+08:00 ] /gisproject/ | INFO: Tag[ view_template ] --END-- [ RunTime:0.005390s ]
[ 2015-01-24T17:50:51+08:00 ] /gisproject/ | INFO: Tag[ view_parse ] --START--
[ 2015-01-24T17:50:51+08:00 ] /gisproject/ | NOTIC: [8] Undefined index:  username d046431aa157c89f3a1c30c426be003b.php 第 20 行.
[ 2015-01-24T17:50:51+08:00 ] /gisproject/ | INFO: Run ParseTemplate Behavior [ RunTime:0.040033s ]
[ 2015-01-24T17:50:51+08:00 ] /gisproject/ | INFO: Tag[ view_parse ] --END-- [ RunTime:0.040293s ]
[ 2015-01-24T17:50:51+08:00 ] /gisproject/ | INFO: Tag[ view_filter ] --START--
[ 2015-01-24T17:50:51+08:00 ] /gisproject/ | INFO: Run ContentReplace Behavior [ RunTime:0.003354s ]
[ 2015-01-24T17:50:51+08:00 ] /gisproject/ | INFO: Run TokenBuild Behavior [ RunTime:0.003528s ]
[ 2015-01-24T17:50:51+08:00 ] /gisproject/ | INFO: Run WriteHtmlCache Behavior [ RunTime:0.004626s ]
[ 2015-01-24T17:50:51+08:00 ] /gisproject/ | INFO: Run ShowRuntime Behavior [ RunTime:0.003959s ]
[ 2015-01-24T17:50:51+08:00 ] /gisproject/ | INFO: Tag[ view_filter ] --END-- [ RunTime:0.016227s ]
[ 2015-01-24T17:50:51+08:00 ] /gisproject/ | INFO: Tag[ view_end ] --START--
[ 2015-01-24T17:50:51+08:00 ] /gisproject/ | INFO: Run ShowPageTrace Behavior [ RunTime:0.003535s ]
[ 2015-01-24T17:50:51+08:00 ] /gisproject/ | INFO: Tag[ view_end ] --END-- [ RunTime:0.003787s ]
[ 2015-01-24T17:50:59+08:00 ] /gisproject/ | INFO: Tag[ app_begin ] --START--
[ 2015-01-24T17:50:59+08:00 ] /gisproject/ | INFO: Run ReadHtmlCache Behavior [ RunTime:0.003948s ]
[ 2015-01-24T17:50:59+08:00 ] /gisproject/ | INFO: Tag[ app_begin ] --END-- [ RunTime:0.004339s ]
[ 2015-01-24T17:50:59+08:00 ] /gisproject/ | INFO: Tag[ view_template ] --START--
[ 2015-01-24T17:50:59+08:00 ] /gisproject/ | INFO: Run LocationTemplate Behavior [ RunTime:0.005291s ]
[ 2015-01-24T17:50:59+08:00 ] /gisproject/ | INFO: Tag[ view_template ] --END-- [ RunTime:0.005583s ]
[ 2015-01-24T17:50:59+08:00 ] /gisproject/ | INFO: Tag[ view_parse ] --START--
[ 2015-01-24T17:50:59+08:00 ] /gisproject/ | NOTIC: [8] Undefined index:  username d046431aa157c89f3a1c30c426be003b.php 第 20 行.
[ 2015-01-24T17:50:59+08:00 ] /gisproject/ | INFO: Run ParseTemplate Behavior [ RunTime:0.041944s ]
[ 2015-01-24T17:50:59+08:00 ] /gisproject/ | INFO: Tag[ view_parse ] --END-- [ RunTime:0.042201s ]
[ 2015-01-24T17:50:59+08:00 ] /gisproject/ | INFO: Tag[ view_filter ] --START--
[ 2015-01-24T17:50:59+08:00 ] /gisproject/ | INFO: Run ContentReplace Behavior [ RunTime:0.003235s ]
[ 2015-01-24T17:50:59+08:00 ] /gisproject/ | INFO: Run TokenBuild Behavior [ RunTime:0.003401s ]
[ 2015-01-24T17:50:59+08:00 ] /gisproject/ | INFO: Run WriteHtmlCache Behavior [ RunTime:0.005854s ]
[ 2015-01-24T17:50:59+08:00 ] /gisproject/ | INFO: Run ShowRuntime Behavior [ RunTime:0.003644s ]
[ 2015-01-24T17:50:59+08:00 ] /gisproject/ | INFO: Tag[ view_filter ] --END-- [ RunTime:0.016881s ]
[ 2015-01-24T17:50:59+08:00 ] /gisproject/ | INFO: Tag[ view_end ] --START--
[ 2015-01-24T17:50:59+08:00 ] /gisproject/ | INFO: Run ShowPageTrace Behavior [ RunTime:0.003695s ]
[ 2015-01-24T17:50:59+08:00 ] /gisproject/ | INFO: Tag[ view_end ] --END-- [ RunTime:0.003963s ]
[ 2015-01-24T17:51:07+08:00 ] /gisproject/ | INFO: Tag[ app_begin ] --START--
[ 2015-01-24T17:51:07+08:00 ] /gisproject/ | INFO: Run ReadHtmlCache Behavior [ RunTime:0.002124s ]
[ 2015-01-24T17:51:07+08:00 ] /gisproject/ | INFO: Tag[ app_begin ] --END-- [ RunTime:0.002505s ]
[ 2015-01-24T17:51:07+08:00 ] /gisproject/ | INFO: Tag[ view_template ] --START--
[ 2015-01-24T17:51:07+08:00 ] /gisproject/ | INFO: Run LocationTemplate Behavior [ RunTime:0.001446s ]
[ 2015-01-24T17:51:07+08:00 ] /gisproject/ | INFO: Tag[ view_template ] --END-- [ RunTime:0.001721s ]
[ 2015-01-24T17:51:07+08:00 ] /gisproject/ | INFO: Tag[ view_parse ] --START--
[ 2015-01-24T17:51:07+08:00 ] /gisproject/ | NOTIC: [8] Undefined index:  username d046431aa157c89f3a1c30c426be003b.php 第 20 行.
[ 2015-01-24T17:51:07+08:00 ] /gisproject/ | INFO: Run ParseTemplate Behavior [ RunTime:0.035885s ]
[ 2015-01-24T17:51:07+08:00 ] /gisproject/ | INFO: Tag[ view_parse ] --END-- [ RunTime:0.036138s ]
[ 2015-01-24T17:51:07+08:00 ] /gisproject/ | INFO: Tag[ view_filter ] --START--
[ 2015-01-24T17:51:07+08:00 ] /gisproject/ | INFO: Run ContentReplace Behavior [ RunTime:0.001293s ]
[ 2015-01-24T17:51:07+08:00 ] /gisproject/ | INFO: Run TokenBuild Behavior [ RunTime:0.001421s ]
[ 2015-01-24T17:51:07+08:00 ] /gisproject/ | INFO: Run WriteHtmlCache Behavior [ RunTime:0.000965s ]
[ 2015-01-24T17:51:07+08:00 ] /gisproject/ | INFO: Run ShowRuntime Behavior [ RunTime:0.001557s ]
[ 2015-01-24T17:51:07+08:00 ] /gisproject/ | INFO: Tag[ view_filter ] --END-- [ RunTime:0.005930s ]
[ 2015-01-24T17:51:07+08:00 ] /gisproject/ | INFO: Tag[ view_end ] --START--
[ 2015-01-24T17:51:07+08:00 ] /gisproject/ | INFO: Run ShowPageTrace Behavior [ RunTime:0.001605s ]
[ 2015-01-24T17:51:07+08:00 ] /gisproject/ | INFO: Tag[ view_end ] --END-- [ RunTime:0.001855s ]
[ 2015-01-24T17:51:38+08:00 ] /gisproject/ | INFO: Tag[ app_begin ] --START--
[ 2015-01-24T17:51:38+08:00 ] /gisproject/ | INFO: Run ReadHtmlCache Behavior [ RunTime:0.002022s ]
[ 2015-01-24T17:51:38+08:00 ] /gisproject/ | INFO: Tag[ app_begin ] --END-- [ RunTime:0.002387s ]
[ 2015-01-24T17:51:38+08:00 ] /gisproject/ | INFO: Tag[ view_template ] --START--
[ 2015-01-24T17:51:38+08:00 ] /gisproject/ | INFO: Run LocationTemplate Behavior [ RunTime:0.001593s ]
[ 2015-01-24T17:51:38+08:00 ] /gisproject/ | INFO: Tag[ view_template ] --END-- [ RunTime:0.001874s ]
[ 2015-01-24T17:51:38+08:00 ] /gisproject/ | INFO: Tag[ view_parse ] --START--
[ 2015-01-24T17:51:38+08:00 ] /gisproject/ | NOTIC: [8] Undefined index:  username d046431aa157c89f3a1c30c426be003b.php 第 20 行.
[ 2015-01-24T17:51:38+08:00 ] /gisproject/ | INFO: Run ParseTemplate Behavior [ RunTime:0.028269s ]
[ 2015-01-24T17:51:38+08:00 ] /gisproject/ | INFO: Tag[ view_parse ] --END-- [ RunTime:0.028531s ]
[ 2015-01-24T17:51:38+08:00 ] /gisproject/ | INFO: Tag[ view_filter ] --START--
[ 2015-01-24T17:51:38+08:00 ] /gisproject/ | INFO: Run ContentReplace Behavior [ RunTime:0.001330s ]
[ 2015-01-24T17:51:38+08:00 ] /gisproject/ | INFO: Run TokenBuild Behavior [ RunTime:0.001519s ]
[ 2015-01-24T17:51:38+08:00 ] /gisproject/ | INFO: Run WriteHtmlCache Behavior [ RunTime:0.000819s ]
[ 2015-01-24T17:51:38+08:00 ] /gisproject/ | INFO: Run ShowRuntime Behavior [ RunTime:0.001760s ]
[ 2015-01-24T17:51:38+08:00 ] /gisproject/ | INFO: Tag[ view_filter ] --END-- [ RunTime:0.006118s ]
[ 2015-01-24T17:51:38+08:00 ] /gisproject/ | INFO: Tag[ view_end ] --START--
[ 2015-01-24T17:51:38+08:00 ] /gisproject/ | INFO: Run ShowPageTrace Behavior [ RunTime:0.001745s ]
[ 2015-01-24T17:51:38+08:00 ] /gisproject/ | INFO: Tag[ view_end ] --END-- [ RunTime:0.001985s ]
[ 2015-01-24T17:51:47+08:00 ] /gisproject/ | INFO: Tag[ app_begin ] --START--
[ 2015-01-24T17:51:47+08:00 ] /gisproject/ | INFO: Run ReadHtmlCache Behavior [ RunTime:0.001881s ]
[ 2015-01-24T17:51:47+08:00 ] /gisproject/ | INFO: Tag[ app_begin ] --END-- [ RunTime:0.002372s ]
[ 2015-01-24T17:51:47+08:00 ] /gisproject/ | INFO: Tag[ view_template ] --START--
[ 2015-01-24T17:51:47+08:00 ] /gisproject/ | INFO: Run LocationTemplate Behavior [ RunTime:0.001349s ]
[ 2015-01-24T17:51:47+08:00 ] /gisproject/ | INFO: Tag[ view_template ] --END-- [ RunTime:0.001611s ]
[ 2015-01-24T17:51:47+08:00 ] /gisproject/ | INFO: Tag[ view_parse ] --START--
[ 2015-01-24T17:51:47+08:00 ] /gisproject/ | NOTIC: [8] Undefined index:  username d046431aa157c89f3a1c30c426be003b.php 第 20 行.
[ 2015-01-24T17:51:47+08:00 ] /gisproject/ | INFO: Run ParseTemplate Behavior [ RunTime:0.030860s ]
[ 2015-01-24T17:51:47+08:00 ] /gisproject/ | INFO: Tag[ view_parse ] --END-- [ RunTime:0.031113s ]
[ 2015-01-24T17:51:47+08:00 ] /gisproject/ | INFO: Tag[ view_filter ] --START--
[ 2015-01-24T17:51:47+08:00 ] /gisproject/ | INFO: Run ContentReplace Behavior [ RunTime:0.001364s ]
[ 2015-01-24T17:51:47+08:00 ] /gisproject/ | INFO: Run TokenBuild Behavior [ RunTime:0.001504s ]
[ 2015-01-24T17:51:47+08:00 ] /gisproject/ | INFO: Run WriteHtmlCache Behavior [ RunTime:0.000953s ]
[ 2015-01-24T17:51:47+08:00 ] /gisproject/ | INFO: Run ShowRuntime Behavior [ RunTime:0.001632s ]
[ 2015-01-24T17:51:47+08:00 ] /gisproject/ | INFO: Tag[ view_filter ] --END-- [ RunTime:0.006193s ]
[ 2015-01-24T17:51:47+08:00 ] /gisproject/ | INFO: Tag[ view_end ] --START--
[ 2015-01-24T17:51:47+08:00 ] /gisproject/ | INFO: Run ShowPageTrace Behavior [ RunTime:0.001599s ]
[ 2015-01-24T17:51:47+08:00 ] /gisproject/ | INFO: Tag[ view_end ] --END-- [ RunTime:0.001844s ]
[ 2015-01-24T17:53:08+08:00 ] /gisproject/ | INFO: Tag[ app_begin ] --START--
[ 2015-01-24T17:53:08+08:00 ] /gisproject/ | INFO: Run ReadHtmlCache Behavior [ RunTime:0.003854s ]
[ 2015-01-24T17:53:08+08:00 ] /gisproject/ | INFO: Tag[ app_begin ] --END-- [ RunTime:0.004209s ]
[ 2015-01-24T17:53:08+08:00 ] /gisproject/ | INFO: Tag[ view_template ] --START--
[ 2015-01-24T17:53:08+08:00 ] /gisproject/ | INFO: Run LocationTemplate Behavior [ RunTime:0.005299s ]
[ 2015-01-24T17:53:08+08:00 ] /gisproject/ | INFO: Tag[ view_template ] --END-- [ RunTime:0.005594s ]
[ 2015-01-24T17:53:08+08:00 ] /gisproject/ | INFO: Tag[ view_parse ] --START--
[ 2015-01-24T17:53:08+08:00 ] /gisproject/ | NOTIC: [8] Undefined index:  username d046431aa157c89f3a1c30c426be003b.php 第 20 行.
[ 2015-01-24T17:53:08+08:00 ] /gisproject/ | INFO: Run ParseTemplate Behavior [ RunTime:0.041205s ]
[ 2015-01-24T17:53:08+08:00 ] /gisproject/ | INFO: Tag[ view_parse ] --END-- [ RunTime:0.041727s ]
[ 2015-01-24T17:53:08+08:00 ] /gisproject/ | INFO: Tag[ view_filter ] --START--
[ 2015-01-24T17:53:08+08:00 ] /gisproject/ | INFO: Run ContentReplace Behavior [ RunTime:0.003314s ]
[ 2015-01-24T17:53:08+08:00 ] /gisproject/ | INFO: Run TokenBuild Behavior [ RunTime:0.004137s ]
[ 2015-01-24T17:53:08+08:00 ] /gisproject/ | INFO: Run WriteHtmlCache Behavior [ RunTime:0.003452s ]
[ 2015-01-24T17:53:08+08:00 ] /gisproject/ | INFO: Run ShowRuntime Behavior [ RunTime:0.003773s ]
[ 2015-01-24T17:53:08+08:00 ] /gisproject/ | INFO: Tag[ view_filter ] --END-- [ RunTime:0.015666s ]
[ 2015-01-24T17:53:08+08:00 ] /gisproject/ | INFO: Tag[ view_end ] --START--
[ 2015-01-24T17:53:08+08:00 ] /gisproject/ | INFO: Run ShowPageTrace Behavior [ RunTime:0.003623s ]
[ 2015-01-24T17:53:08+08:00 ] /gisproject/ | INFO: Tag[ view_end ] --END-- [ RunTime:0.003882s ]
[ 2015-01-24T17:53:15+08:00 ] /gisproject/ | INFO: Tag[ app_begin ] --START--
[ 2015-01-24T17:53:15+08:00 ] /gisproject/ | INFO: Run ReadHtmlCache Behavior [ RunTime:0.002046s ]
[ 2015-01-24T17:53:15+08:00 ] /gisproject/ | INFO: Tag[ app_begin ] --END-- [ RunTime:0.002402s ]
[ 2015-01-24T17:53:15+08:00 ] /gisproject/ | INFO: Tag[ view_template ] --START--
[ 2015-01-24T17:53:15+08:00 ] /gisproject/ | INFO: Run LocationTemplate Behavior [ RunTime:0.001497s ]
[ 2015-01-24T17:53:15+08:00 ] /gisproject/ | INFO: Tag[ view_template ] --END-- [ RunTime:0.001784s ]
[ 2015-01-24T17:53:15+08:00 ] /gisproject/ | INFO: Tag[ view_parse ] --START--
[ 2015-01-24T17:53:15+08:00 ] /gisproject/ | NOTIC: [8] Undefined index:  username d046431aa157c89f3a1c30c426be003b.php 第 20 行.
[ 2015-01-24T17:53:15+08:00 ] /gisproject/ | INFO: Run ParseTemplate Behavior [ RunTime:0.032363s ]
[ 2015-01-24T17:53:15+08:00 ] /gisproject/ | INFO: Tag[ view_parse ] --END-- [ RunTime:0.032612s ]
[ 2015-01-24T17:53:15+08:00 ] /gisproject/ | INFO: Tag[ view_filter ] --START--
[ 2015-01-24T17:53:15+08:00 ] /gisproject/ | INFO: Run ContentReplace Behavior [ RunTime:0.001478s ]
[ 2015-01-24T17:53:15+08:00 ] /gisproject/ | INFO: Run TokenBuild Behavior [ RunTime:0.001555s ]
[ 2015-01-24T17:53:15+08:00 ] /gisproject/ | INFO: Run WriteHtmlCache Behavior [ RunTime:0.000816s ]
[ 2015-01-24T17:53:15+08:00 ] /gisproject/ | INFO: Run ShowRuntime Behavior [ RunTime:0.001402s ]
[ 2015-01-24T17:53:15+08:00 ] /gisproject/ | INFO: Tag[ view_filter ] --END-- [ RunTime:0.005959s ]
[ 2015-01-24T17:53:15+08:00 ] /gisproject/ | INFO: Tag[ view_end ] --START--
[ 2015-01-24T17:53:15+08:00 ] /gisproject/ | INFO: Run ShowPageTrace Behavior [ RunTime:0.001645s ]
[ 2015-01-24T17:53:15+08:00 ] /gisproject/ | INFO: Tag[ view_end ] --END-- [ RunTime:0.001865s ]
[ 2015-01-24T17:53:25+08:00 ] /gisproject/ | INFO: Tag[ app_begin ] --START--
[ 2015-01-24T17:53:25+08:00 ] /gisproject/ | INFO: Run ReadHtmlCache Behavior [ RunTime:0.001873s ]
[ 2015-01-24T17:53:25+08:00 ] /gisproject/ | INFO: Tag[ app_begin ] --END-- [ RunTime:0.002212s ]
[ 2015-01-24T17:53:25+08:00 ] /gisproject/ | INFO: Tag[ view_template ] --START--
[ 2015-01-24T17:53:25+08:00 ] /gisproject/ | INFO: Run LocationTemplate Behavior [ RunTime:0.001374s ]
[ 2015-01-24T17:53:25+08:00 ] /gisproject/ | INFO: Tag[ view_template ] --END-- [ RunTime:0.001616s ]
[ 2015-01-24T17:53:25+08:00 ] /gisproject/ | INFO: Tag[ view_parse ] --START--
[ 2015-01-24T17:53:25+08:00 ] /gisproject/ | NOTIC: [8] Undefined index:  username d046431aa157c89f3a1c30c426be003b.php 第 20 行.
[ 2015-01-24T17:53:25+08:00 ] /gisproject/ | INFO: Run ParseTemplate Behavior [ RunTime:0.030188s ]
[ 2015-01-24T17:53:25+08:00 ] /gisproject/ | INFO: Tag[ view_parse ] --END-- [ RunTime:0.030440s ]
[ 2015-01-24T17:53:25+08:00 ] /gisproject/ | INFO: Tag[ view_filter ] --START--
[ 2015-01-24T17:53:25+08:00 ] /gisproject/ | INFO: Run ContentReplace Behavior [ RunTime:0.001480s ]
[ 2015-01-24T17:53:25+08:00 ] /gisproject/ | INFO: Run TokenBuild Behavior [ RunTime:0.001434s ]
[ 2015-01-24T17:53:25+08:00 ] /gisproject/ | INFO: Run WriteHtmlCache Behavior [ RunTime:0.001040s ]
[ 2015-01-24T17:53:25+08:00 ] /gisproject/ | INFO: Run ShowRuntime Behavior [ RunTime:0.001568s ]
[ 2015-01-24T17:53:25+08:00 ] /gisproject/ | INFO: Tag[ view_filter ] --END-- [ RunTime:0.006214s ]
[ 2015-01-24T17:53:25+08:00 ] /gisproject/ | INFO: Tag[ view_end ] --START--
[ 2015-01-24T17:53:25+08:00 ] /gisproject/ | INFO: Run ShowPageTrace Behavior [ RunTime:0.001558s ]
[ 2015-01-24T17:53:25+08:00 ] /gisproject/ | INFO: Tag[ view_end ] --END-- [ RunTime:0.001798s ]
[ 2015-01-24T17:53:31+08:00 ] /gisproject/ | INFO: Tag[ app_begin ] --START--
[ 2015-01-24T17:53:31+08:00 ] /gisproject/ | INFO: Run ReadHtmlCache Behavior [ RunTime:0.004924s ]
[ 2015-01-24T17:53:31+08:00 ] /gisproject/ | INFO: Tag[ app_begin ] --END-- [ RunTime:0.005267s ]
[ 2015-01-24T17:53:31+08:00 ] /gisproject/ | INFO: Tag[ view_template ] --START--
[ 2015-01-24T17:53:31+08:00 ] /gisproject/ | INFO: Run LocationTemplate Behavior [ RunTime:0.005607s ]
[ 2015-01-24T17:53:31+08:00 ] /gisproject/ | INFO: Tag[ view_template ] --END-- [ RunTime:0.005889s ]
[ 2015-01-24T17:53:31+08:00 ] /gisproject/ | INFO: Tag[ view_parse ] --START--
[ 2015-01-24T17:53:31+08:00 ] /gisproject/ | NOTIC: [8] Undefined index:  username d046431aa157c89f3a1c30c426be003b.php 第 20 行.
[ 2015-01-24T17:53:31+08:00 ] /gisproject/ | INFO: Run ParseTemplate Behavior [ RunTime:0.061944s ]
[ 2015-01-24T17:53:31+08:00 ] /gisproject/ | INFO: Tag[ view_parse ] --END-- [ RunTime:0.062181s ]
[ 2015-01-24T17:53:31+08:00 ] /gisproject/ | INFO: Tag[ view_filter ] --START--
[ 2015-01-24T17:53:31+08:00 ] /gisproject/ | INFO: Run ContentReplace Behavior [ RunTime:0.003196s ]
[ 2015-01-24T17:53:31+08:00 ] /gisproject/ | INFO: Run TokenBuild Behavior [ RunTime:0.003600s ]
[ 2015-01-24T17:53:31+08:00 ] /gisproject/ | INFO: Run WriteHtmlCache Behavior [ RunTime:0.002903s ]
[ 2015-01-24T17:53:31+08:00 ] /gisproject/ | INFO: Run ShowRuntime Behavior [ RunTime:0.003628s ]
[ 2015-01-24T17:53:31+08:00 ] /gisproject/ | INFO: Tag[ view_filter ] --END-- [ RunTime:0.014520s ]
[ 2015-01-24T17:53:31+08:00 ] /gisproject/ | INFO: Tag[ view_end ] --START--
[ 2015-01-24T17:53:31+08:00 ] /gisproject/ | INFO: Run ShowPageTrace Behavior [ RunTime:0.006564s ]
[ 2015-01-24T17:53:31+08:00 ] /gisproject/ | INFO: Tag[ view_end ] --END-- [ RunTime:0.006813s ]
[ 2015-01-24T17:53:44+08:00 ] /gisproject/ | INFO: Tag[ app_begin ] --START--
[ 2015-01-24T17:53:44+08:00 ] /gisproject/ | INFO: Run ReadHtmlCache Behavior [ RunTime:0.001887s ]
[ 2015-01-24T17:53:44+08:00 ] /gisproject/ | INFO: Tag[ app_begin ] --END-- [ RunTime:0.002220s ]
[ 2015-01-24T17:53:44+08:00 ] /gisproject/ | INFO: Tag[ view_template ] --START--
[ 2015-01-24T17:53:44+08:00 ] /gisproject/ | INFO: Run LocationTemplate Behavior [ RunTime:0.001902s ]
[ 2015-01-24T17:53:44+08:00 ] /gisproject/ | INFO: Tag[ view_template ] --END-- [ RunTime:0.002171s ]
[ 2015-01-24T17:53:44+08:00 ] /gisproject/ | INFO: Tag[ view_parse ] --START--
[ 2015-01-24T17:53:44+08:00 ] /gisproject/ | NOTIC: [8] Undefined index:  username d046431aa157c89f3a1c30c426be003b.php 第 20 行.
[ 2015-01-24T17:53:44+08:00 ] /gisproject/ | INFO: Run ParseTemplate Behavior [ RunTime:0.030261s ]
[ 2015-01-24T17:53:44+08:00 ] /gisproject/ | INFO: Tag[ view_parse ] --END-- [ RunTime:0.030509s ]
[ 2015-01-24T17:53:44+08:00 ] /gisproject/ | INFO: Tag[ view_filter ] --START--
[ 2015-01-24T17:53:44+08:00 ] /gisproject/ | INFO: Run ContentReplace Behavior [ RunTime:0.001370s ]
[ 2015-01-24T17:53:44+08:00 ] /gisproject/ | INFO: Run TokenBuild Behavior [ RunTime:0.001454s ]
[ 2015-01-24T17:53:44+08:00 ] /gisproject/ | INFO: Run WriteHtmlCache Behavior [ RunTime:0.000891s ]
[ 2015-01-24T17:53:44+08:00 ] /gisproject/ | INFO: Run ShowRuntime Behavior [ RunTime:0.001731s ]
[ 2015-01-24T17:53:44+08:00 ] /gisproject/ | INFO: Tag[ view_filter ] --END-- [ RunTime:0.006267s ]
[ 2015-01-24T17:53:44+08:00 ] /gisproject/ | INFO: Tag[ view_end ] --START--
[ 2015-01-24T17:53:44+08:00 ] /gisproject/ | INFO: Run ShowPageTrace Behavior [ RunTime:0.001656s ]
[ 2015-01-24T17:53:44+08:00 ] /gisproject/ | INFO: Tag[ view_end ] --END-- [ RunTime:0.001904s ]
[ 2015-01-24T18:05:16+08:00 ] /gisproject/ | INFO: Tag[ app_begin ] --START--
[ 2015-01-24T18:05:16+08:00 ] /gisproject/ | INFO: Run ReadHtmlCache Behavior [ RunTime:0.004112s ]
[ 2015-01-24T18:05:16+08:00 ] /gisproject/ | INFO: Tag[ app_begin ] --END-- [ RunTime:0.008041s ]
[ 2015-01-24T18:05:16+08:00 ] /gisproject/ | INFO: Tag[ view_template ] --START--
[ 2015-01-24T18:05:16+08:00 ] /gisproject/ | INFO: Run LocationTemplate Behavior [ RunTime:0.005663s ]
[ 2015-01-24T18:05:16+08:00 ] /gisproject/ | INFO: Tag[ view_template ] --END-- [ RunTime:0.005949s ]
[ 2015-01-24T18:05:16+08:00 ] /gisproject/ | INFO: Tag[ view_parse ] --START--
[ 2015-01-24T18:05:16+08:00 ] /gisproject/ | NOTIC: [8] Undefined index:  username d046431aa157c89f3a1c30c426be003b.php 第 20 行.
[ 2015-01-24T18:05:16+08:00 ] /gisproject/ | INFO: Run ParseTemplate Behavior [ RunTime:0.043715s ]
[ 2015-01-24T18:05:16+08:00 ] /gisproject/ | INFO: Tag[ view_parse ] --END-- [ RunTime:0.043968s ]
[ 2015-01-24T18:05:16+08:00 ] /gisproject/ | INFO: Tag[ view_filter ] --START--
[ 2015-01-24T18:05:16+08:00 ] /gisproject/ | INFO: Run ContentReplace Behavior [ RunTime:0.003411s ]
[ 2015-01-24T18:05:16+08:00 ] /gisproject/ | INFO: Run TokenBuild Behavior [ RunTime:0.003594s ]
[ 2015-01-24T18:05:16+08:00 ] /gisproject/ | INFO: Run WriteHtmlCache Behavior [ RunTime:0.003497s ]
[ 2015-01-24T18:05:16+08:00 ] /gisproject/ | INFO: Run ShowRuntime Behavior [ RunTime:0.003683s ]
[ 2015-01-24T18:05:16+08:00 ] /gisproject/ | INFO: Tag[ view_filter ] --END-- [ RunTime:0.015468s ]
[ 2015-01-24T18:05:16+08:00 ] /gisproject/ | INFO: Tag[ view_end ] --START--
[ 2015-01-24T18:05:16+08:00 ] /gisproject/ | INFO: Run ShowPageTrace Behavior [ RunTime:0.004807s ]
[ 2015-01-24T18:05:16+08:00 ] /gisproject/ | INFO: Tag[ view_end ] --END-- [ RunTime:0.005055s ]
[ 2015-01-24T18:06:28+08:00 ] /gisproject/ | INFO: Tag[ app_begin ] --START--
[ 2015-01-24T18:06:28+08:00 ] /gisproject/ | INFO: Run ReadHtmlCache Behavior [ RunTime:0.004663s ]
[ 2015-01-24T18:06:28+08:00 ] /gisproject/ | INFO: Tag[ app_begin ] --END-- [ RunTime:0.005010s ]
[ 2015-01-24T18:06:28+08:00 ] /gisproject/ | INFO: Tag[ view_template ] --START--
[ 2015-01-24T18:06:28+08:00 ] /gisproject/ | INFO: Run LocationTemplate Behavior [ RunTime:0.005660s ]
[ 2015-01-24T18:06:28+08:00 ] /gisproject/ | INFO: Tag[ view_template ] --END-- [ RunTime:0.005946s ]
[ 2015-01-24T18:06:28+08:00 ] /gisproject/ | INFO: Tag[ view_parse ] --START--
[ 2015-01-24T18:06:28+08:00 ] /gisproject/ | NOTIC: [8] Undefined index:  username d046431aa157c89f3a1c30c426be003b.php 第 20 行.
[ 2015-01-24T18:06:28+08:00 ] /gisproject/ | INFO: Run ParseTemplate Behavior [ RunTime:0.044922s ]
[ 2015-01-24T18:06:28+08:00 ] /gisproject/ | INFO: Tag[ view_parse ] --END-- [ RunTime:0.045166s ]
[ 2015-01-24T18:06:28+08:00 ] /gisproject/ | INFO: Tag[ view_filter ] --START--
[ 2015-01-24T18:06:28+08:00 ] /gisproject/ | INFO: Run ContentReplace Behavior [ RunTime:0.003235s ]
[ 2015-01-24T18:06:28+08:00 ] /gisproject/ | INFO: Run TokenBuild Behavior [ RunTime:0.003396s ]
[ 2015-01-24T18:06:28+08:00 ] /gisproject/ | INFO: Run WriteHtmlCache Behavior [ RunTime:0.003048s ]
[ 2015-01-24T18:06:28+08:00 ] /gisproject/ | INFO: Run ShowRuntime Behavior [ RunTime:0.003669s ]
[ 2015-01-24T18:06:28+08:00 ] /gisproject/ | INFO: Tag[ view_filter ] --END-- [ RunTime:0.015091s ]
[ 2015-01-24T18:06:28+08:00 ] /gisproject/ | INFO: Tag[ view_end ] --START--
[ 2015-01-24T18:06:28+08:00 ] /gisproject/ | INFO: Run ShowPageTrace Behavior [ RunTime:0.004636s ]
[ 2015-01-24T18:06:28+08:00 ] /gisproject/ | INFO: Tag[ view_end ] --END-- [ RunTime:0.004897s ]
[ 2015-01-24T18:11:26+08:00 ] /gisproject/ | INFO: Tag[ app_begin ] --START--
[ 2015-01-24T18:11:26+08:00 ] /gisproject/ | INFO: Run ReadHtmlCache Behavior [ RunTime:0.003672s ]
[ 2015-01-24T18:11:26+08:00 ] /gisproject/ | INFO: Tag[ app_begin ] --END-- [ RunTime:0.004034s ]
[ 2015-01-24T18:11:26+08:00 ] /gisproject/ | INFO: Tag[ view_template ] --START--
[ 2015-01-24T18:11:26+08:00 ] /gisproject/ | INFO: Run LocationTemplate Behavior [ RunTime:0.004794s ]
[ 2015-01-24T18:11:26+08:00 ] /gisproject/ | INFO: Tag[ view_template ] --END-- [ RunTime:0.005079s ]
[ 2015-01-24T18:11:26+08:00 ] /gisproject/ | INFO: Tag[ view_parse ] --START--
[ 2015-01-24T18:11:26+08:00 ] /gisproject/ | NOTIC: [8] Undefined index:  username d046431aa157c89f3a1c30c426be003b.php 第 20 行.
[ 2015-01-24T18:11:26+08:00 ] /gisproject/ | INFO: Run ParseTemplate Behavior [ RunTime:0.036933s ]
[ 2015-01-24T18:11:26+08:00 ] /gisproject/ | INFO: Tag[ view_parse ] --END-- [ RunTime:0.037224s ]
[ 2015-01-24T18:11:26+08:00 ] /gisproject/ | INFO: Tag[ view_filter ] --START--
[ 2015-01-24T18:11:26+08:00 ] /gisproject/ | INFO: Run ContentReplace Behavior [ RunTime:0.003062s ]
[ 2015-01-24T18:11:26+08:00 ] /gisproject/ | INFO: Run TokenBuild Behavior [ RunTime:0.003733s ]
[ 2015-01-24T18:11:26+08:00 ] /gisproject/ | INFO: Run WriteHtmlCache Behavior [ RunTime:0.003327s ]
[ 2015-01-24T18:11:26+08:00 ] /gisproject/ | INFO: Run ShowRuntime Behavior [ RunTime:0.003248s ]
[ 2015-01-24T18:11:26+08:00 ] /gisproject/ | INFO: Tag[ view_filter ] --END-- [ RunTime:0.013984s ]
[ 2015-01-24T18:11:26+08:00 ] /gisproject/ | INFO: Tag[ view_end ] --START--
[ 2015-01-24T18:11:26+08:00 ] /gisproject/ | INFO: Run ShowPageTrace Behavior [ RunTime:0.004284s ]
[ 2015-01-24T18:11:26+08:00 ] /gisproject/ | INFO: Tag[ view_end ] --END-- [ RunTime:0.004505s ]
[ 2015-01-24T18:14:09+08:00 ] /gisproject/ | INFO: Tag[ app_begin ] --START--
[ 2015-01-24T18:14:09+08:00 ] /gisproject/ | INFO: Run ReadHtmlCache Behavior [ RunTime:0.003819s ]
[ 2015-01-24T18:14:09+08:00 ] /gisproject/ | INFO: Tag[ app_begin ] --END-- [ RunTime:0.004137s ]
[ 2015-01-24T18:14:09+08:00 ] /gisproject/ | INFO: Tag[ view_template ] --START--
[ 2015-01-24T18:14:09+08:00 ] /gisproject/ | INFO: Run LocationTemplate Behavior [ RunTime:0.004560s ]
[ 2015-01-24T18:14:09+08:00 ] /gisproject/ | INFO: Tag[ view_template ] --END-- [ RunTime:0.004841s ]
[ 2015-01-24T18:14:09+08:00 ] /gisproject/ | INFO: Tag[ view_parse ] --START--
[ 2015-01-24T18:14:09+08:00 ] /gisproject/ | NOTIC: [8] Undefined index:  username d046431aa157c89f3a1c30c426be003b.php 第 20 行.
[ 2015-01-24T18:14:09+08:00 ] /gisproject/ | INFO: Run ParseTemplate Behavior [ RunTime:0.042168s ]
[ 2015-01-24T18:14:09+08:00 ] /gisproject/ | INFO: Tag[ view_parse ] --END-- [ RunTime:0.042398s ]
[ 2015-01-24T18:14:09+08:00 ] /gisproject/ | INFO: Tag[ view_filter ] --START--
[ 2015-01-24T18:14:09+08:00 ] /gisproject/ | INFO: Run ContentReplace Behavior [ RunTime:0.003201s ]
[ 2015-01-24T18:14:09+08:00 ] /gisproject/ | INFO: Run TokenBuild Behavior [ RunTime:0.003495s ]
[ 2015-01-24T18:14:09+08:00 ] /gisproject/ | INFO: Run WriteHtmlCache Behavior [ RunTime:0.003004s ]
[ 2015-01-24T18:14:09+08:00 ] /gisproject/ | INFO: Run ShowRuntime Behavior [ RunTime:0.003069s ]
[ 2015-01-24T18:14:09+08:00 ] /gisproject/ | INFO: Tag[ view_filter ] --END-- [ RunTime:0.013456s ]
[ 2015-01-24T18:14:09+08:00 ] /gisproject/ | INFO: Tag[ view_end ] --START--
[ 2015-01-24T18:14:09+08:00 ] /gisproject/ | INFO: Run ShowPageTrace Behavior [ RunTime:0.003330s ]
[ 2015-01-24T18:14:09+08:00 ] /gisproject/ | INFO: Tag[ view_end ] --END-- [ RunTime:0.003548s ]
[ 2015-01-24T18:14:16+08:00 ] /gisproject/ | INFO: Tag[ app_begin ] --START--
[ 2015-01-24T18:14:16+08:00 ] /gisproject/ | INFO: Run ReadHtmlCache Behavior [ RunTime:0.003588s ]
[ 2015-01-24T18:14:16+08:00 ] /gisproject/ | INFO: Tag[ app_begin ] --END-- [ RunTime:0.003902s ]
[ 2015-01-24T18:14:16+08:00 ] /gisproject/ | INFO: Tag[ view_template ] --START--
[ 2015-01-24T18:14:16+08:00 ] /gisproject/ | INFO: Run LocationTemplate Behavior [ RunTime:0.004600s ]
[ 2015-01-24T18:14:16+08:00 ] /gisproject/ | INFO: Tag[ view_template ] --END-- [ RunTime:0.004860s ]
[ 2015-01-24T18:14:16+08:00 ] /gisproject/ | INFO: Tag[ view_parse ] --START--
[ 2015-01-24T18:14:16+08:00 ] /gisproject/ | NOTIC: [8] Undefined index:  username d046431aa157c89f3a1c30c426be003b.php 第 20 行.
[ 2015-01-24T18:14:16+08:00 ] /gisproject/ | INFO: Run ParseTemplate Behavior [ RunTime:0.036300s ]
[ 2015-01-24T18:14:16+08:00 ] /gisproject/ | INFO: Tag[ view_parse ] --END-- [ RunTime:0.036521s ]
[ 2015-01-24T18:14:16+08:00 ] /gisproject/ | INFO: Tag[ view_filter ] --START--
[ 2015-01-24T18:14:16+08:00 ] /gisproject/ | INFO: Run ContentReplace Behavior [ RunTime:0.003216s ]
[ 2015-01-24T18:14:16+08:00 ] /gisproject/ | INFO: Run TokenBuild Behavior [ RunTime:0.003123s ]
[ 2015-01-24T18:14:16+08:00 ] /gisproject/ | INFO: Run WriteHtmlCache Behavior [ RunTime:0.002870s ]
[ 2015-01-24T18:14:16+08:00 ] /gisproject/ | INFO: Run ShowRuntime Behavior [ RunTime:0.003344s ]
[ 2015-01-24T18:14:16+08:00 ] /gisproject/ | INFO: Tag[ view_filter ] --END-- [ RunTime:0.013353s ]
[ 2015-01-24T18:14:16+08:00 ] /gisproject/ | INFO: Tag[ view_end ] --START--
[ 2015-01-24T18:14:16+08:00 ] /gisproject/ | INFO: Run ShowPageTrace Behavior [ RunTime:0.003285s ]
[ 2015-01-24T18:14:16+08:00 ] /gisproject/ | INFO: Tag[ view_end ] --END-- [ RunTime:0.003532s ]
[ 2015-01-24T18:15:01+08:00 ] /gisproject/ | INFO: Tag[ app_begin ] --START--
[ 2015-01-24T18:15:01+08:00 ] /gisproject/ | INFO: Run ReadHtmlCache Behavior [ RunTime:0.001849s ]
[ 2015-01-24T18:15:01+08:00 ] /gisproject/ | INFO: Tag[ app_begin ] --END-- [ RunTime:0.002180s ]
[ 2015-01-24T18:15:01+08:00 ] /gisproject/ | INFO: Tag[ view_template ] --START--
[ 2015-01-24T18:15:01+08:00 ] /gisproject/ | INFO: Run LocationTemplate Behavior [ RunTime:0.001311s ]
[ 2015-01-24T18:15:01+08:00 ] /gisproject/ | INFO: Tag[ view_template ] --END-- [ RunTime:0.001562s ]
[ 2015-01-24T18:15:01+08:00 ] /gisproject/ | INFO: Tag[ view_parse ] --START--
[ 2015-01-24T18:15:01+08:00 ] /gisproject/ | NOTIC: [8] Undefined index:  username d046431aa157c89f3a1c30c426be003b.php 第 20 行.
[ 2015-01-24T18:15:01+08:00 ] /gisproject/ | INFO: Run ParseTemplate Behavior [ RunTime:0.030378s ]
[ 2015-01-24T18:15:01+08:00 ] /gisproject/ | INFO: Tag[ view_parse ] --END-- [ RunTime:0.030621s ]
[ 2015-01-24T18:15:01+08:00 ] /gisproject/ | INFO: Tag[ view_filter ] --START--
[ 2015-01-24T18:15:01+08:00 ] /gisproject/ | INFO: Run ContentReplace Behavior [ RunTime:0.001322s ]
[ 2015-01-24T18:15:01+08:00 ] /gisproject/ | INFO: Run TokenBuild Behavior [ RunTime:0.001419s ]
[ 2015-01-24T18:15:01+08:00 ] /gisproject/ | INFO: Run WriteHtmlCache Behavior [ RunTime:0.000894s ]
[ 2015-01-24T18:15:01+08:00 ] /gisproject/ | INFO: Run ShowRuntime Behavior [ RunTime:0.001562s ]
[ 2015-01-24T18:15:01+08:00 ] /gisproject/ | INFO: Tag[ view_filter ] --END-- [ RunTime:0.005869s ]
[ 2015-01-24T18:15:01+08:00 ] /gisproject/ | INFO: Tag[ view_end ] --START--
[ 2015-01-24T18:15:01+08:00 ] /gisproject/ | INFO: Run ShowPageTrace Behavior [ RunTime:0.001696s ]
[ 2015-01-24T18:15:01+08:00 ] /gisproject/ | INFO: Tag[ view_end ] --END-- [ RunTime:0.001934s ]
[ 2015-01-24T18:17:36+08:00 ] /gisproject/ | INFO: Tag[ app_begin ] --START--
[ 2015-01-24T18:17:36+08:00 ] /gisproject/ | INFO: Run ReadHtmlCache Behavior [ RunTime:0.003727s ]
[ 2015-01-24T18:17:36+08:00 ] /gisproject/ | INFO: Tag[ app_begin ] --END-- [ RunTime:0.004054s ]
[ 2015-01-24T18:17:36+08:00 ] /gisproject/ | INFO: Tag[ view_template ] --START--
[ 2015-01-24T18:17:36+08:00 ] /gisproject/ | INFO: Run LocationTemplate Behavior [ RunTime:0.004481s ]
[ 2015-01-24T18:17:36+08:00 ] /gisproject/ | INFO: Tag[ view_template ] --END-- [ RunTime:0.004725s ]
[ 2015-01-24T18:17:36+08:00 ] /gisproject/ | INFO: Tag[ view_parse ] --START--
[ 2015-01-24T18:17:36+08:00 ] /gisproject/ | NOTIC: [8] Undefined index:  username d046431aa157c89f3a1c30c426be003b.php 第 20 行.
[ 2015-01-24T18:17:36+08:00 ] /gisproject/ | INFO: Run ParseTemplate Behavior [ RunTime:0.037723s ]
[ 2015-01-24T18:17:36+08:00 ] /gisproject/ | INFO: Tag[ view_parse ] --END-- [ RunTime:0.037947s ]
[ 2015-01-24T18:17:36+08:00 ] /gisproject/ | INFO: Tag[ view_filter ] --START--
[ 2015-01-24T18:17:36+08:00 ] /gisproject/ | INFO: Run ContentReplace Behavior [ RunTime:0.003554s ]
[ 2015-01-24T18:17:36+08:00 ] /gisproject/ | INFO: Run TokenBuild Behavior [ RunTime:0.003056s ]
[ 2015-01-24T18:17:36+08:00 ] /gisproject/ | INFO: Run WriteHtmlCache Behavior [ RunTime:0.002514s ]
[ 2015-01-24T18:17:36+08:00 ] /gisproject/ | INFO: Run ShowRuntime Behavior [ RunTime:0.003699s ]
[ 2015-01-24T18:17:36+08:00 ] /gisproject/ | INFO: Tag[ view_filter ] --END-- [ RunTime:0.013704s ]
[ 2015-01-24T18:17:36+08:00 ] /gisproject/ | INFO: Tag[ view_end ] --START--
[ 2015-01-24T18:17:36+08:00 ] /gisproject/ | INFO: Run ShowPageTrace Behavior [ RunTime:0.005890s ]
[ 2015-01-24T18:17:36+08:00 ] /gisproject/ | INFO: Tag[ view_end ] --END-- [ RunTime:0.006128s ]
[ 2015-01-24T18:28:40+08:00 ] /gisproject/ | INFO: Tag[ app_begin ] --START--
[ 2015-01-24T18:28:40+08:00 ] /gisproject/ | INFO: Run ReadHtmlCache Behavior [ RunTime:0.005695s ]
[ 2015-01-24T18:28:40+08:00 ] /gisproject/ | INFO: Tag[ app_begin ] --END-- [ RunTime:0.006111s ]
[ 2015-01-24T18:28:40+08:00 ] /gisproject/ | INFO: Tag[ view_template ] --START--
[ 2015-01-24T18:28:40+08:00 ] /gisproject/ | INFO: Run LocationTemplate Behavior [ RunTime:0.007589s ]
[ 2015-01-24T18:28:40+08:00 ] /gisproject/ | INFO: Tag[ view_template ] --END-- [ RunTime:0.007861s ]
[ 2015-01-24T18:28:40+08:00 ] /gisproject/ | INFO: Tag[ view_parse ] --START--
[ 2015-01-24T18:28:40+08:00 ] /gisproject/ | NOTIC: [8] Undefined index:  username d046431aa157c89f3a1c30c426be003b.php 第 20 行.
[ 2015-01-24T18:28:40+08:00 ] /gisproject/ | INFO: Run ParseTemplate Behavior [ RunTime:0.043990s ]
[ 2015-01-24T18:28:40+08:00 ] /gisproject/ | INFO: Tag[ view_parse ] --END-- [ RunTime:0.044719s ]
[ 2015-01-24T18:28:40+08:00 ] /gisproject/ | INFO: Tag[ view_filter ] --START--
[ 2015-01-24T18:28:40+08:00 ] /gisproject/ | INFO: Run ContentReplace Behavior [ RunTime:0.003360s ]
[ 2015-01-24T18:28:40+08:00 ] /gisproject/ | INFO: Run TokenBuild Behavior [ RunTime:0.002932s ]
[ 2015-01-24T18:28:40+08:00 ] /gisproject/ | INFO: Run WriteHtmlCache Behavior [ RunTime:0.002529s ]
[ 2015-01-24T18:28:40+08:00 ] /gisproject/ | INFO: Run ShowRuntime Behavior [ RunTime:0.003309s ]
[ 2015-01-24T18:28:40+08:00 ] /gisproject/ | INFO: Tag[ view_filter ] --END-- [ RunTime:0.012826s ]
[ 2015-01-24T18:28:40+08:00 ] /gisproject/ | INFO: Tag[ view_end ] --START--
[ 2015-01-24T18:28:40+08:00 ] /gisproject/ | INFO: Run ShowPageTrace Behavior [ RunTime:0.003529s ]
[ 2015-01-24T18:28:40+08:00 ] /gisproject/ | INFO: Tag[ view_end ] --END-- [ RunTime:0.003772s ]
[ 2015-01-24T18:29:38+08:00 ] /gisproject/ | INFO: Tag[ app_begin ] --START--
[ 2015-01-24T18:29:38+08:00 ] /gisproject/ | INFO: Run ReadHtmlCache Behavior [ RunTime:0.003825s ]
[ 2015-01-24T18:29:38+08:00 ] /gisproject/ | INFO: Tag[ app_begin ] --END-- [ RunTime:0.004136s ]
[ 2015-01-24T18:29:38+08:00 ] /gisproject/ | INFO: Tag[ view_template ] --START--
[ 2015-01-24T18:29:38+08:00 ] /gisproject/ | INFO: Run LocationTemplate Behavior [ RunTime:0.027285s ]
[ 2015-01-24T18:29:38+08:00 ] /gisproject/ | INFO: Tag[ view_template ] --END-- [ RunTime:0.027542s ]
[ 2015-01-24T18:29:38+08:00 ] /gisproject/ | INFO: Tag[ view_parse ] --START--
[ 2015-01-24T18:29:38+08:00 ] /gisproject/ | NOTIC: [8] Undefined index:  username d046431aa157c89f3a1c30c426be003b.php 第 20 行.
[ 2015-01-24T18:29:38+08:00 ] /gisproject/ | INFO: Run ParseTemplate Behavior [ RunTime:0.061724s ]
[ 2015-01-24T18:29:38+08:00 ] /gisproject/ | INFO: Tag[ view_parse ] --END-- [ RunTime:0.061978s ]
[ 2015-01-24T18:29:38+08:00 ] /gisproject/ | INFO: Tag[ view_filter ] --START--
[ 2015-01-24T18:29:38+08:00 ] /gisproject/ | INFO: Run ContentReplace Behavior [ RunTime:0.003459s ]
[ 2015-01-24T18:29:38+08:00 ] /gisproject/ | INFO: Run TokenBuild Behavior [ RunTime:0.003473s ]
[ 2015-01-24T18:29:38+08:00 ] /gisproject/ | INFO: Run WriteHtmlCache Behavior [ RunTime:0.002531s ]
[ 2015-01-24T18:29:38+08:00 ] /gisproject/ | INFO: Run ShowRuntime Behavior [ RunTime:0.003120s ]
[ 2015-01-24T18:29:38+08:00 ] /gisproject/ | INFO: Tag[ view_filter ] --END-- [ RunTime:0.013248s ]
[ 2015-01-24T18:29:38+08:00 ] /gisproject/ | INFO: Tag[ view_end ] --START--
[ 2015-01-24T18:29:38+08:00 ] /gisproject/ | INFO: Run ShowPageTrace Behavior [ RunTime:0.003142s ]
[ 2015-01-24T18:29:38+08:00 ] /gisproject/ | INFO: Tag[ view_end ] --END-- [ RunTime:0.003489s ]
[ 2015-01-24T18:30:02+08:00 ] /gisproject/ | INFO: Tag[ app_begin ] --START--
[ 2015-01-24T18:30:02+08:00 ] /gisproject/ | INFO: Run ReadHtmlCache Behavior [ RunTime:0.001869s ]
[ 2015-01-24T18:30:02+08:00 ] /gisproject/ | INFO: Tag[ app_begin ] --END-- [ RunTime:0.002208s ]
[ 2015-01-24T18:30:02+08:00 ] /gisproject/ | INFO: Tag[ view_template ] --START--
[ 2015-01-24T18:30:02+08:00 ] /gisproject/ | INFO: Run LocationTemplate Behavior [ RunTime:0.001736s ]
[ 2015-01-24T18:30:02+08:00 ] /gisproject/ | INFO: Tag[ view_template ] --END-- [ RunTime:0.002005s ]
[ 2015-01-24T18:30:02+08:00 ] /gisproject/ | INFO: Tag[ view_parse ] --START--
[ 2015-01-24T18:30:02+08:00 ] /gisproject/ | NOTIC: [8] Undefined index:  username d046431aa157c89f3a1c30c426be003b.php 第 20 行.
[ 2015-01-24T18:30:02+08:00 ] /gisproject/ | INFO: Run ParseTemplate Behavior [ RunTime:0.026745s ]
[ 2015-01-24T18:30:02+08:00 ] /gisproject/ | INFO: Tag[ view_parse ] --END-- [ RunTime:0.026981s ]
[ 2015-01-24T18:30:02+08:00 ] /gisproject/ | INFO: Tag[ view_filter ] --START--
[ 2015-01-24T18:30:02+08:00 ] /gisproject/ | INFO: Run ContentReplace Behavior [ RunTime:0.001222s ]
[ 2015-01-24T18:30:02+08:00 ] /gisproject/ | INFO: Run TokenBuild Behavior [ RunTime:0.001413s ]
[ 2015-01-24T18:30:02+08:00 ] /gisproject/ | INFO: Run WriteHtmlCache Behavior [ RunTime:0.000833s ]
[ 2015-01-24T18:30:02+08:00 ] /gisproject/ | INFO: Run ShowRuntime Behavior [ RunTime:0.001408s ]
[ 2015-01-24T18:30:02+08:00 ] /gisproject/ | INFO: Tag[ view_filter ] --END-- [ RunTime:0.005513s ]
[ 2015-01-24T18:30:02+08:00 ] /gisproject/ | INFO: Tag[ view_end ] --START--
[ 2015-01-24T18:30:02+08:00 ] /gisproject/ | INFO: Run ShowPageTrace Behavior [ RunTime:0.001574s ]
[ 2015-01-24T18:30:02+08:00 ] /gisproject/ | INFO: Tag[ view_end ] --END-- [ RunTime:0.001810s ]
[ 2015-01-24T18:30:11+08:00 ] /gisproject/ | INFO: Tag[ app_begin ] --START--
[ 2015-01-24T18:30:11+08:00 ] /gisproject/ | INFO: Run ReadHtmlCache Behavior [ RunTime:0.004202s ]
[ 2015-01-24T18:30:11+08:00 ] /gisproject/ | INFO: Tag[ app_begin ] --END-- [ RunTime:0.005266s ]
[ 2015-01-24T18:30:11+08:00 ] /gisproject/ | INFO: Tag[ view_template ] --START--
[ 2015-01-24T18:30:11+08:00 ] /gisproject/ | INFO: Run LocationTemplate Behavior [ RunTime:0.005524s ]
[ 2015-01-24T18:30:11+08:00 ] /gisproject/ | INFO: Tag[ view_template ] --END-- [ RunTime:0.005803s ]
[ 2015-01-24T18:30:11+08:00 ] /gisproject/ | INFO: Tag[ view_parse ] --START--
[ 2015-01-24T18:30:11+08:00 ] /gisproject/ | NOTIC: [8] Undefined index:  username d046431aa157c89f3a1c30c426be003b.php 第 20 行.
[ 2015-01-24T18:30:11+08:00 ] /gisproject/ | INFO: Run ParseTemplate Behavior [ RunTime:0.035461s ]
[ 2015-01-24T18:30:11+08:00 ] /gisproject/ | INFO: Tag[ view_parse ] --END-- [ RunTime:0.035692s ]
[ 2015-01-24T18:30:11+08:00 ] /gisproject/ | INFO: Tag[ view_filter ] --START--
[ 2015-01-24T18:30:11+08:00 ] /gisproject/ | INFO: Run ContentReplace Behavior [ RunTime:0.002880s ]
[ 2015-01-24T18:30:11+08:00 ] /gisproject/ | INFO: Run TokenBuild Behavior [ RunTime:0.002914s ]
[ 2015-01-24T18:30:11+08:00 ] /gisproject/ | INFO: Run WriteHtmlCache Behavior [ RunTime:0.002567s ]
[ 2015-01-24T18:30:11+08:00 ] /gisproject/ | INFO: Run ShowRuntime Behavior [ RunTime:0.003396s ]
[ 2015-01-24T18:30:11+08:00 ] /gisproject/ | INFO: Tag[ view_filter ] --END-- [ RunTime:0.012368s ]
[ 2015-01-24T18:30:11+08:00 ] /gisproject/ | INFO: Tag[ view_end ] --START--
[ 2015-01-24T18:30:11+08:00 ] /gisproject/ | INFO: Run ShowPageTrace Behavior [ RunTime:0.003086s ]
[ 2015-01-24T18:30:11+08:00 ] /gisproject/ | INFO: Tag[ view_end ] --END-- [ RunTime:0.003302s ]
[ 2015-01-24T18:31:25+08:00 ] /gisproject/ | INFO: Tag[ app_begin ] --START--
[ 2015-01-24T18:31:25+08:00 ] /gisproject/ | INFO: Run ReadHtmlCache Behavior [ RunTime:0.003923s ]
[ 2015-01-24T18:31:25+08:00 ] /gisproject/ | INFO: Tag[ app_begin ] --END-- [ RunTime:0.004266s ]
[ 2015-01-24T18:31:25+08:00 ] /gisproject/ | INFO: Tag[ view_template ] --START--
[ 2015-01-24T18:31:25+08:00 ] /gisproject/ | INFO: Run LocationTemplate Behavior [ RunTime:0.005307s ]
[ 2015-01-24T18:31:25+08:00 ] /gisproject/ | INFO: Tag[ view_template ] --END-- [ RunTime:0.005584s ]
[ 2015-01-24T18:31:25+08:00 ] /gisproject/ | INFO: Tag[ view_parse ] --START--
[ 2015-01-24T18:31:25+08:00 ] /gisproject/ | NOTIC: [8] Undefined index:  username d046431aa157c89f3a1c30c426be003b.php 第 20 行.
[ 2015-01-24T18:31:25+08:00 ] /gisproject/ | INFO: Run ParseTemplate Behavior [ RunTime:0.040635s ]
[ 2015-01-24T18:31:25+08:00 ] /gisproject/ | INFO: Tag[ view_parse ] --END-- [ RunTime:0.040876s ]
[ 2015-01-24T18:31:25+08:00 ] /gisproject/ | INFO: Tag[ view_filter ] --START--
[ 2015-01-24T18:31:25+08:00 ] /gisproject/ | INFO: Run ContentReplace Behavior [ RunTime:0.003238s ]
[ 2015-01-24T18:31:25+08:00 ] /gisproject/ | INFO: Run TokenBuild Behavior [ RunTime:0.003464s ]
[ 2015-01-24T18:31:25+08:00 ] /gisproject/ | INFO: Run WriteHtmlCache Behavior [ RunTime:0.004503s ]
[ 2015-01-24T18:31:25+08:00 ] /gisproject/ | INFO: Run ShowRuntime Behavior [ RunTime:0.009016s ]
[ 2015-01-24T18:31:25+08:00 ] /gisproject/ | INFO: Tag[ view_filter ] --END-- [ RunTime:0.020972s ]
[ 2015-01-24T18:31:25+08:00 ] /gisproject/ | INFO: Tag[ view_end ] --START--
[ 2015-01-24T18:31:25+08:00 ] /gisproject/ | INFO: Run ShowPageTrace Behavior [ RunTime:0.004106s ]
[ 2015-01-24T18:31:25+08:00 ] /gisproject/ | INFO: Tag[ view_end ] --END-- [ RunTime:0.004390s ]
[ 2015-01-24T18:31:33+08:00 ] /gisproject/ | INFO: Tag[ app_begin ] --START--
[ 2015-01-24T18:31:33+08:00 ] /gisproject/ | INFO: Run ReadHtmlCache Behavior [ RunTime:0.003874s ]
[ 2015-01-24T18:31:33+08:00 ] /gisproject/ | INFO: Tag[ app_begin ] --END-- [ RunTime:0.004210s ]
[ 2015-01-24T18:31:33+08:00 ] /gisproject/ | INFO: Tag[ view_template ] --START--
[ 2015-01-24T18:31:33+08:00 ] /gisproject/ | INFO: Run LocationTemplate Behavior [ RunTime:0.005896s ]
[ 2015-01-24T18:31:33+08:00 ] /gisproject/ | INFO: Tag[ view_template ] --END-- [ RunTime:0.006189s ]
[ 2015-01-24T18:31:33+08:00 ] /gisproject/ | INFO: Tag[ view_parse ] --START--
[ 2015-01-24T18:31:33+08:00 ] /gisproject/ | NOTIC: [8] Undefined index:  username d046431aa157c89f3a1c30c426be003b.php 第 20 行.
[ 2015-01-24T18:31:33+08:00 ] /gisproject/ | INFO: Run ParseTemplate Behavior [ RunTime:0.038807s ]
[ 2015-01-24T18:31:33+08:00 ] /gisproject/ | INFO: Tag[ view_parse ] --END-- [ RunTime:0.039056s ]
[ 2015-01-24T18:31:33+08:00 ] /gisproject/ | INFO: Tag[ view_filter ] --START--
[ 2015-01-24T18:31:33+08:00 ] /gisproject/ | INFO: Run ContentReplace Behavior [ RunTime:0.003328s ]
[ 2015-01-24T18:31:33+08:00 ] /gisproject/ | INFO: Run TokenBuild Behavior [ RunTime:0.003491s ]
[ 2015-01-24T18:31:33+08:00 ] /gisproject/ | INFO: Run WriteHtmlCache Behavior [ RunTime:0.002878s ]
[ 2015-01-24T18:31:33+08:00 ] /gisproject/ | INFO: Run ShowRuntime Behavior [ RunTime:0.003523s ]
[ 2015-01-24T18:31:33+08:00 ] /gisproject/ | INFO: Tag[ view_filter ] --END-- [ RunTime:0.013940s ]
[ 2015-01-24T18:31:33+08:00 ] /gisproject/ | INFO: Tag[ view_end ] --START--
[ 2015-01-24T18:31:33+08:00 ] /gisproject/ | INFO: Run ShowPageTrace Behavior [ RunTime:0.003965s ]
[ 2015-01-24T18:31:33+08:00 ] /gisproject/ | INFO: Tag[ view_end ] --END-- [ RunTime:0.004235s ]
